2.3668 	WARNING 	Speech-to-text recognition module for PocketSphinx is not available (use command `pip install SpeechRecognition` to get it). Transcription will be unavailable using that service this session.
2.3674 	WARNING 	Speech-to-text recognition using Google online services is not available (use command `pip install google-api-core google-auth google-cloud google-cloud-speech googleapis-common-protos` to get it). Transcription will be unavailable using that service this session.
8.9755 	EXP 	Created window1 = Window(allowGUI=True, allowStencil=False, autoLog=True, backendConf=UNKNOWN, backgroundFit=<method-wrapper '__getattribute__' of attributeSetter object at 0x00000215863B2460>, backgroundImage=<method-wrapper '__getattribute__' of attributeSetter object at 0x00000215863B2400>, bitsMode=UNKNOWN, blendMode='avg', bpc=(8, 8, 8), color=array([-1, -1, -1]), colorSpace='rgb', depthBits=8, fullscr=<method-wrapper '__getattribute__' of attributeSetter object at 0x00000215863B2130>, gamma=None, gammaErrorPolicy='raise', lms=UNKNOWN, monitor=<psychopy.monitors.calibTools.Monitor object at 0x00000215D0267790>, multiSample=False, name='window1', numSamples=2, pos=(0, 0), screen=0, size=array([1680, 1050]), stencilBits=0, stereo=False, units='height', useFBO=True, useRetina=False, viewOri=0.0, viewPos=None, viewScale=None, waitBlanking=True, winType='pyglet')
8.9757 	EXP 	window1: mouseVisible = True
8.9757 	EXP 	window1: backgroundImage = ''
8.9758 	EXP 	window1: backgroundFit = 'none'
8.9759 	EXP 	window1: mouseVisible = False
8.9759 	EXP 	window1: Attempting to measure frame rate of screen (0) ...
8.9760 	EXP 	window1: recordFrameIntervals = False
9.1413 	EXP 	window1: recordFrameIntervals = True
9.3252 	EXP 	Screen (0) actual frame rate measured at 59.92Hz
9.3253 	EXP 	window1: recordFrameIntervals = False
12.8897 	EXP 	Created instr_txt = TextStim(__class__=<class 'psychopy.visual.text.TextStim'>, alignHoriz=method-wrapper(...), alignText='center', alignVert=method-wrapper(...), anchorHoriz='center', anchorVert='center', antialias=True, autoDraw=False, autoLog=True, bold=False, color=array([1., 1., 1.]), colorSpace='rgb', contrast=1.0, depth=-1.0, flipHoriz=False, flipVert=False, font='Songti SC', fontFiles=[], height=0.05, italic=False, languageStyle='LTR', name='instr_txt', opacity=1.0, ori=0.0, pos=array([-0.1,  0.1]), rgb=UNKNOWN, text='請判斷上方的時間與下方形容的分針方向是否匹配', units='height', win=Window(...), wrapWidth=1)
12.9002 	EXP 	Created instr_resp = TextStim(__class__=<class 'psychopy.visual.text.TextStim'>, alignHoriz=method-wrapper(...), alignText='center', alignVert=method-wrapper(...), anchorHoriz='center', anchorVert='center', antialias=True, autoDraw=False, autoLog=True, bold=False, color=array([1., 1., 1.]), colorSpace='rgb', contrast=1.0, depth=-2.0, flipHoriz=False, flipVert=False, font='Songti SC', fontFiles=[], height=0.05, italic=False, languageStyle='LTR', name='instr_resp', opacity=1.0, ori=0.0, pos=array([ 0. , -0.1]), rgb=UNKNOWN, text='如果匹配，請按 1 鍵\n如果不匹配，請按 2 鍵', units='height', win=Window(...), wrapWidth=1)
12.9039 	EXP 	Created block_start_txt = TextStim(__class__=<class 'psychopy.visual.text.TextStim'>, alignHoriz=method-wrapper(...), alignText='center', alignVert=method-wrapper(...), anchorHoriz='center', anchorVert='center', antialias=True, autoDraw=False, autoLog=True, bold=False, color=array([1., 1., 1.]), colorSpace='rgb', contrast=1.0, depth=-1.0, flipHoriz=False, flipVert=False, font='Songti SC', fontFiles=[], height=0.05, italic=False, languageStyle='LTR', name='block_start_txt', opacity=1.0, ori=0.0, pos=array([-0.1,  0. ]), rgb=UNKNOWN, text='請判斷上方的時間與下方形容的分針方向是否匹配', units='height', win=Window(...), wrapWidth=1)
12.9056 	EXP 	Created clock_digital = TextStim(__class__=<class 'psychopy.visual.text.TextStim'>, alignHoriz=method-wrapper(...), alignText='center', alignVert=method-wrapper(...), anchorHoriz='center', anchorVert='center', antialias=True, autoDraw=False, autoLog=True, bold=False, color=array([1., 1., 1.]), colorSpace='rgb', contrast=1.0, depth=-1.0, flipHoriz=False, flipVert=False, font='Open Sans', fontFiles=[], height=0.15, italic=False, languageStyle='LTR', name='clock_digital', opacity=1.0, ori=0.0, pos=array([0. , 0.2]), rgb=UNKNOWN, text='', units='height', win=Window(...), wrapWidth=1)
12.9068 	EXP 	Created direction_txt = TextStim(__class__=<class 'psychopy.visual.text.TextStim'>, alignHoriz=method-wrapper(...), alignText='center', alignVert=method-wrapper(...), anchorHoriz='center', anchorVert='center', antialias=True, autoDraw=False, autoLog=True, bold=False, color=array([1., 1., 1.]), colorSpace='rgb', contrast=1.0, depth=-2.0, flipHoriz=False, flipVert=False, font='Open Sans', fontFiles=[], height=0.15, italic=False, languageStyle='LTR', name='direction_txt', opacity=1.0, ori=0.0, pos=array([ 0. , -0.2]), rgb=UNKNOWN, text='', units='height', win=Window(...), wrapWidth=1)
12.9126 	EXP 	Created text = TextStim(__class__=<class 'psychopy.visual.text.TextStim'>, alignHoriz=method-wrapper(...), alignText='center', alignVert=method-wrapper(...), anchorHoriz='center', anchorVert='center', antialias=True, autoDraw=False, autoLog=True, bold=False, color=array([1., 1., 1.]), colorSpace='rgb', contrast=1.0, depth=0.0, flipHoriz=False, flipVert=False, font='Open Sans', fontFiles=[], height=0.15, italic=False, languageStyle='LTR', name='text', opacity=1.0, ori=0.0, pos=array([0., 0.]), rgb=UNKNOWN, text='+', units='height', win=Window(...), wrapWidth=1)
12.9197 	EXP 	Created rest_txt = TextStim(__class__=<class 'psychopy.visual.text.TextStim'>, alignHoriz=method-wrapper(...), alignText='center', alignVert=method-wrapper(...), anchorHoriz='center', anchorVert='center', antialias=True, autoDraw=False, autoLog=True, bold=False, color=array([1., 1., 1.]), colorSpace='rgb', contrast=1.0, depth=0.0, flipHoriz=False, flipVert=False, font='Songti SC', fontFiles=[], height=0.15, italic=False, languageStyle='LTR', name='rest_txt', opacity=1.0, ori=0.0, pos=array([0., 0.]), rgb=UNKNOWN, text='休息', units='height', win=Window(...), wrapWidth=1)
12.9303 	EXP 	instr_txt: autoDraw = True
12.9303 	EXP 	instr_resp: autoDraw = True
15.0991 	EXP 	Created sequence: random, trialTypes=1, nReps=8, seed=None
15.0993 	EXP 	New trial (rep=0, index=0): None
15.1143 	EXP 	instr_txt: autoDraw = False
15.1143 	EXP 	instr_resp: autoDraw = False
15.1143 	EXP 	block_start_txt: autoDraw = True
17.6206 	EXP 	Imported clock_types.xlsx as conditions, 10 conditions, 6 params
17.6210 	EXP 	Created sequence: random, trialTypes=10, nReps=1, seed=None
17.6212 	EXP 	New trial (rep=0, index=0): {'cond': 2, 'Hour': 11, 'Minute': 39, 'bottomText': '左上', 'match': 0, 'corrAns': 2}
17.6415 	EXP 	block_start_txt: autoDraw = False
17.6415 	EXP 	clock_digital: height = 0.15
17.6415 	EXP 	clock_digital: height = 0.15
17.6415 	EXP 	clock_digital: height = 0.15
17.6415 	EXP 	clock_digital: text = '11:39'
17.6415 	EXP 	direction_txt: height = 0.15
17.6415 	EXP 	direction_txt: height = 0.15
17.6415 	EXP 	direction_txt: height = 0.15
17.6415 	EXP 	direction_txt: text = '左上'
17.6415 	EXP 	clock_digital: autoDraw = True
17.6415 	EXP 	direction_txt: autoDraw = True
18.6516 	EXP 	clock_digital: autoDraw = False
18.6516 	EXP 	direction_txt: autoDraw = False
18.6516 	EXP 	text: autoDraw = True
19.1363 	EXP 	New trial (rep=0, index=1): {'cond': 1, 'Hour': 8, 'Minute': 55, 'bottomText': '左上', 'match': 1, 'corrAns': 1}
19.1523 	EXP 	text: autoDraw = False
19.1523 	EXP 	text: autoDraw = False
19.1523 	EXP 	clock_digital: height = 0.15
19.1523 	EXP 	clock_digital: height = 0.15
19.1523 	EXP 	clock_digital: height = 0.15
19.1523 	EXP 	clock_digital: text = '8:55'
19.1523 	EXP 	direction_txt: text = '左上'
19.1523 	EXP 	clock_digital: autoDraw = True
19.1523 	EXP 	direction_txt: autoDraw = True
20.2534 	EXP 	clock_digital: autoDraw = False
20.2534 	EXP 	direction_txt: autoDraw = False
20.2534 	EXP 	text: autoDraw = True
20.7383 	EXP 	New trial (rep=0, index=2): {'cond': 1, 'Hour': 9, 'Minute': 13, 'bottomText': '右上', 'match': 1, 'corrAns': 1}
20.7542 	EXP 	text: autoDraw = False
20.7542 	EXP 	text: autoDraw = False
20.7542 	EXP 	clock_digital: height = 0.15
20.7542 	EXP 	clock_digital: height = 0.15
20.7542 	EXP 	clock_digital: height = 0.15
20.7542 	EXP 	clock_digital: text = '9:13'
20.7542 	EXP 	direction_txt: height = 0.15
20.7542 	EXP 	direction_txt: height = 0.15
20.7542 	EXP 	direction_txt: height = 0.15
20.7542 	EXP 	direction_txt: text = '右上'
20.7542 	EXP 	clock_digital: autoDraw = True
20.7542 	EXP 	direction_txt: autoDraw = True
21.7221 	EXP 	clock_digital: autoDraw = False
21.7221 	EXP 	direction_txt: autoDraw = False
21.7221 	EXP 	text: autoDraw = True
22.2065 	EXP 	New trial (rep=0, index=3): {'cond': 2, 'Hour': 10, 'Minute': 57, 'bottomText': '右上', 'match': 0, 'corrAns': 2}
22.2226 	EXP 	text: autoDraw = False
22.2226 	EXP 	text: autoDraw = False
22.2226 	EXP 	clock_digital: height = 0.15
22.2226 	EXP 	clock_digital: height = 0.15
22.2226 	EXP 	clock_digital: height = 0.15
22.2226 	EXP 	clock_digital: text = '10:57'
22.2226 	EXP 	direction_txt: text = '右上'
22.2226 	EXP 	clock_digital: autoDraw = True
22.2226 	EXP 	direction_txt: autoDraw = True
23.3737 	EXP 	clock_digital: autoDraw = False
23.3737 	EXP 	direction_txt: autoDraw = False
23.3737 	EXP 	text: autoDraw = True
23.8585 	EXP 	New trial (rep=0, index=4): {'cond': 2, 'Hour': 10, 'Minute': 29, 'bottomText': '左下', 'match': 0, 'corrAns': 2}
23.8757 	EXP 	text: autoDraw = False
23.8757 	EXP 	text: autoDraw = False
23.8757 	EXP 	clock_digital: height = 0.15
23.8757 	EXP 	clock_digital: height = 0.15
23.8757 	EXP 	clock_digital: height = 0.15
23.8757 	EXP 	clock_digital: text = '10:29'
23.8757 	EXP 	direction_txt: height = 0.15
23.8757 	EXP 	direction_txt: height = 0.15
23.8757 	EXP 	direction_txt: height = 0.15
23.8757 	EXP 	direction_txt: text = '左下'
23.8757 	EXP 	clock_digital: autoDraw = True
23.8757 	EXP 	direction_txt: autoDraw = True
25.3261 	EXP 	clock_digital: autoDraw = False
25.3261 	EXP 	direction_txt: autoDraw = False
25.3261 	EXP 	text: autoDraw = True
25.8107 	EXP 	New trial (rep=0, index=5): {'cond': 2, 'Hour': 10, 'Minute': 38, 'bottomText': '右上', 'match': 0, 'corrAns': 2}
25.8267 	EXP 	text: autoDraw = False
25.8267 	EXP 	text: autoDraw = False
25.8267 	EXP 	clock_digital: height = 0.15
25.8267 	EXP 	clock_digital: height = 0.15
25.8267 	EXP 	clock_digital: height = 0.15
25.8267 	EXP 	clock_digital: text = '10:38'
25.8267 	EXP 	direction_txt: height = 0.15
25.8267 	EXP 	direction_txt: height = 0.15
25.8267 	EXP 	direction_txt: height = 0.15
25.8267 	EXP 	direction_txt: text = '右上'
25.8267 	EXP 	clock_digital: autoDraw = True
25.8267 	EXP 	direction_txt: autoDraw = True
28.1627 	EXP 	clock_digital: autoDraw = False
28.1627 	EXP 	direction_txt: autoDraw = False
28.1627 	EXP 	text: autoDraw = True
28.6473 	EXP 	New trial (rep=0, index=6): {'cond': 1, 'Hour': 9, 'Minute': 48, 'bottomText': '左下', 'match': 1, 'corrAns': 1}
28.6655 	EXP 	text: autoDraw = False
28.6655 	EXP 	text: autoDraw = False
28.6655 	EXP 	clock_digital: height = 0.15
28.6655 	EXP 	clock_digital: height = 0.15
28.6655 	EXP 	clock_digital: height = 0.15
28.6655 	EXP 	clock_digital: text = '9:48'
28.6655 	EXP 	direction_txt: height = 0.15
28.6655 	EXP 	direction_txt: height = 0.15
28.6655 	EXP 	direction_txt: height = 0.15
28.6655 	EXP 	direction_txt: text = '左下'
28.6655 	EXP 	clock_digital: autoDraw = True
28.6655 	EXP 	direction_txt: autoDraw = True
30.5488 	EXP 	clock_digital: autoDraw = False
30.5488 	EXP 	direction_txt: autoDraw = False
30.5488 	EXP 	text: autoDraw = True
31.0333 	EXP 	New trial (rep=0, index=7): {'cond': 1, 'Hour': 16, 'Minute': 47, 'bottomText': '左上', 'match': 1, 'corrAns': 1}
31.0496 	EXP 	text: autoDraw = False
31.0496 	EXP 	text: autoDraw = False
31.0496 	EXP 	clock_digital: height = 0.15
31.0496 	EXP 	clock_digital: height = 0.15
31.0496 	EXP 	clock_digital: height = 0.15
31.0496 	EXP 	clock_digital: text = '16:47'
31.0496 	EXP 	direction_txt: height = 0.15
31.0496 	EXP 	direction_txt: height = 0.15
31.0496 	EXP 	direction_txt: height = 0.15
31.0496 	EXP 	direction_txt: text = '左上'
31.0496 	EXP 	clock_digital: autoDraw = True
31.0496 	EXP 	direction_txt: autoDraw = True
32.2174 	EXP 	clock_digital: autoDraw = False
32.2174 	EXP 	direction_txt: autoDraw = False
32.2174 	EXP 	text: autoDraw = True
32.7020 	EXP 	New trial (rep=0, index=8): {'cond': 1, 'Hour': 14, 'Minute': 51, 'bottomText': '左上', 'match': 1, 'corrAns': 1}
32.7180 	EXP 	text: autoDraw = False
32.7180 	EXP 	text: autoDraw = False
32.7180 	EXP 	clock_digital: height = 0.15
32.7180 	EXP 	clock_digital: height = 0.15
32.7180 	EXP 	clock_digital: height = 0.15
32.7180 	EXP 	clock_digital: text = '14:51'
32.7180 	EXP 	direction_txt: text = '左上'
32.7180 	EXP 	clock_digital: autoDraw = True
32.7180 	EXP 	direction_txt: autoDraw = True
33.8859 	EXP 	clock_digital: autoDraw = False
33.8859 	EXP 	direction_txt: autoDraw = False
33.8859 	EXP 	text: autoDraw = True
34.3705 	EXP 	New trial (rep=0, index=9): {'cond': 2, 'Hour': 10, 'Minute': 37, 'bottomText': '右上', 'match': 0, 'corrAns': 2}
34.3867 	EXP 	text: autoDraw = False
34.3867 	EXP 	text: autoDraw = False
34.3867 	EXP 	clock_digital: height = 0.15
34.3867 	EXP 	clock_digital: height = 0.15
34.3867 	EXP 	clock_digital: height = 0.15
34.3867 	EXP 	clock_digital: text = '10:37'
34.3867 	EXP 	direction_txt: height = 0.15
34.3867 	EXP 	direction_txt: height = 0.15
34.3867 	EXP 	direction_txt: height = 0.15
34.3867 	EXP 	direction_txt: text = '右上'
34.3867 	EXP 	clock_digital: autoDraw = True
34.3867 	EXP 	direction_txt: autoDraw = True
36.3055 	EXP 	clock_digital: autoDraw = False
36.3055 	EXP 	direction_txt: autoDraw = False
36.3055 	EXP 	text: autoDraw = True
36.8060 	EXP 	text: autoDraw = False
36.8060 	EXP 	text: autoDraw = False
36.8060 	EXP 	rest_txt: autoDraw = True
66.7908 	EXP 	New trial (rep=1, index=0): None
66.8072 	EXP 	rest_txt: autoDraw = False
66.8072 	EXP 	block_start_txt: autoDraw = True
69.3114 	EXP 	Imported clock_types.xlsx as conditions, 10 conditions, 6 params
69.3118 	EXP 	Created sequence: random, trialTypes=10, nReps=1, seed=None
69.3120 	EXP 	New trial (rep=0, index=0): {'cond': 1, 'Hour': 16, 'Minute': 5, 'bottomText': '右上', 'match': 1, 'corrAns': 1}
69.3235 	EXP 	block_start_txt: autoDraw = False
69.3235 	EXP 	clock_digital: height = 0.15
69.3235 	EXP 	clock_digital: height = 0.15
69.3235 	EXP 	clock_digital: height = 0.15
69.3235 	EXP 	clock_digital: text = '16:05'
69.3235 	EXP 	direction_txt: text = '右上'
69.3235 	EXP 	clock_digital: autoDraw = True
69.3235 	EXP 	direction_txt: autoDraw = True
70.4447 	EXP 	clock_digital: autoDraw = False
70.4447 	EXP 	direction_txt: autoDraw = False
70.4447 	EXP 	text: autoDraw = True
70.9292 	EXP 	New trial (rep=0, index=1): {'cond': 2, 'Hour': 10, 'Minute': 48, 'bottomText': '左下', 'match': 0, 'corrAns': 2}
70.9454 	EXP 	text: autoDraw = False
70.9454 	EXP 	text: autoDraw = False
70.9454 	EXP 	clock_digital: height = 0.15
70.9454 	EXP 	clock_digital: height = 0.15
70.9454 	EXP 	clock_digital: height = 0.15
70.9454 	EXP 	clock_digital: text = '10:48'
70.9454 	EXP 	direction_txt: height = 0.15
70.9454 	EXP 	direction_txt: height = 0.15
70.9454 	EXP 	direction_txt: height = 0.15
70.9454 	EXP 	direction_txt: text = '左下'
70.9454 	EXP 	clock_digital: autoDraw = True
70.9454 	EXP 	direction_txt: autoDraw = True
72.0466 	EXP 	clock_digital: autoDraw = False
72.0466 	EXP 	direction_txt: autoDraw = False
72.0466 	EXP 	text: autoDraw = True
72.5310 	EXP 	New trial (rep=0, index=2): {'cond': 1, 'Hour': 9, 'Minute': 17, 'bottomText': '右下', 'match': 1, 'corrAns': 1}
72.5470 	EXP 	text: autoDraw = False
72.5470 	EXP 	text: autoDraw = False
72.5470 	EXP 	clock_digital: height = 0.15
72.5470 	EXP 	clock_digital: height = 0.15
72.5470 	EXP 	clock_digital: height = 0.15
72.5470 	EXP 	clock_digital: text = '9:17'
72.5470 	EXP 	direction_txt: height = 0.15
72.5470 	EXP 	direction_txt: height = 0.15
72.5470 	EXP 	direction_txt: height = 0.15
72.5470 	EXP 	direction_txt: text = '右下'
72.5470 	EXP 	clock_digital: autoDraw = True
72.5470 	EXP 	direction_txt: autoDraw = True
73.8987 	EXP 	clock_digital: autoDraw = False
73.8987 	EXP 	direction_txt: autoDraw = False
73.8987 	EXP 	text: autoDraw = True
74.3834 	EXP 	New trial (rep=0, index=3): {'cond': 2, 'Hour': 15, 'Minute': 10, 'bottomText': '右下', 'match': 0, 'corrAns': 2}
74.3993 	EXP 	text: autoDraw = False
74.3993 	EXP 	text: autoDraw = False
74.3993 	EXP 	clock_digital: height = 0.15
74.3993 	EXP 	clock_digital: height = 0.15
74.3993 	EXP 	clock_digital: height = 0.15
74.3993 	EXP 	clock_digital: text = '15:10'
74.3993 	EXP 	direction_txt: text = '右下'
74.3993 	EXP 	clock_digital: autoDraw = True
74.3993 	EXP 	direction_txt: autoDraw = True
75.5010 	EXP 	clock_digital: autoDraw = False
75.5010 	EXP 	direction_txt: autoDraw = False
75.5010 	EXP 	text: autoDraw = True
75.9851 	EXP 	New trial (rep=0, index=4): {'cond': 2, 'Hour': 15, 'Minute': 23, 'bottomText': '左上', 'match': 0, 'corrAns': 2}
76.0012 	EXP 	text: autoDraw = False
76.0012 	EXP 	text: autoDraw = False
76.0012 	EXP 	clock_digital: height = 0.15
76.0012 	EXP 	clock_digital: height = 0.15
76.0012 	EXP 	clock_digital: height = 0.15
76.0012 	EXP 	clock_digital: text = '15:23'
76.0012 	EXP 	direction_txt: height = 0.15
76.0012 	EXP 	direction_txt: height = 0.15
76.0012 	EXP 	direction_txt: height = 0.15
76.0012 	EXP 	direction_txt: text = '左上'
76.0012 	EXP 	clock_digital: autoDraw = True
76.0012 	EXP 	direction_txt: autoDraw = True
77.2526 	EXP 	clock_digital: autoDraw = False
77.2526 	EXP 	direction_txt: autoDraw = False
77.2526 	EXP 	text: autoDraw = True
77.7371 	EXP 	New trial (rep=0, index=5): {'cond': 1, 'Hour': 10, 'Minute': 3, 'bottomText': '右上', 'match': 1, 'corrAns': 1}
77.7533 	EXP 	text: autoDraw = False
77.7533 	EXP 	text: autoDraw = False
77.7533 	EXP 	clock_digital: height = 0.15
77.7533 	EXP 	clock_digital: height = 0.15
77.7533 	EXP 	clock_digital: height = 0.15
77.7533 	EXP 	clock_digital: text = '10:03'
77.7533 	EXP 	direction_txt: height = 0.15
77.7533 	EXP 	direction_txt: height = 0.15
77.7533 	EXP 	direction_txt: height = 0.15
77.7533 	EXP 	direction_txt: text = '右上'
77.7533 	EXP 	clock_digital: autoDraw = True
77.7533 	EXP 	direction_txt: autoDraw = True
78.7375 	EXP 	clock_digital: autoDraw = False
78.7375 	EXP 	direction_txt: autoDraw = False
78.7375 	EXP 	text: autoDraw = True
79.2222 	EXP 	New trial (rep=0, index=6): {'cond': 2, 'Hour': 10, 'Minute': 56, 'bottomText': '右上', 'match': 0, 'corrAns': 2}
79.2383 	EXP 	text: autoDraw = False
79.2383 	EXP 	text: autoDraw = False
79.2383 	EXP 	clock_digital: height = 0.15
79.2383 	EXP 	clock_digital: height = 0.15
79.2383 	EXP 	clock_digital: height = 0.15
79.2383 	EXP 	clock_digital: text = '10:56'
79.2383 	EXP 	direction_txt: text = '右上'
79.2383 	EXP 	clock_digital: autoDraw = True
79.2383 	EXP 	direction_txt: autoDraw = True
80.8234 	EXP 	clock_digital: autoDraw = False
80.8234 	EXP 	direction_txt: autoDraw = False
80.8234 	EXP 	text: autoDraw = True
81.3079 	EXP 	New trial (rep=0, index=7): {'cond': 1, 'Hour': 9, 'Minute': 16, 'bottomText': '右下', 'match': 1, 'corrAns': 1}
81.3238 	EXP 	text: autoDraw = False
81.3238 	EXP 	text: autoDraw = False
81.3238 	EXP 	clock_digital: height = 0.15
81.3238 	EXP 	clock_digital: height = 0.15
81.3238 	EXP 	clock_digital: height = 0.15
81.3238 	EXP 	clock_digital: text = '9:16'
81.3238 	EXP 	direction_txt: height = 0.15
81.3238 	EXP 	direction_txt: height = 0.15
81.3238 	EXP 	direction_txt: height = 0.15
81.3238 	EXP 	direction_txt: text = '右下'
81.3238 	EXP 	clock_digital: autoDraw = True
81.3238 	EXP 	direction_txt: autoDraw = True
82.6755 	EXP 	clock_digital: autoDraw = False
82.6755 	EXP 	direction_txt: autoDraw = False
82.6755 	EXP 	text: autoDraw = True
83.1601 	EXP 	New trial (rep=0, index=8): {'cond': 1, 'Hour': 18, 'Minute': 14, 'bottomText': '右上', 'match': 1, 'corrAns': 1}
83.1761 	EXP 	text: autoDraw = False
83.1761 	EXP 	text: autoDraw = False
83.1761 	EXP 	clock_digital: height = 0.15
83.1761 	EXP 	clock_digital: height = 0.15
83.1761 	EXP 	clock_digital: height = 0.15
83.1761 	EXP 	clock_digital: text = '18:14'
83.1761 	EXP 	direction_txt: height = 0.15
83.1761 	EXP 	direction_txt: height = 0.15
83.1761 	EXP 	direction_txt: height = 0.15
83.1761 	EXP 	direction_txt: text = '右上'
83.1761 	EXP 	clock_digital: autoDraw = True
83.1761 	EXP 	direction_txt: autoDraw = True
84.3609 	EXP 	clock_digital: autoDraw = False
84.3609 	EXP 	direction_txt: autoDraw = False
84.3609 	EXP 	text: autoDraw = True
84.8453 	EXP 	New trial (rep=0, index=9): {'cond': 2, 'Hour': 11, 'Minute': 50, 'bottomText': '右下', 'match': 0, 'corrAns': 2}
84.8614 	EXP 	text: autoDraw = False
84.8614 	EXP 	text: autoDraw = False
84.8614 	EXP 	clock_digital: height = 0.15
84.8614 	EXP 	clock_digital: height = 0.15
84.8614 	EXP 	clock_digital: height = 0.15
84.8614 	EXP 	clock_digital: text = '11:50'
84.8614 	EXP 	direction_txt: height = 0.15
84.8614 	EXP 	direction_txt: height = 0.15
84.8614 	EXP 	direction_txt: height = 0.15
84.8614 	EXP 	direction_txt: text = '右下'
84.8614 	EXP 	clock_digital: autoDraw = True
84.8614 	EXP 	direction_txt: autoDraw = True
86.0794 	EXP 	clock_digital: autoDraw = False
86.0794 	EXP 	direction_txt: autoDraw = False
86.0794 	EXP 	text: autoDraw = True
86.5801 	EXP 	text: autoDraw = False
86.5801 	EXP 	text: autoDraw = False
86.5801 	EXP 	rest_txt: autoDraw = True
116.5648 	EXP 	New trial (rep=2, index=0): None
116.5814 	EXP 	rest_txt: autoDraw = False
116.5814 	EXP 	block_start_txt: autoDraw = True
119.0975 	EXP 	Imported clock_types.xlsx as conditions, 10 conditions, 6 params
119.0979 	EXP 	Created sequence: random, trialTypes=10, nReps=1, seed=None
119.0982 	EXP 	New trial (rep=0, index=0): {'cond': 2, 'Hour': 17, 'Minute': 29, 'bottomText': '左下', 'match': 0, 'corrAns': 2}
119.1111 	EXP 	block_start_txt: autoDraw = False
119.1111 	EXP 	clock_digital: height = 0.15
119.1111 	EXP 	clock_digital: height = 0.15
119.1111 	EXP 	clock_digital: height = 0.15
119.1111 	EXP 	clock_digital: text = '17:29'
119.1111 	EXP 	direction_txt: height = 0.15
119.1111 	EXP 	direction_txt: height = 0.15
119.1111 	EXP 	direction_txt: height = 0.15
119.1111 	EXP 	direction_txt: text = '左下'
119.1111 	EXP 	clock_digital: autoDraw = True
119.1111 	EXP 	direction_txt: autoDraw = True
121.0531 	EXP 	clock_digital: autoDraw = False
121.0531 	EXP 	direction_txt: autoDraw = False
121.0531 	EXP 	text: autoDraw = True
121.5376 	EXP 	New trial (rep=0, index=1): {'cond': 1, 'Hour': 10, 'Minute': 4, 'bottomText': '右上', 'match': 1, 'corrAns': 1}
121.5536 	EXP 	text: autoDraw = False
121.5536 	EXP 	text: autoDraw = False
121.5536 	EXP 	clock_digital: height = 0.15
121.5536 	EXP 	clock_digital: height = 0.15
121.5536 	EXP 	clock_digital: height = 0.15
121.5536 	EXP 	clock_digital: text = '10:04'
121.5536 	EXP 	direction_txt: height = 0.15
121.5536 	EXP 	direction_txt: height = 0.15
121.5536 	EXP 	direction_txt: height = 0.15
121.5536 	EXP 	direction_txt: text = '右上'
121.5536 	EXP 	clock_digital: autoDraw = True
121.5536 	EXP 	direction_txt: autoDraw = True
122.4214 	EXP 	clock_digital: autoDraw = False
122.4214 	EXP 	direction_txt: autoDraw = False
122.4214 	EXP 	text: autoDraw = True
122.9058 	EXP 	New trial (rep=0, index=2): {'cond': 2, 'Hour': 17, 'Minute': 12, 'bottomText': '左上', 'match': 0, 'corrAns': 2}
122.9227 	EXP 	text: autoDraw = False
122.9227 	EXP 	text: autoDraw = False
122.9227 	EXP 	clock_digital: height = 0.15
122.9227 	EXP 	clock_digital: height = 0.15
122.9227 	EXP 	clock_digital: height = 0.15
122.9227 	EXP 	clock_digital: text = '17:12'
122.9227 	EXP 	direction_txt: height = 0.15
122.9227 	EXP 	direction_txt: height = 0.15
122.9227 	EXP 	direction_txt: height = 0.15
122.9227 	EXP 	direction_txt: text = '左上'
122.9227 	EXP 	clock_digital: autoDraw = True
122.9227 	EXP 	direction_txt: autoDraw = True
124.0397 	EXP 	clock_digital: autoDraw = False
124.0397 	EXP 	direction_txt: autoDraw = False
124.0397 	EXP 	text: autoDraw = True
124.5243 	EXP 	New trial (rep=0, index=3): {'cond': 1, 'Hour': 7, 'Minute': 19, 'bottomText': '右下', 'match': 1, 'corrAns': 1}
124.5404 	EXP 	text: autoDraw = False
124.5404 	EXP 	text: autoDraw = False
124.5404 	EXP 	clock_digital: height = 0.15
124.5404 	EXP 	clock_digital: height = 0.15
124.5404 	EXP 	clock_digital: height = 0.15
124.5404 	EXP 	clock_digital: text = '7:19'
124.5404 	EXP 	direction_txt: height = 0.15
124.5404 	EXP 	direction_txt: height = 0.15
124.5404 	EXP 	direction_txt: height = 0.15
124.5404 	EXP 	direction_txt: text = '右下'
124.5404 	EXP 	clock_digital: autoDraw = True
124.5404 	EXP 	direction_txt: autoDraw = True
125.6751 	EXP 	clock_digital: autoDraw = False
125.6751 	EXP 	direction_txt: autoDraw = False
125.6751 	EXP 	text: autoDraw = True
126.1596 	EXP 	New trial (rep=0, index=4): {'cond': 1, 'Hour': 18, 'Minute': 25, 'bottomText': '右下', 'match': 1, 'corrAns': 1}
126.1755 	EXP 	text: autoDraw = False
126.1755 	EXP 	text: autoDraw = False
126.1755 	EXP 	clock_digital: height = 0.15
126.1755 	EXP 	clock_digital: height = 0.15
126.1755 	EXP 	clock_digital: height = 0.15
126.1755 	EXP 	clock_digital: text = '18:25'
126.1755 	EXP 	direction_txt: text = '右下'
126.1755 	EXP 	clock_digital: autoDraw = True
126.1755 	EXP 	direction_txt: autoDraw = True
127.6939 	EXP 	clock_digital: autoDraw = False
127.6939 	EXP 	direction_txt: autoDraw = False
127.6939 	EXP 	text: autoDraw = True
128.1787 	EXP 	New trial (rep=0, index=5): {'cond': 1, 'Hour': 16, 'Minute': 24, 'bottomText': '右下', 'match': 1, 'corrAns': 1}
128.1946 	EXP 	text: autoDraw = False
128.1946 	EXP 	text: autoDraw = False
128.1946 	EXP 	clock_digital: height = 0.15
128.1946 	EXP 	clock_digital: height = 0.15
128.1946 	EXP 	clock_digital: height = 0.15
128.1946 	EXP 	clock_digital: text = '16:24'
128.1946 	EXP 	direction_txt: text = '右下'
128.1946 	EXP 	clock_digital: autoDraw = True
128.1946 	EXP 	direction_txt: autoDraw = True
128.9789 	EXP 	clock_digital: autoDraw = False
128.9789 	EXP 	direction_txt: autoDraw = False
128.9789 	EXP 	text: autoDraw = True
129.4635 	EXP 	New trial (rep=0, index=6): {'cond': 1, 'Hour': 10, 'Minute': 16, 'bottomText': '右下', 'match': 1, 'corrAns': 1}
129.4794 	EXP 	text: autoDraw = False
129.4794 	EXP 	text: autoDraw = False
129.4794 	EXP 	clock_digital: height = 0.15
129.4794 	EXP 	clock_digital: height = 0.15
129.4794 	EXP 	clock_digital: height = 0.15
129.4794 	EXP 	clock_digital: text = '10:16'
129.4794 	EXP 	direction_txt: text = '右下'
129.4794 	EXP 	clock_digital: autoDraw = True
129.4794 	EXP 	direction_txt: autoDraw = True
130.2470 	EXP 	clock_digital: autoDraw = False
130.2470 	EXP 	direction_txt: autoDraw = False
130.2470 	EXP 	text: autoDraw = True
130.7315 	EXP 	New trial (rep=0, index=7): {'cond': 2, 'Hour': 11, 'Minute': 50, 'bottomText': '右上', 'match': 0, 'corrAns': 2}
130.7475 	EXP 	text: autoDraw = False
130.7475 	EXP 	text: autoDraw = False
130.7475 	EXP 	clock_digital: height = 0.15
130.7475 	EXP 	clock_digital: height = 0.15
130.7475 	EXP 	clock_digital: height = 0.15
130.7475 	EXP 	clock_digital: text = '11:50'
130.7475 	EXP 	direction_txt: height = 0.15
130.7475 	EXP 	direction_txt: height = 0.15
130.7475 	EXP 	direction_txt: height = 0.15
130.7475 	EXP 	direction_txt: text = '右上'
130.7475 	EXP 	clock_digital: autoDraw = True
130.7475 	EXP 	direction_txt: autoDraw = True
132.2660 	EXP 	clock_digital: autoDraw = False
132.2660 	EXP 	direction_txt: autoDraw = False
132.2660 	EXP 	text: autoDraw = True
132.7505 	EXP 	New trial (rep=0, index=8): {'cond': 2, 'Hour': 13, 'Minute': 21, 'bottomText': '右上', 'match': 0, 'corrAns': 2}
132.7665 	EXP 	text: autoDraw = False
132.7665 	EXP 	text: autoDraw = False
132.7665 	EXP 	clock_digital: height = 0.15
132.7665 	EXP 	clock_digital: height = 0.15
132.7665 	EXP 	clock_digital: height = 0.15
132.7665 	EXP 	clock_digital: text = '13:21'
132.7665 	EXP 	direction_txt: text = '右上'
132.7665 	EXP 	clock_digital: autoDraw = True
132.7665 	EXP 	direction_txt: autoDraw = True
134.0016 	EXP 	clock_digital: autoDraw = False
134.0016 	EXP 	direction_txt: autoDraw = False
134.0016 	EXP 	text: autoDraw = True
134.4859 	EXP 	New trial (rep=0, index=9): {'cond': 2, 'Hour': 17, 'Minute': 53, 'bottomText': '右下', 'match': 0, 'corrAns': 2}
134.5017 	EXP 	text: autoDraw = False
134.5017 	EXP 	text: autoDraw = False
134.5017 	EXP 	clock_digital: height = 0.15
134.5017 	EXP 	clock_digital: height = 0.15
134.5017 	EXP 	clock_digital: height = 0.15
134.5017 	EXP 	clock_digital: text = '17:53'
134.5017 	EXP 	direction_txt: height = 0.15
134.5017 	EXP 	direction_txt: height = 0.15
134.5017 	EXP 	direction_txt: height = 0.15
134.5017 	EXP 	direction_txt: text = '右下'
134.5017 	EXP 	clock_digital: autoDraw = True
134.5017 	EXP 	direction_txt: autoDraw = True
136.0870 	EXP 	clock_digital: autoDraw = False
136.0870 	EXP 	direction_txt: autoDraw = False
136.0870 	EXP 	text: autoDraw = True
136.5875 	EXP 	text: autoDraw = False
136.5875 	EXP 	text: autoDraw = False
136.5875 	EXP 	rest_txt: autoDraw = True
166.5725 	EXP 	New trial (rep=3, index=0): None
166.5889 	EXP 	rest_txt: autoDraw = False
166.5889 	EXP 	block_start_txt: autoDraw = True
169.1049 	EXP 	Imported clock_types.xlsx as conditions, 10 conditions, 6 params
169.1053 	EXP 	Created sequence: random, trialTypes=10, nReps=1, seed=None
169.1056 	EXP 	New trial (rep=0, index=0): {'cond': 2, 'Hour': 13, 'Minute': 56, 'bottomText': '右下', 'match': 0, 'corrAns': 2}
169.1177 	EXP 	block_start_txt: autoDraw = False
169.1177 	EXP 	clock_digital: height = 0.15
169.1177 	EXP 	clock_digital: height = 0.15
169.1177 	EXP 	clock_digital: height = 0.15
169.1177 	EXP 	clock_digital: text = '13:56'
169.1177 	EXP 	direction_txt: text = '右下'
169.1177 	EXP 	clock_digital: autoDraw = True
169.1177 	EXP 	direction_txt: autoDraw = True
170.7436 	EXP 	clock_digital: autoDraw = False
170.7436 	EXP 	direction_txt: autoDraw = False
170.7436 	EXP 	text: autoDraw = True
171.2282 	EXP 	New trial (rep=0, index=1): {'cond': 1, 'Hour': 10, 'Minute': 29, 'bottomText': '右下', 'match': 1, 'corrAns': 1}
171.2439 	EXP 	text: autoDraw = False
171.2439 	EXP 	text: autoDraw = False
171.2439 	EXP 	clock_digital: height = 0.15
171.2439 	EXP 	clock_digital: height = 0.15
171.2439 	EXP 	clock_digital: height = 0.15
171.2439 	EXP 	clock_digital: text = '10:29'
171.2439 	EXP 	direction_txt: text = '右下'
171.2439 	EXP 	clock_digital: autoDraw = True
171.2439 	EXP 	direction_txt: autoDraw = True
173.0631 	EXP 	clock_digital: autoDraw = False
173.0631 	EXP 	direction_txt: autoDraw = False
173.0631 	EXP 	text: autoDraw = True
173.5476 	EXP 	New trial (rep=0, index=2): {'cond': 1, 'Hour': 7, 'Minute': 26, 'bottomText': '右下', 'match': 1, 'corrAns': 1}
173.5635 	EXP 	text: autoDraw = False
173.5635 	EXP 	text: autoDraw = False
173.5635 	EXP 	clock_digital: height = 0.15
173.5635 	EXP 	clock_digital: height = 0.15
173.5635 	EXP 	clock_digital: height = 0.15
173.5635 	EXP 	clock_digital: text = '7:26'
173.5635 	EXP 	direction_txt: text = '右下'
173.5635 	EXP 	clock_digital: autoDraw = True
173.5635 	EXP 	direction_txt: autoDraw = True
174.4312 	EXP 	clock_digital: autoDraw = False
174.4312 	EXP 	direction_txt: autoDraw = False
174.4312 	EXP 	text: autoDraw = True
174.9158 	EXP 	New trial (rep=0, index=3): {'cond': 1, 'Hour': 10, 'Minute': 28, 'bottomText': '右下', 'match': 1, 'corrAns': 1}
174.9317 	EXP 	text: autoDraw = False
174.9317 	EXP 	text: autoDraw = False
174.9317 	EXP 	clock_digital: height = 0.15
174.9317 	EXP 	clock_digital: height = 0.15
174.9317 	EXP 	clock_digital: height = 0.15
174.9317 	EXP 	clock_digital: text = '10:28'
174.9317 	EXP 	direction_txt: text = '右下'
174.9317 	EXP 	clock_digital: autoDraw = True
174.9317 	EXP 	direction_txt: autoDraw = True
175.6826 	EXP 	clock_digital: autoDraw = False
175.6826 	EXP 	direction_txt: autoDraw = False
175.6826 	EXP 	text: autoDraw = True
176.1673 	EXP 	New trial (rep=0, index=4): {'cond': 2, 'Hour': 10, 'Minute': 49, 'bottomText': '左下', 'match': 0, 'corrAns': 2}
176.1835 	EXP 	text: autoDraw = False
176.1835 	EXP 	text: autoDraw = False
176.1835 	EXP 	clock_digital: height = 0.15
176.1835 	EXP 	clock_digital: height = 0.15
176.1835 	EXP 	clock_digital: height = 0.15
176.1835 	EXP 	clock_digital: text = '10:49'
176.1835 	EXP 	direction_txt: height = 0.15
176.1835 	EXP 	direction_txt: height = 0.15
176.1835 	EXP 	direction_txt: height = 0.15
176.1835 	EXP 	direction_txt: text = '左下'
176.1835 	EXP 	clock_digital: autoDraw = True
176.1835 	EXP 	direction_txt: autoDraw = True
178.6862 	EXP 	clock_digital: autoDraw = False
178.6862 	EXP 	direction_txt: autoDraw = False
178.6862 	EXP 	text: autoDraw = True
179.1704 	EXP 	New trial (rep=0, index=5): {'cond': 2, 'Hour': 19, 'Minute': 55, 'bottomText': '右下', 'match': 0, 'corrAns': 2}
179.1866 	EXP 	text: autoDraw = False
179.1866 	EXP 	clock_digital: height = 0.15
179.1866 	EXP 	clock_digital: height = 0.15
179.1866 	EXP 	clock_digital: height = 0.15
179.1866 	EXP 	clock_digital: text = '19:55'
179.1866 	EXP 	direction_txt: height = 0.15
179.1866 	EXP 	direction_txt: height = 0.15
179.1866 	EXP 	direction_txt: height = 0.15
179.1866 	EXP 	direction_txt: text = '右下'
179.1866 	EXP 	clock_digital: autoDraw = True
179.1866 	EXP 	direction_txt: autoDraw = True
180.3213 	EXP 	clock_digital: autoDraw = False
180.3213 	EXP 	direction_txt: autoDraw = False
180.3213 	EXP 	text: autoDraw = True
180.8059 	EXP 	New trial (rep=0, index=6): {'cond': 1, 'Hour': 18, 'Minute': 15, 'bottomText': '右上', 'match': 1, 'corrAns': 1}
180.8219 	EXP 	text: autoDraw = False
180.8219 	EXP 	text: autoDraw = False
180.8219 	EXP 	clock_digital: height = 0.15
180.8219 	EXP 	clock_digital: height = 0.15
180.8219 	EXP 	clock_digital: height = 0.15
180.8219 	EXP 	clock_digital: text = '18:15'
180.8219 	EXP 	direction_txt: height = 0.15
180.8219 	EXP 	direction_txt: height = 0.15
180.8219 	EXP 	direction_txt: height = 0.15
180.8219 	EXP 	direction_txt: text = '右上'
180.8219 	EXP 	clock_digital: autoDraw = True
180.8219 	EXP 	direction_txt: autoDraw = True
181.9398 	EXP 	clock_digital: autoDraw = False
181.9398 	EXP 	direction_txt: autoDraw = False
181.9398 	EXP 	text: autoDraw = True
182.4246 	EXP 	New trial (rep=0, index=7): {'cond': 2, 'Hour': 13, 'Minute': 20, 'bottomText': '右上', 'match': 0, 'corrAns': 2}
182.4406 	EXP 	text: autoDraw = False
182.4406 	EXP 	text: autoDraw = False
182.4406 	EXP 	clock_digital: height = 0.15
182.4406 	EXP 	clock_digital: height = 0.15
182.4406 	EXP 	clock_digital: height = 0.15
182.4406 	EXP 	clock_digital: text = '13:20'
182.4406 	EXP 	direction_txt: text = '右上'
182.4406 	EXP 	clock_digital: autoDraw = True
182.4406 	EXP 	direction_txt: autoDraw = True
183.7584 	EXP 	clock_digital: autoDraw = False
183.7584 	EXP 	direction_txt: autoDraw = False
183.7584 	EXP 	text: autoDraw = True
184.2432 	EXP 	New trial (rep=0, index=8): {'cond': 2, 'Hour': 17, 'Minute': 52, 'bottomText': '右下', 'match': 0, 'corrAns': 2}
184.2593 	EXP 	text: autoDraw = False
184.2593 	EXP 	text: autoDraw = False
184.2593 	EXP 	clock_digital: height = 0.15
184.2593 	EXP 	clock_digital: height = 0.15
184.2593 	EXP 	clock_digital: height = 0.15
184.2593 	EXP 	clock_digital: text = '17:52'
184.2593 	EXP 	direction_txt: height = 0.15
184.2593 	EXP 	direction_txt: height = 0.15
184.2593 	EXP 	direction_txt: height = 0.15
184.2593 	EXP 	direction_txt: text = '右下'
184.2593 	EXP 	clock_digital: autoDraw = True
184.2593 	EXP 	direction_txt: autoDraw = True
186.5620 	EXP 	clock_digital: autoDraw = False
186.5620 	EXP 	direction_txt: autoDraw = False
186.5620 	EXP 	text: autoDraw = True
187.0464 	EXP 	New trial (rep=0, index=9): {'cond': 1, 'Hour': 14, 'Minute': 42, 'bottomText': '左下', 'match': 1, 'corrAns': 1}
187.0625 	EXP 	text: autoDraw = False
187.0625 	EXP 	text: autoDraw = False
187.0625 	EXP 	clock_digital: height = 0.15
187.0625 	EXP 	clock_digital: height = 0.15
187.0625 	EXP 	clock_digital: height = 0.15
187.0625 	EXP 	clock_digital: text = '14:42'
187.0625 	EXP 	direction_txt: height = 0.15
187.0625 	EXP 	direction_txt: height = 0.15
187.0625 	EXP 	direction_txt: height = 0.15
187.0625 	EXP 	direction_txt: text = '左下'
187.0625 	EXP 	clock_digital: autoDraw = True
187.0625 	EXP 	direction_txt: autoDraw = True
188.6309 	EXP 	clock_digital: autoDraw = False
188.6309 	EXP 	direction_txt: autoDraw = False
188.6309 	EXP 	text: autoDraw = True
189.1315 	EXP 	text: autoDraw = False
189.1315 	EXP 	text: autoDraw = False
189.1315 	EXP 	rest_txt: autoDraw = True
219.1163 	EXP 	New trial (rep=4, index=0): None
219.1327 	EXP 	rest_txt: autoDraw = False
219.1327 	EXP 	block_start_txt: autoDraw = True
221.6368 	EXP 	Imported clock_types.xlsx as conditions, 10 conditions, 6 params
221.6372 	EXP 	Created sequence: random, trialTypes=10, nReps=1, seed=None
221.6374 	EXP 	New trial (rep=0, index=0): {'cond': 2, 'Hour': 15, 'Minute': 52, 'bottomText': '左下', 'match': 0, 'corrAns': 2}
221.6482 	EXP 	block_start_txt: autoDraw = False
221.6482 	EXP 	clock_digital: height = 0.15
221.6482 	EXP 	clock_digital: height = 0.15
221.6482 	EXP 	clock_digital: height = 0.15
221.6482 	EXP 	clock_digital: text = '15:52'
221.6482 	EXP 	direction_txt: text = '左下'
221.6482 	EXP 	clock_digital: autoDraw = True
221.6482 	EXP 	direction_txt: autoDraw = True
222.6201 	EXP 	clock_digital: autoDraw = False
222.6201 	EXP 	direction_txt: autoDraw = False
222.6201 	EXP 	text: autoDraw = True
223.1047 	EXP 	New trial (rep=0, index=1): {'cond': 2, 'Hour': 13, 'Minute': 31, 'bottomText': '左上', 'match': 0, 'corrAns': 2}
223.1207 	EXP 	text: autoDraw = False
223.1207 	EXP 	text: autoDraw = False
223.1207 	EXP 	clock_digital: height = 0.15
223.1207 	EXP 	clock_digital: height = 0.15
223.1207 	EXP 	clock_digital: height = 0.15
223.1207 	EXP 	clock_digital: text = '13:31'
223.1207 	EXP 	direction_txt: height = 0.15
223.1207 	EXP 	direction_txt: height = 0.15
223.1207 	EXP 	direction_txt: height = 0.15
223.1207 	EXP 	direction_txt: text = '左上'
223.1207 	EXP 	clock_digital: autoDraw = True
223.1207 	EXP 	direction_txt: autoDraw = True
224.5223 	EXP 	clock_digital: autoDraw = False
224.5223 	EXP 	direction_txt: autoDraw = False
224.5223 	EXP 	text: autoDraw = True
225.0069 	EXP 	New trial (rep=0, index=2): {'cond': 2, 'Hour': 15, 'Minute': 22, 'bottomText': '左上', 'match': 0, 'corrAns': 2}
225.0231 	EXP 	text: autoDraw = False
225.0231 	EXP 	text: autoDraw = False
225.0231 	EXP 	clock_digital: height = 0.15
225.0231 	EXP 	clock_digital: height = 0.15
225.0231 	EXP 	clock_digital: height = 0.15
225.0231 	EXP 	clock_digital: text = '15:22'
225.0231 	EXP 	direction_txt: text = '左上'
225.0231 	EXP 	clock_digital: autoDraw = True
225.0231 	EXP 	direction_txt: autoDraw = True
226.5912 	EXP 	clock_digital: autoDraw = False
226.5912 	EXP 	direction_txt: autoDraw = False
226.5912 	EXP 	text: autoDraw = True
227.0761 	EXP 	New trial (rep=0, index=3): {'cond': 1, 'Hour': 16, 'Minute': 23, 'bottomText': '右下', 'match': 1, 'corrAns': 1}
227.0921 	EXP 	text: autoDraw = False
227.0921 	EXP 	text: autoDraw = False
227.0921 	EXP 	clock_digital: height = 0.15
227.0921 	EXP 	clock_digital: height = 0.15
227.0921 	EXP 	clock_digital: height = 0.15
227.0921 	EXP 	clock_digital: text = '16:23'
227.0921 	EXP 	direction_txt: height = 0.15
227.0921 	EXP 	direction_txt: height = 0.15
227.0921 	EXP 	direction_txt: height = 0.15
227.0921 	EXP 	direction_txt: text = '右下'
227.0921 	EXP 	clock_digital: autoDraw = True
227.0921 	EXP 	direction_txt: autoDraw = True
228.1931 	EXP 	clock_digital: autoDraw = False
228.1931 	EXP 	direction_txt: autoDraw = False
228.1931 	EXP 	text: autoDraw = True
228.6778 	EXP 	New trial (rep=0, index=4): {'cond': 2, 'Hour': 17, 'Minute': 45, 'bottomText': '左上', 'match': 0, 'corrAns': 2}
228.6938 	EXP 	text: autoDraw = False
228.6938 	EXP 	text: autoDraw = False
228.6938 	EXP 	clock_digital: height = 0.15
228.6938 	EXP 	clock_digital: height = 0.15
228.6938 	EXP 	clock_digital: height = 0.15
228.6938 	EXP 	clock_digital: text = '17:45'
228.6938 	EXP 	direction_txt: height = 0.15
228.6938 	EXP 	direction_txt: height = 0.15
228.6938 	EXP 	direction_txt: height = 0.15
228.6938 	EXP 	direction_txt: text = '左上'
228.6938 	EXP 	clock_digital: autoDraw = True
228.6938 	EXP 	direction_txt: autoDraw = True
230.0620 	EXP 	clock_digital: autoDraw = False
230.0620 	EXP 	direction_txt: autoDraw = False
230.0620 	EXP 	text: autoDraw = True
230.5465 	EXP 	New trial (rep=0, index=5): {'cond': 1, 'Hour': 9, 'Minute': 14, 'bottomText': '右上', 'match': 1, 'corrAns': 1}
230.5626 	EXP 	text: autoDraw = False
230.5626 	EXP 	text: autoDraw = False
230.5626 	EXP 	clock_digital: height = 0.15
230.5626 	EXP 	clock_digital: height = 0.15
230.5626 	EXP 	clock_digital: height = 0.15
230.5626 	EXP 	clock_digital: text = '9:14'
230.5626 	EXP 	direction_txt: height = 0.15
230.5626 	EXP 	direction_txt: height = 0.15
230.5626 	EXP 	direction_txt: height = 0.15
230.5626 	EXP 	direction_txt: text = '右上'
230.5626 	EXP 	clock_digital: autoDraw = True
230.5626 	EXP 	direction_txt: autoDraw = True
231.9642 	EXP 	clock_digital: autoDraw = False
231.9642 	EXP 	direction_txt: autoDraw = False
231.9642 	EXP 	text: autoDraw = True
232.4489 	EXP 	New trial (rep=0, index=6): {'cond': 1, 'Hour': 8, 'Minute': 38, 'bottomText': '左下', 'match': 1, 'corrAns': 1}
232.4647 	EXP 	text: autoDraw = False
232.4647 	EXP 	text: autoDraw = False
232.4647 	EXP 	clock_digital: height = 0.15
232.4647 	EXP 	clock_digital: height = 0.15
232.4647 	EXP 	clock_digital: height = 0.15
232.4647 	EXP 	clock_digital: text = '8:38'
232.4647 	EXP 	direction_txt: height = 0.15
232.4647 	EXP 	direction_txt: height = 0.15
232.4647 	EXP 	direction_txt: height = 0.15
232.4647 	EXP 	direction_txt: text = '左下'
232.4647 	EXP 	clock_digital: autoDraw = True
232.4647 	EXP 	direction_txt: autoDraw = True
233.7830 	EXP 	clock_digital: autoDraw = False
233.7830 	EXP 	direction_txt: autoDraw = False
233.7830 	EXP 	text: autoDraw = True
234.2676 	EXP 	New trial (rep=0, index=7): {'cond': 1, 'Hour': 16, 'Minute': 36, 'bottomText': '左下', 'match': 1, 'corrAns': 1}
234.2836 	EXP 	text: autoDraw = False
234.2836 	EXP 	text: autoDraw = False
234.2836 	EXP 	clock_digital: height = 0.15
234.2836 	EXP 	clock_digital: height = 0.15
234.2836 	EXP 	clock_digital: height = 0.15
234.2836 	EXP 	clock_digital: text = '16:36'
234.2836 	EXP 	direction_txt: text = '左下'
234.2836 	EXP 	clock_digital: autoDraw = True
234.2836 	EXP 	direction_txt: autoDraw = True
235.5013 	EXP 	clock_digital: autoDraw = False
235.5013 	EXP 	direction_txt: autoDraw = False
235.5013 	EXP 	text: autoDraw = True
235.9862 	EXP 	New trial (rep=0, index=8): {'cond': 1, 'Hour': 7, 'Minute': 18, 'bottomText': '右下', 'match': 1, 'corrAns': 1}
236.0022 	EXP 	text: autoDraw = False
236.0022 	EXP 	text: autoDraw = False
236.0022 	EXP 	clock_digital: height = 0.15
236.0022 	EXP 	clock_digital: height = 0.15
236.0022 	EXP 	clock_digital: height = 0.15
236.0022 	EXP 	clock_digital: text = '7:18'
236.0022 	EXP 	direction_txt: height = 0.15
236.0022 	EXP 	direction_txt: height = 0.15
236.0022 	EXP 	direction_txt: height = 0.15
236.0022 	EXP 	direction_txt: text = '右下'
236.0022 	EXP 	clock_digital: autoDraw = True
236.0022 	EXP 	direction_txt: autoDraw = True
237.4704 	EXP 	clock_digital: autoDraw = False
237.4704 	EXP 	direction_txt: autoDraw = False
237.4704 	EXP 	text: autoDraw = True
237.9550 	EXP 	New trial (rep=0, index=9): {'cond': 2, 'Hour': 11, 'Minute': 49, 'bottomText': '右下', 'match': 0, 'corrAns': 2}
237.9711 	EXP 	text: autoDraw = False
237.9711 	EXP 	text: autoDraw = False
237.9711 	EXP 	clock_digital: height = 0.15
237.9711 	EXP 	clock_digital: height = 0.15
237.9711 	EXP 	clock_digital: height = 0.15
237.9711 	EXP 	clock_digital: text = '11:49'
237.9711 	EXP 	direction_txt: text = '右下'
237.9711 	EXP 	clock_digital: autoDraw = True
237.9711 	EXP 	direction_txt: autoDraw = True
240.2070 	EXP 	clock_digital: autoDraw = False
240.2070 	EXP 	direction_txt: autoDraw = False
240.2070 	EXP 	text: autoDraw = True
240.7076 	EXP 	text: autoDraw = False
240.7076 	EXP 	text: autoDraw = False
240.7076 	EXP 	rest_txt: autoDraw = True
270.6927 	EXP 	New trial (rep=5, index=0): None
270.7089 	EXP 	rest_txt: autoDraw = False
270.7089 	EXP 	block_start_txt: autoDraw = True
273.2159 	EXP 	Imported clock_types.xlsx as conditions, 10 conditions, 6 params
273.2162 	EXP 	Created sequence: random, trialTypes=10, nReps=1, seed=None
273.2165 	EXP 	New trial (rep=0, index=0): {'cond': 1, 'Hour': 18, 'Minute': 26, 'bottomText': '右下', 'match': 1, 'corrAns': 1}
273.2275 	EXP 	block_start_txt: autoDraw = False
273.2275 	EXP 	clock_digital: height = 0.15
273.2275 	EXP 	clock_digital: height = 0.15
273.2275 	EXP 	clock_digital: height = 0.15
273.2275 	EXP 	clock_digital: text = '18:26'
273.2275 	EXP 	direction_txt: text = '右下'
273.2275 	EXP 	clock_digital: autoDraw = True
273.2275 	EXP 	direction_txt: autoDraw = True
274.9471 	EXP 	clock_digital: autoDraw = False
274.9471 	EXP 	direction_txt: autoDraw = False
274.9471 	EXP 	text: autoDraw = True
275.4317 	EXP 	New trial (rep=0, index=1): {'cond': 2, 'Hour': 13, 'Minute': 13, 'bottomText': '左下', 'match': 0, 'corrAns': 2}
275.4478 	EXP 	text: autoDraw = False
275.4478 	EXP 	text: autoDraw = False
275.4478 	EXP 	clock_digital: height = 0.15
275.4478 	EXP 	clock_digital: height = 0.15
275.4478 	EXP 	clock_digital: height = 0.15
275.4478 	EXP 	clock_digital: text = '13:13'
275.4478 	EXP 	direction_txt: height = 0.15
275.4478 	EXP 	direction_txt: height = 0.15
275.4478 	EXP 	direction_txt: height = 0.15
275.4478 	EXP 	direction_txt: text = '左下'
275.4478 	EXP 	clock_digital: autoDraw = True
275.4478 	EXP 	direction_txt: autoDraw = True
277.3165 	EXP 	clock_digital: autoDraw = False
277.3165 	EXP 	direction_txt: autoDraw = False
277.3165 	EXP 	text: autoDraw = True
277.8010 	EXP 	New trial (rep=0, index=2): {'cond': 1, 'Hour': 16, 'Minute': 48, 'bottomText': '左上', 'match': 1, 'corrAns': 1}
277.8170 	EXP 	text: autoDraw = False
277.8170 	EXP 	text: autoDraw = False
277.8170 	EXP 	clock_digital: height = 0.15
277.8170 	EXP 	clock_digital: height = 0.15
277.8170 	EXP 	clock_digital: height = 0.15
277.8170 	EXP 	clock_digital: text = '16:48'
277.8170 	EXP 	direction_txt: height = 0.15
277.8170 	EXP 	direction_txt: height = 0.15
277.8170 	EXP 	direction_txt: height = 0.15
277.8170 	EXP 	direction_txt: text = '左上'
277.8170 	EXP 	clock_digital: autoDraw = True
277.8170 	EXP 	direction_txt: autoDraw = True
279.1353 	EXP 	clock_digital: autoDraw = False
279.1353 	EXP 	direction_txt: autoDraw = False
279.1353 	EXP 	text: autoDraw = True
279.6199 	EXP 	New trial (rep=0, index=3): {'cond': 2, 'Hour': 13, 'Minute': 12, 'bottomText': '左下', 'match': 0, 'corrAns': 2}
279.6359 	EXP 	text: autoDraw = False
279.6359 	EXP 	text: autoDraw = False
279.6359 	EXP 	clock_digital: height = 0.15
279.6359 	EXP 	clock_digital: height = 0.15
279.6359 	EXP 	clock_digital: height = 0.15
279.6359 	EXP 	clock_digital: text = '13:12'
279.6359 	EXP 	direction_txt: height = 0.15
279.6359 	EXP 	direction_txt: height = 0.15
279.6359 	EXP 	direction_txt: height = 0.15
279.6359 	EXP 	direction_txt: text = '左下'
279.6359 	EXP 	clock_digital: autoDraw = True
279.6359 	EXP 	direction_txt: autoDraw = True
280.9707 	EXP 	clock_digital: autoDraw = False
280.9707 	EXP 	direction_txt: autoDraw = False
280.9707 	EXP 	text: autoDraw = True
281.4552 	EXP 	New trial (rep=0, index=4): {'cond': 1, 'Hour': 8, 'Minute': 25, 'bottomText': '右下', 'match': 1, 'corrAns': 1}
281.4714 	EXP 	text: autoDraw = False
281.4714 	EXP 	text: autoDraw = False
281.4714 	EXP 	clock_digital: height = 0.15
281.4714 	EXP 	clock_digital: height = 0.15
281.4714 	EXP 	clock_digital: height = 0.15
281.4714 	EXP 	clock_digital: text = '8:25'
281.4714 	EXP 	direction_txt: height = 0.15
281.4714 	EXP 	direction_txt: height = 0.15
281.4714 	EXP 	direction_txt: height = 0.15
281.4714 	EXP 	direction_txt: text = '右下'
281.4714 	EXP 	clock_digital: autoDraw = True
281.4714 	EXP 	direction_txt: autoDraw = True
282.4890 	EXP 	clock_digital: autoDraw = False
282.4890 	EXP 	direction_txt: autoDraw = False
282.4890 	EXP 	text: autoDraw = True
282.9736 	EXP 	New trial (rep=0, index=5): {'cond': 1, 'Hour': 14, 'Minute': 43, 'bottomText': '左下', 'match': 1, 'corrAns': 1}
282.9897 	EXP 	text: autoDraw = False
282.9897 	EXP 	text: autoDraw = False
282.9897 	EXP 	clock_digital: height = 0.15
282.9897 	EXP 	clock_digital: height = 0.15
282.9897 	EXP 	clock_digital: height = 0.15
282.9897 	EXP 	clock_digital: text = '14:43'
282.9897 	EXP 	direction_txt: height = 0.15
282.9897 	EXP 	direction_txt: height = 0.15
282.9897 	EXP 	direction_txt: height = 0.15
282.9897 	EXP 	direction_txt: text = '左下'
282.9897 	EXP 	clock_digital: autoDraw = True
282.9897 	EXP 	direction_txt: autoDraw = True
284.8752 	EXP 	clock_digital: autoDraw = False
284.8752 	EXP 	direction_txt: autoDraw = False
284.8752 	EXP 	text: autoDraw = True
285.3598 	EXP 	New trial (rep=0, index=6): {'cond': 2, 'Hour': 17, 'Minute': 30, 'bottomText': '左下', 'match': 0, 'corrAns': 2}
285.3757 	EXP 	text: autoDraw = False
285.3757 	EXP 	text: autoDraw = False
285.3757 	EXP 	clock_digital: height = 0.15
285.3757 	EXP 	clock_digital: height = 0.15
285.3757 	EXP 	clock_digital: height = 0.15
285.3757 	EXP 	clock_digital: text = '17:30'
285.3757 	EXP 	direction_txt: text = '左下'
285.3757 	EXP 	clock_digital: autoDraw = True
285.3757 	EXP 	direction_txt: autoDraw = True
286.5103 	EXP 	clock_digital: autoDraw = False
286.5103 	EXP 	direction_txt: autoDraw = False
286.5103 	EXP 	text: autoDraw = True
286.9950 	EXP 	New trial (rep=0, index=7): {'cond': 1, 'Hour': 18, 'Minute': 45, 'bottomText': '左下', 'match': 1, 'corrAns': 1}
287.0110 	EXP 	text: autoDraw = False
287.0110 	EXP 	text: autoDraw = False
287.0110 	EXP 	clock_digital: height = 0.15
287.0110 	EXP 	clock_digital: height = 0.15
287.0110 	EXP 	clock_digital: height = 0.15
287.0110 	EXP 	clock_digital: text = '18:45'
287.0110 	EXP 	direction_txt: text = '左下'
287.0110 	EXP 	clock_digital: autoDraw = True
287.0110 	EXP 	direction_txt: autoDraw = True
289.2806 	EXP 	clock_digital: autoDraw = False
289.2806 	EXP 	direction_txt: autoDraw = False
289.2806 	EXP 	text: autoDraw = True
289.7648 	EXP 	New trial (rep=0, index=8): {'cond': 2, 'Hour': 15, 'Minute': 41, 'bottomText': '右下', 'match': 0, 'corrAns': 2}
289.7808 	EXP 	text: autoDraw = False
289.7808 	EXP 	text: autoDraw = False
289.7808 	EXP 	clock_digital: height = 0.15
289.7808 	EXP 	clock_digital: height = 0.15
289.7808 	EXP 	clock_digital: height = 0.15
289.7808 	EXP 	clock_digital: text = '15:41'
289.7808 	EXP 	direction_txt: height = 0.15
289.7808 	EXP 	direction_txt: height = 0.15
289.7808 	EXP 	direction_txt: height = 0.15
289.7808 	EXP 	direction_txt: text = '右下'
289.7808 	EXP 	clock_digital: autoDraw = True
289.7808 	EXP 	direction_txt: autoDraw = True
292.2836 	EXP 	clock_digital: autoDraw = False
292.2836 	EXP 	direction_txt: autoDraw = False
292.2836 	EXP 	text: autoDraw = True
292.7679 	EXP 	New trial (rep=0, index=9): {'cond': 2, 'Hour': 11, 'Minute': 58, 'bottomText': '右上', 'match': 0, 'corrAns': 2}
292.7844 	EXP 	text: autoDraw = False
292.7844 	EXP 	clock_digital: height = 0.15
292.7844 	EXP 	clock_digital: height = 0.15
292.7844 	EXP 	clock_digital: height = 0.15
292.7844 	EXP 	clock_digital: text = '11:58'
292.7844 	EXP 	direction_txt: height = 0.15
292.7844 	EXP 	direction_txt: height = 0.15
292.7844 	EXP 	direction_txt: height = 0.15
292.7844 	EXP 	direction_txt: text = '右上'
292.7844 	EXP 	clock_digital: autoDraw = True
292.7844 	EXP 	direction_txt: autoDraw = True
294.0024 	EXP 	clock_digital: autoDraw = False
294.0024 	EXP 	direction_txt: autoDraw = False
294.0024 	EXP 	text: autoDraw = True
294.5030 	EXP 	text: autoDraw = False
294.5030 	EXP 	text: autoDraw = False
294.5030 	EXP 	rest_txt: autoDraw = True
324.4877 	EXP 	New trial (rep=6, index=0): None
324.5042 	EXP 	rest_txt: autoDraw = False
324.5042 	EXP 	block_start_txt: autoDraw = True
327.0084 	EXP 	Imported clock_types.xlsx as conditions, 10 conditions, 6 params
327.0088 	EXP 	Created sequence: random, trialTypes=10, nReps=1, seed=None
327.0091 	EXP 	New trial (rep=0, index=0): {'cond': 2, 'Hour': 13, 'Minute': 57, 'bottomText': '右下', 'match': 0, 'corrAns': 2}
327.0226 	EXP 	block_start_txt: autoDraw = False
327.0226 	EXP 	clock_digital: height = 0.15
327.0226 	EXP 	clock_digital: height = 0.15
327.0226 	EXP 	clock_digital: height = 0.15
327.0226 	EXP 	clock_digital: text = '13:57'
327.0226 	EXP 	direction_txt: height = 0.15
327.0226 	EXP 	direction_txt: height = 0.15
327.0226 	EXP 	direction_txt: height = 0.15
327.0226 	EXP 	direction_txt: text = '右下'
327.0226 	EXP 	clock_digital: autoDraw = True
327.0226 	EXP 	direction_txt: autoDraw = True
328.4916 	EXP 	clock_digital: autoDraw = False
328.4916 	EXP 	direction_txt: autoDraw = False
328.4916 	EXP 	text: autoDraw = True
328.9766 	EXP 	New trial (rep=0, index=1): {'cond': 1, 'Hour': 8, 'Minute': 37, 'bottomText': '左下', 'match': 1, 'corrAns': 1}
328.9927 	EXP 	text: autoDraw = False
328.9927 	EXP 	text: autoDraw = False
328.9927 	EXP 	clock_digital: height = 0.15
328.9927 	EXP 	clock_digital: height = 0.15
328.9927 	EXP 	clock_digital: height = 0.15
328.9927 	EXP 	clock_digital: text = '8:37'
328.9927 	EXP 	direction_txt: height = 0.15
328.9927 	EXP 	direction_txt: height = 0.15
328.9927 	EXP 	direction_txt: height = 0.15
328.9927 	EXP 	direction_txt: text = '左下'
328.9927 	EXP 	clock_digital: autoDraw = True
328.9927 	EXP 	direction_txt: autoDraw = True
330.2107 	EXP 	clock_digital: autoDraw = False
330.2107 	EXP 	direction_txt: autoDraw = False
330.2107 	EXP 	text: autoDraw = True
330.6953 	EXP 	New trial (rep=0, index=2): {'cond': 1, 'Hour': 10, 'Minute': 17, 'bottomText': '右下', 'match': 1, 'corrAns': 1}
330.7114 	EXP 	text: autoDraw = False
330.7114 	EXP 	text: autoDraw = False
330.7114 	EXP 	clock_digital: height = 0.15
330.7114 	EXP 	clock_digital: height = 0.15
330.7114 	EXP 	clock_digital: height = 0.15
330.7114 	EXP 	clock_digital: text = '10:17'
330.7114 	EXP 	direction_txt: height = 0.15
330.7114 	EXP 	direction_txt: height = 0.15
330.7114 	EXP 	direction_txt: height = 0.15
330.7114 	EXP 	direction_txt: text = '右下'
330.7114 	EXP 	clock_digital: autoDraw = True
330.7114 	EXP 	direction_txt: autoDraw = True
332.2464 	EXP 	clock_digital: autoDraw = False
332.2464 	EXP 	direction_txt: autoDraw = False
332.2464 	EXP 	text: autoDraw = True
332.7314 	EXP 	New trial (rep=0, index=3): {'cond': 1, 'Hour': 9, 'Minute': 49, 'bottomText': '左下', 'match': 1, 'corrAns': 1}
332.7474 	EXP 	text: autoDraw = False
332.7474 	EXP 	text: autoDraw = False
332.7474 	EXP 	clock_digital: height = 0.15
332.7474 	EXP 	clock_digital: height = 0.15
332.7474 	EXP 	clock_digital: height = 0.15
332.7474 	EXP 	clock_digital: text = '9:49'
332.7474 	EXP 	direction_txt: height = 0.15
332.7474 	EXP 	direction_txt: height = 0.15
332.7474 	EXP 	direction_txt: height = 0.15
332.7474 	EXP 	direction_txt: text = '左下'
332.7474 	EXP 	clock_digital: autoDraw = True
332.7474 	EXP 	direction_txt: autoDraw = True
334.3822 	EXP 	clock_digital: autoDraw = False
334.3822 	EXP 	direction_txt: autoDraw = False
334.3822 	EXP 	text: autoDraw = True
334.8668 	EXP 	New trial (rep=0, index=4): {'cond': 2, 'Hour': 11, 'Minute': 40, 'bottomText': '右下', 'match': 0, 'corrAns': 2}
334.8825 	EXP 	text: autoDraw = False
334.8825 	EXP 	text: autoDraw = False
334.8825 	EXP 	clock_digital: height = 0.15
334.8825 	EXP 	clock_digital: height = 0.15
334.8825 	EXP 	clock_digital: height = 0.15
334.8825 	EXP 	clock_digital: text = '11:40'
334.8825 	EXP 	direction_txt: height = 0.15
334.8825 	EXP 	direction_txt: height = 0.15
334.8825 	EXP 	direction_txt: height = 0.15
334.8825 	EXP 	direction_txt: text = '右下'
334.8825 	EXP 	clock_digital: autoDraw = True
334.8825 	EXP 	direction_txt: autoDraw = True
336.2009 	EXP 	clock_digital: autoDraw = False
336.2009 	EXP 	direction_txt: autoDraw = False
336.2009 	EXP 	text: autoDraw = True
336.6856 	EXP 	New trial (rep=0, index=5): {'cond': 1, 'Hour': 14, 'Minute': 19, 'bottomText': '右下', 'match': 1, 'corrAns': 1}
336.7015 	EXP 	text: autoDraw = False
336.7015 	EXP 	text: autoDraw = False
336.7015 	EXP 	clock_digital: height = 0.15
336.7015 	EXP 	clock_digital: height = 0.15
336.7015 	EXP 	clock_digital: height = 0.15
336.7015 	EXP 	clock_digital: text = '14:19'
336.7015 	EXP 	direction_txt: text = '右下'
336.7015 	EXP 	clock_digital: autoDraw = True
336.7015 	EXP 	direction_txt: autoDraw = True
337.8863 	EXP 	clock_digital: autoDraw = False
337.8863 	EXP 	direction_txt: autoDraw = False
337.8863 	EXP 	text: autoDraw = True
338.3708 	EXP 	New trial (rep=0, index=6): {'cond': 2, 'Hour': 17, 'Minute': 44, 'bottomText': '左上', 'match': 0, 'corrAns': 2}
338.3870 	EXP 	text: autoDraw = False
338.3870 	EXP 	text: autoDraw = False
338.3870 	EXP 	clock_digital: height = 0.15
338.3870 	EXP 	clock_digital: height = 0.15
338.3870 	EXP 	clock_digital: height = 0.15
338.3870 	EXP 	clock_digital: text = '17:44'
338.3870 	EXP 	direction_txt: height = 0.15
338.3870 	EXP 	direction_txt: height = 0.15
338.3870 	EXP 	direction_txt: height = 0.15
338.3870 	EXP 	direction_txt: text = '左上'
338.3870 	EXP 	clock_digital: autoDraw = True
338.3870 	EXP 	direction_txt: autoDraw = True
339.6550 	EXP 	clock_digital: autoDraw = False
339.6550 	EXP 	direction_txt: autoDraw = False
339.6550 	EXP 	text: autoDraw = True
340.1395 	EXP 	New trial (rep=0, index=7): {'cond': 2, 'Hour': 19, 'Minute': 54, 'bottomText': '右下', 'match': 0, 'corrAns': 2}
340.1555 	EXP 	text: autoDraw = False
340.1555 	EXP 	text: autoDraw = False
340.1555 	EXP 	clock_digital: height = 0.15
340.1555 	EXP 	clock_digital: height = 0.15
340.1555 	EXP 	clock_digital: height = 0.15
340.1555 	EXP 	clock_digital: text = '19:54'
340.1555 	EXP 	direction_txt: height = 0.15
340.1555 	EXP 	direction_txt: height = 0.15
340.1555 	EXP 	direction_txt: height = 0.15
340.1555 	EXP 	direction_txt: text = '右下'
340.1555 	EXP 	clock_digital: autoDraw = True
340.1555 	EXP 	direction_txt: autoDraw = True
341.5238 	EXP 	clock_digital: autoDraw = False
341.5238 	EXP 	direction_txt: autoDraw = False
341.5238 	EXP 	text: autoDraw = True
342.0082 	EXP 	New trial (rep=0, index=8): {'cond': 2, 'Hour': 10, 'Minute': 28, 'bottomText': '左下', 'match': 0, 'corrAns': 2}
342.0244 	EXP 	text: autoDraw = False
342.0244 	EXP 	text: autoDraw = False
342.0244 	EXP 	clock_digital: height = 0.15
342.0244 	EXP 	clock_digital: height = 0.15
342.0244 	EXP 	clock_digital: height = 0.15
342.0244 	EXP 	clock_digital: text = '10:28'
342.0244 	EXP 	direction_txt: height = 0.15
342.0244 	EXP 	direction_txt: height = 0.15
342.0244 	EXP 	direction_txt: height = 0.15
342.0244 	EXP 	direction_txt: text = '左下'
342.0244 	EXP 	clock_digital: autoDraw = True
342.0244 	EXP 	direction_txt: autoDraw = True
343.2257 	EXP 	clock_digital: autoDraw = False
343.2257 	EXP 	direction_txt: autoDraw = False
343.2257 	EXP 	text: autoDraw = True
343.7103 	EXP 	New trial (rep=0, index=9): {'cond': 1, 'Hour': 16, 'Minute': 35, 'bottomText': '左下', 'match': 1, 'corrAns': 1}
343.7264 	EXP 	text: autoDraw = False
343.7264 	EXP 	text: autoDraw = False
343.7264 	EXP 	clock_digital: height = 0.15
343.7264 	EXP 	clock_digital: height = 0.15
343.7264 	EXP 	clock_digital: height = 0.15
343.7264 	EXP 	clock_digital: text = '16:35'
343.7264 	EXP 	direction_txt: text = '左下'
343.7264 	EXP 	clock_digital: autoDraw = True
343.7264 	EXP 	direction_txt: autoDraw = True
345.0278 	EXP 	clock_digital: autoDraw = False
345.0278 	EXP 	direction_txt: autoDraw = False
345.0278 	EXP 	text: autoDraw = True
345.5283 	EXP 	text: autoDraw = False
345.5283 	EXP 	text: autoDraw = False
345.5283 	EXP 	rest_txt: autoDraw = True
375.5127 	EXP 	New trial (rep=7, index=0): None
375.5296 	EXP 	rest_txt: autoDraw = False
375.5296 	EXP 	block_start_txt: autoDraw = True
378.0341 	EXP 	Imported clock_types.xlsx as conditions, 10 conditions, 6 params
378.0345 	EXP 	Created sequence: random, trialTypes=10, nReps=1, seed=None
378.0348 	EXP 	New trial (rep=0, index=0): {'cond': 2, 'Hour': 11, 'Minute': 38, 'bottomText': '左上', 'match': 0, 'corrAns': 2}
378.0477 	EXP 	block_start_txt: autoDraw = False
378.0477 	EXP 	clock_digital: height = 0.15
378.0477 	EXP 	clock_digital: height = 0.15
378.0477 	EXP 	clock_digital: height = 0.15
378.0477 	EXP 	clock_digital: text = '11:38'
378.0477 	EXP 	direction_txt: height = 0.15
378.0477 	EXP 	direction_txt: height = 0.15
378.0477 	EXP 	direction_txt: height = 0.15
378.0477 	EXP 	direction_txt: text = '左上'
378.0477 	EXP 	clock_digital: autoDraw = True
378.0477 	EXP 	direction_txt: autoDraw = True
379.0670 	EXP 	clock_digital: autoDraw = False
379.0670 	EXP 	direction_txt: autoDraw = False
379.0670 	EXP 	text: autoDraw = True
379.5516 	EXP 	New trial (rep=0, index=1): {'cond': 1, 'Hour': 14, 'Minute': 50, 'bottomText': '左上', 'match': 1, 'corrAns': 1}
379.5676 	EXP 	text: autoDraw = False
379.5676 	EXP 	text: autoDraw = False
379.5676 	EXP 	clock_digital: height = 0.15
379.5676 	EXP 	clock_digital: height = 0.15
379.5676 	EXP 	clock_digital: height = 0.15
379.5676 	EXP 	clock_digital: text = '14:50'
379.5676 	EXP 	direction_txt: text = '左上'
379.5676 	EXP 	clock_digital: autoDraw = True
379.5676 	EXP 	direction_txt: autoDraw = True
380.4018 	EXP 	clock_digital: autoDraw = False
380.4018 	EXP 	direction_txt: autoDraw = False
380.4018 	EXP 	text: autoDraw = True
380.8865 	EXP 	New trial (rep=0, index=2): {'cond': 1, 'Hour': 18, 'Minute': 44, 'bottomText': '左下', 'match': 1, 'corrAns': 1}
380.9024 	EXP 	text: autoDraw = False
380.9024 	EXP 	text: autoDraw = False
380.9024 	EXP 	clock_digital: height = 0.15
380.9024 	EXP 	clock_digital: height = 0.15
380.9024 	EXP 	clock_digital: height = 0.15
380.9024 	EXP 	clock_digital: text = '18:44'
380.9024 	EXP 	direction_txt: height = 0.15
380.9024 	EXP 	direction_txt: height = 0.15
380.9024 	EXP 	direction_txt: height = 0.15
380.9024 	EXP 	direction_txt: text = '左下'
380.9024 	EXP 	clock_digital: autoDraw = True
380.9024 	EXP 	direction_txt: autoDraw = True
381.9869 	EXP 	clock_digital: autoDraw = False
381.9869 	EXP 	direction_txt: autoDraw = False
381.9869 	EXP 	text: autoDraw = True
382.4716 	EXP 	New trial (rep=0, index=3): {'cond': 2, 'Hour': 19, 'Minute': 17, 'bottomText': '左上', 'match': 0, 'corrAns': 2}
382.4873 	EXP 	text: autoDraw = False
382.4873 	EXP 	text: autoDraw = False
382.4873 	EXP 	clock_digital: height = 0.15
382.4873 	EXP 	clock_digital: height = 0.15
382.4873 	EXP 	clock_digital: height = 0.15
382.4873 	EXP 	clock_digital: text = '19:17'
382.4873 	EXP 	direction_txt: height = 0.15
382.4873 	EXP 	direction_txt: height = 0.15
382.4873 	EXP 	direction_txt: height = 0.15
382.4873 	EXP 	direction_txt: text = '左上'
382.4873 	EXP 	clock_digital: autoDraw = True
382.4873 	EXP 	direction_txt: autoDraw = True
383.8391 	EXP 	clock_digital: autoDraw = False
383.8391 	EXP 	direction_txt: autoDraw = False
383.8391 	EXP 	text: autoDraw = True
384.3237 	EXP 	New trial (rep=0, index=4): {'cond': 1, 'Hour': 10, 'Minute': 35, 'bottomText': '左下', 'match': 1, 'corrAns': 1}
384.3399 	EXP 	text: autoDraw = False
384.3399 	EXP 	text: autoDraw = False
384.3399 	EXP 	clock_digital: height = 0.15
384.3399 	EXP 	clock_digital: height = 0.15
384.3399 	EXP 	clock_digital: height = 0.15
384.3399 	EXP 	clock_digital: text = '10:35'
384.3399 	EXP 	direction_txt: height = 0.15
384.3399 	EXP 	direction_txt: height = 0.15
384.3399 	EXP 	direction_txt: height = 0.15
384.3399 	EXP 	direction_txt: text = '左下'
384.3399 	EXP 	clock_digital: autoDraw = True
384.3399 	EXP 	direction_txt: autoDraw = True
386.2253 	EXP 	clock_digital: autoDraw = False
386.2253 	EXP 	direction_txt: autoDraw = False
386.2253 	EXP 	text: autoDraw = True
386.7099 	EXP 	New trial (rep=0, index=5): {'cond': 2, 'Hour': 15, 'Minute': 51, 'bottomText': '左下', 'match': 0, 'corrAns': 2}
386.7260 	EXP 	text: autoDraw = False
386.7260 	EXP 	text: autoDraw = False
386.7260 	EXP 	clock_digital: height = 0.15
386.7260 	EXP 	clock_digital: height = 0.15
386.7260 	EXP 	clock_digital: height = 0.15
386.7260 	EXP 	clock_digital: text = '15:51'
386.7260 	EXP 	direction_txt: text = '左下'
386.7260 	EXP 	clock_digital: autoDraw = True
386.7260 	EXP 	direction_txt: autoDraw = True
388.2443 	EXP 	clock_digital: autoDraw = False
388.2443 	EXP 	direction_txt: autoDraw = False
388.2443 	EXP 	text: autoDraw = True
388.7288 	EXP 	New trial (rep=0, index=6): {'cond': 2, 'Hour': 13, 'Minute': 32, 'bottomText': '左上', 'match': 0, 'corrAns': 2}
388.7449 	EXP 	text: autoDraw = False
388.7449 	EXP 	text: autoDraw = False
388.7449 	EXP 	clock_digital: height = 0.15
388.7449 	EXP 	clock_digital: height = 0.15
388.7449 	EXP 	clock_digital: height = 0.15
388.7449 	EXP 	clock_digital: text = '13:32'
388.7449 	EXP 	direction_txt: height = 0.15
388.7449 	EXP 	direction_txt: height = 0.15
388.7449 	EXP 	direction_txt: height = 0.15
388.7449 	EXP 	direction_txt: text = '左上'
388.7449 	EXP 	clock_digital: autoDraw = True
388.7449 	EXP 	direction_txt: autoDraw = True
390.6804 	EXP 	clock_digital: autoDraw = False
390.6804 	EXP 	direction_txt: autoDraw = False
390.6804 	EXP 	text: autoDraw = True
391.1650 	EXP 	New trial (rep=0, index=7): {'cond': 1, 'Hour': 14, 'Minute': 13, 'bottomText': '右上', 'match': 1, 'corrAns': 1}
391.1811 	EXP 	text: autoDraw = False
391.1811 	EXP 	text: autoDraw = False
391.1811 	EXP 	clock_digital: height = 0.15
391.1811 	EXP 	clock_digital: height = 0.15
391.1811 	EXP 	clock_digital: height = 0.15
391.1811 	EXP 	clock_digital: text = '14:13'
391.1811 	EXP 	direction_txt: height = 0.15
391.1811 	EXP 	direction_txt: height = 0.15
391.1811 	EXP 	direction_txt: height = 0.15
391.1811 	EXP 	direction_txt: text = '右上'
391.1811 	EXP 	clock_digital: autoDraw = True
391.1811 	EXP 	direction_txt: autoDraw = True
393.0998 	EXP 	clock_digital: autoDraw = False
393.0998 	EXP 	direction_txt: autoDraw = False
393.0998 	EXP 	text: autoDraw = True
393.5844 	EXP 	New trial (rep=0, index=8): {'cond': 2, 'Hour': 15, 'Minute': 9, 'bottomText': '右下', 'match': 0, 'corrAns': 2}
393.6006 	EXP 	text: autoDraw = False
393.6006 	EXP 	text: autoDraw = False
393.6006 	EXP 	clock_digital: height = 0.15
393.6006 	EXP 	clock_digital: height = 0.15
393.6006 	EXP 	clock_digital: height = 0.15
393.6006 	EXP 	clock_digital: text = '15:09'
393.6006 	EXP 	direction_txt: height = 0.15
393.6006 	EXP 	direction_txt: height = 0.15
393.6006 	EXP 	direction_txt: height = 0.15
393.6006 	EXP 	direction_txt: text = '右下'
393.6006 	EXP 	clock_digital: autoDraw = True
393.6006 	EXP 	direction_txt: autoDraw = True
395.1689 	EXP 	clock_digital: autoDraw = False
395.1689 	EXP 	direction_txt: autoDraw = False
395.1689 	EXP 	text: autoDraw = True
395.6535 	EXP 	New trial (rep=0, index=9): {'cond': 1, 'Hour': 8, 'Minute': 26, 'bottomText': '右下', 'match': 1, 'corrAns': 1}
395.6695 	EXP 	text: autoDraw = False
395.6695 	EXP 	text: autoDraw = False
395.6695 	EXP 	clock_digital: height = 0.15
395.6695 	EXP 	clock_digital: height = 0.15
395.6695 	EXP 	clock_digital: height = 0.15
395.6695 	EXP 	clock_digital: text = '8:26'
395.6695 	EXP 	direction_txt: text = '右下'
395.6695 	EXP 	clock_digital: autoDraw = True
395.6695 	EXP 	direction_txt: autoDraw = True
398.1724 	EXP 	clock_digital: autoDraw = False
398.1724 	EXP 	direction_txt: autoDraw = False
398.1724 	EXP 	text: autoDraw = True
398.6728 	EXP 	text: autoDraw = False
398.6728 	EXP 	rest_txt: autoDraw = True
428.6742 	EXP 	rest_txt: autoDraw = False
428.7905 	EXP 	window1: mouseVisible = True
