44.4029 	WARNING 	User requested fullscreen with size [1680 1050], but screen is actually [1920, 1080]. Using actual size
49.3860 	EXP 	Created window1 = Window(allowGUI=True, allowStencil=False, autoLog=True, backendConf=UNKNOWN, backgroundFit=<method-wrapper '__getattribute__' of attributeSetter object at 0x000002002B8DB190>, backgroundImage=<method-wrapper '__getattribute__' of attributeSetter object at 0x000002002B8DB130>, bitsMode=UNKNOWN, blendMode='avg', bpc=(8, 8, 8), color=array([-1, -1, -1]), colorSpace='rgb', depthBits=8, fullscr=<method-wrapper '__getattribute__' of attributeSetter object at 0x000002002B8CFEB0>, gamma=None, gammaErrorPolicy='raise', lms=UNKNOWN, monitor=<psychopy.monitors.calibTools.Monitor object at 0x000002002F748160>, multiSample=False, name='window1', numSamples=2, pos=(0, 0), screen=0, size=array([1920, 1080]), stencilBits=0, stereo=False, units='height', useFBO=True, useRetina=False, viewOri=0.0, viewPos=None, viewScale=None, waitBlanking=True, winType='pyglet')
49.3861 	EXP 	window1: mouseVisible = True
49.3861 	EXP 	window1: backgroundImage = ''
49.3861 	EXP 	window1: backgroundFit = 'none'
49.3862 	EXP 	window1: mouseVisible = False
49.3862 	EXP 	window1: Attempting to measure frame rate of screen (0) ...
49.3862 	EXP 	window1: recordFrameIntervals = False
49.5523 	EXP 	window1: recordFrameIntervals = True
49.7356 	EXP 	Screen (0) actual frame rate measured at 59.87Hz
49.7357 	EXP 	window1: recordFrameIntervals = False
52.3777 	EXP 	Created trigger_txt = TextStim(__class__=<class 'psychopy.visual.text.TextStim'>, alignHoriz=method-wrapper(...), alignText='center', alignVert=method-wrapper(...), anchorHoriz='center', anchorVert='center', antialias=True, autoDraw=False, autoLog=True, bold=False, color=array([1., 1., 1.]), colorSpace='rgb', contrast=1.0, depth=-1.0, flipHoriz=False, flipVert=False, font='Songti SC', fontFiles=[], height=0.05, italic=False, languageStyle='LTR', name='trigger_txt', opacity=1.0, ori=0.0, pos=array([0., 0.]), rgb=UNKNOWN, text='實驗即將開始', units='height', win=Window(...), wrapWidth=1)
52.4019 	EXP 	Created instr_txt = TextStim(__class__=<class 'psychopy.visual.text.TextStim'>, alignHoriz=method-wrapper(...), alignText='center', alignVert=method-wrapper(...), anchorHoriz='center', anchorVert='center', antialias=True, autoDraw=False, autoLog=True, bold=False, color=array([1., 1., 1.]), colorSpace='rgb', contrast=1.0, depth=0.0, flipHoriz=False, flipVert=False, font='Songti SC', fontFiles=[], height=0.05, italic=False, languageStyle='LTR', name='instr_txt', opacity=1.0, ori=0.0, pos=array([0., 0.]), rgb=UNKNOWN, text=str(...), units='height', win=Window(...), wrapWidth=1)
52.4033 	EXP 	Created prep_instr_1 = TextStim(__class__=<class 'psychopy.visual.text.TextStim'>, alignHoriz=method-wrapper(...), alignText='center', alignVert=method-wrapper(...), anchorHoriz='center', anchorVert='center', antialias=True, autoDraw=False, autoLog=True, bold=False, color=array([1., 1., 1.]), colorSpace='rgb', contrast=1.0, depth=-1.0, flipHoriz=False, flipVert=False, font='Songti SC', fontFiles=[], height=0.1, italic=False, languageStyle='LTR', name='prep_instr_1', opacity=1.0, ori=0.0, pos=array([0., 0.]), rgb=UNKNOWN, text='', units='height', win=Window(...), wrapWidth=1)
52.4202 	EXP 	Created target_1 = ImageStim(__class__=<class 'psychopy.visual.image.ImageStim'>, anchor=('center', 'center'), autoLog=True, color=array([1., 1., 1.]), colorSpace='rgb', contrast=1.0, depth=-2.0, flipHoriz=False, flipVert=False, image='default.png', interpolate=True, mask=None, maskParams=None, name='target_1', opacity=1.0, ori=0.0, pos=array([0., 0.]), size=array([0.5, 0.5]), texRes=128.0, units='height', win=Window(...))
52.4251 	EXP 	Created trial_fixation_1_1 = TextStim(__class__=<class 'psychopy.visual.text.TextStim'>, alignHoriz=method-wrapper(...), alignText='center', alignVert=method-wrapper(...), anchorHoriz='center', anchorVert='center', antialias=True, autoDraw=False, autoLog=True, bold=False, color=array([1., 1., 1.]), colorSpace='rgb', contrast=1.0, depth=-3.0, flipHoriz=False, flipVert=False, font='Open Sans', fontFiles=[], height=0.15, italic=False, languageStyle='LTR', name='trial_fixation_1_1', opacity=1.0, ori=0.0, pos=array([0., 0.]), rgb=UNKNOWN, text='+', units='height', win=Window(...), wrapWidth=1)
52.4331 	EXP 	Created image_1_1 = ImageStim(__class__=<class 'psychopy.visual.image.ImageStim'>, anchor=('center', 'center'), autoLog=True, color=array([1., 1., 1.]), colorSpace='rgb', contrast=1.0, depth=-4.0, flipHoriz=False, flipVert=False, image='default.png', interpolate=True, mask=None, maskParams=None, name='image_1_1', opacity=1.0, ori=0.0, pos=array([0., 0.]), size=array([0.5, 0.5]), texRes=128.0, units='height', win=Window(...))
52.4361 	EXP 	Created trial_fixation_1_2 = TextStim(__class__=<class 'psychopy.visual.text.TextStim'>, alignHoriz=method-wrapper(...), alignText='center', alignVert=method-wrapper(...), anchorHoriz='center', anchorVert='center', antialias=True, autoDraw=False, autoLog=True, bold=False, color=array([1., 1., 1.]), colorSpace='rgb', contrast=1.0, depth=-6.0, flipHoriz=False, flipVert=False, font='Open Sans', fontFiles=[], height=0.15, italic=False, languageStyle='LTR', name='trial_fixation_1_2', opacity=1.0, ori=0.0, pos=array([0., 0.]), rgb=UNKNOWN, text='+', units='height', win=Window(...), wrapWidth=1)
52.4458 	EXP 	Created image_1_2 = ImageStim(__class__=<class 'psychopy.visual.image.ImageStim'>, anchor=('center', 'center'), autoLog=True, color=array([1., 1., 1.]), colorSpace='rgb', contrast=1.0, depth=-7.0, flipHoriz=False, flipVert=False, image='default.png', interpolate=True, mask=None, maskParams=None, name='image_1_2', opacity=1.0, ori=0.0, pos=array([0., 0.]), size=array([0.5, 0.5]), texRes=128.0, units='height', win=Window(...))
52.4478 	EXP 	Created trial_fixation_1_3 = TextStim(__class__=<class 'psychopy.visual.text.TextStim'>, alignHoriz=method-wrapper(...), alignText='center', alignVert=method-wrapper(...), anchorHoriz='center', anchorVert='center', antialias=True, autoDraw=False, autoLog=True, bold=False, color=array([1., 1., 1.]), colorSpace='rgb', contrast=1.0, depth=-9.0, flipHoriz=False, flipVert=False, font='Open Sans', fontFiles=[], height=0.15, italic=False, languageStyle='LTR', name='trial_fixation_1_3', opacity=1.0, ori=0.0, pos=array([0., 0.]), rgb=UNKNOWN, text='+', units='height', win=Window(...), wrapWidth=1)
52.4581 	EXP 	Created image_1_3 = ImageStim(__class__=<class 'psychopy.visual.image.ImageStim'>, anchor=('center', 'center'), autoLog=True, color=array([1., 1., 1.]), colorSpace='rgb', contrast=1.0, depth=-10.0, flipHoriz=False, flipVert=False, image='default.png', interpolate=True, mask=None, maskParams=None, name='image_1_3', opacity=1.0, ori=0.0, pos=array([0., 0.]), size=array([0.5, 0.5]), texRes=128.0, units='height', win=Window(...))
52.4606 	EXP 	Created trial_fixation_1_4 = TextStim(__class__=<class 'psychopy.visual.text.TextStim'>, alignHoriz=method-wrapper(...), alignText='center', alignVert=method-wrapper(...), anchorHoriz='center', anchorVert='center', antialias=True, autoDraw=False, autoLog=True, bold=False, color=array([1., 1., 1.]), colorSpace='rgb', contrast=1.0, depth=-12.0, flipHoriz=False, flipVert=False, font='Open Sans', fontFiles=[], height=0.15, italic=False, languageStyle='LTR', name='trial_fixation_1_4', opacity=1.0, ori=0.0, pos=array([0., 0.]), rgb=UNKNOWN, text='+', units='height', win=Window(...), wrapWidth=1)
52.4719 	EXP 	Created image_1_4 = ImageStim(__class__=<class 'psychopy.visual.image.ImageStim'>, anchor=('center', 'center'), autoLog=True, color=array([1., 1., 1.]), colorSpace='rgb', contrast=1.0, depth=-13.0, flipHoriz=False, flipVert=False, image='default.png', interpolate=True, mask=None, maskParams=None, name='image_1_4', opacity=1.0, ori=0.0, pos=array([0., 0.]), size=array([0.5, 0.5]), texRes=128.0, units='height', win=Window(...))
52.4741 	EXP 	Created trial_fixation_1_5 = TextStim(__class__=<class 'psychopy.visual.text.TextStim'>, alignHoriz=method-wrapper(...), alignText='center', alignVert=method-wrapper(...), anchorHoriz='center', anchorVert='center', antialias=True, autoDraw=False, autoLog=True, bold=False, color=array([1., 1., 1.]), colorSpace='rgb', contrast=1.0, depth=-15.0, flipHoriz=False, flipVert=False, font='Open Sans', fontFiles=[], height=0.15, italic=False, languageStyle='LTR', name='trial_fixation_1_5', opacity=1.0, ori=0.0, pos=array([0., 0.]), rgb=UNKNOWN, text='+', units='height', win=Window(...), wrapWidth=1)
52.4842 	EXP 	Created image_1_5 = ImageStim(__class__=<class 'psychopy.visual.image.ImageStim'>, anchor=('center', 'center'), autoLog=True, color=array([1., 1., 1.]), colorSpace='rgb', contrast=1.0, depth=-16.0, flipHoriz=False, flipVert=False, image='default.png', interpolate=True, mask=None, maskParams=None, name='image_1_5', opacity=1.0, ori=0.0, pos=array([0., 0.]), size=array([0.5, 0.5]), texRes=128.0, units='height', win=Window(...))
52.4862 	EXP 	Created trial_fixation_1_6 = TextStim(__class__=<class 'psychopy.visual.text.TextStim'>, alignHoriz=method-wrapper(...), alignText='center', alignVert=method-wrapper(...), anchorHoriz='center', anchorVert='center', antialias=True, autoDraw=False, autoLog=True, bold=False, color=array([1., 1., 1.]), colorSpace='rgb', contrast=1.0, depth=-18.0, flipHoriz=False, flipVert=False, font='Open Sans', fontFiles=[], height=0.15, italic=False, languageStyle='LTR', name='trial_fixation_1_6', opacity=1.0, ori=0.0, pos=array([0., 0.]), rgb=UNKNOWN, text='+', units='height', win=Window(...), wrapWidth=1)
52.4960 	EXP 	Created image_1_6 = ImageStim(__class__=<class 'psychopy.visual.image.ImageStim'>, anchor=('center', 'center'), autoLog=True, color=array([1., 1., 1.]), colorSpace='rgb', contrast=1.0, depth=-19.0, flipHoriz=False, flipVert=False, image='default.png', interpolate=True, mask=None, maskParams=None, name='image_1_6', opacity=1.0, ori=0.0, pos=array([0., 0.]), size=array([0.5, 0.5]), texRes=128.0, units='height', win=Window(...))
52.4980 	EXP 	Created trial_fixation_1_7 = TextStim(__class__=<class 'psychopy.visual.text.TextStim'>, alignHoriz=method-wrapper(...), alignText='center', alignVert=method-wrapper(...), anchorHoriz='center', anchorVert='center', antialias=True, autoDraw=False, autoLog=True, bold=False, color=array([1., 1., 1.]), colorSpace='rgb', contrast=1.0, depth=-21.0, flipHoriz=False, flipVert=False, font='Open Sans', fontFiles=[], height=0.15, italic=False, languageStyle='LTR', name='trial_fixation_1_7', opacity=1.0, ori=0.0, pos=array([0., 0.]), rgb=UNKNOWN, text='+', units='height', win=Window(...), wrapWidth=1)
52.5087 	EXP 	Created image_1_7 = ImageStim(__class__=<class 'psychopy.visual.image.ImageStim'>, anchor=('center', 'center'), autoLog=True, color=array([1., 1., 1.]), colorSpace='rgb', contrast=1.0, depth=-22.0, flipHoriz=False, flipVert=False, image='default.png', interpolate=True, mask=None, maskParams=None, name='image_1_7', opacity=1.0, ori=0.0, pos=array([0., 0.]), size=array([0.5, 0.5]), texRes=128.0, units='height', win=Window(...))
52.5108 	EXP 	Created trial_fixation_1_8 = TextStim(__class__=<class 'psychopy.visual.text.TextStim'>, alignHoriz=method-wrapper(...), alignText='center', alignVert=method-wrapper(...), anchorHoriz='center', anchorVert='center', antialias=True, autoDraw=False, autoLog=True, bold=False, color=array([1., 1., 1.]), colorSpace='rgb', contrast=1.0, depth=-24.0, flipHoriz=False, flipVert=False, font='Open Sans', fontFiles=[], height=0.15, italic=False, languageStyle='LTR', name='trial_fixation_1_8', opacity=1.0, ori=0.0, pos=array([0., 0.]), rgb=UNKNOWN, text='+', units='height', win=Window(...), wrapWidth=1)
52.5211 	EXP 	Created image_1_8 = ImageStim(__class__=<class 'psychopy.visual.image.ImageStim'>, anchor=('center', 'center'), autoLog=True, color=array([1., 1., 1.]), colorSpace='rgb', contrast=1.0, depth=-25.0, flipHoriz=False, flipVert=False, image='default.png', interpolate=True, mask=None, maskParams=None, name='image_1_8', opacity=1.0, ori=0.0, pos=array([0., 0.]), size=array([0.5, 0.5]), texRes=128.0, units='height', win=Window(...))
52.5232 	EXP 	Created trial_fixation_1_9 = TextStim(__class__=<class 'psychopy.visual.text.TextStim'>, alignHoriz=method-wrapper(...), alignText='center', alignVert=method-wrapper(...), anchorHoriz='center', anchorVert='center', antialias=True, autoDraw=False, autoLog=True, bold=False, color=array([1., 1., 1.]), colorSpace='rgb', contrast=1.0, depth=-27.0, flipHoriz=False, flipVert=False, font='Open Sans', fontFiles=[], height=0.15, italic=False, languageStyle='LTR', name='trial_fixation_1_9', opacity=1.0, ori=0.0, pos=array([0., 0.]), rgb=UNKNOWN, text='+', units='height', win=Window(...), wrapWidth=1)
52.5337 	EXP 	Created image_1_9 = ImageStim(__class__=<class 'psychopy.visual.image.ImageStim'>, anchor=('center', 'center'), autoLog=True, color=array([1., 1., 1.]), colorSpace='rgb', contrast=1.0, depth=-28.0, flipHoriz=False, flipVert=False, image='default.png', interpolate=True, mask=None, maskParams=None, name='image_1_9', opacity=1.0, ori=0.0, pos=array([0., 0.]), size=array([0.5, 0.5]), texRes=128.0, units='height', win=Window(...))
52.5358 	EXP 	Created trial_fixation_1_10 = TextStim(__class__=<class 'psychopy.visual.text.TextStim'>, alignHoriz=method-wrapper(...), alignText='center', alignVert=method-wrapper(...), anchorHoriz='center', anchorVert='center', antialias=True, autoDraw=False, autoLog=True, bold=False, color=array([1., 1., 1.]), colorSpace='rgb', contrast=1.0, depth=-30.0, flipHoriz=False, flipVert=False, font='Open Sans', fontFiles=[], height=0.15, italic=False, languageStyle='LTR', name='trial_fixation_1_10', opacity=1.0, ori=0.0, pos=array([0., 0.]), rgb=UNKNOWN, text='+', units='height', win=Window(...), wrapWidth=1)
52.5460 	EXP 	Created image_1_10 = ImageStim(__class__=<class 'psychopy.visual.image.ImageStim'>, anchor=('center', 'center'), autoLog=True, color=array([1., 1., 1.]), colorSpace='rgb', contrast=1.0, depth=-31.0, flipHoriz=False, flipVert=False, image='default.png', interpolate=True, mask=None, maskParams=None, name='image_1_10', opacity=1.0, ori=0.0, pos=array([0., 0.]), size=array([0.5, 0.5]), texRes=128.0, units='height', win=Window(...))
52.5470 	EXP 	Created prep_instr_2 = TextStim(__class__=<class 'psychopy.visual.text.TextStim'>, alignHoriz=method-wrapper(...), alignText='center', alignVert=method-wrapper(...), anchorHoriz='center', anchorVert='center', antialias=True, autoDraw=False, autoLog=True, bold=False, color=array([1., 1., 1.]), colorSpace='rgb', contrast=1.0, depth=-1.0, flipHoriz=False, flipVert=False, font='Songti SC', fontFiles=[], height=0.1, italic=False, languageStyle='LTR', name='prep_instr_2', opacity=1.0, ori=0.0, pos=array([0., 0.]), rgb=UNKNOWN, text='', units='height', win=Window(...), wrapWidth=1)
52.5580 	EXP 	Created target_2 = ImageStim(__class__=<class 'psychopy.visual.image.ImageStim'>, anchor=('center', 'center'), autoLog=True, color=array([1., 1., 1.]), colorSpace='rgb', contrast=1.0, depth=-2.0, flipHoriz=False, flipVert=False, image='default.png', interpolate=True, mask=None, maskParams=None, name='target_2', opacity=1.0, ori=0.0, pos=array([0., 0.]), size=array([0.5, 0.5]), texRes=128.0, units='height', win=Window(...))
52.5602 	EXP 	Created trial_fixation_2_1 = TextStim(__class__=<class 'psychopy.visual.text.TextStim'>, alignHoriz=method-wrapper(...), alignText='center', alignVert=method-wrapper(...), anchorHoriz='center', anchorVert='center', antialias=True, autoDraw=False, autoLog=True, bold=False, color=array([1., 1., 1.]), colorSpace='rgb', contrast=1.0, depth=-3.0, flipHoriz=False, flipVert=False, font='Open Sans', fontFiles=[], height=0.15, italic=False, languageStyle='LTR', name='trial_fixation_2_1', opacity=1.0, ori=0.0, pos=array([0., 0.]), rgb=UNKNOWN, text='+', units='height', win=Window(...), wrapWidth=1)
52.5711 	EXP 	Created image_2_1 = ImageStim(__class__=<class 'psychopy.visual.image.ImageStim'>, anchor=('center', 'center'), autoLog=True, color=array([1., 1., 1.]), colorSpace='rgb', contrast=1.0, depth=-4.0, flipHoriz=False, flipVert=False, image='default.png', interpolate=True, mask=None, maskParams=None, name='image_2_1', opacity=1.0, ori=0.0, pos=array([0., 0.]), size=array([0.5, 0.5]), texRes=128.0, units='height', win=Window(...))
52.5732 	EXP 	Created trial_fixation_2_2 = TextStim(__class__=<class 'psychopy.visual.text.TextStim'>, alignHoriz=method-wrapper(...), alignText='center', alignVert=method-wrapper(...), anchorHoriz='center', anchorVert='center', antialias=True, autoDraw=False, autoLog=True, bold=False, color=array([1., 1., 1.]), colorSpace='rgb', contrast=1.0, depth=-6.0, flipHoriz=False, flipVert=False, font='Open Sans', fontFiles=[], height=0.15, italic=False, languageStyle='LTR', name='trial_fixation_2_2', opacity=1.0, ori=0.0, pos=array([0., 0.]), rgb=UNKNOWN, text='+', units='height', win=Window(...), wrapWidth=1)
52.5848 	EXP 	Created image_2_2 = ImageStim(__class__=<class 'psychopy.visual.image.ImageStim'>, anchor=('center', 'center'), autoLog=True, color=array([1., 1., 1.]), colorSpace='rgb', contrast=1.0, depth=-7.0, flipHoriz=False, flipVert=False, image='default.png', interpolate=True, mask=None, maskParams=None, name='image_2_2', opacity=1.0, ori=0.0, pos=array([0., 0.]), size=array([0.5, 0.5]), texRes=128.0, units='height', win=Window(...))
52.5869 	EXP 	Created trial_fixation_2_3 = TextStim(__class__=<class 'psychopy.visual.text.TextStim'>, alignHoriz=method-wrapper(...), alignText='center', alignVert=method-wrapper(...), anchorHoriz='center', anchorVert='center', antialias=True, autoDraw=False, autoLog=True, bold=False, color=array([1., 1., 1.]), colorSpace='rgb', contrast=1.0, depth=-9.0, flipHoriz=False, flipVert=False, font='Open Sans', fontFiles=[], height=0.15, italic=False, languageStyle='LTR', name='trial_fixation_2_3', opacity=1.0, ori=0.0, pos=array([0., 0.]), rgb=UNKNOWN, text='+', units='height', win=Window(...), wrapWidth=1)
52.5980 	EXP 	Created image_2_3 = ImageStim(__class__=<class 'psychopy.visual.image.ImageStim'>, anchor=('center', 'center'), autoLog=True, color=array([1., 1., 1.]), colorSpace='rgb', contrast=1.0, depth=-10.0, flipHoriz=False, flipVert=False, image='default.png', interpolate=True, mask=None, maskParams=None, name='image_2_3', opacity=1.0, ori=0.0, pos=array([0., 0.]), size=array([0.5, 0.5]), texRes=128.0, units='height', win=Window(...))
52.6003 	EXP 	Created trial_fixation_2_4 = TextStim(__class__=<class 'psychopy.visual.text.TextStim'>, alignHoriz=method-wrapper(...), alignText='center', alignVert=method-wrapper(...), anchorHoriz='center', anchorVert='center', antialias=True, autoDraw=False, autoLog=True, bold=False, color=array([1., 1., 1.]), colorSpace='rgb', contrast=1.0, depth=-12.0, flipHoriz=False, flipVert=False, font='Open Sans', fontFiles=[], height=0.15, italic=False, languageStyle='LTR', name='trial_fixation_2_4', opacity=1.0, ori=0.0, pos=array([0., 0.]), rgb=UNKNOWN, text='+', units='height', win=Window(...), wrapWidth=1)
52.6114 	EXP 	Created image_2_4 = ImageStim(__class__=<class 'psychopy.visual.image.ImageStim'>, anchor=('center', 'center'), autoLog=True, color=array([1., 1., 1.]), colorSpace='rgb', contrast=1.0, depth=-13.0, flipHoriz=False, flipVert=False, image='default.png', interpolate=True, mask=None, maskParams=None, name='image_2_4', opacity=1.0, ori=0.0, pos=array([0., 0.]), size=array([0.5, 0.5]), texRes=128.0, units='height', win=Window(...))
52.6136 	EXP 	Created trial_fixation_2_5 = TextStim(__class__=<class 'psychopy.visual.text.TextStim'>, alignHoriz=method-wrapper(...), alignText='center', alignVert=method-wrapper(...), anchorHoriz='center', anchorVert='center', antialias=True, autoDraw=False, autoLog=True, bold=False, color=array([1., 1., 1.]), colorSpace='rgb', contrast=1.0, depth=-15.0, flipHoriz=False, flipVert=False, font='Open Sans', fontFiles=[], height=0.15, italic=False, languageStyle='LTR', name='trial_fixation_2_5', opacity=1.0, ori=0.0, pos=array([0., 0.]), rgb=UNKNOWN, text='+', units='height', win=Window(...), wrapWidth=1)
52.6249 	EXP 	Created image_2_5 = ImageStim(__class__=<class 'psychopy.visual.image.ImageStim'>, anchor=('center', 'center'), autoLog=True, color=array([1., 1., 1.]), colorSpace='rgb', contrast=1.0, depth=-16.0, flipHoriz=False, flipVert=False, image='default.png', interpolate=True, mask=None, maskParams=None, name='image_2_5', opacity=1.0, ori=0.0, pos=array([0., 0.]), size=array([0.5, 0.5]), texRes=128.0, units='height', win=Window(...))
52.6271 	EXP 	Created trial_fixation_2_6 = TextStim(__class__=<class 'psychopy.visual.text.TextStim'>, alignHoriz=method-wrapper(...), alignText='center', alignVert=method-wrapper(...), anchorHoriz='center', anchorVert='center', antialias=True, autoDraw=False, autoLog=True, bold=False, color=array([1., 1., 1.]), colorSpace='rgb', contrast=1.0, depth=-18.0, flipHoriz=False, flipVert=False, font='Open Sans', fontFiles=[], height=0.15, italic=False, languageStyle='LTR', name='trial_fixation_2_6', opacity=1.0, ori=0.0, pos=array([0., 0.]), rgb=UNKNOWN, text='+', units='height', win=Window(...), wrapWidth=1)
52.6385 	EXP 	Created image_2_6 = ImageStim(__class__=<class 'psychopy.visual.image.ImageStim'>, anchor=('center', 'center'), autoLog=True, color=array([1., 1., 1.]), colorSpace='rgb', contrast=1.0, depth=-19.0, flipHoriz=False, flipVert=False, image='default.png', interpolate=True, mask=None, maskParams=None, name='image_2_6', opacity=1.0, ori=0.0, pos=array([0., 0.]), size=array([0.5, 0.5]), texRes=128.0, units='height', win=Window(...))
52.6406 	EXP 	Created trial_fixation_2_7 = TextStim(__class__=<class 'psychopy.visual.text.TextStim'>, alignHoriz=method-wrapper(...), alignText='center', alignVert=method-wrapper(...), anchorHoriz='center', anchorVert='center', antialias=True, autoDraw=False, autoLog=True, bold=False, color=array([1., 1., 1.]), colorSpace='rgb', contrast=1.0, depth=-21.0, flipHoriz=False, flipVert=False, font='Open Sans', fontFiles=[], height=0.15, italic=False, languageStyle='LTR', name='trial_fixation_2_7', opacity=1.0, ori=0.0, pos=array([0., 0.]), rgb=UNKNOWN, text='+', units='height', win=Window(...), wrapWidth=1)
52.6530 	EXP 	Created image_2_7 = ImageStim(__class__=<class 'psychopy.visual.image.ImageStim'>, anchor=('center', 'center'), autoLog=True, color=array([1., 1., 1.]), colorSpace='rgb', contrast=1.0, depth=-22.0, flipHoriz=False, flipVert=False, image='default.png', interpolate=True, mask=None, maskParams=None, name='image_2_7', opacity=1.0, ori=0.0, pos=array([0., 0.]), size=array([0.5, 0.5]), texRes=128.0, units='height', win=Window(...))
52.6552 	EXP 	Created trial_fixation_2_8 = TextStim(__class__=<class 'psychopy.visual.text.TextStim'>, alignHoriz=method-wrapper(...), alignText='center', alignVert=method-wrapper(...), anchorHoriz='center', anchorVert='center', antialias=True, autoDraw=False, autoLog=True, bold=False, color=array([1., 1., 1.]), colorSpace='rgb', contrast=1.0, depth=-24.0, flipHoriz=False, flipVert=False, font='Open Sans', fontFiles=[], height=0.15, italic=False, languageStyle='LTR', name='trial_fixation_2_8', opacity=1.0, ori=0.0, pos=array([0., 0.]), rgb=UNKNOWN, text='+', units='height', win=Window(...), wrapWidth=1)
52.6672 	EXP 	Created image_2_8 = ImageStim(__class__=<class 'psychopy.visual.image.ImageStim'>, anchor=('center', 'center'), autoLog=True, color=array([1., 1., 1.]), colorSpace='rgb', contrast=1.0, depth=-25.0, flipHoriz=False, flipVert=False, image='default.png', interpolate=True, mask=None, maskParams=None, name='image_2_8', opacity=1.0, ori=0.0, pos=array([0., 0.]), size=array([0.5, 0.5]), texRes=128.0, units='height', win=Window(...))
52.6694 	EXP 	Created trial_fixation_2_9 = TextStim(__class__=<class 'psychopy.visual.text.TextStim'>, alignHoriz=method-wrapper(...), alignText='center', alignVert=method-wrapper(...), anchorHoriz='center', anchorVert='center', antialias=True, autoDraw=False, autoLog=True, bold=False, color=array([1., 1., 1.]), colorSpace='rgb', contrast=1.0, depth=-27.0, flipHoriz=False, flipVert=False, font='Open Sans', fontFiles=[], height=0.15, italic=False, languageStyle='LTR', name='trial_fixation_2_9', opacity=1.0, ori=0.0, pos=array([0., 0.]), rgb=UNKNOWN, text='+', units='height', win=Window(...), wrapWidth=1)
52.6803 	EXP 	Created image_2_9 = ImageStim(__class__=<class 'psychopy.visual.image.ImageStim'>, anchor=('center', 'center'), autoLog=True, color=array([1., 1., 1.]), colorSpace='rgb', contrast=1.0, depth=-28.0, flipHoriz=False, flipVert=False, image='default.png', interpolate=True, mask=None, maskParams=None, name='image_2_9', opacity=1.0, ori=0.0, pos=array([0., 0.]), size=array([0.5, 0.5]), texRes=128.0, units='height', win=Window(...))
52.6825 	EXP 	Created trial_fixation_2_10 = TextStim(__class__=<class 'psychopy.visual.text.TextStim'>, alignHoriz=method-wrapper(...), alignText='center', alignVert=method-wrapper(...), anchorHoriz='center', anchorVert='center', antialias=True, autoDraw=False, autoLog=True, bold=False, color=array([1., 1., 1.]), colorSpace='rgb', contrast=1.0, depth=-30.0, flipHoriz=False, flipVert=False, font='Open Sans', fontFiles=[], height=0.15, italic=False, languageStyle='LTR', name='trial_fixation_2_10', opacity=1.0, ori=0.0, pos=array([0., 0.]), rgb=UNKNOWN, text='+', units='height', win=Window(...), wrapWidth=1)
52.6942 	EXP 	Created image_2_10 = ImageStim(__class__=<class 'psychopy.visual.image.ImageStim'>, anchor=('center', 'center'), autoLog=True, color=array([1., 1., 1.]), colorSpace='rgb', contrast=1.0, depth=-31.0, flipHoriz=False, flipVert=False, image='default.png', interpolate=True, mask=None, maskParams=None, name='image_2_10', opacity=1.0, ori=0.0, pos=array([0., 0.]), size=array([0.5, 0.5]), texRes=128.0, units='height', win=Window(...))
52.7113 	EXP 	Created rest_txt = TextStim(__class__=<class 'psychopy.visual.text.TextStim'>, alignHoriz=method-wrapper(...), alignText='center', alignVert=method-wrapper(...), anchorHoriz='center', anchorVert='center', antialias=True, autoDraw=False, autoLog=True, bold=False, color=array([1., 1., 1.]), colorSpace='rgb', contrast=1.0, depth=0.0, flipHoriz=False, flipVert=False, font='Songti SC', fontFiles=[], height=0.1, italic=False, languageStyle='LTR', name='rest_txt', opacity=1.0, ori=0.0, pos=array([0., 0.]), rgb=UNKNOWN, text='保持靜止', units='height', win=Window(...), wrapWidth=1)
52.7163 	EXP 	Created end_txt = TextStim(__class__=<class 'psychopy.visual.text.TextStim'>, alignHoriz=method-wrapper(...), alignText='center', alignVert=method-wrapper(...), anchorHoriz='center', anchorVert='center', antialias=True, autoDraw=False, autoLog=True, bold=False, color=array([1., 1., 1.]), colorSpace='rgb', contrast=1.0, depth=0.0, flipHoriz=False, flipVert=False, font='Songti SC', fontFiles=[], height=0.05, italic=False, languageStyle='LTR', name='end_txt', opacity=1.0, ori=0.0, pos=array([0., 0.]), rgb=UNKNOWN, text='實驗完成', units='height', win=Window(...), wrapWidth=1)
52.7236 	EXP 	trigger_txt: autoDraw = True
53.6870 	DATA 	Keypress: s
53.7011 	EXP 	trigger_txt: autoDraw = False
53.7011 	EXP 	instr_txt: autoDraw = True
54.9427 	EXP 	Created sequence: sequential, trialTypes=1, nReps=8, seed=None
54.9429 	EXP 	New trial (rep=0, index=0): None
55.0571 	DATA 	Keypress: 1
55.0603 	EXP 	instr_txt: autoDraw = False
55.0603 	EXP 	prep_instr_1: height = 0.1
55.0603 	EXP 	prep_instr_1: height = 0.1
55.0603 	EXP 	prep_instr_1: height = 0.1
55.0603 	EXP 	prep_instr_1: text = '目標'
55.0603 	EXP 	target_1: image = 'nback_stimuli/BP_074_BODY_13_BA.png'
55.0603 	EXP 	image_1_1: image = 'nback_stimuli/BP_078_BODY_17_BA.png'
55.0603 	EXP 	image_1_2: image = 'nback_stimuli/BP_074_BODY_13_BA.png'
55.0603 	EXP 	image_1_3: image = 'nback_stimuli/BP_075_BODY_14_BA.png'
55.0603 	EXP 	image_1_4: image = 'nback_stimuli/BP_076_BODY_15_BA.png'
55.0603 	EXP 	image_1_5: image = 'nback_stimuli/BP_078_BODY_17_BA.png'
55.0603 	EXP 	image_1_6: image = 'nback_stimuli/BP_079_BODY_18_BA.png'
55.0603 	EXP 	image_1_7: image = 'nback_stimuli/BP_079_BODY_18_BA.png'
55.0603 	EXP 	image_1_8: image = 'nback_stimuli/BP_077_BODY_16_BA.png'
55.0603 	EXP 	image_1_9: image = 'nback_stimuli/BP_074_BODY_13_BA.png'
55.0603 	EXP 	image_1_10: image = 'nback_stimuli/BP_075_BODY_14_BA.png'
55.0603 	EXP 	prep_instr_1: autoDraw = True
55.0603 	EXP 	target_1: autoDraw = True
57.5333 	EXP 	prep_instr_1: autoDraw = False
57.5333 	EXP 	target_1: autoDraw = False
57.5333 	EXP 	trial_fixation_1_1: autoDraw = True
58.0337 	EXP 	trial_fixation_1_1: autoDraw = False
58.0337 	EXP 	image_1_1: autoDraw = True
58.5013 	DATA 	Keypress: 2
60.0327 	EXP 	image_1_1: autoDraw = False
60.0327 	EXP 	trial_fixation_1_2: autoDraw = True
60.5332 	EXP 	trial_fixation_1_2: autoDraw = False
60.5332 	EXP 	image_1_2: autoDraw = True
61.0840 	DATA 	Keypress: 1
62.5323 	EXP 	image_1_2: autoDraw = False
62.5323 	EXP 	trial_fixation_1_3: autoDraw = True
63.0324 	EXP 	trial_fixation_1_3: autoDraw = False
63.0324 	EXP 	image_1_3: autoDraw = True
63.8498 	DATA 	Keypress: 2
65.0318 	EXP 	image_1_3: autoDraw = False
65.0318 	EXP 	trial_fixation_1_4: autoDraw = True
65.5316 	EXP 	trial_fixation_1_4: autoDraw = False
65.5316 	EXP 	image_1_4: autoDraw = True
65.9666 	DATA 	Keypress: 2
67.5313 	EXP 	image_1_4: autoDraw = False
67.5313 	EXP 	trial_fixation_1_5: autoDraw = True
68.0313 	EXP 	trial_fixation_1_5: autoDraw = False
68.0313 	EXP 	image_1_5: autoDraw = True
68.4155 	DATA 	Keypress: 2
70.0305 	EXP 	image_1_5: autoDraw = False
70.0305 	EXP 	trial_fixation_1_6: autoDraw = True
70.5303 	EXP 	trial_fixation_1_6: autoDraw = False
70.5303 	EXP 	image_1_6: autoDraw = True
71.0650 	DATA 	Keypress: 2
72.5297 	EXP 	image_1_6: autoDraw = False
72.5297 	EXP 	trial_fixation_1_7: autoDraw = True
73.0303 	EXP 	trial_fixation_1_7: autoDraw = False
73.0303 	EXP 	image_1_7: autoDraw = True
73.4478 	DATA 	Keypress: 2
75.0292 	EXP 	image_1_7: autoDraw = False
75.0292 	EXP 	trial_fixation_1_8: autoDraw = True
75.5291 	EXP 	trial_fixation_1_8: autoDraw = False
75.5291 	EXP 	image_1_8: autoDraw = True
76.0306 	DATA 	Keypress: 2
77.5285 	EXP 	image_1_8: autoDraw = False
77.5285 	EXP 	trial_fixation_1_9: autoDraw = True
78.0285 	EXP 	trial_fixation_1_9: autoDraw = False
78.0285 	EXP 	image_1_9: autoDraw = True
78.4797 	DATA 	Keypress: 2
80.0280 	EXP 	image_1_9: autoDraw = False
80.0280 	EXP 	trial_fixation_1_10: autoDraw = True
80.5282 	EXP 	trial_fixation_1_10: autoDraw = False
80.5282 	EXP 	image_1_10: autoDraw = True
81.0460 	DATA 	Keypress: 2
82.5881 	EXP 	image_1_10: autoDraw = False
82.5881 	EXP 	prep_instr_1: autoDraw = False
82.5881 	EXP 	target_1: autoDraw = False
82.5881 	EXP 	trial_fixation_1_1: autoDraw = False
82.5881 	EXP 	image_1_1: autoDraw = False
82.5881 	EXP 	trial_fixation_1_2: autoDraw = False
82.5881 	EXP 	image_1_2: autoDraw = False
82.5881 	EXP 	trial_fixation_1_3: autoDraw = False
82.5881 	EXP 	image_1_3: autoDraw = False
82.5881 	EXP 	trial_fixation_1_4: autoDraw = False
82.5881 	EXP 	image_1_4: autoDraw = False
82.5881 	EXP 	trial_fixation_1_5: autoDraw = False
82.5881 	EXP 	image_1_5: autoDraw = False
82.5881 	EXP 	trial_fixation_1_6: autoDraw = False
82.5881 	EXP 	image_1_6: autoDraw = False
82.5881 	EXP 	trial_fixation_1_7: autoDraw = False
82.5881 	EXP 	image_1_7: autoDraw = False
82.5881 	EXP 	trial_fixation_1_8: autoDraw = False
82.5881 	EXP 	image_1_8: autoDraw = False
82.5881 	EXP 	trial_fixation_1_9: autoDraw = False
82.5881 	EXP 	image_1_9: autoDraw = False
82.5881 	EXP 	trial_fixation_1_10: autoDraw = False
82.5881 	EXP 	image_1_10: autoDraw = False
82.5881 	EXP 	prep_instr_2: height = 0.1
82.5881 	EXP 	prep_instr_2: height = 0.1
82.5881 	EXP 	prep_instr_2: height = 0.1
82.5881 	EXP 	prep_instr_2: text = '兩項之前'
82.5881 	EXP 	target_2: image = 'nback_stimuli/PL_081_O10.1.png'
82.5881 	EXP 	image_2_1: image = 'nback_stimuli/PL_081_O10.1.png'
82.5881 	EXP 	image_2_2: image = 'nback_stimuli/PL_081_O10.1.png'
82.5881 	EXP 	image_2_3: image = 'nback_stimuli/PL_082_O11.1.png'
82.5881 	EXP 	image_2_4: image = 'nback_stimuli/PL_077_P70.1.png'
82.5881 	EXP 	image_2_5: image = 'nback_stimuli/PL_082_O11.1.png'
82.5881 	EXP 	image_2_6: image = 'nback_stimuli/PL_078_P71.1.png'
82.5881 	EXP 	image_2_7: image = 'nback_stimuli/PL_079_P72.1.png'
82.5881 	EXP 	image_2_8: image = 'nback_stimuli/PL_077_P70.1.png'
82.5881 	EXP 	image_2_9: image = 'nback_stimuli/PL_079_P72.1.png'
82.5881 	EXP 	image_2_10: image = 'nback_stimuli/PL_080_O1.1.png'
82.5881 	EXP 	prep_instr_2: autoDraw = True
82.5881 	EXP 	target_2: autoDraw = True
85.0599 	EXP 	prep_instr_2: autoDraw = False
85.0599 	EXP 	target_2: autoDraw = False
85.0599 	EXP 	trial_fixation_2_1: autoDraw = True
85.5605 	EXP 	trial_fixation_2_1: autoDraw = False
85.5605 	EXP 	image_2_1: autoDraw = True
86.2280 	DATA 	Keypress: 2
87.5593 	EXP 	image_2_1: autoDraw = False
87.5593 	EXP 	trial_fixation_2_2: autoDraw = True
88.0597 	EXP 	trial_fixation_2_2: autoDraw = False
88.0597 	EXP 	image_2_2: autoDraw = True
88.7772 	DATA 	Keypress: 2
90.0585 	EXP 	image_2_2: autoDraw = False
90.0585 	EXP 	trial_fixation_2_3: autoDraw = True
90.5590 	EXP 	trial_fixation_2_3: autoDraw = False
90.5590 	EXP 	image_2_3: autoDraw = True
91.1437 	DATA 	Keypress: 1
92.5582 	EXP 	image_2_3: autoDraw = False
92.5582 	EXP 	trial_fixation_2_4: autoDraw = True
93.0583 	EXP 	trial_fixation_2_4: autoDraw = False
93.0583 	EXP 	image_2_4: autoDraw = True
93.5594 	DATA 	Keypress: 2
95.0573 	EXP 	image_2_4: autoDraw = False
95.0573 	EXP 	trial_fixation_2_5: autoDraw = True
95.5575 	EXP 	trial_fixation_2_5: autoDraw = False
95.5575 	EXP 	image_2_5: autoDraw = True
96.0757 	DATA 	Keypress: 2
97.5571 	EXP 	image_2_5: autoDraw = False
97.5571 	EXP 	trial_fixation_2_6: autoDraw = True
98.0569 	EXP 	trial_fixation_2_6: autoDraw = False
98.0569 	EXP 	image_2_6: autoDraw = True
98.5747 	DATA 	Keypress: 2
100.0561 	EXP 	image_2_6: autoDraw = False
100.0561 	EXP 	trial_fixation_2_7: autoDraw = True
100.5568 	EXP 	trial_fixation_2_7: autoDraw = False
100.5568 	EXP 	image_2_7: autoDraw = True
102.5555 	EXP 	image_2_7: autoDraw = False
102.5555 	EXP 	trial_fixation_2_8: autoDraw = True
103.0561 	EXP 	trial_fixation_2_8: autoDraw = False
103.0561 	EXP 	image_2_8: autoDraw = True
103.4905 	DATA 	Keypress: 2
105.0553 	EXP 	image_2_8: autoDraw = False
105.0553 	EXP 	trial_fixation_2_9: autoDraw = True
105.5552 	EXP 	trial_fixation_2_9: autoDraw = False
105.5552 	EXP 	image_2_9: autoDraw = True
105.9398 	DATA 	Keypress: 2
107.5546 	EXP 	image_2_9: autoDraw = False
107.5546 	EXP 	trial_fixation_2_10: autoDraw = True
108.0544 	EXP 	trial_fixation_2_10: autoDraw = False
108.0544 	EXP 	image_2_10: autoDraw = True
110.0537 	EXP 	image_2_10: autoDraw = False
110.0537 	EXP 	prep_instr_2: autoDraw = False
110.0537 	EXP 	target_2: autoDraw = False
110.0537 	EXP 	trial_fixation_2_1: autoDraw = False
110.0537 	EXP 	image_2_1: autoDraw = False
110.0537 	EXP 	trial_fixation_2_2: autoDraw = False
110.0537 	EXP 	image_2_2: autoDraw = False
110.0537 	EXP 	trial_fixation_2_3: autoDraw = False
110.0537 	EXP 	image_2_3: autoDraw = False
110.0537 	EXP 	trial_fixation_2_4: autoDraw = False
110.0537 	EXP 	image_2_4: autoDraw = False
110.0537 	EXP 	trial_fixation_2_5: autoDraw = False
110.0537 	EXP 	image_2_5: autoDraw = False
110.0537 	EXP 	trial_fixation_2_6: autoDraw = False
110.0537 	EXP 	image_2_6: autoDraw = False
110.0537 	EXP 	trial_fixation_2_7: autoDraw = False
110.0537 	EXP 	image_2_7: autoDraw = False
110.0537 	EXP 	trial_fixation_2_8: autoDraw = False
110.0537 	EXP 	image_2_8: autoDraw = False
110.0537 	EXP 	trial_fixation_2_9: autoDraw = False
110.0537 	EXP 	image_2_9: autoDraw = False
110.0537 	EXP 	trial_fixation_2_10: autoDraw = False
110.0537 	EXP 	image_2_10: autoDraw = False
110.0537 	EXP 	rest_txt: autoDraw = True
125.0507 	EXP 	New trial (rep=1, index=0): None
125.1217 	EXP 	rest_txt: autoDraw = False
125.1217 	EXP 	rest_txt: autoDraw = False
125.1217 	EXP 	prep_instr_1: height = 0.1
125.1217 	EXP 	prep_instr_1: height = 0.1
125.1217 	EXP 	prep_instr_1: height = 0.1
125.1217 	EXP 	prep_instr_1: text = '兩項之前'
125.1217 	EXP 	target_1: image = 'nback_stimuli/BP_080_BODY_19_BA.png'
125.1217 	EXP 	image_1_1: image = 'nback_stimuli/BP_080_BODY_19_BA.png'
125.1217 	EXP 	image_1_2: image = 'nback_stimuli/BP_084_BODY_23_BA.png'
125.1217 	EXP 	image_1_3: image = 'nback_stimuli/BP_080_BODY_19_BA.png'
125.1217 	EXP 	image_1_4: image = 'nback_stimuli/BP_085_BODY_24_BA.png'
125.1217 	EXP 	image_1_5: image = 'nback_stimuli/BP_085_BODY_24_BA.png'
125.1217 	EXP 	image_1_6: image = 'nback_stimuli/BP_084_BODY_23_BA.png'
125.1217 	EXP 	image_1_7: image = 'nback_stimuli/BP_082_BODY_21_BA.png'
125.1217 	EXP 	image_1_8: image = 'nback_stimuli/BP_081_BODY_20_BA.png'
125.1217 	EXP 	image_1_9: image = 'nback_stimuli/BP_083_BODY_22_BA.png'
125.1217 	EXP 	image_1_10: image = 'nback_stimuli/BP_081_BODY_20_BA.png'
125.1217 	EXP 	prep_instr_1: autoDraw = True
125.1217 	EXP 	target_1: autoDraw = True
127.6013 	EXP 	prep_instr_1: autoDraw = False
127.6013 	EXP 	target_1: autoDraw = False
127.6013 	EXP 	trial_fixation_1_1: autoDraw = True
128.0995 	EXP 	trial_fixation_1_1: autoDraw = False
128.0995 	EXP 	image_1_1: autoDraw = True
128.5675 	DATA 	Keypress: 2
130.0990 	EXP 	image_1_1: autoDraw = False
130.0990 	EXP 	trial_fixation_1_2: autoDraw = True
130.5993 	EXP 	trial_fixation_1_2: autoDraw = False
130.5993 	EXP 	image_1_2: autoDraw = True
131.0669 	DATA 	Keypress: 2
132.5984 	EXP 	image_1_2: autoDraw = False
132.5984 	EXP 	trial_fixation_1_3: autoDraw = True
133.0987 	EXP 	trial_fixation_1_3: autoDraw = False
133.0987 	EXP 	image_1_3: autoDraw = True
133.8995 	DATA 	Keypress: 1
135.0975 	EXP 	image_1_3: autoDraw = False
135.0975 	EXP 	trial_fixation_1_4: autoDraw = True
135.5983 	EXP 	trial_fixation_1_4: autoDraw = False
135.5983 	EXP 	image_1_4: autoDraw = True
136.1156 	DATA 	Keypress: 2
137.5974 	EXP 	image_1_4: autoDraw = False
137.5974 	EXP 	trial_fixation_1_5: autoDraw = True
138.0975 	EXP 	trial_fixation_1_5: autoDraw = False
138.0975 	EXP 	image_1_5: autoDraw = True
138.5813 	DATA 	Keypress: 2
140.0967 	EXP 	image_1_5: autoDraw = False
140.0967 	EXP 	trial_fixation_1_6: autoDraw = True
140.5968 	EXP 	trial_fixation_1_6: autoDraw = False
140.5968 	EXP 	image_1_6: autoDraw = True
141.0813 	DATA 	Keypress: 2
142.5956 	EXP 	image_1_6: autoDraw = False
142.5956 	EXP 	trial_fixation_1_7: autoDraw = True
143.0958 	EXP 	trial_fixation_1_7: autoDraw = False
143.0958 	EXP 	image_1_7: autoDraw = True
143.5636 	DATA 	Keypress: 2
145.0954 	EXP 	image_1_7: autoDraw = False
145.0954 	EXP 	trial_fixation_1_8: autoDraw = True
145.5954 	EXP 	trial_fixation_1_8: autoDraw = False
145.5954 	EXP 	image_1_8: autoDraw = True
146.0637 	DATA 	Keypress: 2
147.5947 	EXP 	image_1_8: autoDraw = False
147.5947 	EXP 	trial_fixation_1_9: autoDraw = True
148.0946 	EXP 	trial_fixation_1_9: autoDraw = False
148.0946 	EXP 	image_1_9: autoDraw = True
149.0128 	DATA 	Keypress: 2
150.0940 	EXP 	image_1_9: autoDraw = False
150.0940 	EXP 	trial_fixation_1_10: autoDraw = True
150.5938 	EXP 	trial_fixation_1_10: autoDraw = False
150.5938 	EXP 	image_1_10: autoDraw = True
151.2949 	DATA 	Keypress: 1
152.6447 	EXP 	image_1_10: autoDraw = False
152.6447 	EXP 	prep_instr_1: autoDraw = False
152.6447 	EXP 	target_1: autoDraw = False
152.6447 	EXP 	trial_fixation_1_1: autoDraw = False
152.6447 	EXP 	image_1_1: autoDraw = False
152.6447 	EXP 	trial_fixation_1_2: autoDraw = False
152.6447 	EXP 	image_1_2: autoDraw = False
152.6447 	EXP 	trial_fixation_1_3: autoDraw = False
152.6447 	EXP 	image_1_3: autoDraw = False
152.6447 	EXP 	trial_fixation_1_4: autoDraw = False
152.6447 	EXP 	image_1_4: autoDraw = False
152.6447 	EXP 	trial_fixation_1_5: autoDraw = False
152.6447 	EXP 	image_1_5: autoDraw = False
152.6447 	EXP 	trial_fixation_1_6: autoDraw = False
152.6447 	EXP 	image_1_6: autoDraw = False
152.6447 	EXP 	trial_fixation_1_7: autoDraw = False
152.6447 	EXP 	image_1_7: autoDraw = False
152.6447 	EXP 	trial_fixation_1_8: autoDraw = False
152.6447 	EXP 	image_1_8: autoDraw = False
152.6447 	EXP 	trial_fixation_1_9: autoDraw = False
152.6447 	EXP 	image_1_9: autoDraw = False
152.6447 	EXP 	trial_fixation_1_10: autoDraw = False
152.6447 	EXP 	image_1_10: autoDraw = False
152.6447 	EXP 	prep_instr_2: height = 0.1
152.6447 	EXP 	prep_instr_2: height = 0.1
152.6447 	EXP 	prep_instr_2: height = 0.1
152.6447 	EXP 	prep_instr_2: text = '目標'
152.6447 	EXP 	target_2: image = 'nback_stimuli/PL_083_O12.1.png'
152.6447 	EXP 	image_2_1: image = 'nback_stimuli/PL_086_O37.1.png'
152.6447 	EXP 	image_2_2: image = 'nback_stimuli/PL_085_O3.1.png'
152.6447 	EXP 	image_2_3: image = 'nback_stimuli/PL_083_O12.1.png'
152.6447 	EXP 	image_2_4: image = 'nback_stimuli/PL_083_O12.1.png'
152.6447 	EXP 	image_2_5: image = 'nback_stimuli/PL_088_O42.1.png'
152.6447 	EXP 	image_2_6: image = 'nback_stimuli/PL_088_O42.1.png'
152.6447 	EXP 	image_2_7: image = 'nback_stimuli/PL_085_O3.1.png'
152.6447 	EXP 	image_2_8: image = 'nback_stimuli/PL_087_O38.1.png'
152.6447 	EXP 	image_2_9: image = 'nback_stimuli/PL_084_O2.1.png'
152.6447 	EXP 	image_2_10: image = 'nback_stimuli/PL_087_O38.1.png'
152.6447 	EXP 	prep_instr_2: autoDraw = True
152.6447 	EXP 	target_2: autoDraw = True
155.1261 	EXP 	prep_instr_2: autoDraw = False
155.1261 	EXP 	target_2: autoDraw = False
155.1261 	EXP 	trial_fixation_2_1: autoDraw = True
155.6277 	EXP 	trial_fixation_2_1: autoDraw = False
155.6277 	EXP 	image_2_1: autoDraw = True
157.6256 	EXP 	image_2_1: autoDraw = False
157.6256 	EXP 	trial_fixation_2_2: autoDraw = True
158.1260 	EXP 	trial_fixation_2_2: autoDraw = False
158.1260 	EXP 	image_2_2: autoDraw = True
160.1249 	EXP 	image_2_2: autoDraw = False
160.1249 	EXP 	trial_fixation_2_3: autoDraw = True
160.6248 	EXP 	trial_fixation_2_3: autoDraw = False
160.6248 	EXP 	image_2_3: autoDraw = True
162.6243 	EXP 	image_2_3: autoDraw = False
162.6243 	EXP 	trial_fixation_2_4: autoDraw = True
163.1244 	EXP 	trial_fixation_2_4: autoDraw = False
163.1244 	EXP 	image_2_4: autoDraw = True
165.1235 	EXP 	image_2_4: autoDraw = False
165.1235 	EXP 	trial_fixation_2_5: autoDraw = True
165.6240 	EXP 	trial_fixation_2_5: autoDraw = False
165.6240 	EXP 	image_2_5: autoDraw = True
167.6229 	EXP 	image_2_5: autoDraw = False
167.6229 	EXP 	trial_fixation_2_6: autoDraw = True
168.1229 	EXP 	trial_fixation_2_6: autoDraw = False
168.1229 	EXP 	image_2_6: autoDraw = True
170.1225 	EXP 	image_2_6: autoDraw = False
170.1225 	EXP 	trial_fixation_2_7: autoDraw = True
170.6223 	EXP 	trial_fixation_2_7: autoDraw = False
170.6223 	EXP 	image_2_7: autoDraw = True
172.6216 	EXP 	image_2_7: autoDraw = False
172.6216 	EXP 	trial_fixation_2_8: autoDraw = True
173.1223 	EXP 	trial_fixation_2_8: autoDraw = False
173.1223 	EXP 	image_2_8: autoDraw = True
175.1212 	EXP 	image_2_8: autoDraw = False
175.1212 	EXP 	trial_fixation_2_9: autoDraw = True
175.6216 	EXP 	trial_fixation_2_9: autoDraw = False
175.6216 	EXP 	image_2_9: autoDraw = True
177.6209 	EXP 	image_2_9: autoDraw = False
177.6209 	EXP 	trial_fixation_2_10: autoDraw = True
178.1205 	EXP 	trial_fixation_2_10: autoDraw = False
178.1205 	EXP 	image_2_10: autoDraw = True
180.1199 	EXP 	image_2_10: autoDraw = False
180.1199 	EXP 	prep_instr_2: autoDraw = False
180.1199 	EXP 	target_2: autoDraw = False
180.1199 	EXP 	trial_fixation_2_1: autoDraw = False
180.1199 	EXP 	image_2_1: autoDraw = False
180.1199 	EXP 	trial_fixation_2_2: autoDraw = False
180.1199 	EXP 	image_2_2: autoDraw = False
180.1199 	EXP 	trial_fixation_2_3: autoDraw = False
180.1199 	EXP 	image_2_3: autoDraw = False
180.1199 	EXP 	trial_fixation_2_4: autoDraw = False
180.1199 	EXP 	image_2_4: autoDraw = False
180.1199 	EXP 	trial_fixation_2_5: autoDraw = False
180.1199 	EXP 	image_2_5: autoDraw = False
180.1199 	EXP 	trial_fixation_2_6: autoDraw = False
180.1199 	EXP 	image_2_6: autoDraw = False
180.1199 	EXP 	trial_fixation_2_7: autoDraw = False
180.1199 	EXP 	image_2_7: autoDraw = False
180.1199 	EXP 	trial_fixation_2_8: autoDraw = False
180.1199 	EXP 	image_2_8: autoDraw = False
180.1199 	EXP 	trial_fixation_2_9: autoDraw = False
180.1199 	EXP 	image_2_9: autoDraw = False
180.1199 	EXP 	trial_fixation_2_10: autoDraw = False
180.1199 	EXP 	image_2_10: autoDraw = False
180.1199 	EXP 	rest_txt: autoDraw = True
195.1170 	EXP 	New trial (rep=2, index=0): None
195.2198 	EXP 	rest_txt: autoDraw = False
195.2198 	EXP 	rest_txt: autoDraw = False
195.2198 	EXP 	prep_instr_1: text = '兩項之前'
195.2198 	EXP 	target_1: image = 'nback_stimuli/FC_073_M37.png'
195.2198 	EXP 	image_1_1: image = 'nback_stimuli/FC_073_M37.png'
195.2198 	EXP 	image_1_2: image = 'nback_stimuli/FC_078_F39.png'
195.2198 	EXP 	image_1_3: image = 'nback_stimuli/FC_073_M37.png'
195.2198 	EXP 	image_1_4: image = 'nback_stimuli/FC_076_F38.png'
195.2198 	EXP 	image_1_5: image = 'nback_stimuli/FC_075_M38.png'
195.2198 	EXP 	image_1_6: image = 'nback_stimuli/FC_075_M38.png'
195.2198 	EXP 	image_1_7: image = 'nback_stimuli/FC_076_F38.png'
195.2198 	EXP 	image_1_8: image = 'nback_stimuli/FC_074_F37.png'
195.2198 	EXP 	image_1_9: image = 'nback_stimuli/FC_077_M39.png'
195.2198 	EXP 	image_1_10: image = 'nback_stimuli/FC_074_F37.png'
195.2198 	EXP 	prep_instr_1: autoDraw = True
195.2198 	EXP 	target_1: autoDraw = True
197.6988 	EXP 	prep_instr_1: autoDraw = False
197.6988 	EXP 	target_1: autoDraw = False
197.6988 	EXP 	trial_fixation_1_1: autoDraw = True
198.1993 	EXP 	trial_fixation_1_1: autoDraw = False
198.1993 	EXP 	image_1_1: autoDraw = True
200.1984 	EXP 	image_1_1: autoDraw = False
200.1984 	EXP 	trial_fixation_1_2: autoDraw = True
200.6983 	EXP 	trial_fixation_1_2: autoDraw = False
200.6983 	EXP 	image_1_2: autoDraw = True
202.6978 	EXP 	image_1_2: autoDraw = False
202.6978 	EXP 	trial_fixation_1_3: autoDraw = True
203.1980 	EXP 	trial_fixation_1_3: autoDraw = False
203.1980 	EXP 	image_1_3: autoDraw = True
205.1974 	EXP 	image_1_3: autoDraw = False
205.1974 	EXP 	trial_fixation_1_4: autoDraw = True
205.6976 	EXP 	trial_fixation_1_4: autoDraw = False
205.6976 	EXP 	image_1_4: autoDraw = True
207.6968 	EXP 	image_1_4: autoDraw = False
207.6968 	EXP 	trial_fixation_1_5: autoDraw = True
208.1964 	EXP 	trial_fixation_1_5: autoDraw = False
208.1964 	EXP 	image_1_5: autoDraw = True
210.1956 	EXP 	image_1_5: autoDraw = False
210.1956 	EXP 	trial_fixation_1_6: autoDraw = True
210.6960 	EXP 	trial_fixation_1_6: autoDraw = False
210.6960 	EXP 	image_1_6: autoDraw = True
212.6952 	EXP 	image_1_6: autoDraw = False
212.6952 	EXP 	trial_fixation_1_7: autoDraw = True
213.1956 	EXP 	trial_fixation_1_7: autoDraw = False
213.1956 	EXP 	image_1_7: autoDraw = True
215.1944 	EXP 	image_1_7: autoDraw = False
215.1944 	EXP 	trial_fixation_1_8: autoDraw = True
215.6945 	EXP 	trial_fixation_1_8: autoDraw = False
215.6945 	EXP 	image_1_8: autoDraw = True
216.7626 	DATA 	Keypress: 2
217.6942 	EXP 	image_1_8: autoDraw = False
217.6942 	EXP 	trial_fixation_1_9: autoDraw = True
218.1941 	EXP 	trial_fixation_1_9: autoDraw = False
218.1941 	EXP 	image_1_9: autoDraw = True
218.8621 	DATA 	Keypress: 2
220.1935 	EXP 	image_1_9: autoDraw = False
220.1935 	EXP 	trial_fixation_1_10: autoDraw = True
220.6938 	EXP 	trial_fixation_1_10: autoDraw = False
220.6938 	EXP 	image_1_10: autoDraw = True
221.2615 	DATA 	Keypress: 1
222.7254 	EXP 	image_1_10: autoDraw = False
222.7254 	EXP 	prep_instr_1: autoDraw = False
222.7254 	EXP 	target_1: autoDraw = False
222.7254 	EXP 	trial_fixation_1_1: autoDraw = False
222.7254 	EXP 	image_1_1: autoDraw = False
222.7254 	EXP 	trial_fixation_1_2: autoDraw = False
222.7254 	EXP 	image_1_2: autoDraw = False
222.7254 	EXP 	trial_fixation_1_3: autoDraw = False
222.7254 	EXP 	image_1_3: autoDraw = False
222.7254 	EXP 	trial_fixation_1_4: autoDraw = False
222.7254 	EXP 	image_1_4: autoDraw = False
222.7254 	EXP 	trial_fixation_1_5: autoDraw = False
222.7254 	EXP 	image_1_5: autoDraw = False
222.7254 	EXP 	trial_fixation_1_6: autoDraw = False
222.7254 	EXP 	image_1_6: autoDraw = False
222.7254 	EXP 	trial_fixation_1_7: autoDraw = False
222.7254 	EXP 	image_1_7: autoDraw = False
222.7254 	EXP 	trial_fixation_1_8: autoDraw = False
222.7254 	EXP 	image_1_8: autoDraw = False
222.7254 	EXP 	trial_fixation_1_9: autoDraw = False
222.7254 	EXP 	image_1_9: autoDraw = False
222.7254 	EXP 	trial_fixation_1_10: autoDraw = False
222.7254 	EXP 	image_1_10: autoDraw = False
222.7254 	EXP 	prep_instr_2: text = '目標'
222.7254 	EXP 	target_2: image = 'nback_stimuli/TO_073_TOOL73_BA.png'
222.7254 	EXP 	image_2_1: image = 'nback_stimuli/TO_075_TOOL75_BA.png'
222.7254 	EXP 	image_2_2: image = 'nback_stimuli/TO_077_TOOL77_BA.png'
222.7254 	EXP 	image_2_3: image = 'nback_stimuli/TO_073_TOOL73_BA.png'
222.7254 	EXP 	image_2_4: image = 'nback_stimuli/TO_078_TOOL78_BA.png'
222.7254 	EXP 	image_2_5: image = 'nback_stimuli/TO_077_TOOL77_BA.png'
222.7254 	EXP 	image_2_6: image = 'nback_stimuli/TO_074_TOOL74_BA.png'
222.7254 	EXP 	image_2_7: image = 'nback_stimuli/TO_074_TOOL74_BA.png'
222.7254 	EXP 	image_2_8: image = 'nback_stimuli/TO_076_TOOL76_BA.png'
222.7254 	EXP 	image_2_9: image = 'nback_stimuli/TO_075_TOOL75_BA.png'
222.7254 	EXP 	image_2_10: image = 'nback_stimuli/TO_073_TOOL73_BA.png'
222.7254 	EXP 	prep_instr_2: autoDraw = True
222.7254 	EXP 	target_2: autoDraw = True
223.7610 	DATA 	Keypress: 2
225.2086 	EXP 	prep_instr_2: autoDraw = False
225.2086 	EXP 	target_2: autoDraw = False
225.2086 	EXP 	trial_fixation_2_1: autoDraw = True
225.7092 	EXP 	trial_fixation_2_1: autoDraw = False
225.7092 	EXP 	image_2_1: autoDraw = True
226.6762 	DATA 	Keypress: 2
227.7083 	EXP 	image_2_1: autoDraw = False
227.7083 	EXP 	trial_fixation_2_2: autoDraw = True
228.2082 	EXP 	trial_fixation_2_2: autoDraw = False
228.2082 	EXP 	image_2_2: autoDraw = True
229.2425 	DATA 	Keypress: 2
230.2078 	EXP 	image_2_2: autoDraw = False
230.2078 	EXP 	trial_fixation_2_3: autoDraw = True
230.7075 	EXP 	trial_fixation_2_3: autoDraw = False
230.7075 	EXP 	image_2_3: autoDraw = True
232.3415 	DATA 	Keypress: 1
232.7071 	EXP 	image_2_3: autoDraw = False
232.7071 	EXP 	trial_fixation_2_4: autoDraw = True
233.2073 	EXP 	trial_fixation_2_4: autoDraw = False
233.2073 	EXP 	image_2_4: autoDraw = True
235.0914 	DATA 	Keypress: 2
235.2064 	EXP 	image_2_4: autoDraw = False
235.2064 	EXP 	trial_fixation_2_5: autoDraw = True
235.7065 	EXP 	trial_fixation_2_5: autoDraw = False
235.7065 	EXP 	image_2_5: autoDraw = True
236.3411 	DATA 	Keypress: 2
237.7056 	EXP 	image_2_5: autoDraw = False
237.7056 	EXP 	trial_fixation_2_6: autoDraw = True
238.2056 	EXP 	trial_fixation_2_6: autoDraw = False
238.2056 	EXP 	image_2_6: autoDraw = True
240.2049 	EXP 	image_2_6: autoDraw = False
240.2049 	EXP 	trial_fixation_2_7: autoDraw = True
240.7051 	EXP 	trial_fixation_2_7: autoDraw = False
240.7051 	EXP 	image_2_7: autoDraw = True
242.7042 	EXP 	image_2_7: autoDraw = False
242.7042 	EXP 	trial_fixation_2_8: autoDraw = True
243.2045 	EXP 	trial_fixation_2_8: autoDraw = False
243.2045 	EXP 	image_2_8: autoDraw = True
243.7558 	DATA 	Keypress: 2
245.2041 	EXP 	image_2_8: autoDraw = False
245.2041 	EXP 	trial_fixation_2_9: autoDraw = True
245.7043 	EXP 	trial_fixation_2_9: autoDraw = False
245.7043 	EXP 	image_2_9: autoDraw = True
247.7034 	EXP 	image_2_9: autoDraw = False
247.7034 	EXP 	trial_fixation_2_10: autoDraw = True
248.2038 	EXP 	trial_fixation_2_10: autoDraw = False
248.2038 	EXP 	image_2_10: autoDraw = True
248.8210 	DATA 	Keypress: 2
250.2028 	EXP 	image_2_10: autoDraw = False
250.2028 	EXP 	prep_instr_2: autoDraw = False
250.2028 	EXP 	target_2: autoDraw = False
250.2028 	EXP 	trial_fixation_2_1: autoDraw = False
250.2028 	EXP 	image_2_1: autoDraw = False
250.2028 	EXP 	trial_fixation_2_2: autoDraw = False
250.2028 	EXP 	image_2_2: autoDraw = False
250.2028 	EXP 	trial_fixation_2_3: autoDraw = False
250.2028 	EXP 	image_2_3: autoDraw = False
250.2028 	EXP 	trial_fixation_2_4: autoDraw = False
250.2028 	EXP 	image_2_4: autoDraw = False
250.2028 	EXP 	trial_fixation_2_5: autoDraw = False
250.2028 	EXP 	image_2_5: autoDraw = False
250.2028 	EXP 	trial_fixation_2_6: autoDraw = False
250.2028 	EXP 	image_2_6: autoDraw = False
250.2028 	EXP 	trial_fixation_2_7: autoDraw = False
250.2028 	EXP 	image_2_7: autoDraw = False
250.2028 	EXP 	trial_fixation_2_8: autoDraw = False
250.2028 	EXP 	image_2_8: autoDraw = False
250.2028 	EXP 	trial_fixation_2_9: autoDraw = False
250.2028 	EXP 	image_2_9: autoDraw = False
250.2028 	EXP 	trial_fixation_2_10: autoDraw = False
250.2028 	EXP 	image_2_10: autoDraw = False
250.2028 	EXP 	rest_txt: autoDraw = True
265.1994 	EXP 	New trial (rep=3, index=0): None
265.3024 	EXP 	rest_txt: autoDraw = False
265.3024 	EXP 	rest_txt: autoDraw = False
265.3024 	EXP 	prep_instr_1: height = 0.1
265.3024 	EXP 	prep_instr_1: height = 0.1
265.3024 	EXP 	prep_instr_1: height = 0.1
265.3024 	EXP 	prep_instr_1: text = '目標'
265.3024 	EXP 	target_1: image = 'nback_stimuli/FC_080_F40.png'
265.3024 	EXP 	image_1_1: image = 'nback_stimuli/FC_083_M42.png'
265.3024 	EXP 	image_1_2: image = 'nback_stimuli/FC_081_M41.png'
265.3024 	EXP 	image_1_3: image = 'nback_stimuli/FC_084_F42.png'
265.3024 	EXP 	image_1_4: image = 'nback_stimuli/FC_080_F40.png'
265.3024 	EXP 	image_1_5: image = 'nback_stimuli/FC_082_F41.png'
265.3024 	EXP 	image_1_6: image = 'nback_stimuli/FC_084_F42.png'
265.3024 	EXP 	image_1_7: image = 'nback_stimuli/FC_079_M40.png'
265.3024 	EXP 	image_1_8: image = 'nback_stimuli/FC_083_M42.png'
265.3024 	EXP 	image_1_9: image = 'nback_stimuli/FC_082_F41.png'
265.3024 	EXP 	image_1_10: image = 'nback_stimuli/FC_080_F40.png'
265.3024 	EXP 	prep_instr_1: autoDraw = True
265.3024 	EXP 	target_1: autoDraw = True
267.7819 	EXP 	prep_instr_1: autoDraw = False
267.7819 	EXP 	target_1: autoDraw = False
267.7819 	EXP 	trial_fixation_1_1: autoDraw = True
268.2822 	EXP 	trial_fixation_1_1: autoDraw = False
268.2822 	EXP 	image_1_1: autoDraw = True
270.2808 	EXP 	image_1_1: autoDraw = False
270.2808 	EXP 	trial_fixation_1_2: autoDraw = True
270.7810 	EXP 	trial_fixation_1_2: autoDraw = False
270.7810 	EXP 	image_1_2: autoDraw = True
272.7805 	EXP 	image_1_2: autoDraw = False
272.7805 	EXP 	trial_fixation_1_3: autoDraw = True
273.2807 	EXP 	trial_fixation_1_3: autoDraw = False
273.2807 	EXP 	image_1_3: autoDraw = True
275.2796 	EXP 	image_1_3: autoDraw = False
275.2796 	EXP 	trial_fixation_1_4: autoDraw = True
275.7797 	EXP 	trial_fixation_1_4: autoDraw = False
275.7797 	EXP 	image_1_4: autoDraw = True
277.7794 	EXP 	image_1_4: autoDraw = False
277.7794 	EXP 	trial_fixation_1_5: autoDraw = True
278.2793 	EXP 	trial_fixation_1_5: autoDraw = False
278.2793 	EXP 	image_1_5: autoDraw = True
280.2784 	EXP 	image_1_5: autoDraw = False
280.2784 	EXP 	trial_fixation_1_6: autoDraw = True
280.7788 	EXP 	trial_fixation_1_6: autoDraw = False
280.7788 	EXP 	image_1_6: autoDraw = True
282.7777 	EXP 	image_1_6: autoDraw = False
282.7777 	EXP 	trial_fixation_1_7: autoDraw = True
283.2780 	EXP 	trial_fixation_1_7: autoDraw = False
283.2780 	EXP 	image_1_7: autoDraw = True
285.2776 	EXP 	image_1_7: autoDraw = False
285.2776 	EXP 	trial_fixation_1_8: autoDraw = True
285.7774 	EXP 	trial_fixation_1_8: autoDraw = False
285.7774 	EXP 	image_1_8: autoDraw = True
287.7765 	EXP 	image_1_8: autoDraw = False
287.7765 	EXP 	trial_fixation_1_9: autoDraw = True
288.2769 	EXP 	trial_fixation_1_9: autoDraw = False
288.2769 	EXP 	image_1_9: autoDraw = True
290.2763 	EXP 	image_1_9: autoDraw = False
290.2763 	EXP 	trial_fixation_1_10: autoDraw = True
290.7761 	EXP 	trial_fixation_1_10: autoDraw = False
290.7761 	EXP 	image_1_10: autoDraw = True
292.8074 	EXP 	image_1_10: autoDraw = False
292.8074 	EXP 	prep_instr_1: autoDraw = False
292.8074 	EXP 	target_1: autoDraw = False
292.8074 	EXP 	trial_fixation_1_1: autoDraw = False
292.8074 	EXP 	image_1_1: autoDraw = False
292.8074 	EXP 	trial_fixation_1_2: autoDraw = False
292.8074 	EXP 	image_1_2: autoDraw = False
292.8074 	EXP 	trial_fixation_1_3: autoDraw = False
292.8074 	EXP 	image_1_3: autoDraw = False
292.8074 	EXP 	trial_fixation_1_4: autoDraw = False
292.8074 	EXP 	image_1_4: autoDraw = False
292.8074 	EXP 	trial_fixation_1_5: autoDraw = False
292.8074 	EXP 	image_1_5: autoDraw = False
292.8074 	EXP 	trial_fixation_1_6: autoDraw = False
292.8074 	EXP 	image_1_6: autoDraw = False
292.8074 	EXP 	trial_fixation_1_7: autoDraw = False
292.8074 	EXP 	image_1_7: autoDraw = False
292.8074 	EXP 	trial_fixation_1_8: autoDraw = False
292.8074 	EXP 	image_1_8: autoDraw = False
292.8074 	EXP 	trial_fixation_1_9: autoDraw = False
292.8074 	EXP 	image_1_9: autoDraw = False
292.8074 	EXP 	trial_fixation_1_10: autoDraw = False
292.8074 	EXP 	image_1_10: autoDraw = False
292.8074 	EXP 	prep_instr_2: height = 0.1
292.8074 	EXP 	prep_instr_2: height = 0.1
292.8074 	EXP 	prep_instr_2: height = 0.1
292.8074 	EXP 	prep_instr_2: text = '兩項之前'
292.8074 	EXP 	target_2: image = 'nback_stimuli/TO_080_TOOL80_BA.png'
292.8074 	EXP 	image_2_1: image = 'nback_stimuli/TO_080_TOOL80_BA.png'
292.8074 	EXP 	image_2_2: image = 'nback_stimuli/TO_081_TOOL81_BA.png'
292.8074 	EXP 	image_2_3: image = 'nback_stimuli/TO_079_TOOL79_BA.png'
292.8074 	EXP 	image_2_4: image = 'nback_stimuli/TO_081_TOOL81_BA.png'
292.8074 	EXP 	image_2_5: image = 'nback_stimuli/TO_079_TOOL79_BA.png'
292.8074 	EXP 	image_2_6: image = 'nback_stimuli/TO_082_TOOL82_BA.png'
292.8074 	EXP 	image_2_7: image = 'nback_stimuli/TO_082_TOOL82_BA.png'
292.8074 	EXP 	image_2_8: image = 'nback_stimuli/TO_083_TOOL83_BA.png'
292.8074 	EXP 	image_2_9: image = 'nback_stimuli/TO_084_TOOL84_BA.png'
292.8074 	EXP 	image_2_10: image = 'nback_stimuli/TO_084_TOOL84_BA.png'
292.8074 	EXP 	prep_instr_2: autoDraw = True
292.8074 	EXP 	target_2: autoDraw = True
295.2916 	EXP 	prep_instr_2: autoDraw = False
295.2916 	EXP 	target_2: autoDraw = False
295.2916 	EXP 	trial_fixation_2_1: autoDraw = True
295.7915 	EXP 	trial_fixation_2_1: autoDraw = False
295.7915 	EXP 	image_2_1: autoDraw = True
297.7913 	EXP 	image_2_1: autoDraw = False
297.7913 	EXP 	trial_fixation_2_2: autoDraw = True
298.2908 	EXP 	trial_fixation_2_2: autoDraw = False
298.2908 	EXP 	image_2_2: autoDraw = True
300.2904 	EXP 	image_2_2: autoDraw = False
300.2904 	EXP 	trial_fixation_2_3: autoDraw = True
300.7906 	EXP 	trial_fixation_2_3: autoDraw = False
300.7906 	EXP 	image_2_3: autoDraw = True
302.7895 	EXP 	image_2_3: autoDraw = False
302.7895 	EXP 	trial_fixation_2_4: autoDraw = True
303.2896 	EXP 	trial_fixation_2_4: autoDraw = False
303.2896 	EXP 	image_2_4: autoDraw = True
305.2894 	EXP 	image_2_4: autoDraw = False
305.2894 	EXP 	trial_fixation_2_5: autoDraw = True
305.7894 	EXP 	trial_fixation_2_5: autoDraw = False
305.7894 	EXP 	image_2_5: autoDraw = True
307.7882 	EXP 	image_2_5: autoDraw = False
307.7882 	EXP 	trial_fixation_2_6: autoDraw = True
308.2888 	EXP 	trial_fixation_2_6: autoDraw = False
308.2888 	EXP 	image_2_6: autoDraw = True
310.2876 	EXP 	image_2_6: autoDraw = False
310.2876 	EXP 	trial_fixation_2_7: autoDraw = True
310.7881 	EXP 	trial_fixation_2_7: autoDraw = False
310.7881 	EXP 	image_2_7: autoDraw = True
312.7874 	EXP 	image_2_7: autoDraw = False
312.7874 	EXP 	trial_fixation_2_8: autoDraw = True
313.2872 	EXP 	trial_fixation_2_8: autoDraw = False
313.2872 	EXP 	image_2_8: autoDraw = True
315.2867 	EXP 	image_2_8: autoDraw = False
315.2867 	EXP 	trial_fixation_2_9: autoDraw = True
315.7869 	EXP 	trial_fixation_2_9: autoDraw = False
315.7869 	EXP 	image_2_9: autoDraw = True
317.7862 	EXP 	image_2_9: autoDraw = False
317.7862 	EXP 	trial_fixation_2_10: autoDraw = True
318.2865 	EXP 	trial_fixation_2_10: autoDraw = False
318.2865 	EXP 	image_2_10: autoDraw = True
320.2856 	EXP 	image_2_10: autoDraw = False
320.2856 	EXP 	prep_instr_2: autoDraw = False
320.2856 	EXP 	target_2: autoDraw = False
320.2856 	EXP 	trial_fixation_2_1: autoDraw = False
320.2856 	EXP 	image_2_1: autoDraw = False
320.2856 	EXP 	trial_fixation_2_2: autoDraw = False
320.2856 	EXP 	image_2_2: autoDraw = False
320.2856 	EXP 	trial_fixation_2_3: autoDraw = False
320.2856 	EXP 	image_2_3: autoDraw = False
320.2856 	EXP 	trial_fixation_2_4: autoDraw = False
320.2856 	EXP 	image_2_4: autoDraw = False
320.2856 	EXP 	trial_fixation_2_5: autoDraw = False
320.2856 	EXP 	image_2_5: autoDraw = False
320.2856 	EXP 	trial_fixation_2_6: autoDraw = False
320.2856 	EXP 	image_2_6: autoDraw = False
320.2856 	EXP 	trial_fixation_2_7: autoDraw = False
320.2856 	EXP 	image_2_7: autoDraw = False
320.2856 	EXP 	trial_fixation_2_8: autoDraw = False
320.2856 	EXP 	image_2_8: autoDraw = False
320.2856 	EXP 	trial_fixation_2_9: autoDraw = False
320.2856 	EXP 	image_2_9: autoDraw = False
320.2856 	EXP 	trial_fixation_2_10: autoDraw = False
320.2856 	EXP 	image_2_10: autoDraw = False
320.2856 	EXP 	rest_txt: autoDraw = True
335.2825 	EXP 	New trial (rep=4, index=0): None
335.3585 	EXP 	rest_txt: autoDraw = False
335.3585 	EXP 	rest_txt: autoDraw = False
335.3585 	EXP 	prep_instr_1: height = 0.1
335.3585 	EXP 	prep_instr_1: height = 0.1
335.3585 	EXP 	prep_instr_1: height = 0.1
335.3585 	EXP 	prep_instr_1: text = '兩項之前'
335.3585 	EXP 	target_1: image = 'nback_stimuli/PL_089_O45.1.png'
335.3585 	EXP 	image_1_1: image = 'nback_stimuli/PL_089_O45.1.png'
335.3585 	EXP 	image_1_2: image = 'nback_stimuli/PL_090_O47.1.png'
335.3585 	EXP 	image_1_3: image = 'nback_stimuli/PL_092_O50.1.png'
335.3585 	EXP 	image_1_4: image = 'nback_stimuli/PL_090_O47.1.png'
335.3585 	EXP 	image_1_5: image = 'nback_stimuli/PL_089_O45.1.png'
335.3585 	EXP 	image_1_6: image = 'nback_stimuli/PL_091_O5.1.png'
335.3585 	EXP 	image_1_7: image = 'nback_stimuli/PL_094_O6.1.png'
335.3585 	EXP 	image_1_8: image = 'nback_stimuli/PL_091_O5.1.png'
335.3585 	EXP 	image_1_9: image = 'nback_stimuli/PL_093_O57.1.png'
335.3585 	EXP 	image_1_10: image = 'nback_stimuli/PL_093_O57.1.png'
335.3585 	EXP 	prep_instr_1: autoDraw = True
335.3585 	EXP 	target_1: autoDraw = True
337.8312 	EXP 	prep_instr_1: autoDraw = False
337.8312 	EXP 	target_1: autoDraw = False
337.8312 	EXP 	trial_fixation_1_1: autoDraw = True
338.3312 	EXP 	trial_fixation_1_1: autoDraw = False
338.3312 	EXP 	image_1_1: autoDraw = True
340.3305 	EXP 	image_1_1: autoDraw = False
340.3305 	EXP 	trial_fixation_1_2: autoDraw = True
340.8320 	EXP 	trial_fixation_1_2: autoDraw = False
340.8320 	EXP 	image_1_2: autoDraw = True
342.8299 	EXP 	image_1_2: autoDraw = False
342.8299 	EXP 	trial_fixation_1_3: autoDraw = True
343.3298 	EXP 	trial_fixation_1_3: autoDraw = False
343.3298 	EXP 	image_1_3: autoDraw = True
345.3293 	EXP 	image_1_3: autoDraw = False
345.3293 	EXP 	trial_fixation_1_4: autoDraw = True
345.8296 	EXP 	trial_fixation_1_4: autoDraw = False
345.8296 	EXP 	image_1_4: autoDraw = True
347.8282 	EXP 	image_1_4: autoDraw = False
347.8282 	EXP 	trial_fixation_1_5: autoDraw = True
348.3293 	EXP 	trial_fixation_1_5: autoDraw = False
348.3293 	EXP 	image_1_5: autoDraw = True
350.3278 	EXP 	image_1_5: autoDraw = False
350.3278 	EXP 	trial_fixation_1_6: autoDraw = True
350.8283 	EXP 	trial_fixation_1_6: autoDraw = False
350.8283 	EXP 	image_1_6: autoDraw = True
352.8269 	EXP 	image_1_6: autoDraw = False
352.8269 	EXP 	trial_fixation_1_7: autoDraw = True
353.3273 	EXP 	trial_fixation_1_7: autoDraw = False
353.3273 	EXP 	image_1_7: autoDraw = True
355.3269 	EXP 	image_1_7: autoDraw = False
355.3269 	EXP 	trial_fixation_1_8: autoDraw = True
355.8268 	EXP 	trial_fixation_1_8: autoDraw = False
355.8268 	EXP 	image_1_8: autoDraw = True
357.8263 	EXP 	image_1_8: autoDraw = False
357.8263 	EXP 	trial_fixation_1_9: autoDraw = True
358.3261 	EXP 	trial_fixation_1_9: autoDraw = False
358.3261 	EXP 	image_1_9: autoDraw = True
360.3253 	EXP 	image_1_9: autoDraw = False
360.3253 	EXP 	trial_fixation_1_10: autoDraw = True
360.8259 	EXP 	trial_fixation_1_10: autoDraw = False
360.8259 	EXP 	image_1_10: autoDraw = True
362.8554 	EXP 	image_1_10: autoDraw = False
362.8554 	EXP 	prep_instr_1: autoDraw = False
362.8554 	EXP 	target_1: autoDraw = False
362.8554 	EXP 	trial_fixation_1_1: autoDraw = False
362.8554 	EXP 	image_1_1: autoDraw = False
362.8554 	EXP 	trial_fixation_1_2: autoDraw = False
362.8554 	EXP 	image_1_2: autoDraw = False
362.8554 	EXP 	trial_fixation_1_3: autoDraw = False
362.8554 	EXP 	image_1_3: autoDraw = False
362.8554 	EXP 	trial_fixation_1_4: autoDraw = False
362.8554 	EXP 	image_1_4: autoDraw = False
362.8554 	EXP 	trial_fixation_1_5: autoDraw = False
362.8554 	EXP 	image_1_5: autoDraw = False
362.8554 	EXP 	trial_fixation_1_6: autoDraw = False
362.8554 	EXP 	image_1_6: autoDraw = False
362.8554 	EXP 	trial_fixation_1_7: autoDraw = False
362.8554 	EXP 	image_1_7: autoDraw = False
362.8554 	EXP 	trial_fixation_1_8: autoDraw = False
362.8554 	EXP 	image_1_8: autoDraw = False
362.8554 	EXP 	trial_fixation_1_9: autoDraw = False
362.8554 	EXP 	image_1_9: autoDraw = False
362.8554 	EXP 	trial_fixation_1_10: autoDraw = False
362.8554 	EXP 	image_1_10: autoDraw = False
362.8554 	EXP 	prep_instr_2: text = '兩項之前'
362.8554 	EXP 	target_2: image = 'nback_stimuli/TO_085_TOOL85_BA.png'
362.8554 	EXP 	image_2_1: image = 'nback_stimuli/TO_085_TOOL85_BA.png'
362.8554 	EXP 	image_2_2: image = 'nback_stimuli/TO_086_TOOL86_BA.png'
362.8554 	EXP 	image_2_3: image = 'nback_stimuli/TO_089_TOOL89_BA.png'
362.8554 	EXP 	image_2_4: image = 'nback_stimuli/TO_086_TOOL86_BA.png'
362.8554 	EXP 	image_2_5: image = 'nback_stimuli/TO_089_TOOL89_BA.png'
362.8554 	EXP 	image_2_6: image = 'nback_stimuli/TO_087_TOOL87_BA.png'
362.8554 	EXP 	image_2_7: image = 'nback_stimuli/TO_088_TOOL88_BA.png'
362.8554 	EXP 	image_2_8: image = 'nback_stimuli/TO_088_TOOL88_BA.png'
362.8554 	EXP 	image_2_9: image = 'nback_stimuli/TO_087_TOOL87_BA.png'
362.8554 	EXP 	image_2_10: image = 'nback_stimuli/TO_090_TOOL90_BA.png'
362.8554 	EXP 	prep_instr_2: autoDraw = True
362.8554 	EXP 	target_2: autoDraw = True
365.3241 	EXP 	prep_instr_2: autoDraw = False
365.3241 	EXP 	target_2: autoDraw = False
365.3241 	EXP 	trial_fixation_2_1: autoDraw = True
365.8245 	EXP 	trial_fixation_2_1: autoDraw = False
365.8245 	EXP 	image_2_1: autoDraw = True
367.8238 	EXP 	image_2_1: autoDraw = False
367.8238 	EXP 	trial_fixation_2_2: autoDraw = True
368.3236 	EXP 	trial_fixation_2_2: autoDraw = False
368.3236 	EXP 	image_2_2: autoDraw = True
370.3228 	EXP 	image_2_2: autoDraw = False
370.3228 	EXP 	trial_fixation_2_3: autoDraw = True
370.3766 	DATA 	Keypress: 2
370.8229 	EXP 	trial_fixation_2_3: autoDraw = False
370.8229 	EXP 	image_2_3: autoDraw = True
371.1411 	DATA 	Keypress: 1
372.8225 	EXP 	image_2_3: autoDraw = False
372.8225 	EXP 	trial_fixation_2_4: autoDraw = True
373.3227 	EXP 	trial_fixation_2_4: autoDraw = False
373.3227 	EXP 	image_2_4: autoDraw = True
373.7072 	DATA 	Keypress: 2
375.3219 	EXP 	image_2_4: autoDraw = False
375.3219 	EXP 	trial_fixation_2_5: autoDraw = True
375.8219 	EXP 	trial_fixation_2_5: autoDraw = False
375.8219 	EXP 	image_2_5: autoDraw = True
376.2733 	DATA 	Keypress: 2
377.8215 	EXP 	image_2_5: autoDraw = False
377.8215 	EXP 	trial_fixation_2_6: autoDraw = True
378.3217 	EXP 	trial_fixation_2_6: autoDraw = False
378.3217 	EXP 	image_2_6: autoDraw = True
380.3207 	EXP 	image_2_6: autoDraw = False
380.3207 	EXP 	trial_fixation_2_7: autoDraw = True
380.8206 	EXP 	trial_fixation_2_7: autoDraw = False
380.8206 	EXP 	image_2_7: autoDraw = True
382.1882 	DATA 	Keypress: 2
382.8199 	EXP 	image_2_7: autoDraw = False
382.8199 	EXP 	trial_fixation_2_8: autoDraw = True
383.3205 	EXP 	trial_fixation_2_8: autoDraw = False
383.3205 	EXP 	image_2_8: autoDraw = True
385.3193 	EXP 	image_2_8: autoDraw = False
385.3193 	EXP 	trial_fixation_2_9: autoDraw = True
385.8194 	EXP 	trial_fixation_2_9: autoDraw = False
385.8194 	EXP 	image_2_9: autoDraw = True
386.4539 	DATA 	Keypress: 2
387.8185 	EXP 	image_2_9: autoDraw = False
387.8185 	EXP 	trial_fixation_2_10: autoDraw = True
388.3188 	EXP 	trial_fixation_2_10: autoDraw = False
388.3188 	EXP 	image_2_10: autoDraw = True
389.6201 	DATA 	Keypress: 2
390.3183 	EXP 	image_2_10: autoDraw = False
390.3183 	EXP 	prep_instr_2: autoDraw = False
390.3183 	EXP 	target_2: autoDraw = False
390.3183 	EXP 	trial_fixation_2_1: autoDraw = False
390.3183 	EXP 	image_2_1: autoDraw = False
390.3183 	EXP 	trial_fixation_2_2: autoDraw = False
390.3183 	EXP 	image_2_2: autoDraw = False
390.3183 	EXP 	trial_fixation_2_3: autoDraw = False
390.3183 	EXP 	image_2_3: autoDraw = False
390.3183 	EXP 	trial_fixation_2_4: autoDraw = False
390.3183 	EXP 	image_2_4: autoDraw = False
390.3183 	EXP 	trial_fixation_2_5: autoDraw = False
390.3183 	EXP 	image_2_5: autoDraw = False
390.3183 	EXP 	trial_fixation_2_6: autoDraw = False
390.3183 	EXP 	image_2_6: autoDraw = False
390.3183 	EXP 	trial_fixation_2_7: autoDraw = False
390.3183 	EXP 	image_2_7: autoDraw = False
390.3183 	EXP 	trial_fixation_2_8: autoDraw = False
390.3183 	EXP 	image_2_8: autoDraw = False
390.3183 	EXP 	trial_fixation_2_9: autoDraw = False
390.3183 	EXP 	image_2_9: autoDraw = False
390.3183 	EXP 	trial_fixation_2_10: autoDraw = False
390.3183 	EXP 	image_2_10: autoDraw = False
390.3183 	EXP 	rest_txt: autoDraw = True
405.3152 	EXP 	New trial (rep=5, index=0): None
405.3852 	EXP 	rest_txt: autoDraw = False
405.3852 	EXP 	rest_txt: autoDraw = False
405.3852 	EXP 	prep_instr_1: height = 0.1
405.3852 	EXP 	prep_instr_1: height = 0.1
405.3852 	EXP 	prep_instr_1: height = 0.1
405.3852 	EXP 	prep_instr_1: text = '目標'
405.3852 	EXP 	target_1: image = 'nback_stimuli/BP_086_BODY_25_BA.png'
405.3852 	EXP 	image_1_1: image = 'nback_stimuli/BP_087_BODY_26_BA.png'
405.3852 	EXP 	image_1_2: image = 'nback_stimuli/BP_090_BODY_31_BA.png'
405.3852 	EXP 	image_1_3: image = 'nback_stimuli/BP_086_BODY_25_BA.png'
405.3852 	EXP 	image_1_4: image = 'nback_stimuli/BP_091_BODY_32_BA.png'
405.3852 	EXP 	image_1_5: image = 'nback_stimuli/BP_091_BODY_32_BA.png'
405.3852 	EXP 	image_1_6: image = 'nback_stimuli/BP_089_BODY_30_BA.png'
405.3852 	EXP 	image_1_7: image = 'nback_stimuli/BP_086_BODY_25_BA.png'
405.3852 	EXP 	image_1_8: image = 'nback_stimuli/BP_090_BODY_31_BA.png'
405.3852 	EXP 	image_1_9: image = 'nback_stimuli/BP_088_BODY_28_BA.png'
405.3852 	EXP 	image_1_10: image = 'nback_stimuli/BP_088_BODY_28_BA.png'
405.3852 	EXP 	prep_instr_1: autoDraw = True
405.3852 	EXP 	target_1: autoDraw = True
406.1162 	DATA 	Keypress: 2
407.8639 	EXP 	prep_instr_1: autoDraw = False
407.8639 	EXP 	target_1: autoDraw = False
407.8639 	EXP 	trial_fixation_1_1: autoDraw = True
408.3641 	EXP 	trial_fixation_1_1: autoDraw = False
408.3641 	EXP 	image_1_1: autoDraw = True
408.3986 	DATA 	Keypress: 2
409.0317 	DATA 	Keypress: 2
410.3633 	EXP 	image_1_1: autoDraw = False
410.3633 	EXP 	trial_fixation_1_2: autoDraw = True
410.8630 	EXP 	trial_fixation_1_2: autoDraw = False
410.8630 	EXP 	image_1_2: autoDraw = True
411.5812 	DATA 	Keypress: 2
412.8626 	EXP 	image_1_2: autoDraw = False
412.8626 	EXP 	trial_fixation_1_3: autoDraw = True
413.3627 	EXP 	trial_fixation_1_3: autoDraw = False
413.3627 	EXP 	image_1_3: autoDraw = True
414.6472 	DATA 	Keypress: 2
415.3621 	EXP 	image_1_3: autoDraw = False
415.3621 	EXP 	trial_fixation_1_4: autoDraw = True
415.8621 	EXP 	trial_fixation_1_4: autoDraw = False
415.8621 	EXP 	image_1_4: autoDraw = True
417.8615 	EXP 	image_1_4: autoDraw = False
417.8615 	EXP 	trial_fixation_1_5: autoDraw = True
418.0960 	DATA 	Keypress: 2
418.3612 	EXP 	trial_fixation_1_5: autoDraw = False
418.3612 	EXP 	image_1_5: autoDraw = True
419.0130 	DATA 	Keypress: 2
420.3606 	EXP 	image_1_5: autoDraw = False
420.3606 	EXP 	trial_fixation_1_6: autoDraw = True
420.8610 	EXP 	trial_fixation_1_6: autoDraw = False
420.8610 	EXP 	image_1_6: autoDraw = True
422.8603 	EXP 	image_1_6: autoDraw = False
422.8603 	EXP 	trial_fixation_1_7: autoDraw = True
423.3115 	DATA 	Keypress: 2
423.3603 	EXP 	trial_fixation_1_7: autoDraw = False
423.3603 	EXP 	image_1_7: autoDraw = True
425.3597 	EXP 	image_1_7: autoDraw = False
425.3597 	EXP 	trial_fixation_1_8: autoDraw = True
425.8595 	EXP 	trial_fixation_1_8: autoDraw = False
425.8595 	EXP 	image_1_8: autoDraw = True
427.6770 	DATA 	Keypress: 1
427.8591 	EXP 	image_1_8: autoDraw = False
427.8591 	EXP 	trial_fixation_1_9: autoDraw = True
428.3588 	EXP 	trial_fixation_1_9: autoDraw = False
428.3588 	EXP 	image_1_9: autoDraw = True
429.4932 	DATA 	Keypress: 2
430.3583 	EXP 	image_1_9: autoDraw = False
430.3583 	EXP 	trial_fixation_1_10: autoDraw = True
430.8581 	EXP 	trial_fixation_1_10: autoDraw = False
430.8581 	EXP 	image_1_10: autoDraw = True
431.4761 	DATA 	Keypress: 2
432.9439 	EXP 	image_1_10: autoDraw = False
432.9439 	EXP 	prep_instr_1: autoDraw = False
432.9439 	EXP 	target_1: autoDraw = False
432.9439 	EXP 	trial_fixation_1_1: autoDraw = False
432.9439 	EXP 	image_1_1: autoDraw = False
432.9439 	EXP 	trial_fixation_1_2: autoDraw = False
432.9439 	EXP 	image_1_2: autoDraw = False
432.9439 	EXP 	trial_fixation_1_3: autoDraw = False
432.9439 	EXP 	image_1_3: autoDraw = False
432.9439 	EXP 	trial_fixation_1_4: autoDraw = False
432.9439 	EXP 	image_1_4: autoDraw = False
432.9439 	EXP 	trial_fixation_1_5: autoDraw = False
432.9439 	EXP 	image_1_5: autoDraw = False
432.9439 	EXP 	trial_fixation_1_6: autoDraw = False
432.9439 	EXP 	image_1_6: autoDraw = False
432.9439 	EXP 	trial_fixation_1_7: autoDraw = False
432.9439 	EXP 	image_1_7: autoDraw = False
432.9439 	EXP 	trial_fixation_1_8: autoDraw = False
432.9439 	EXP 	image_1_8: autoDraw = False
432.9439 	EXP 	trial_fixation_1_9: autoDraw = False
432.9439 	EXP 	image_1_9: autoDraw = False
432.9439 	EXP 	trial_fixation_1_10: autoDraw = False
432.9439 	EXP 	image_1_10: autoDraw = False
432.9439 	EXP 	prep_instr_2: text = '兩項之前'
432.9439 	EXP 	target_2: image = 'nback_stimuli/FC_089_M45.png'
432.9439 	EXP 	image_2_1: image = 'nback_stimuli/FC_089_M45.png'
432.9439 	EXP 	image_2_2: image = 'nback_stimuli/FC_085_M43.png'
432.9439 	EXP 	image_2_3: image = 'nback_stimuli/FC_089_M45.png'
432.9439 	EXP 	image_2_4: image = 'nback_stimuli/FC_085_M43.png'
432.9439 	EXP 	image_2_5: image = 'nback_stimuli/FC_086_F43.png'
432.9439 	EXP 	image_2_6: image = 'nback_stimuli/FC_087_M44.png'
432.9439 	EXP 	image_2_7: image = 'nback_stimuli/FC_088_F44.png'
432.9439 	EXP 	image_2_8: image = 'nback_stimuli/FC_090_F45.png'
432.9439 	EXP 	image_2_9: image = 'nback_stimuli/FC_087_M44.png'
432.9439 	EXP 	image_2_10: image = 'nback_stimuli/FC_088_F44.png'
432.9439 	EXP 	prep_instr_2: autoDraw = True
432.9439 	EXP 	target_2: autoDraw = True
435.4235 	EXP 	prep_instr_2: autoDraw = False
435.4235 	EXP 	target_2: autoDraw = False
435.4235 	EXP 	trial_fixation_2_1: autoDraw = True
435.9237 	EXP 	trial_fixation_2_1: autoDraw = False
435.9237 	EXP 	image_2_1: autoDraw = True
437.9230 	EXP 	image_2_1: autoDraw = False
437.9230 	EXP 	trial_fixation_2_2: autoDraw = True
438.4234 	EXP 	trial_fixation_2_2: autoDraw = False
438.4234 	EXP 	image_2_2: autoDraw = True
439.3409 	DATA 	Keypress: 2
440.4223 	EXP 	image_2_2: autoDraw = False
440.4223 	EXP 	trial_fixation_2_3: autoDraw = True
440.9229 	EXP 	trial_fixation_2_3: autoDraw = False
440.9229 	EXP 	image_2_3: autoDraw = True
442.9219 	EXP 	image_2_3: autoDraw = False
442.9219 	EXP 	trial_fixation_2_4: autoDraw = True
443.4222 	EXP 	trial_fixation_2_4: autoDraw = False
443.4222 	EXP 	image_2_4: autoDraw = True
444.2565 	DATA 	Keypress: 2
445.4214 	EXP 	image_2_4: autoDraw = False
445.4214 	EXP 	trial_fixation_2_5: autoDraw = True
445.9212 	EXP 	trial_fixation_2_5: autoDraw = False
445.9212 	EXP 	image_2_5: autoDraw = True
447.5724 	DATA 	Keypress: 2
447.9207 	EXP 	image_2_5: autoDraw = False
447.9207 	EXP 	trial_fixation_2_6: autoDraw = True
448.4211 	EXP 	trial_fixation_2_6: autoDraw = False
448.4211 	EXP 	image_2_6: autoDraw = True
449.3221 	DATA 	Keypress: 2
450.4197 	EXP 	image_2_6: autoDraw = False
450.4197 	EXP 	trial_fixation_2_7: autoDraw = True
450.9199 	EXP 	trial_fixation_2_7: autoDraw = False
450.9199 	EXP 	image_2_7: autoDraw = True
452.1212 	DATA 	Keypress: 2
452.9193 	EXP 	image_2_7: autoDraw = False
452.9193 	EXP 	trial_fixation_2_8: autoDraw = True
453.4197 	EXP 	trial_fixation_2_8: autoDraw = False
453.4197 	EXP 	image_2_8: autoDraw = True
454.0709 	DATA 	Keypress: 2
455.4188 	EXP 	image_2_8: autoDraw = False
455.4188 	EXP 	trial_fixation_2_9: autoDraw = True
455.9192 	EXP 	trial_fixation_2_9: autoDraw = False
455.9192 	EXP 	image_2_9: autoDraw = True
456.7034 	DATA 	Keypress: 2
457.9181 	EXP 	image_2_9: autoDraw = False
457.9181 	EXP 	trial_fixation_2_10: autoDraw = True
458.4180 	EXP 	trial_fixation_2_10: autoDraw = False
458.4180 	EXP 	image_2_10: autoDraw = True
460.0193 	DATA 	Keypress: 2
460.4178 	EXP 	image_2_10: autoDraw = False
460.4178 	EXP 	prep_instr_2: autoDraw = False
460.4178 	EXP 	target_2: autoDraw = False
460.4178 	EXP 	trial_fixation_2_1: autoDraw = False
460.4178 	EXP 	image_2_1: autoDraw = False
460.4178 	EXP 	trial_fixation_2_2: autoDraw = False
460.4178 	EXP 	image_2_2: autoDraw = False
460.4178 	EXP 	trial_fixation_2_3: autoDraw = False
460.4178 	EXP 	image_2_3: autoDraw = False
460.4178 	EXP 	trial_fixation_2_4: autoDraw = False
460.4178 	EXP 	image_2_4: autoDraw = False
460.4178 	EXP 	trial_fixation_2_5: autoDraw = False
460.4178 	EXP 	image_2_5: autoDraw = False
460.4178 	EXP 	trial_fixation_2_6: autoDraw = False
460.4178 	EXP 	image_2_6: autoDraw = False
460.4178 	EXP 	trial_fixation_2_7: autoDraw = False
460.4178 	EXP 	image_2_7: autoDraw = False
460.4178 	EXP 	trial_fixation_2_8: autoDraw = False
460.4178 	EXP 	image_2_8: autoDraw = False
460.4178 	EXP 	trial_fixation_2_9: autoDraw = False
460.4178 	EXP 	image_2_9: autoDraw = False
460.4178 	EXP 	trial_fixation_2_10: autoDraw = False
460.4178 	EXP 	image_2_10: autoDraw = False
460.4178 	EXP 	rest_txt: autoDraw = True
462.6352 	DATA 	Keypress: 2
475.4146 	EXP 	New trial (rep=6, index=0): None
475.4643 	EXP 	rest_txt: autoDraw = False
475.4643 	EXP 	rest_txt: autoDraw = False
475.4643 	EXP 	prep_instr_1: text = '目標'
475.4643 	EXP 	target_1: image = 'nback_stimuli/TO_091_TOOL91_BA.png'
475.4643 	EXP 	image_1_1: image = 'nback_stimuli/TO_095_TOOL95_BA.png'
475.4643 	EXP 	image_1_2: image = 'nback_stimuli/TO_092_TOOL92_BA.png'
475.4643 	EXP 	image_1_3: image = 'nback_stimuli/TO_093_TOOL93_BA.png'
475.4643 	EXP 	image_1_4: image = 'nback_stimuli/TO_096_TOOL96_BA.png'
475.4643 	EXP 	image_1_5: image = 'nback_stimuli/TO_093_TOOL93_BA.png'
475.4643 	EXP 	image_1_6: image = 'nback_stimuli/TO_091_TOOL91_BA.png'
475.4643 	EXP 	image_1_7: image = 'nback_stimuli/TO_094_TOOL94_BA.png'
475.4643 	EXP 	image_1_8: image = 'nback_stimuli/TO_096_TOOL96_BA.png'
475.4643 	EXP 	image_1_9: image = 'nback_stimuli/TO_095_TOOL95_BA.png'
475.4643 	EXP 	image_1_10: image = 'nback_stimuli/TO_091_TOOL91_BA.png'
475.4643 	EXP 	prep_instr_1: autoDraw = True
475.4643 	EXP 	target_1: autoDraw = True
477.9467 	EXP 	prep_instr_1: autoDraw = False
477.9467 	EXP 	target_1: autoDraw = False
477.9467 	EXP 	trial_fixation_1_1: autoDraw = True
478.4467 	EXP 	trial_fixation_1_1: autoDraw = False
478.4467 	EXP 	image_1_1: autoDraw = True
479.2642 	DATA 	Keypress: 2
480.4458 	EXP 	image_1_1: autoDraw = False
480.4458 	EXP 	trial_fixation_1_2: autoDraw = True
480.9462 	EXP 	trial_fixation_1_2: autoDraw = False
480.9462 	EXP 	image_1_2: autoDraw = True
482.1972 	DATA 	Keypress: 2
482.9453 	EXP 	image_1_2: autoDraw = False
482.9453 	EXP 	trial_fixation_1_3: autoDraw = True
483.4456 	EXP 	trial_fixation_1_3: autoDraw = False
483.4456 	EXP 	image_1_3: autoDraw = True
485.4445 	EXP 	image_1_3: autoDraw = False
485.4445 	EXP 	trial_fixation_1_4: autoDraw = True
485.8295 	DATA 	Keypress: 2
485.9448 	EXP 	trial_fixation_1_4: autoDraw = False
485.9448 	EXP 	image_1_4: autoDraw = True
486.3129 	DATA 	Keypress: 2
487.9443 	EXP 	image_1_4: autoDraw = False
487.9443 	EXP 	trial_fixation_1_5: autoDraw = True
488.4441 	EXP 	trial_fixation_1_5: autoDraw = False
488.4441 	EXP 	image_1_5: autoDraw = True
490.4432 	EXP 	image_1_5: autoDraw = False
490.4432 	EXP 	trial_fixation_1_6: autoDraw = True
490.5779 	DATA 	Keypress: 2
490.9437 	EXP 	trial_fixation_1_6: autoDraw = False
490.9437 	EXP 	image_1_6: autoDraw = True
491.2777 	DATA 	Keypress: 2
492.9429 	EXP 	image_1_6: autoDraw = False
492.9429 	EXP 	trial_fixation_1_7: autoDraw = True
493.4429 	EXP 	trial_fixation_1_7: autoDraw = False
493.4429 	EXP 	image_1_7: autoDraw = True
494.2611 	DATA 	Keypress: 2
495.4421 	EXP 	image_1_7: autoDraw = False
495.4421 	EXP 	trial_fixation_1_8: autoDraw = True
495.9422 	EXP 	trial_fixation_1_8: autoDraw = False
495.9422 	EXP 	image_1_8: autoDraw = True
496.9768 	DATA 	Keypress: 2
497.9418 	EXP 	image_1_8: autoDraw = False
497.9418 	EXP 	trial_fixation_1_9: autoDraw = True
498.4415 	EXP 	trial_fixation_1_9: autoDraw = False
498.4415 	EXP 	image_1_9: autoDraw = True
500.4408 	EXP 	image_1_9: autoDraw = False
500.4408 	EXP 	trial_fixation_1_10: autoDraw = True
500.9409 	EXP 	trial_fixation_1_10: autoDraw = False
500.9409 	EXP 	image_1_10: autoDraw = True
501.8589 	DATA 	Keypress: 2
502.9997 	EXP 	image_1_10: autoDraw = False
502.9997 	EXP 	prep_instr_1: autoDraw = False
502.9997 	EXP 	target_1: autoDraw = False
502.9997 	EXP 	trial_fixation_1_1: autoDraw = False
502.9997 	EXP 	image_1_1: autoDraw = False
502.9997 	EXP 	trial_fixation_1_2: autoDraw = False
502.9997 	EXP 	image_1_2: autoDraw = False
502.9997 	EXP 	trial_fixation_1_3: autoDraw = False
502.9997 	EXP 	image_1_3: autoDraw = False
502.9997 	EXP 	trial_fixation_1_4: autoDraw = False
502.9997 	EXP 	image_1_4: autoDraw = False
502.9997 	EXP 	trial_fixation_1_5: autoDraw = False
502.9997 	EXP 	image_1_5: autoDraw = False
502.9997 	EXP 	trial_fixation_1_6: autoDraw = False
502.9997 	EXP 	image_1_6: autoDraw = False
502.9997 	EXP 	trial_fixation_1_7: autoDraw = False
502.9997 	EXP 	image_1_7: autoDraw = False
502.9997 	EXP 	trial_fixation_1_8: autoDraw = False
502.9997 	EXP 	image_1_8: autoDraw = False
502.9997 	EXP 	trial_fixation_1_9: autoDraw = False
502.9997 	EXP 	image_1_9: autoDraw = False
502.9997 	EXP 	trial_fixation_1_10: autoDraw = False
502.9997 	EXP 	image_1_10: autoDraw = False
502.9997 	EXP 	prep_instr_2: height = 0.1
502.9997 	EXP 	prep_instr_2: height = 0.1
502.9997 	EXP 	prep_instr_2: height = 0.1
502.9997 	EXP 	prep_instr_2: text = '目標'
502.9997 	EXP 	target_2: image = 'nback_stimuli/PL_095_O65.1.png'
502.9997 	EXP 	image_2_1: image = 'nback_stimuli/PL_097_O75.1.png'
502.9997 	EXP 	image_2_2: image = 'nback_stimuli/PL_098_O80.1.png'
502.9997 	EXP 	image_2_3: image = 'nback_stimuli/PL_097_O75.1.png'
502.9997 	EXP 	image_2_4: image = 'nback_stimuli/PL_098_O80.1.png'
502.9997 	EXP 	image_2_5: image = 'nback_stimuli/PL_095_O65.1.png'
502.9997 	EXP 	image_2_6: image = 'nback_stimuli/PL_096_O69.1.png'
502.9997 	EXP 	image_2_7: image = 'nback_stimuli/PL_095_O65.1.png'
502.9997 	EXP 	image_2_8: image = 'nback_stimuli/PL_096_O69.1.png'
502.9997 	EXP 	image_2_9: image = 'nback_stimuli/PL_099_O81.1.png'
502.9997 	EXP 	image_2_10: image = 'nback_stimuli/PL_100_O82.1.png'
502.9997 	EXP 	prep_instr_2: autoDraw = True
502.9997 	EXP 	target_2: autoDraw = True
505.4729 	EXP 	prep_instr_2: autoDraw = False
505.4729 	EXP 	target_2: autoDraw = False
505.4729 	EXP 	trial_fixation_2_1: autoDraw = True
505.9736 	EXP 	trial_fixation_2_1: autoDraw = False
505.9736 	EXP 	image_2_1: autoDraw = True
506.5124 	DATA 	Keypress: 2
507.9727 	EXP 	image_2_1: autoDraw = False
507.9727 	EXP 	trial_fixation_2_2: autoDraw = True
508.4724 	EXP 	trial_fixation_2_2: autoDraw = False
508.4724 	EXP 	image_2_2: autoDraw = True
508.8404 	DATA 	Keypress: 2
510.4720 	EXP 	image_2_2: autoDraw = False
510.4720 	EXP 	trial_fixation_2_3: autoDraw = True
510.9719 	EXP 	trial_fixation_2_3: autoDraw = False
510.9719 	EXP 	image_2_3: autoDraw = True
512.1400 	DATA 	Keypress: 2
512.9709 	EXP 	image_2_3: autoDraw = False
512.9709 	EXP 	trial_fixation_2_4: autoDraw = True
513.4712 	EXP 	trial_fixation_2_4: autoDraw = False
513.4712 	EXP 	image_2_4: autoDraw = True
515.4706 	EXP 	image_2_4: autoDraw = False
515.4706 	EXP 	trial_fixation_2_5: autoDraw = True
515.9705 	EXP 	trial_fixation_2_5: autoDraw = False
515.9705 	EXP 	image_2_5: autoDraw = True
517.5385 	DATA 	Keypress: 2
517.9698 	EXP 	image_2_5: autoDraw = False
517.9698 	EXP 	trial_fixation_2_6: autoDraw = True
518.4699 	EXP 	trial_fixation_2_6: autoDraw = False
518.4699 	EXP 	image_2_6: autoDraw = True
520.1211 	DATA 	Keypress: 2
520.4694 	EXP 	image_2_6: autoDraw = False
520.4694 	EXP 	trial_fixation_2_7: autoDraw = True
520.9698 	EXP 	trial_fixation_2_7: autoDraw = False
520.9698 	EXP 	image_2_7: autoDraw = True
522.0707 	DATA 	Keypress: 2
522.9686 	EXP 	image_2_7: autoDraw = False
522.9686 	EXP 	trial_fixation_2_8: autoDraw = True
523.4687 	EXP 	trial_fixation_2_8: autoDraw = False
523.4687 	EXP 	image_2_8: autoDraw = True
524.8696 	DATA 	Keypress: 2
525.4680 	EXP 	image_2_8: autoDraw = False
525.4680 	EXP 	trial_fixation_2_9: autoDraw = True
525.9683 	EXP 	trial_fixation_2_9: autoDraw = False
525.9683 	EXP 	image_2_9: autoDraw = True
527.9672 	EXP 	image_2_9: autoDraw = False
527.9672 	EXP 	trial_fixation_2_10: autoDraw = True
528.4676 	EXP 	trial_fixation_2_10: autoDraw = False
528.4676 	EXP 	image_2_10: autoDraw = True
528.6023 	DATA 	Keypress: 2
529.1851 	DATA 	Keypress: 2
530.4670 	EXP 	image_2_10: autoDraw = False
530.4670 	EXP 	prep_instr_2: autoDraw = False
530.4670 	EXP 	target_2: autoDraw = False
530.4670 	EXP 	trial_fixation_2_1: autoDraw = False
530.4670 	EXP 	image_2_1: autoDraw = False
530.4670 	EXP 	trial_fixation_2_2: autoDraw = False
530.4670 	EXP 	image_2_2: autoDraw = False
530.4670 	EXP 	trial_fixation_2_3: autoDraw = False
530.4670 	EXP 	image_2_3: autoDraw = False
530.4670 	EXP 	trial_fixation_2_4: autoDraw = False
530.4670 	EXP 	image_2_4: autoDraw = False
530.4670 	EXP 	trial_fixation_2_5: autoDraw = False
530.4670 	EXP 	image_2_5: autoDraw = False
530.4670 	EXP 	trial_fixation_2_6: autoDraw = False
530.4670 	EXP 	image_2_6: autoDraw = False
530.4670 	EXP 	trial_fixation_2_7: autoDraw = False
530.4670 	EXP 	image_2_7: autoDraw = False
530.4670 	EXP 	trial_fixation_2_8: autoDraw = False
530.4670 	EXP 	image_2_8: autoDraw = False
530.4670 	EXP 	trial_fixation_2_9: autoDraw = False
530.4670 	EXP 	image_2_9: autoDraw = False
530.4670 	EXP 	trial_fixation_2_10: autoDraw = False
530.4670 	EXP 	image_2_10: autoDraw = False
530.4670 	EXP 	rest_txt: autoDraw = True
545.4636 	EXP 	New trial (rep=7, index=0): None
545.5332 	EXP 	rest_txt: autoDraw = False
545.5332 	EXP 	rest_txt: autoDraw = False
545.5332 	EXP 	prep_instr_1: height = 0.1
545.5332 	EXP 	prep_instr_1: height = 0.1
545.5332 	EXP 	prep_instr_1: height = 0.1
545.5332 	EXP 	prep_instr_1: text = '兩項之前'
545.5332 	EXP 	target_1: image = 'nback_stimuli/BP_094_BODY_36_BA.png'
545.5332 	EXP 	image_1_1: image = 'nback_stimuli/BP_094_BODY_36_BA.png'
545.5332 	EXP 	image_1_2: image = 'nback_stimuli/BP_093_BODY_35_BA.png'
545.5332 	EXP 	image_1_3: image = 'nback_stimuli/BP_095_BODY_37_BA.png'
545.5332 	EXP 	image_1_4: image = 'nback_stimuli/BP_095_BODY_37_BA.png'
545.5332 	EXP 	image_1_5: image = 'nback_stimuli/BP_094_BODY_36_BA.png'
545.5332 	EXP 	image_1_6: image = 'nback_stimuli/BP_097_BODY_39_BA.png'
545.5332 	EXP 	image_1_7: image = 'nback_stimuli/BP_092_BODY_33_BA.png'
545.5332 	EXP 	image_1_8: image = 'nback_stimuli/BP_097_BODY_39_BA.png'
545.5332 	EXP 	image_1_9: image = 'nback_stimuli/BP_092_BODY_33_BA.png'
545.5332 	EXP 	image_1_10: image = 'nback_stimuli/BP_096_BODY_38_BA.png'
545.5332 	EXP 	prep_instr_1: autoDraw = True
545.5332 	EXP 	target_1: autoDraw = True
548.0125 	EXP 	prep_instr_1: autoDraw = False
548.0125 	EXP 	target_1: autoDraw = False
548.0125 	EXP 	trial_fixation_1_1: autoDraw = True
548.5129 	EXP 	trial_fixation_1_1: autoDraw = False
548.5129 	EXP 	image_1_1: autoDraw = True
549.2807 	DATA 	Keypress: 2
549.6973 	DATA 	Keypress: 2
550.5121 	EXP 	image_1_1: autoDraw = False
550.5121 	EXP 	trial_fixation_1_2: autoDraw = True
551.0121 	EXP 	trial_fixation_1_2: autoDraw = False
551.0121 	EXP 	image_1_2: autoDraw = True
551.9135 	DATA 	Keypress: 2
553.0115 	EXP 	image_1_2: autoDraw = False
553.0115 	EXP 	trial_fixation_1_3: autoDraw = True
553.5117 	EXP 	trial_fixation_1_3: autoDraw = False
553.5117 	EXP 	image_1_3: autoDraw = True
554.1456 	DATA 	Keypress: 2
555.5108 	EXP 	image_1_3: autoDraw = False
555.5108 	EXP 	trial_fixation_1_4: autoDraw = True
556.0112 	EXP 	trial_fixation_1_4: autoDraw = False
556.0112 	EXP 	image_1_4: autoDraw = True
556.8788 	DATA 	Keypress: 2
556.9454 	DATA 	Keypress: 1
558.0104 	EXP 	image_1_4: autoDraw = False
558.0104 	EXP 	trial_fixation_1_5: autoDraw = True
558.5101 	EXP 	trial_fixation_1_5: autoDraw = False
558.5101 	EXP 	image_1_5: autoDraw = True
558.9449 	DATA 	Keypress: 1
560.5096 	EXP 	image_1_5: autoDraw = False
560.5096 	EXP 	trial_fixation_1_6: autoDraw = True
561.0097 	EXP 	trial_fixation_1_6: autoDraw = False
561.0097 	EXP 	image_1_6: autoDraw = True
561.3111 	DATA 	Keypress: 2
563.0091 	EXP 	image_1_6: autoDraw = False
563.0091 	EXP 	trial_fixation_1_7: autoDraw = True
563.5092 	EXP 	trial_fixation_1_7: autoDraw = False
563.5092 	EXP 	image_1_7: autoDraw = True
563.9603 	DATA 	Keypress: 2
565.5086 	EXP 	image_1_7: autoDraw = False
565.5086 	EXP 	trial_fixation_1_8: autoDraw = True
566.0089 	EXP 	trial_fixation_1_8: autoDraw = False
566.0089 	EXP 	image_1_8: autoDraw = True
566.4098 	DATA 	Keypress: 2
568.0075 	EXP 	image_1_8: autoDraw = False
568.0075 	EXP 	trial_fixation_1_9: autoDraw = True
568.5080 	EXP 	trial_fixation_1_9: autoDraw = False
568.5080 	EXP 	image_1_9: autoDraw = True
568.8922 	DATA 	Keypress: 2
570.5069 	EXP 	image_1_9: autoDraw = False
570.5069 	EXP 	trial_fixation_1_10: autoDraw = True
571.0091 	EXP 	trial_fixation_1_10: autoDraw = False
571.0091 	EXP 	image_1_10: autoDraw = True
571.3918 	DATA 	Keypress: 2
573.0949 	EXP 	image_1_10: autoDraw = False
573.0949 	EXP 	prep_instr_1: autoDraw = False
573.0949 	EXP 	target_1: autoDraw = False
573.0949 	EXP 	trial_fixation_1_1: autoDraw = False
573.0949 	EXP 	image_1_1: autoDraw = False
573.0949 	EXP 	trial_fixation_1_2: autoDraw = False
573.0949 	EXP 	image_1_2: autoDraw = False
573.0949 	EXP 	trial_fixation_1_3: autoDraw = False
573.0949 	EXP 	image_1_3: autoDraw = False
573.0949 	EXP 	trial_fixation_1_4: autoDraw = False
573.0949 	EXP 	image_1_4: autoDraw = False
573.0949 	EXP 	trial_fixation_1_5: autoDraw = False
573.0949 	EXP 	image_1_5: autoDraw = False
573.0949 	EXP 	trial_fixation_1_6: autoDraw = False
573.0949 	EXP 	image_1_6: autoDraw = False
573.0949 	EXP 	trial_fixation_1_7: autoDraw = False
573.0949 	EXP 	image_1_7: autoDraw = False
573.0949 	EXP 	trial_fixation_1_8: autoDraw = False
573.0949 	EXP 	image_1_8: autoDraw = False
573.0949 	EXP 	trial_fixation_1_9: autoDraw = False
573.0949 	EXP 	image_1_9: autoDraw = False
573.0949 	EXP 	trial_fixation_1_10: autoDraw = False
573.0949 	EXP 	image_1_10: autoDraw = False
573.0949 	EXP 	prep_instr_2: text = '目標'
573.0949 	EXP 	target_2: image = 'nback_stimuli/FC_092_F46.png'
573.0949 	EXP 	image_2_1: image = 'nback_stimuli/FC_092_F46.png'
573.0949 	EXP 	image_2_2: image = 'nback_stimuli/FC_096_F48.png'
573.0949 	EXP 	image_2_3: image = 'nback_stimuli/FC_095_M48.png'
573.0949 	EXP 	image_2_4: image = 'nback_stimuli/FC_094_F47.png'
573.0949 	EXP 	image_2_5: image = 'nback_stimuli/FC_092_F46.png'
573.0949 	EXP 	image_2_6: image = 'nback_stimuli/FC_093_M47.png'
573.0949 	EXP 	image_2_7: image = 'nback_stimuli/FC_091_M46.png'
573.0949 	EXP 	image_2_8: image = 'nback_stimuli/FC_091_M46.png'
573.0949 	EXP 	image_2_9: image = 'nback_stimuli/FC_095_M48.png'
573.0949 	EXP 	image_2_10: image = 'nback_stimuli/FC_096_F48.png'
573.0949 	EXP 	prep_instr_2: autoDraw = True
573.0949 	EXP 	target_2: autoDraw = True
575.5726 	EXP 	prep_instr_2: autoDraw = False
575.5726 	EXP 	target_2: autoDraw = False
575.5726 	EXP 	trial_fixation_2_1: autoDraw = True
576.0728 	EXP 	trial_fixation_2_1: autoDraw = False
576.0728 	EXP 	image_2_1: autoDraw = True
576.5239 	DATA 	Keypress: 1
578.0720 	EXP 	image_2_1: autoDraw = False
578.0720 	EXP 	trial_fixation_2_2: autoDraw = True
578.5718 	EXP 	trial_fixation_2_2: autoDraw = False
578.5718 	EXP 	image_2_2: autoDraw = True
579.2566 	DATA 	Keypress: 2
580.5711 	EXP 	image_2_2: autoDraw = False
580.5711 	EXP 	trial_fixation_2_3: autoDraw = True
581.0712 	EXP 	trial_fixation_2_3: autoDraw = False
581.0712 	EXP 	image_2_3: autoDraw = True
581.6892 	DATA 	Keypress: 2
583.0707 	EXP 	image_2_3: autoDraw = False
583.0707 	EXP 	trial_fixation_2_4: autoDraw = True
583.5708 	EXP 	trial_fixation_2_4: autoDraw = False
583.5708 	EXP 	image_2_4: autoDraw = True
584.1215 	DATA 	Keypress: 2
585.5701 	EXP 	image_2_4: autoDraw = False
585.5701 	EXP 	trial_fixation_2_5: autoDraw = True
586.0702 	EXP 	trial_fixation_2_5: autoDraw = False
586.0702 	EXP 	image_2_5: autoDraw = True
586.7046 	DATA 	Keypress: 1
588.0692 	EXP 	image_2_5: autoDraw = False
588.0692 	EXP 	trial_fixation_2_6: autoDraw = True
588.5696 	EXP 	trial_fixation_2_6: autoDraw = False
588.5696 	EXP 	image_2_6: autoDraw = True
589.0539 	DATA 	Keypress: 2
590.5687 	EXP 	image_2_6: autoDraw = False
590.5687 	EXP 	trial_fixation_2_7: autoDraw = True
591.0690 	EXP 	trial_fixation_2_7: autoDraw = False
591.0690 	EXP 	image_2_7: autoDraw = True
591.4870 	DATA 	Keypress: 2
593.0680 	EXP 	image_2_7: autoDraw = False
593.0680 	EXP 	trial_fixation_2_8: autoDraw = True
593.5687 	EXP 	trial_fixation_2_8: autoDraw = False
593.5687 	EXP 	image_2_8: autoDraw = True
594.0026 	DATA 	Keypress: 2
595.5676 	EXP 	image_2_8: autoDraw = False
595.5676 	EXP 	trial_fixation_2_9: autoDraw = True
596.0677 	EXP 	trial_fixation_2_9: autoDraw = False
596.0677 	EXP 	image_2_9: autoDraw = True
596.5853 	DATA 	Keypress: 2
598.0672 	EXP 	image_2_9: autoDraw = False
598.0672 	EXP 	trial_fixation_2_10: autoDraw = True
598.5670 	EXP 	trial_fixation_2_10: autoDraw = False
598.5670 	EXP 	image_2_10: autoDraw = True
599.3685 	DATA 	Keypress: 2
600.5665 	EXP 	image_2_10: autoDraw = False
600.5665 	EXP 	prep_instr_2: autoDraw = False
600.5665 	EXP 	target_2: autoDraw = False
600.5665 	EXP 	trial_fixation_2_1: autoDraw = False
600.5665 	EXP 	image_2_1: autoDraw = False
600.5665 	EXP 	trial_fixation_2_2: autoDraw = False
600.5665 	EXP 	image_2_2: autoDraw = False
600.5665 	EXP 	trial_fixation_2_3: autoDraw = False
600.5665 	EXP 	image_2_3: autoDraw = False
600.5665 	EXP 	trial_fixation_2_4: autoDraw = False
600.5665 	EXP 	image_2_4: autoDraw = False
600.5665 	EXP 	trial_fixation_2_5: autoDraw = False
600.5665 	EXP 	image_2_5: autoDraw = False
600.5665 	EXP 	trial_fixation_2_6: autoDraw = False
600.5665 	EXP 	image_2_6: autoDraw = False
600.5665 	EXP 	trial_fixation_2_7: autoDraw = False
600.5665 	EXP 	image_2_7: autoDraw = False
600.5665 	EXP 	trial_fixation_2_8: autoDraw = False
600.5665 	EXP 	image_2_8: autoDraw = False
600.5665 	EXP 	trial_fixation_2_9: autoDraw = False
600.5665 	EXP 	image_2_9: autoDraw = False
600.5665 	EXP 	trial_fixation_2_10: autoDraw = False
600.5665 	EXP 	image_2_10: autoDraw = False
600.5665 	EXP 	rest_txt: autoDraw = True
615.5794 	EXP 	rest_txt: autoDraw = False
615.5794 	EXP 	rest_txt: autoDraw = False
615.5794 	EXP 	end_txt: autoDraw = True
617.3303 	DATA 	Keypress: q
617.3457 	EXP 	end_txt: autoDraw = False
620.4466 	EXP 	window1: mouseVisible = True
