2.4010 	WARNING 	Speech-to-text recognition module for PocketSphinx is not available (use command `pip install SpeechRecognition` to get it). Transcription will be unavailable using that service this session.
2.4017 	WARNING 	Speech-to-text recognition using Google online services is not available (use command `pip install google-api-core google-auth google-cloud google-cloud-speech googleapis-common-protos` to get it). Transcription will be unavailable using that service this session.
8.3850 	EXP 	Created window1 = Window(allowGUI=True, allowStencil=False, autoLog=True, backendConf=UNKNOWN, backgroundFit=<method-wrapper '__getattribute__' of attributeSetter object at 0x000001F93361B250>, backgroundImage=<method-wrapper '__getattribute__' of attributeSetter object at 0x000001F93361B1F0>, bitsMode=UNKNOWN, blendMode='avg', bpc=(8, 8, 8), color=array([-1, -1, -1]), colorSpace='rgb', depthBits=8, fullscr=<method-wrapper '__getattribute__' of attributeSetter object at 0x000001F93360FCD0>, gamma=None, gammaErrorPolicy='raise', lms=UNKNOWN, monitor=<psychopy.monitors.calibTools.Monitor object at 0x000001F9BD52D5B0>, multiSample=False, name='window1', numSamples=2, pos=(0, 0), screen=0, size=array([1680, 1050]), stencilBits=0, stereo=False, units='height', useFBO=True, useRetina=False, viewOri=0.0, viewPos=None, viewScale=None, waitBlanking=True, winType='pyglet')
8.3851 	EXP 	window1: mouseVisible = True
8.3852 	EXP 	window1: backgroundImage = ''
8.3852 	EXP 	window1: backgroundFit = 'none'
8.3853 	EXP 	window1: mouseVisible = False
8.3853 	EXP 	window1: Attempting to measure frame rate of screen (0) ...
8.3853 	EXP 	window1: recordFrameIntervals = False
8.5510 	EXP 	window1: recordFrameIntervals = True
8.7351 	EXP 	Screen (0) actual frame rate measured at 59.86Hz
8.7351 	EXP 	window1: recordFrameIntervals = False
12.4413 	EXP 	Created trigger_txt = TextStim(__class__=<class 'psychopy.visual.text.TextStim'>, alignHoriz=method-wrapper(...), alignText='center', alignVert=method-wrapper(...), anchorHoriz='center', anchorVert='center', antialias=True, autoDraw=False, autoLog=True, bold=False, color=array([1., 1., 1.]), colorSpace='rgb', contrast=1.0, depth=-1.0, flipHoriz=False, flipVert=False, font='Songti SC', fontFiles=[], height=0.05, italic=False, languageStyle='LTR', name='trigger_txt', opacity=1.0, ori=0.0, pos=array([0., 0.]), rgb=UNKNOWN, text='實驗即將開始', units='height', win=Window(...), wrapWidth=1)
12.4695 	EXP 	Created instr_txt = TextStim(__class__=<class 'psychopy.visual.text.TextStim'>, alignHoriz=method-wrapper(...), alignText='center', alignVert=method-wrapper(...), anchorHoriz='center', anchorVert='center', antialias=True, autoDraw=False, autoLog=True, bold=False, color=array([1., 1., 1.]), colorSpace='rgb', contrast=1.0, depth=0.0, flipHoriz=False, flipVert=False, font='Songti SC', fontFiles=[], height=0.05, italic=False, languageStyle='LTR', name='instr_txt', opacity=1.0, ori=0.0, pos=array([0., 0.]), rgb=UNKNOWN, text=str(...), units='height', win=Window(...), wrapWidth=1)
12.4712 	EXP 	Created prep_instr_1 = TextStim(__class__=<class 'psychopy.visual.text.TextStim'>, alignHoriz=method-wrapper(...), alignText='center', alignVert=method-wrapper(...), anchorHoriz='center', anchorVert='center', antialias=True, autoDraw=False, autoLog=True, bold=False, color=array([1., 1., 1.]), colorSpace='rgb', contrast=1.0, depth=-1.0, flipHoriz=False, flipVert=False, font='Songti SC', fontFiles=[], height=0.1, italic=False, languageStyle='LTR', name='prep_instr_1', opacity=1.0, ori=0.0, pos=array([0., 0.]), rgb=UNKNOWN, text='', units='height', win=Window(...), wrapWidth=1)
12.4862 	EXP 	Created target_1 = ImageStim(__class__=<class 'psychopy.visual.image.ImageStim'>, anchor=('center', 'center'), autoLog=True, color=array([1., 1., 1.]), colorSpace='rgb', contrast=1.0, depth=-2.0, flipHoriz=False, flipVert=False, image='default.png', interpolate=True, mask=None, maskParams=None, name='target_1', opacity=1.0, ori=0.0, pos=array([0., 0.]), size=array([0.5, 0.5]), texRes=128.0, units='height', win=Window(...))
12.4927 	EXP 	Created trial_fixation_1_1 = TextStim(__class__=<class 'psychopy.visual.text.TextStim'>, alignHoriz=method-wrapper(...), alignText='center', alignVert=method-wrapper(...), anchorHoriz='center', anchorVert='center', antialias=True, autoDraw=False, autoLog=True, bold=False, color=array([1., 1., 1.]), colorSpace='rgb', contrast=1.0, depth=-3.0, flipHoriz=False, flipVert=False, font='Open Sans', fontFiles=[], height=0.15, italic=False, languageStyle='LTR', name='trial_fixation_1_1', opacity=1.0, ori=0.0, pos=array([0., 0.]), rgb=UNKNOWN, text='+', units='height', win=Window(...), wrapWidth=1)
12.5042 	EXP 	Created image_1_1 = ImageStim(__class__=<class 'psychopy.visual.image.ImageStim'>, anchor=('center', 'center'), autoLog=True, color=array([1., 1., 1.]), colorSpace='rgb', contrast=1.0, depth=-4.0, flipHoriz=False, flipVert=False, image='default.png', interpolate=True, mask=None, maskParams=None, name='image_1_1', opacity=1.0, ori=0.0, pos=array([0., 0.]), size=array([0.5, 0.5]), texRes=128.0, units='height', win=Window(...))
12.5076 	EXP 	Created trial_fixation_1_2 = TextStim(__class__=<class 'psychopy.visual.text.TextStim'>, alignHoriz=method-wrapper(...), alignText='center', alignVert=method-wrapper(...), anchorHoriz='center', anchorVert='center', antialias=True, autoDraw=False, autoLog=True, bold=False, color=array([1., 1., 1.]), colorSpace='rgb', contrast=1.0, depth=-6.0, flipHoriz=False, flipVert=False, font='Open Sans', fontFiles=[], height=0.15, italic=False, languageStyle='LTR', name='trial_fixation_1_2', opacity=1.0, ori=0.0, pos=array([0., 0.]), rgb=UNKNOWN, text='+', units='height', win=Window(...), wrapWidth=1)
12.5189 	EXP 	Created image_1_2 = ImageStim(__class__=<class 'psychopy.visual.image.ImageStim'>, anchor=('center', 'center'), autoLog=True, color=array([1., 1., 1.]), colorSpace='rgb', contrast=1.0, depth=-7.0, flipHoriz=False, flipVert=False, image='default.png', interpolate=True, mask=None, maskParams=None, name='image_1_2', opacity=1.0, ori=0.0, pos=array([0., 0.]), size=array([0.5, 0.5]), texRes=128.0, units='height', win=Window(...))
12.5214 	EXP 	Created trial_fixation_1_3 = TextStim(__class__=<class 'psychopy.visual.text.TextStim'>, alignHoriz=method-wrapper(...), alignText='center', alignVert=method-wrapper(...), anchorHoriz='center', anchorVert='center', antialias=True, autoDraw=False, autoLog=True, bold=False, color=array([1., 1., 1.]), colorSpace='rgb', contrast=1.0, depth=-9.0, flipHoriz=False, flipVert=False, font='Open Sans', fontFiles=[], height=0.15, italic=False, languageStyle='LTR', name='trial_fixation_1_3', opacity=1.0, ori=0.0, pos=array([0., 0.]), rgb=UNKNOWN, text='+', units='height', win=Window(...), wrapWidth=1)
12.5344 	EXP 	Created image_1_3 = ImageStim(__class__=<class 'psychopy.visual.image.ImageStim'>, anchor=('center', 'center'), autoLog=True, color=array([1., 1., 1.]), colorSpace='rgb', contrast=1.0, depth=-10.0, flipHoriz=False, flipVert=False, image='default.png', interpolate=True, mask=None, maskParams=None, name='image_1_3', opacity=1.0, ori=0.0, pos=array([0., 0.]), size=array([0.5, 0.5]), texRes=128.0, units='height', win=Window(...))
12.5369 	EXP 	Created trial_fixation_1_4 = TextStim(__class__=<class 'psychopy.visual.text.TextStim'>, alignHoriz=method-wrapper(...), alignText='center', alignVert=method-wrapper(...), anchorHoriz='center', anchorVert='center', antialias=True, autoDraw=False, autoLog=True, bold=False, color=array([1., 1., 1.]), colorSpace='rgb', contrast=1.0, depth=-12.0, flipHoriz=False, flipVert=False, font='Open Sans', fontFiles=[], height=0.15, italic=False, languageStyle='LTR', name='trial_fixation_1_4', opacity=1.0, ori=0.0, pos=array([0., 0.]), rgb=UNKNOWN, text='+', units='height', win=Window(...), wrapWidth=1)
12.5497 	EXP 	Created image_1_4 = ImageStim(__class__=<class 'psychopy.visual.image.ImageStim'>, anchor=('center', 'center'), autoLog=True, color=array([1., 1., 1.]), colorSpace='rgb', contrast=1.0, depth=-13.0, flipHoriz=False, flipVert=False, image='default.png', interpolate=True, mask=None, maskParams=None, name='image_1_4', opacity=1.0, ori=0.0, pos=array([0., 0.]), size=array([0.5, 0.5]), texRes=128.0, units='height', win=Window(...))
12.5521 	EXP 	Created trial_fixation_1_5 = TextStim(__class__=<class 'psychopy.visual.text.TextStim'>, alignHoriz=method-wrapper(...), alignText='center', alignVert=method-wrapper(...), anchorHoriz='center', anchorVert='center', antialias=True, autoDraw=False, autoLog=True, bold=False, color=array([1., 1., 1.]), colorSpace='rgb', contrast=1.0, depth=-15.0, flipHoriz=False, flipVert=False, font='Open Sans', fontFiles=[], height=0.15, italic=False, languageStyle='LTR', name='trial_fixation_1_5', opacity=1.0, ori=0.0, pos=array([0., 0.]), rgb=UNKNOWN, text='+', units='height', win=Window(...), wrapWidth=1)
12.5652 	EXP 	Created image_1_5 = ImageStim(__class__=<class 'psychopy.visual.image.ImageStim'>, anchor=('center', 'center'), autoLog=True, color=array([1., 1., 1.]), colorSpace='rgb', contrast=1.0, depth=-16.0, flipHoriz=False, flipVert=False, image='default.png', interpolate=True, mask=None, maskParams=None, name='image_1_5', opacity=1.0, ori=0.0, pos=array([0., 0.]), size=array([0.5, 0.5]), texRes=128.0, units='height', win=Window(...))
12.5676 	EXP 	Created trial_fixation_1_6 = TextStim(__class__=<class 'psychopy.visual.text.TextStim'>, alignHoriz=method-wrapper(...), alignText='center', alignVert=method-wrapper(...), anchorHoriz='center', anchorVert='center', antialias=True, autoDraw=False, autoLog=True, bold=False, color=array([1., 1., 1.]), colorSpace='rgb', contrast=1.0, depth=-18.0, flipHoriz=False, flipVert=False, font='Open Sans', fontFiles=[], height=0.15, italic=False, languageStyle='LTR', name='trial_fixation_1_6', opacity=1.0, ori=0.0, pos=array([0., 0.]), rgb=UNKNOWN, text='+', units='height', win=Window(...), wrapWidth=1)
12.5810 	EXP 	Created image_1_6 = ImageStim(__class__=<class 'psychopy.visual.image.ImageStim'>, anchor=('center', 'center'), autoLog=True, color=array([1., 1., 1.]), colorSpace='rgb', contrast=1.0, depth=-19.0, flipHoriz=False, flipVert=False, image='default.png', interpolate=True, mask=None, maskParams=None, name='image_1_6', opacity=1.0, ori=0.0, pos=array([0., 0.]), size=array([0.5, 0.5]), texRes=128.0, units='height', win=Window(...))
12.5835 	EXP 	Created trial_fixation_1_7 = TextStim(__class__=<class 'psychopy.visual.text.TextStim'>, alignHoriz=method-wrapper(...), alignText='center', alignVert=method-wrapper(...), anchorHoriz='center', anchorVert='center', antialias=True, autoDraw=False, autoLog=True, bold=False, color=array([1., 1., 1.]), colorSpace='rgb', contrast=1.0, depth=-21.0, flipHoriz=False, flipVert=False, font='Open Sans', fontFiles=[], height=0.15, italic=False, languageStyle='LTR', name='trial_fixation_1_7', opacity=1.0, ori=0.0, pos=array([0., 0.]), rgb=UNKNOWN, text='+', units='height', win=Window(...), wrapWidth=1)
12.5962 	EXP 	Created image_1_7 = ImageStim(__class__=<class 'psychopy.visual.image.ImageStim'>, anchor=('center', 'center'), autoLog=True, color=array([1., 1., 1.]), colorSpace='rgb', contrast=1.0, depth=-22.0, flipHoriz=False, flipVert=False, image='default.png', interpolate=True, mask=None, maskParams=None, name='image_1_7', opacity=1.0, ori=0.0, pos=array([0., 0.]), size=array([0.5, 0.5]), texRes=128.0, units='height', win=Window(...))
12.5987 	EXP 	Created trial_fixation_1_8 = TextStim(__class__=<class 'psychopy.visual.text.TextStim'>, alignHoriz=method-wrapper(...), alignText='center', alignVert=method-wrapper(...), anchorHoriz='center', anchorVert='center', antialias=True, autoDraw=False, autoLog=True, bold=False, color=array([1., 1., 1.]), colorSpace='rgb', contrast=1.0, depth=-24.0, flipHoriz=False, flipVert=False, font='Open Sans', fontFiles=[], height=0.15, italic=False, languageStyle='LTR', name='trial_fixation_1_8', opacity=1.0, ori=0.0, pos=array([0., 0.]), rgb=UNKNOWN, text='+', units='height', win=Window(...), wrapWidth=1)
12.6120 	EXP 	Created image_1_8 = ImageStim(__class__=<class 'psychopy.visual.image.ImageStim'>, anchor=('center', 'center'), autoLog=True, color=array([1., 1., 1.]), colorSpace='rgb', contrast=1.0, depth=-25.0, flipHoriz=False, flipVert=False, image='default.png', interpolate=True, mask=None, maskParams=None, name='image_1_8', opacity=1.0, ori=0.0, pos=array([0., 0.]), size=array([0.5, 0.5]), texRes=128.0, units='height', win=Window(...))
12.6145 	EXP 	Created trial_fixation_1_9 = TextStim(__class__=<class 'psychopy.visual.text.TextStim'>, alignHoriz=method-wrapper(...), alignText='center', alignVert=method-wrapper(...), anchorHoriz='center', anchorVert='center', antialias=True, autoDraw=False, autoLog=True, bold=False, color=array([1., 1., 1.]), colorSpace='rgb', contrast=1.0, depth=-27.0, flipHoriz=False, flipVert=False, font='Open Sans', fontFiles=[], height=0.15, italic=False, languageStyle='LTR', name='trial_fixation_1_9', opacity=1.0, ori=0.0, pos=array([0., 0.]), rgb=UNKNOWN, text='+', units='height', win=Window(...), wrapWidth=1)
12.6274 	EXP 	Created image_1_9 = ImageStim(__class__=<class 'psychopy.visual.image.ImageStim'>, anchor=('center', 'center'), autoLog=True, color=array([1., 1., 1.]), colorSpace='rgb', contrast=1.0, depth=-28.0, flipHoriz=False, flipVert=False, image='default.png', interpolate=True, mask=None, maskParams=None, name='image_1_9', opacity=1.0, ori=0.0, pos=array([0., 0.]), size=array([0.5, 0.5]), texRes=128.0, units='height', win=Window(...))
12.6298 	EXP 	Created trial_fixation_1_10 = TextStim(__class__=<class 'psychopy.visual.text.TextStim'>, alignHoriz=method-wrapper(...), alignText='center', alignVert=method-wrapper(...), anchorHoriz='center', anchorVert='center', antialias=True, autoDraw=False, autoLog=True, bold=False, color=array([1., 1., 1.]), colorSpace='rgb', contrast=1.0, depth=-30.0, flipHoriz=False, flipVert=False, font='Open Sans', fontFiles=[], height=0.15, italic=False, languageStyle='LTR', name='trial_fixation_1_10', opacity=1.0, ori=0.0, pos=array([0., 0.]), rgb=UNKNOWN, text='+', units='height', win=Window(...), wrapWidth=1)
12.6426 	EXP 	Created image_1_10 = ImageStim(__class__=<class 'psychopy.visual.image.ImageStim'>, anchor=('center', 'center'), autoLog=True, color=array([1., 1., 1.]), colorSpace='rgb', contrast=1.0, depth=-31.0, flipHoriz=False, flipVert=False, image='default.png', interpolate=True, mask=None, maskParams=None, name='image_1_10', opacity=1.0, ori=0.0, pos=array([0., 0.]), size=array([0.5, 0.5]), texRes=128.0, units='height', win=Window(...))
12.6451 	EXP 	Created trial_fixation_1_11 = TextStim(__class__=<class 'psychopy.visual.text.TextStim'>, alignHoriz=method-wrapper(...), alignText='center', alignVert=method-wrapper(...), anchorHoriz='center', anchorVert='center', antialias=True, autoDraw=False, autoLog=True, bold=False, color=array([1., 1., 1.]), colorSpace='rgb', contrast=1.0, depth=-33.0, flipHoriz=False, flipVert=False, font='Open Sans', fontFiles=[], height=0.15, italic=False, languageStyle='LTR', name='trial_fixation_1_11', opacity=1.0, ori=0.0, pos=array([0., 0.]), rgb=UNKNOWN, text='+', units='height', win=Window(...), wrapWidth=1)
12.6464 	EXP 	Created prep_instr_2 = TextStim(__class__=<class 'psychopy.visual.text.TextStim'>, alignHoriz=method-wrapper(...), alignText='center', alignVert=method-wrapper(...), anchorHoriz='center', anchorVert='center', antialias=True, autoDraw=False, autoLog=True, bold=False, color=array([1., 1., 1.]), colorSpace='rgb', contrast=1.0, depth=-1.0, flipHoriz=False, flipVert=False, font='Songti SC', fontFiles=[], height=0.1, italic=False, languageStyle='LTR', name='prep_instr_2', opacity=1.0, ori=0.0, pos=array([0., 0.]), rgb=UNKNOWN, text='', units='height', win=Window(...), wrapWidth=1)
12.6595 	EXP 	Created target_2 = ImageStim(__class__=<class 'psychopy.visual.image.ImageStim'>, anchor=('center', 'center'), autoLog=True, color=array([1., 1., 1.]), colorSpace='rgb', contrast=1.0, depth=-2.0, flipHoriz=False, flipVert=False, image='default.png', interpolate=True, mask=None, maskParams=None, name='target_2', opacity=1.0, ori=0.0, pos=array([0., 0.]), size=array([0.5, 0.5]), texRes=128.0, units='height', win=Window(...))
12.6619 	EXP 	Created trial_fixation_2_1 = TextStim(__class__=<class 'psychopy.visual.text.TextStim'>, alignHoriz=method-wrapper(...), alignText='center', alignVert=method-wrapper(...), anchorHoriz='center', anchorVert='center', antialias=True, autoDraw=False, autoLog=True, bold=False, color=array([1., 1., 1.]), colorSpace='rgb', contrast=1.0, depth=-3.0, flipHoriz=False, flipVert=False, font='Open Sans', fontFiles=[], height=0.15, italic=False, languageStyle='LTR', name='trial_fixation_2_1', opacity=1.0, ori=0.0, pos=array([0., 0.]), rgb=UNKNOWN, text='+', units='height', win=Window(...), wrapWidth=1)
12.6753 	EXP 	Created image_2_1 = ImageStim(__class__=<class 'psychopy.visual.image.ImageStim'>, anchor=('center', 'center'), autoLog=True, color=array([1., 1., 1.]), colorSpace='rgb', contrast=1.0, depth=-4.0, flipHoriz=False, flipVert=False, image='default.png', interpolate=True, mask=None, maskParams=None, name='image_2_1', opacity=1.0, ori=0.0, pos=array([0., 0.]), size=array([0.5, 0.5]), texRes=128.0, units='height', win=Window(...))
12.6777 	EXP 	Created trial_fixation_2_2 = TextStim(__class__=<class 'psychopy.visual.text.TextStim'>, alignHoriz=method-wrapper(...), alignText='center', alignVert=method-wrapper(...), anchorHoriz='center', anchorVert='center', antialias=True, autoDraw=False, autoLog=True, bold=False, color=array([1., 1., 1.]), colorSpace='rgb', contrast=1.0, depth=-6.0, flipHoriz=False, flipVert=False, font='Open Sans', fontFiles=[], height=0.15, italic=False, languageStyle='LTR', name='trial_fixation_2_2', opacity=1.0, ori=0.0, pos=array([0., 0.]), rgb=UNKNOWN, text='+', units='height', win=Window(...), wrapWidth=1)
12.6907 	EXP 	Created image_2_2 = ImageStim(__class__=<class 'psychopy.visual.image.ImageStim'>, anchor=('center', 'center'), autoLog=True, color=array([1., 1., 1.]), colorSpace='rgb', contrast=1.0, depth=-7.0, flipHoriz=False, flipVert=False, image='default.png', interpolate=True, mask=None, maskParams=None, name='image_2_2', opacity=1.0, ori=0.0, pos=array([0., 0.]), size=array([0.5, 0.5]), texRes=128.0, units='height', win=Window(...))
12.6931 	EXP 	Created trial_fixation_2_3 = TextStim(__class__=<class 'psychopy.visual.text.TextStim'>, alignHoriz=method-wrapper(...), alignText='center', alignVert=method-wrapper(...), anchorHoriz='center', anchorVert='center', antialias=True, autoDraw=False, autoLog=True, bold=False, color=array([1., 1., 1.]), colorSpace='rgb', contrast=1.0, depth=-9.0, flipHoriz=False, flipVert=False, font='Open Sans', fontFiles=[], height=0.15, italic=False, languageStyle='LTR', name='trial_fixation_2_3', opacity=1.0, ori=0.0, pos=array([0., 0.]), rgb=UNKNOWN, text='+', units='height', win=Window(...), wrapWidth=1)
12.7059 	EXP 	Created image_2_3 = ImageStim(__class__=<class 'psychopy.visual.image.ImageStim'>, anchor=('center', 'center'), autoLog=True, color=array([1., 1., 1.]), colorSpace='rgb', contrast=1.0, depth=-10.0, flipHoriz=False, flipVert=False, image='default.png', interpolate=True, mask=None, maskParams=None, name='image_2_3', opacity=1.0, ori=0.0, pos=array([0., 0.]), size=array([0.5, 0.5]), texRes=128.0, units='height', win=Window(...))
12.7085 	EXP 	Created trial_fixation_2_4 = TextStim(__class__=<class 'psychopy.visual.text.TextStim'>, alignHoriz=method-wrapper(...), alignText='center', alignVert=method-wrapper(...), anchorHoriz='center', anchorVert='center', antialias=True, autoDraw=False, autoLog=True, bold=False, color=array([1., 1., 1.]), colorSpace='rgb', contrast=1.0, depth=-12.0, flipHoriz=False, flipVert=False, font='Open Sans', fontFiles=[], height=0.15, italic=False, languageStyle='LTR', name='trial_fixation_2_4', opacity=1.0, ori=0.0, pos=array([0., 0.]), rgb=UNKNOWN, text='+', units='height', win=Window(...), wrapWidth=1)
12.7222 	EXP 	Created image_2_4 = ImageStim(__class__=<class 'psychopy.visual.image.ImageStim'>, anchor=('center', 'center'), autoLog=True, color=array([1., 1., 1.]), colorSpace='rgb', contrast=1.0, depth=-13.0, flipHoriz=False, flipVert=False, image='default.png', interpolate=True, mask=None, maskParams=None, name='image_2_4', opacity=1.0, ori=0.0, pos=array([0., 0.]), size=array([0.5, 0.5]), texRes=128.0, units='height', win=Window(...))
12.7246 	EXP 	Created trial_fixation_2_5 = TextStim(__class__=<class 'psychopy.visual.text.TextStim'>, alignHoriz=method-wrapper(...), alignText='center', alignVert=method-wrapper(...), anchorHoriz='center', anchorVert='center', antialias=True, autoDraw=False, autoLog=True, bold=False, color=array([1., 1., 1.]), colorSpace='rgb', contrast=1.0, depth=-15.0, flipHoriz=False, flipVert=False, font='Open Sans', fontFiles=[], height=0.15, italic=False, languageStyle='LTR', name='trial_fixation_2_5', opacity=1.0, ori=0.0, pos=array([0., 0.]), rgb=UNKNOWN, text='+', units='height', win=Window(...), wrapWidth=1)
12.7381 	EXP 	Created image_2_5 = ImageStim(__class__=<class 'psychopy.visual.image.ImageStim'>, anchor=('center', 'center'), autoLog=True, color=array([1., 1., 1.]), colorSpace='rgb', contrast=1.0, depth=-16.0, flipHoriz=False, flipVert=False, image='default.png', interpolate=True, mask=None, maskParams=None, name='image_2_5', opacity=1.0, ori=0.0, pos=array([0., 0.]), size=array([0.5, 0.5]), texRes=128.0, units='height', win=Window(...))
12.7409 	EXP 	Created trial_fixation_2_6 = TextStim(__class__=<class 'psychopy.visual.text.TextStim'>, alignHoriz=method-wrapper(...), alignText='center', alignVert=method-wrapper(...), anchorHoriz='center', anchorVert='center', antialias=True, autoDraw=False, autoLog=True, bold=False, color=array([1., 1., 1.]), colorSpace='rgb', contrast=1.0, depth=-18.0, flipHoriz=False, flipVert=False, font='Open Sans', fontFiles=[], height=0.15, italic=False, languageStyle='LTR', name='trial_fixation_2_6', opacity=1.0, ori=0.0, pos=array([0., 0.]), rgb=UNKNOWN, text='+', units='height', win=Window(...), wrapWidth=1)
12.7544 	EXP 	Created image_2_6 = ImageStim(__class__=<class 'psychopy.visual.image.ImageStim'>, anchor=('center', 'center'), autoLog=True, color=array([1., 1., 1.]), colorSpace='rgb', contrast=1.0, depth=-19.0, flipHoriz=False, flipVert=False, image='default.png', interpolate=True, mask=None, maskParams=None, name='image_2_6', opacity=1.0, ori=0.0, pos=array([0., 0.]), size=array([0.5, 0.5]), texRes=128.0, units='height', win=Window(...))
12.7570 	EXP 	Created trial_fixation_2_7 = TextStim(__class__=<class 'psychopy.visual.text.TextStim'>, alignHoriz=method-wrapper(...), alignText='center', alignVert=method-wrapper(...), anchorHoriz='center', anchorVert='center', antialias=True, autoDraw=False, autoLog=True, bold=False, color=array([1., 1., 1.]), colorSpace='rgb', contrast=1.0, depth=-21.0, flipHoriz=False, flipVert=False, font='Open Sans', fontFiles=[], height=0.15, italic=False, languageStyle='LTR', name='trial_fixation_2_7', opacity=1.0, ori=0.0, pos=array([0., 0.]), rgb=UNKNOWN, text='+', units='height', win=Window(...), wrapWidth=1)
12.7696 	EXP 	Created image_2_7 = ImageStim(__class__=<class 'psychopy.visual.image.ImageStim'>, anchor=('center', 'center'), autoLog=True, color=array([1., 1., 1.]), colorSpace='rgb', contrast=1.0, depth=-22.0, flipHoriz=False, flipVert=False, image='default.png', interpolate=True, mask=None, maskParams=None, name='image_2_7', opacity=1.0, ori=0.0, pos=array([0., 0.]), size=array([0.5, 0.5]), texRes=128.0, units='height', win=Window(...))
12.7727 	EXP 	Created trial_fixation_2_8 = TextStim(__class__=<class 'psychopy.visual.text.TextStim'>, alignHoriz=method-wrapper(...), alignText='center', alignVert=method-wrapper(...), anchorHoriz='center', anchorVert='center', antialias=True, autoDraw=False, autoLog=True, bold=False, color=array([1., 1., 1.]), colorSpace='rgb', contrast=1.0, depth=-24.0, flipHoriz=False, flipVert=False, font='Open Sans', fontFiles=[], height=0.15, italic=False, languageStyle='LTR', name='trial_fixation_2_8', opacity=1.0, ori=0.0, pos=array([0., 0.]), rgb=UNKNOWN, text='+', units='height', win=Window(...), wrapWidth=1)
12.7868 	EXP 	Created image_2_8 = ImageStim(__class__=<class 'psychopy.visual.image.ImageStim'>, anchor=('center', 'center'), autoLog=True, color=array([1., 1., 1.]), colorSpace='rgb', contrast=1.0, depth=-25.0, flipHoriz=False, flipVert=False, image='default.png', interpolate=True, mask=None, maskParams=None, name='image_2_8', opacity=1.0, ori=0.0, pos=array([0., 0.]), size=array([0.5, 0.5]), texRes=128.0, units='height', win=Window(...))
12.7894 	EXP 	Created trial_fixation_2_9 = TextStim(__class__=<class 'psychopy.visual.text.TextStim'>, alignHoriz=method-wrapper(...), alignText='center', alignVert=method-wrapper(...), anchorHoriz='center', anchorVert='center', antialias=True, autoDraw=False, autoLog=True, bold=False, color=array([1., 1., 1.]), colorSpace='rgb', contrast=1.0, depth=-27.0, flipHoriz=False, flipVert=False, font='Open Sans', fontFiles=[], height=0.15, italic=False, languageStyle='LTR', name='trial_fixation_2_9', opacity=1.0, ori=0.0, pos=array([0., 0.]), rgb=UNKNOWN, text='+', units='height', win=Window(...), wrapWidth=1)
12.8026 	EXP 	Created image_2_9 = ImageStim(__class__=<class 'psychopy.visual.image.ImageStim'>, anchor=('center', 'center'), autoLog=True, color=array([1., 1., 1.]), colorSpace='rgb', contrast=1.0, depth=-28.0, flipHoriz=False, flipVert=False, image='default.png', interpolate=True, mask=None, maskParams=None, name='image_2_9', opacity=1.0, ori=0.0, pos=array([0., 0.]), size=array([0.5, 0.5]), texRes=128.0, units='height', win=Window(...))
12.8051 	EXP 	Created trial_fixation_2_10 = TextStim(__class__=<class 'psychopy.visual.text.TextStim'>, alignHoriz=method-wrapper(...), alignText='center', alignVert=method-wrapper(...), anchorHoriz='center', anchorVert='center', antialias=True, autoDraw=False, autoLog=True, bold=False, color=array([1., 1., 1.]), colorSpace='rgb', contrast=1.0, depth=-30.0, flipHoriz=False, flipVert=False, font='Open Sans', fontFiles=[], height=0.15, italic=False, languageStyle='LTR', name='trial_fixation_2_10', opacity=1.0, ori=0.0, pos=array([0., 0.]), rgb=UNKNOWN, text='+', units='height', win=Window(...), wrapWidth=1)
12.8179 	EXP 	Created image_2_10 = ImageStim(__class__=<class 'psychopy.visual.image.ImageStim'>, anchor=('center', 'center'), autoLog=True, color=array([1., 1., 1.]), colorSpace='rgb', contrast=1.0, depth=-31.0, flipHoriz=False, flipVert=False, image='default.png', interpolate=True, mask=None, maskParams=None, name='image_2_10', opacity=1.0, ori=0.0, pos=array([0., 0.]), size=array([0.5, 0.5]), texRes=128.0, units='height', win=Window(...))
12.8204 	EXP 	Created trial_fixation_2_11 = TextStim(__class__=<class 'psychopy.visual.text.TextStim'>, alignHoriz=method-wrapper(...), alignText='center', alignVert=method-wrapper(...), anchorHoriz='center', anchorVert='center', antialias=True, autoDraw=False, autoLog=True, bold=False, color=array([1., 1., 1.]), colorSpace='rgb', contrast=1.0, depth=-33.0, flipHoriz=False, flipVert=False, font='Open Sans', fontFiles=[], height=0.15, italic=False, languageStyle='LTR', name='trial_fixation_2_11', opacity=1.0, ori=0.0, pos=array([0., 0.]), rgb=UNKNOWN, text='+', units='height', win=Window(...), wrapWidth=1)
12.8270 	EXP 	Created rest_txt = TextStim(__class__=<class 'psychopy.visual.text.TextStim'>, alignHoriz=method-wrapper(...), alignText='center', alignVert=method-wrapper(...), anchorHoriz='center', anchorVert='center', antialias=True, autoDraw=False, autoLog=True, bold=False, color=array([1., 1., 1.]), colorSpace='rgb', contrast=1.0, depth=0.0, flipHoriz=False, flipVert=False, font='Songti SC', fontFiles=[], height=0.1, italic=False, languageStyle='LTR', name='rest_txt', opacity=1.0, ori=0.0, pos=array([0., 0.]), rgb=UNKNOWN, text='休息', units='height', win=Window(...), wrapWidth=1)
12.8325 	EXP 	Created end_txt = TextStim(__class__=<class 'psychopy.visual.text.TextStim'>, alignHoriz=method-wrapper(...), alignText='center', alignVert=method-wrapper(...), anchorHoriz='center', anchorVert='center', antialias=True, autoDraw=False, autoLog=True, bold=False, color=array([1., 1., 1.]), colorSpace='rgb', contrast=1.0, depth=0.0, flipHoriz=False, flipVert=False, font='Songti SC', fontFiles=[], height=0.05, italic=False, languageStyle='LTR', name='end_txt', opacity=1.0, ori=0.0, pos=array([0., 0.]), rgb=UNKNOWN, text='實驗完成', units='height', win=Window(...), wrapWidth=1)
12.8418 	EXP 	trigger_txt: autoDraw = True
13.3904 	EXP 	trigger_txt: autoDraw = False
13.3904 	EXP 	instr_txt: autoDraw = True
14.2252 	EXP 	Created sequence: sequential, trialTypes=1, nReps=8, seed=None
14.2254 	EXP 	New trial (rep=0, index=0): None
14.3004 	EXP 	instr_txt: autoDraw = False
14.3004 	EXP 	prep_instr_1: height = 0.1
14.3004 	EXP 	prep_instr_1: height = 0.1
14.3004 	EXP 	prep_instr_1: height = 0.1
14.3004 	EXP 	prep_instr_1: text = '兩項之前'
14.3004 	EXP 	target_1: image = 'nback_stimuli/PL_089_O45.1.png'
14.3004 	EXP 	image_1_1: image = 'nback_stimuli/PL_089_O45.1.png'
14.3004 	EXP 	image_1_2: image = 'nback_stimuli/PL_090_O47.1.png'
14.3004 	EXP 	image_1_3: image = 'nback_stimuli/PL_092_O50.1.png'
14.3004 	EXP 	image_1_4: image = 'nback_stimuli/PL_090_O47.1.png'
14.3004 	EXP 	image_1_5: image = 'nback_stimuli/PL_089_O45.1.png'
14.3004 	EXP 	image_1_6: image = 'nback_stimuli/PL_091_O5.1.png'
14.3004 	EXP 	image_1_7: image = 'nback_stimuli/PL_094_O6.1.png'
14.3004 	EXP 	image_1_8: image = 'nback_stimuli/PL_091_O5.1.png'
14.3004 	EXP 	image_1_9: image = 'nback_stimuli/PL_093_O57.1.png'
14.3004 	EXP 	image_1_10: image = 'nback_stimuli/PL_093_O57.1.png'
14.3004 	EXP 	prep_instr_1: autoDraw = True
14.3004 	EXP 	target_1: autoDraw = True
16.7940 	EXP 	prep_instr_1: autoDraw = False
16.7940 	EXP 	target_1: autoDraw = False
16.7940 	EXP 	trial_fixation_1_1: autoDraw = True
17.2943 	EXP 	trial_fixation_1_1: autoDraw = False
17.2943 	EXP 	image_1_1: autoDraw = True
19.7972 	EXP 	image_1_1: autoDraw = False
19.7972 	EXP 	trial_fixation_1_2: autoDraw = True
20.2978 	EXP 	trial_fixation_1_2: autoDraw = False
20.2978 	EXP 	image_1_2: autoDraw = True
22.8006 	EXP 	image_1_2: autoDraw = False
22.8006 	EXP 	trial_fixation_1_3: autoDraw = True
23.3012 	EXP 	trial_fixation_1_3: autoDraw = False
23.3012 	EXP 	image_1_3: autoDraw = True
25.8044 	EXP 	image_1_3: autoDraw = False
25.8044 	EXP 	trial_fixation_1_4: autoDraw = True
26.3047 	EXP 	trial_fixation_1_4: autoDraw = False
26.3047 	EXP 	image_1_4: autoDraw = True
28.8085 	EXP 	image_1_4: autoDraw = False
28.8085 	EXP 	trial_fixation_1_5: autoDraw = True
29.3092 	EXP 	trial_fixation_1_5: autoDraw = False
29.3092 	EXP 	image_1_5: autoDraw = True
31.8111 	EXP 	image_1_5: autoDraw = False
31.8111 	EXP 	trial_fixation_1_6: autoDraw = True
32.3117 	EXP 	trial_fixation_1_6: autoDraw = False
32.3117 	EXP 	image_1_6: autoDraw = True
34.8145 	EXP 	image_1_6: autoDraw = False
34.8145 	EXP 	trial_fixation_1_7: autoDraw = True
35.3149 	EXP 	trial_fixation_1_7: autoDraw = False
35.3149 	EXP 	image_1_7: autoDraw = True
37.8180 	EXP 	image_1_7: autoDraw = False
37.8180 	EXP 	trial_fixation_1_8: autoDraw = True
38.3185 	EXP 	trial_fixation_1_8: autoDraw = False
38.3185 	EXP 	image_1_8: autoDraw = True
40.8215 	EXP 	image_1_8: autoDraw = False
40.8215 	EXP 	trial_fixation_1_9: autoDraw = True
41.3219 	EXP 	trial_fixation_1_9: autoDraw = False
41.3219 	EXP 	image_1_9: autoDraw = True
43.8248 	EXP 	image_1_9: autoDraw = False
43.8248 	EXP 	trial_fixation_1_10: autoDraw = True
44.3256 	EXP 	trial_fixation_1_10: autoDraw = False
44.3256 	EXP 	image_1_10: autoDraw = True
46.8284 	EXP 	image_1_10: autoDraw = False
46.8284 	EXP 	trial_fixation_1_11: autoDraw = True
47.3576 	EXP 	trial_fixation_1_11: autoDraw = False
47.3576 	EXP 	prep_instr_1: autoDraw = False
47.3576 	EXP 	target_1: autoDraw = False
47.3576 	EXP 	trial_fixation_1_1: autoDraw = False
47.3576 	EXP 	image_1_1: autoDraw = False
47.3576 	EXP 	trial_fixation_1_2: autoDraw = False
47.3576 	EXP 	image_1_2: autoDraw = False
47.3576 	EXP 	trial_fixation_1_3: autoDraw = False
47.3576 	EXP 	image_1_3: autoDraw = False
47.3576 	EXP 	trial_fixation_1_4: autoDraw = False
47.3576 	EXP 	image_1_4: autoDraw = False
47.3576 	EXP 	trial_fixation_1_5: autoDraw = False
47.3576 	EXP 	image_1_5: autoDraw = False
47.3576 	EXP 	trial_fixation_1_6: autoDraw = False
47.3576 	EXP 	image_1_6: autoDraw = False
47.3576 	EXP 	trial_fixation_1_7: autoDraw = False
47.3576 	EXP 	image_1_7: autoDraw = False
47.3576 	EXP 	trial_fixation_1_8: autoDraw = False
47.3576 	EXP 	image_1_8: autoDraw = False
47.3576 	EXP 	trial_fixation_1_9: autoDraw = False
47.3576 	EXP 	image_1_9: autoDraw = False
47.3576 	EXP 	trial_fixation_1_10: autoDraw = False
47.3576 	EXP 	image_1_10: autoDraw = False
47.3576 	EXP 	trial_fixation_1_11: autoDraw = False
47.3576 	EXP 	prep_instr_2: height = 0.1
47.3576 	EXP 	prep_instr_2: height = 0.1
47.3576 	EXP 	prep_instr_2: height = 0.1
47.3576 	EXP 	prep_instr_2: text = '兩項之前'
47.3576 	EXP 	target_2: image = 'nback_stimuli/TO_085_TOOL85_BA.png'
47.3576 	EXP 	image_2_1: image = 'nback_stimuli/TO_085_TOOL85_BA.png'
47.3576 	EXP 	image_2_2: image = 'nback_stimuli/TO_086_TOOL86_BA.png'
47.3576 	EXP 	image_2_3: image = 'nback_stimuli/TO_089_TOOL89_BA.png'
47.3576 	EXP 	image_2_4: image = 'nback_stimuli/TO_086_TOOL86_BA.png'
47.3576 	EXP 	image_2_5: image = 'nback_stimuli/TO_089_TOOL89_BA.png'
47.3576 	EXP 	image_2_6: image = 'nback_stimuli/TO_087_TOOL87_BA.png'
47.3576 	EXP 	image_2_7: image = 'nback_stimuli/TO_088_TOOL88_BA.png'
47.3576 	EXP 	image_2_8: image = 'nback_stimuli/TO_088_TOOL88_BA.png'
47.3576 	EXP 	image_2_9: image = 'nback_stimuli/TO_087_TOOL87_BA.png'
47.3576 	EXP 	image_2_10: image = 'nback_stimuli/TO_090_TOOL90_BA.png'
47.3576 	EXP 	prep_instr_2: autoDraw = True
47.3576 	EXP 	target_2: autoDraw = True
49.8651 	EXP 	prep_instr_2: autoDraw = False
49.8651 	EXP 	target_2: autoDraw = False
49.8651 	EXP 	trial_fixation_2_1: autoDraw = True
50.3658 	EXP 	trial_fixation_2_1: autoDraw = False
50.3658 	EXP 	image_2_1: autoDraw = True
52.8685 	EXP 	image_2_1: autoDraw = False
52.8685 	EXP 	trial_fixation_2_2: autoDraw = True
53.3691 	EXP 	trial_fixation_2_2: autoDraw = False
53.3691 	EXP 	image_2_2: autoDraw = True
55.8719 	EXP 	image_2_2: autoDraw = False
55.8719 	EXP 	trial_fixation_2_3: autoDraw = True
56.3725 	EXP 	trial_fixation_2_3: autoDraw = False
56.3725 	EXP 	image_2_3: autoDraw = True
58.8756 	EXP 	image_2_3: autoDraw = False
58.8756 	EXP 	trial_fixation_2_4: autoDraw = True
59.3762 	EXP 	trial_fixation_2_4: autoDraw = False
59.3762 	EXP 	image_2_4: autoDraw = True
61.8791 	EXP 	image_2_4: autoDraw = False
61.8791 	EXP 	trial_fixation_2_5: autoDraw = True
62.3795 	EXP 	trial_fixation_2_5: autoDraw = False
62.3795 	EXP 	image_2_5: autoDraw = True
64.8825 	EXP 	image_2_5: autoDraw = False
64.8825 	EXP 	trial_fixation_2_6: autoDraw = True
65.3830 	EXP 	trial_fixation_2_6: autoDraw = False
65.3830 	EXP 	image_2_6: autoDraw = True
67.8861 	EXP 	image_2_6: autoDraw = False
67.8861 	EXP 	trial_fixation_2_7: autoDraw = True
68.3866 	EXP 	trial_fixation_2_7: autoDraw = False
68.3866 	EXP 	image_2_7: autoDraw = True
70.8895 	EXP 	image_2_7: autoDraw = False
70.8895 	EXP 	trial_fixation_2_8: autoDraw = True
71.3901 	EXP 	trial_fixation_2_8: autoDraw = False
71.3901 	EXP 	image_2_8: autoDraw = True
73.8929 	EXP 	image_2_8: autoDraw = False
73.8929 	EXP 	trial_fixation_2_9: autoDraw = True
74.3934 	EXP 	trial_fixation_2_9: autoDraw = False
74.3934 	EXP 	image_2_9: autoDraw = True
76.8959 	EXP 	image_2_9: autoDraw = False
76.8959 	EXP 	trial_fixation_2_10: autoDraw = True
77.3969 	EXP 	trial_fixation_2_10: autoDraw = False
77.3969 	EXP 	image_2_10: autoDraw = True
79.8998 	EXP 	image_2_10: autoDraw = False
79.8998 	EXP 	trial_fixation_2_11: autoDraw = True
80.4002 	EXP 	trial_fixation_2_11: autoDraw = False
80.4002 	EXP 	prep_instr_2: autoDraw = False
80.4002 	EXP 	target_2: autoDraw = False
80.4002 	EXP 	trial_fixation_2_1: autoDraw = False
80.4002 	EXP 	image_2_1: autoDraw = False
80.4002 	EXP 	trial_fixation_2_2: autoDraw = False
80.4002 	EXP 	image_2_2: autoDraw = False
80.4002 	EXP 	trial_fixation_2_3: autoDraw = False
80.4002 	EXP 	image_2_3: autoDraw = False
80.4002 	EXP 	trial_fixation_2_4: autoDraw = False
80.4002 	EXP 	image_2_4: autoDraw = False
80.4002 	EXP 	trial_fixation_2_5: autoDraw = False
80.4002 	EXP 	image_2_5: autoDraw = False
80.4002 	EXP 	trial_fixation_2_6: autoDraw = False
80.4002 	EXP 	image_2_6: autoDraw = False
80.4002 	EXP 	trial_fixation_2_7: autoDraw = False
80.4002 	EXP 	image_2_7: autoDraw = False
80.4002 	EXP 	trial_fixation_2_8: autoDraw = False
80.4002 	EXP 	image_2_8: autoDraw = False
80.4002 	EXP 	trial_fixation_2_9: autoDraw = False
80.4002 	EXP 	image_2_9: autoDraw = False
80.4002 	EXP 	trial_fixation_2_10: autoDraw = False
80.4002 	EXP 	image_2_10: autoDraw = False
80.4002 	EXP 	trial_fixation_2_11: autoDraw = False
80.4002 	EXP 	rest_txt: autoDraw = True
95.4183 	EXP 	New trial (rep=1, index=0): None
95.4927 	EXP 	rest_txt: autoDraw = False
95.4927 	EXP 	rest_txt: autoDraw = False
95.4927 	EXP 	prep_instr_1: height = 0.1
95.4927 	EXP 	prep_instr_1: height = 0.1
95.4927 	EXP 	prep_instr_1: height = 0.1
95.4927 	EXP 	prep_instr_1: text = '目標'
95.4927 	EXP 	target_1: image = 'nback_stimuli/BP_086_BODY_25_BA.png'
95.4927 	EXP 	image_1_1: image = 'nback_stimuli/BP_087_BODY_26_BA.png'
95.4927 	EXP 	image_1_2: image = 'nback_stimuli/BP_090_BODY_31_BA.png'
95.4927 	EXP 	image_1_3: image = 'nback_stimuli/BP_086_BODY_25_BA.png'
95.4927 	EXP 	image_1_4: image = 'nback_stimuli/BP_091_BODY_32_BA.png'
95.4927 	EXP 	image_1_5: image = 'nback_stimuli/BP_091_BODY_32_BA.png'
95.4927 	EXP 	image_1_6: image = 'nback_stimuli/BP_089_BODY_30_BA.png'
95.4927 	EXP 	image_1_7: image = 'nback_stimuli/BP_086_BODY_25_BA.png'
95.4927 	EXP 	image_1_8: image = 'nback_stimuli/BP_090_BODY_31_BA.png'
95.4927 	EXP 	image_1_9: image = 'nback_stimuli/BP_088_BODY_28_BA.png'
95.4927 	EXP 	image_1_10: image = 'nback_stimuli/BP_088_BODY_28_BA.png'
95.4927 	EXP 	prep_instr_1: autoDraw = True
95.4927 	EXP 	target_1: autoDraw = True
97.9872 	EXP 	prep_instr_1: autoDraw = False
97.9872 	EXP 	target_1: autoDraw = False
97.9872 	EXP 	trial_fixation_1_1: autoDraw = True
98.4878 	EXP 	trial_fixation_1_1: autoDraw = False
98.4878 	EXP 	image_1_1: autoDraw = True
100.9907 	EXP 	image_1_1: autoDraw = False
100.9907 	EXP 	trial_fixation_1_2: autoDraw = True
101.4912 	EXP 	trial_fixation_1_2: autoDraw = False
101.4912 	EXP 	image_1_2: autoDraw = True
103.9942 	EXP 	image_1_2: autoDraw = False
103.9942 	EXP 	trial_fixation_1_3: autoDraw = True
104.4947 	EXP 	trial_fixation_1_3: autoDraw = False
104.4947 	EXP 	image_1_3: autoDraw = True
106.9975 	EXP 	image_1_3: autoDraw = False
106.9975 	EXP 	trial_fixation_1_4: autoDraw = True
107.4982 	EXP 	trial_fixation_1_4: autoDraw = False
107.4982 	EXP 	image_1_4: autoDraw = True
110.0011 	EXP 	image_1_4: autoDraw = False
110.0011 	EXP 	trial_fixation_1_5: autoDraw = True
110.5017 	EXP 	trial_fixation_1_5: autoDraw = False
110.5017 	EXP 	image_1_5: autoDraw = True
113.0045 	EXP 	image_1_5: autoDraw = False
113.0045 	EXP 	trial_fixation_1_6: autoDraw = True
113.5052 	EXP 	trial_fixation_1_6: autoDraw = False
113.5052 	EXP 	image_1_6: autoDraw = True
116.0080 	EXP 	image_1_6: autoDraw = False
116.0080 	EXP 	trial_fixation_1_7: autoDraw = True
116.5086 	EXP 	trial_fixation_1_7: autoDraw = False
116.5086 	EXP 	image_1_7: autoDraw = True
119.0115 	EXP 	image_1_7: autoDraw = False
119.0115 	EXP 	trial_fixation_1_8: autoDraw = True
119.5119 	EXP 	trial_fixation_1_8: autoDraw = False
119.5119 	EXP 	image_1_8: autoDraw = True
122.0150 	EXP 	image_1_8: autoDraw = False
122.0150 	EXP 	trial_fixation_1_9: autoDraw = True
122.5156 	EXP 	trial_fixation_1_9: autoDraw = False
122.5156 	EXP 	image_1_9: autoDraw = True
125.0184 	EXP 	image_1_9: autoDraw = False
125.0184 	EXP 	trial_fixation_1_10: autoDraw = True
125.5190 	EXP 	trial_fixation_1_10: autoDraw = False
125.5190 	EXP 	image_1_10: autoDraw = True
128.0219 	EXP 	image_1_10: autoDraw = False
128.0219 	EXP 	trial_fixation_1_11: autoDraw = True
128.6042 	EXP 	trial_fixation_1_11: autoDraw = False
128.6042 	EXP 	prep_instr_1: autoDraw = False
128.6042 	EXP 	target_1: autoDraw = False
128.6042 	EXP 	trial_fixation_1_1: autoDraw = False
128.6042 	EXP 	image_1_1: autoDraw = False
128.6042 	EXP 	trial_fixation_1_2: autoDraw = False
128.6042 	EXP 	image_1_2: autoDraw = False
128.6042 	EXP 	trial_fixation_1_3: autoDraw = False
128.6042 	EXP 	image_1_3: autoDraw = False
128.6042 	EXP 	trial_fixation_1_4: autoDraw = False
128.6042 	EXP 	image_1_4: autoDraw = False
128.6042 	EXP 	trial_fixation_1_5: autoDraw = False
128.6042 	EXP 	image_1_5: autoDraw = False
128.6042 	EXP 	trial_fixation_1_6: autoDraw = False
128.6042 	EXP 	image_1_6: autoDraw = False
128.6042 	EXP 	trial_fixation_1_7: autoDraw = False
128.6042 	EXP 	image_1_7: autoDraw = False
128.6042 	EXP 	trial_fixation_1_8: autoDraw = False
128.6042 	EXP 	image_1_8: autoDraw = False
128.6042 	EXP 	trial_fixation_1_9: autoDraw = False
128.6042 	EXP 	image_1_9: autoDraw = False
128.6042 	EXP 	trial_fixation_1_10: autoDraw = False
128.6042 	EXP 	image_1_10: autoDraw = False
128.6042 	EXP 	trial_fixation_1_11: autoDraw = False
128.6042 	EXP 	prep_instr_2: text = '兩項之前'
128.6042 	EXP 	target_2: image = 'nback_stimuli/FC_089_M45.png'
128.6042 	EXP 	image_2_1: image = 'nback_stimuli/FC_089_M45.png'
128.6042 	EXP 	image_2_2: image = 'nback_stimuli/FC_085_M43.png'
128.6042 	EXP 	image_2_3: image = 'nback_stimuli/FC_089_M45.png'
128.6042 	EXP 	image_2_4: image = 'nback_stimuli/FC_085_M43.png'
128.6042 	EXP 	image_2_5: image = 'nback_stimuli/FC_086_F43.png'
128.6042 	EXP 	image_2_6: image = 'nback_stimuli/FC_087_M44.png'
128.6042 	EXP 	image_2_7: image = 'nback_stimuli/FC_088_F44.png'
128.6042 	EXP 	image_2_8: image = 'nback_stimuli/FC_090_F45.png'
128.6042 	EXP 	image_2_9: image = 'nback_stimuli/FC_087_M44.png'
128.6042 	EXP 	image_2_10: image = 'nback_stimuli/FC_088_F44.png'
128.6042 	EXP 	prep_instr_2: autoDraw = True
128.6042 	EXP 	target_2: autoDraw = True
131.1088 	EXP 	prep_instr_2: autoDraw = False
131.1088 	EXP 	target_2: autoDraw = False
131.1088 	EXP 	trial_fixation_2_1: autoDraw = True
131.6093 	EXP 	trial_fixation_2_1: autoDraw = False
131.6093 	EXP 	image_2_1: autoDraw = True
134.1122 	EXP 	image_2_1: autoDraw = False
134.1122 	EXP 	trial_fixation_2_2: autoDraw = True
134.6127 	EXP 	trial_fixation_2_2: autoDraw = False
134.6127 	EXP 	image_2_2: autoDraw = True
137.1160 	EXP 	image_2_2: autoDraw = False
137.1160 	EXP 	trial_fixation_2_3: autoDraw = True
137.6162 	EXP 	trial_fixation_2_3: autoDraw = False
137.6162 	EXP 	image_2_3: autoDraw = True
140.1192 	EXP 	image_2_3: autoDraw = False
140.1192 	EXP 	trial_fixation_2_4: autoDraw = True
140.6195 	EXP 	trial_fixation_2_4: autoDraw = False
140.6195 	EXP 	image_2_4: autoDraw = True
143.1224 	EXP 	image_2_4: autoDraw = False
143.1224 	EXP 	trial_fixation_2_5: autoDraw = True
143.6233 	EXP 	trial_fixation_2_5: autoDraw = False
143.6233 	EXP 	image_2_5: autoDraw = True
146.1262 	EXP 	image_2_5: autoDraw = False
146.1262 	EXP 	trial_fixation_2_6: autoDraw = True
146.6265 	EXP 	trial_fixation_2_6: autoDraw = False
146.6265 	EXP 	image_2_6: autoDraw = True
149.1301 	EXP 	image_2_6: autoDraw = False
149.1301 	EXP 	trial_fixation_2_7: autoDraw = True
149.6307 	EXP 	trial_fixation_2_7: autoDraw = False
149.6307 	EXP 	image_2_7: autoDraw = True
152.1336 	EXP 	image_2_7: autoDraw = False
152.1336 	EXP 	trial_fixation_2_8: autoDraw = True
152.6342 	EXP 	trial_fixation_2_8: autoDraw = False
152.6342 	EXP 	image_2_8: autoDraw = True
155.1371 	EXP 	image_2_8: autoDraw = False
155.1371 	EXP 	trial_fixation_2_9: autoDraw = True
155.6376 	EXP 	trial_fixation_2_9: autoDraw = False
155.6376 	EXP 	image_2_9: autoDraw = True
158.1406 	EXP 	image_2_9: autoDraw = False
158.1406 	EXP 	trial_fixation_2_10: autoDraw = True
158.6411 	EXP 	trial_fixation_2_10: autoDraw = False
158.6411 	EXP 	image_2_10: autoDraw = True
161.1433 	EXP 	image_2_10: autoDraw = False
161.1433 	EXP 	trial_fixation_2_11: autoDraw = True
161.6439 	EXP 	trial_fixation_2_11: autoDraw = False
161.6439 	EXP 	prep_instr_2: autoDraw = False
161.6439 	EXP 	target_2: autoDraw = False
161.6439 	EXP 	trial_fixation_2_1: autoDraw = False
161.6439 	EXP 	image_2_1: autoDraw = False
161.6439 	EXP 	trial_fixation_2_2: autoDraw = False
161.6439 	EXP 	image_2_2: autoDraw = False
161.6439 	EXP 	trial_fixation_2_3: autoDraw = False
161.6439 	EXP 	image_2_3: autoDraw = False
161.6439 	EXP 	trial_fixation_2_4: autoDraw = False
161.6439 	EXP 	image_2_4: autoDraw = False
161.6439 	EXP 	trial_fixation_2_5: autoDraw = False
161.6439 	EXP 	image_2_5: autoDraw = False
161.6439 	EXP 	trial_fixation_2_6: autoDraw = False
161.6439 	EXP 	image_2_6: autoDraw = False
161.6439 	EXP 	trial_fixation_2_7: autoDraw = False
161.6439 	EXP 	image_2_7: autoDraw = False
161.6439 	EXP 	trial_fixation_2_8: autoDraw = False
161.6439 	EXP 	image_2_8: autoDraw = False
161.6439 	EXP 	trial_fixation_2_9: autoDraw = False
161.6439 	EXP 	image_2_9: autoDraw = False
161.6439 	EXP 	trial_fixation_2_10: autoDraw = False
161.6439 	EXP 	image_2_10: autoDraw = False
161.6439 	EXP 	trial_fixation_2_11: autoDraw = False
161.6439 	EXP 	rest_txt: autoDraw = True
176.6619 	EXP 	New trial (rep=2, index=0): None
176.7009 	EXP 	rest_txt: autoDraw = False
176.7009 	EXP 	rest_txt: autoDraw = False
176.7009 	EXP 	prep_instr_1: text = '目標'
176.7009 	EXP 	target_1: image = 'nback_stimuli/TO_091_TOOL91_BA.png'
176.7009 	EXP 	image_1_1: image = 'nback_stimuli/TO_095_TOOL95_BA.png'
176.7009 	EXP 	image_1_2: image = 'nback_stimuli/TO_092_TOOL92_BA.png'
176.7009 	EXP 	image_1_3: image = 'nback_stimuli/TO_093_TOOL93_BA.png'
176.7009 	EXP 	image_1_4: image = 'nback_stimuli/TO_096_TOOL96_BA.png'
176.7009 	EXP 	image_1_5: image = 'nback_stimuli/TO_093_TOOL93_BA.png'
176.7009 	EXP 	image_1_6: image = 'nback_stimuli/TO_091_TOOL91_BA.png'
176.7009 	EXP 	image_1_7: image = 'nback_stimuli/TO_094_TOOL94_BA.png'
176.7009 	EXP 	image_1_8: image = 'nback_stimuli/TO_096_TOOL96_BA.png'
176.7009 	EXP 	image_1_9: image = 'nback_stimuli/TO_095_TOOL95_BA.png'
176.7009 	EXP 	image_1_10: image = 'nback_stimuli/TO_091_TOOL91_BA.png'
176.7009 	EXP 	prep_instr_1: autoDraw = True
176.7009 	EXP 	target_1: autoDraw = True
179.1977 	EXP 	prep_instr_1: autoDraw = False
179.1977 	EXP 	target_1: autoDraw = False
179.1977 	EXP 	trial_fixation_1_1: autoDraw = True
179.6979 	EXP 	trial_fixation_1_1: autoDraw = False
179.6979 	EXP 	image_1_1: autoDraw = True
182.2013 	EXP 	image_1_1: autoDraw = False
182.2013 	EXP 	trial_fixation_1_2: autoDraw = True
182.7012 	EXP 	trial_fixation_1_2: autoDraw = False
182.7012 	EXP 	image_1_2: autoDraw = True
185.2044 	EXP 	image_1_2: autoDraw = False
185.2044 	EXP 	trial_fixation_1_3: autoDraw = True
185.7047 	EXP 	trial_fixation_1_3: autoDraw = False
185.7047 	EXP 	image_1_3: autoDraw = True
188.2078 	EXP 	image_1_3: autoDraw = False
188.2078 	EXP 	trial_fixation_1_4: autoDraw = True
188.7090 	EXP 	trial_fixation_1_4: autoDraw = False
188.7090 	EXP 	image_1_4: autoDraw = True
191.2120 	EXP 	image_1_4: autoDraw = False
191.2120 	EXP 	trial_fixation_1_5: autoDraw = True
191.7125 	EXP 	trial_fixation_1_5: autoDraw = False
191.7125 	EXP 	image_1_5: autoDraw = True
194.2155 	EXP 	image_1_5: autoDraw = False
194.2155 	EXP 	trial_fixation_1_6: autoDraw = True
194.7160 	EXP 	trial_fixation_1_6: autoDraw = False
194.7160 	EXP 	image_1_6: autoDraw = True
197.2188 	EXP 	image_1_6: autoDraw = False
197.2188 	EXP 	trial_fixation_1_7: autoDraw = True
197.7194 	EXP 	trial_fixation_1_7: autoDraw = False
197.7194 	EXP 	image_1_7: autoDraw = True
200.2223 	EXP 	image_1_7: autoDraw = False
200.2223 	EXP 	trial_fixation_1_8: autoDraw = True
200.7229 	EXP 	trial_fixation_1_8: autoDraw = False
200.7229 	EXP 	image_1_8: autoDraw = True
203.2258 	EXP 	image_1_8: autoDraw = False
203.2258 	EXP 	trial_fixation_1_9: autoDraw = True
203.7259 	EXP 	trial_fixation_1_9: autoDraw = False
203.7259 	EXP 	image_1_9: autoDraw = True
206.2285 	EXP 	image_1_9: autoDraw = False
206.2285 	EXP 	trial_fixation_1_10: autoDraw = True
206.7291 	EXP 	trial_fixation_1_10: autoDraw = False
206.7291 	EXP 	image_1_10: autoDraw = True
209.2320 	EXP 	image_1_10: autoDraw = False
209.2320 	EXP 	trial_fixation_1_11: autoDraw = True
209.7846 	EXP 	trial_fixation_1_11: autoDraw = False
209.7846 	EXP 	prep_instr_1: autoDraw = False
209.7846 	EXP 	target_1: autoDraw = False
209.7846 	EXP 	trial_fixation_1_1: autoDraw = False
209.7846 	EXP 	image_1_1: autoDraw = False
209.7846 	EXP 	trial_fixation_1_2: autoDraw = False
209.7846 	EXP 	image_1_2: autoDraw = False
209.7846 	EXP 	trial_fixation_1_3: autoDraw = False
209.7846 	EXP 	image_1_3: autoDraw = False
209.7846 	EXP 	trial_fixation_1_4: autoDraw = False
209.7846 	EXP 	image_1_4: autoDraw = False
209.7846 	EXP 	trial_fixation_1_5: autoDraw = False
209.7846 	EXP 	image_1_5: autoDraw = False
209.7846 	EXP 	trial_fixation_1_6: autoDraw = False
209.7846 	EXP 	image_1_6: autoDraw = False
209.7846 	EXP 	trial_fixation_1_7: autoDraw = False
209.7846 	EXP 	image_1_7: autoDraw = False
209.7846 	EXP 	trial_fixation_1_8: autoDraw = False
209.7846 	EXP 	image_1_8: autoDraw = False
209.7846 	EXP 	trial_fixation_1_9: autoDraw = False
209.7846 	EXP 	image_1_9: autoDraw = False
209.7846 	EXP 	trial_fixation_1_10: autoDraw = False
209.7846 	EXP 	image_1_10: autoDraw = False
209.7846 	EXP 	trial_fixation_1_11: autoDraw = False
209.7846 	EXP 	prep_instr_2: height = 0.1
209.7846 	EXP 	prep_instr_2: height = 0.1
209.7846 	EXP 	prep_instr_2: height = 0.1
209.7846 	EXP 	prep_instr_2: text = '目標'
209.7846 	EXP 	target_2: image = 'nback_stimuli/PL_095_O65.1.png'
209.7846 	EXP 	image_2_1: image = 'nback_stimuli/PL_097_O75.1.png'
209.7846 	EXP 	image_2_2: image = 'nback_stimuli/PL_098_O80.1.png'
209.7846 	EXP 	image_2_3: image = 'nback_stimuli/PL_097_O75.1.png'
209.7846 	EXP 	image_2_4: image = 'nback_stimuli/PL_098_O80.1.png'
209.7846 	EXP 	image_2_5: image = 'nback_stimuli/PL_095_O65.1.png'
209.7846 	EXP 	image_2_6: image = 'nback_stimuli/PL_096_O69.1.png'
209.7846 	EXP 	image_2_7: image = 'nback_stimuli/PL_095_O65.1.png'
209.7846 	EXP 	image_2_8: image = 'nback_stimuli/PL_096_O69.1.png'
209.7846 	EXP 	image_2_9: image = 'nback_stimuli/PL_099_O81.1.png'
209.7846 	EXP 	image_2_10: image = 'nback_stimuli/PL_100_O82.1.png'
209.7846 	EXP 	prep_instr_2: autoDraw = True
209.7846 	EXP 	target_2: autoDraw = True
212.2856 	EXP 	prep_instr_2: autoDraw = False
212.2856 	EXP 	target_2: autoDraw = False
212.2856 	EXP 	trial_fixation_2_1: autoDraw = True
212.7860 	EXP 	trial_fixation_2_1: autoDraw = False
212.7860 	EXP 	image_2_1: autoDraw = True
215.2891 	EXP 	image_2_1: autoDraw = False
215.2891 	EXP 	trial_fixation_2_2: autoDraw = True
215.7896 	EXP 	trial_fixation_2_2: autoDraw = False
215.7896 	EXP 	image_2_2: autoDraw = True
218.2924 	EXP 	image_2_2: autoDraw = False
218.2924 	EXP 	trial_fixation_2_3: autoDraw = True
218.7930 	EXP 	trial_fixation_2_3: autoDraw = False
218.7930 	EXP 	image_2_3: autoDraw = True
221.2961 	EXP 	image_2_3: autoDraw = False
221.2961 	EXP 	trial_fixation_2_4: autoDraw = True
221.7965 	EXP 	trial_fixation_2_4: autoDraw = False
221.7965 	EXP 	image_2_4: autoDraw = True
224.2993 	EXP 	image_2_4: autoDraw = False
224.2993 	EXP 	trial_fixation_2_5: autoDraw = True
224.8001 	EXP 	trial_fixation_2_5: autoDraw = False
224.8001 	EXP 	image_2_5: autoDraw = True
227.3028 	EXP 	image_2_5: autoDraw = False
227.3028 	EXP 	trial_fixation_2_6: autoDraw = True
227.8033 	EXP 	trial_fixation_2_6: autoDraw = False
227.8033 	EXP 	image_2_6: autoDraw = True
230.3065 	EXP 	image_2_6: autoDraw = False
230.3065 	EXP 	trial_fixation_2_7: autoDraw = True
230.8069 	EXP 	trial_fixation_2_7: autoDraw = False
230.8069 	EXP 	image_2_7: autoDraw = True
233.3098 	EXP 	image_2_7: autoDraw = False
233.3098 	EXP 	trial_fixation_2_8: autoDraw = True
233.8103 	EXP 	trial_fixation_2_8: autoDraw = False
233.8103 	EXP 	image_2_8: autoDraw = True
236.3132 	EXP 	image_2_8: autoDraw = False
236.3132 	EXP 	trial_fixation_2_9: autoDraw = True
236.8139 	EXP 	trial_fixation_2_9: autoDraw = False
236.8139 	EXP 	image_2_9: autoDraw = True
239.3167 	EXP 	image_2_9: autoDraw = False
239.3167 	EXP 	trial_fixation_2_10: autoDraw = True
239.8172 	EXP 	trial_fixation_2_10: autoDraw = False
239.8172 	EXP 	image_2_10: autoDraw = True
242.3203 	EXP 	image_2_10: autoDraw = False
242.3203 	EXP 	trial_fixation_2_11: autoDraw = True
242.8208 	EXP 	trial_fixation_2_11: autoDraw = False
242.8208 	EXP 	prep_instr_2: autoDraw = False
242.8208 	EXP 	target_2: autoDraw = False
242.8208 	EXP 	trial_fixation_2_1: autoDraw = False
242.8208 	EXP 	image_2_1: autoDraw = False
242.8208 	EXP 	trial_fixation_2_2: autoDraw = False
242.8208 	EXP 	image_2_2: autoDraw = False
242.8208 	EXP 	trial_fixation_2_3: autoDraw = False
242.8208 	EXP 	image_2_3: autoDraw = False
242.8208 	EXP 	trial_fixation_2_4: autoDraw = False
242.8208 	EXP 	image_2_4: autoDraw = False
242.8208 	EXP 	trial_fixation_2_5: autoDraw = False
242.8208 	EXP 	image_2_5: autoDraw = False
242.8208 	EXP 	trial_fixation_2_6: autoDraw = False
242.8208 	EXP 	image_2_6: autoDraw = False
242.8208 	EXP 	trial_fixation_2_7: autoDraw = False
242.8208 	EXP 	image_2_7: autoDraw = False
242.8208 	EXP 	trial_fixation_2_8: autoDraw = False
242.8208 	EXP 	image_2_8: autoDraw = False
242.8208 	EXP 	trial_fixation_2_9: autoDraw = False
242.8208 	EXP 	image_2_9: autoDraw = False
242.8208 	EXP 	trial_fixation_2_10: autoDraw = False
242.8208 	EXP 	image_2_10: autoDraw = False
242.8208 	EXP 	trial_fixation_2_11: autoDraw = False
242.8208 	EXP 	rest_txt: autoDraw = True
257.8387 	EXP 	New trial (rep=3, index=0): None
257.8975 	EXP 	rest_txt: autoDraw = False
257.8975 	EXP 	rest_txt: autoDraw = False
257.8975 	EXP 	prep_instr_1: height = 0.1
257.8975 	EXP 	prep_instr_1: height = 0.1
257.8975 	EXP 	prep_instr_1: height = 0.1
257.8975 	EXP 	prep_instr_1: text = '兩項之前'
257.8975 	EXP 	target_1: image = 'nback_stimuli/BP_094_BODY_36_BA.png'
257.8975 	EXP 	image_1_1: image = 'nback_stimuli/BP_094_BODY_36_BA.png'
257.8975 	EXP 	image_1_2: image = 'nback_stimuli/BP_093_BODY_35_BA.png'
257.8975 	EXP 	image_1_3: image = 'nback_stimuli/BP_095_BODY_37_BA.png'
257.8975 	EXP 	image_1_4: image = 'nback_stimuli/BP_095_BODY_37_BA.png'
257.8975 	EXP 	image_1_5: image = 'nback_stimuli/BP_094_BODY_36_BA.png'
257.8975 	EXP 	image_1_6: image = 'nback_stimuli/BP_097_BODY_39_BA.png'
257.8975 	EXP 	image_1_7: image = 'nback_stimuli/BP_092_BODY_33_BA.png'
257.8975 	EXP 	image_1_8: image = 'nback_stimuli/BP_097_BODY_39_BA.png'
257.8975 	EXP 	image_1_9: image = 'nback_stimuli/BP_092_BODY_33_BA.png'
257.8975 	EXP 	image_1_10: image = 'nback_stimuli/BP_096_BODY_38_BA.png'
257.8975 	EXP 	prep_instr_1: autoDraw = True
257.8975 	EXP 	target_1: autoDraw = True
260.3910 	EXP 	prep_instr_1: autoDraw = False
260.3910 	EXP 	target_1: autoDraw = False
260.3910 	EXP 	trial_fixation_1_1: autoDraw = True
260.8916 	EXP 	trial_fixation_1_1: autoDraw = False
260.8916 	EXP 	image_1_1: autoDraw = True
263.3949 	EXP 	image_1_1: autoDraw = False
263.3949 	EXP 	trial_fixation_1_2: autoDraw = True
263.8948 	EXP 	trial_fixation_1_2: autoDraw = False
263.8948 	EXP 	image_1_2: autoDraw = True
266.3979 	EXP 	image_1_2: autoDraw = False
266.3979 	EXP 	trial_fixation_1_3: autoDraw = True
266.8985 	EXP 	trial_fixation_1_3: autoDraw = False
266.8985 	EXP 	image_1_3: autoDraw = True
269.4013 	EXP 	image_1_3: autoDraw = False
269.4013 	EXP 	trial_fixation_1_4: autoDraw = True
269.9018 	EXP 	trial_fixation_1_4: autoDraw = False
269.9018 	EXP 	image_1_4: autoDraw = True
272.4047 	EXP 	image_1_4: autoDraw = False
272.4047 	EXP 	trial_fixation_1_5: autoDraw = True
272.9053 	EXP 	trial_fixation_1_5: autoDraw = False
272.9053 	EXP 	image_1_5: autoDraw = True
275.4085 	EXP 	image_1_5: autoDraw = False
275.4085 	EXP 	trial_fixation_1_6: autoDraw = True
275.9089 	EXP 	trial_fixation_1_6: autoDraw = False
275.9089 	EXP 	image_1_6: autoDraw = True
278.4121 	EXP 	image_1_6: autoDraw = False
278.4121 	EXP 	trial_fixation_1_7: autoDraw = True
278.9126 	EXP 	trial_fixation_1_7: autoDraw = False
278.9126 	EXP 	image_1_7: autoDraw = True
281.4147 	EXP 	image_1_7: autoDraw = False
281.4147 	EXP 	trial_fixation_1_8: autoDraw = True
281.9159 	EXP 	trial_fixation_1_8: autoDraw = False
281.9159 	EXP 	image_1_8: autoDraw = True
284.4188 	EXP 	image_1_8: autoDraw = False
284.4188 	EXP 	trial_fixation_1_9: autoDraw = True
284.9192 	EXP 	trial_fixation_1_9: autoDraw = False
284.9192 	EXP 	image_1_9: autoDraw = True
287.4222 	EXP 	image_1_9: autoDraw = False
287.4222 	EXP 	trial_fixation_1_10: autoDraw = True
287.9232 	EXP 	trial_fixation_1_10: autoDraw = False
287.9232 	EXP 	image_1_10: autoDraw = True
290.4256 	EXP 	image_1_10: autoDraw = False
290.4256 	EXP 	trial_fixation_1_11: autoDraw = True
291.0130 	EXP 	trial_fixation_1_11: autoDraw = False
291.0130 	EXP 	prep_instr_1: autoDraw = False
291.0130 	EXP 	target_1: autoDraw = False
291.0130 	EXP 	trial_fixation_1_1: autoDraw = False
291.0130 	EXP 	image_1_1: autoDraw = False
291.0130 	EXP 	trial_fixation_1_2: autoDraw = False
291.0130 	EXP 	image_1_2: autoDraw = False
291.0130 	EXP 	trial_fixation_1_3: autoDraw = False
291.0130 	EXP 	image_1_3: autoDraw = False
291.0130 	EXP 	trial_fixation_1_4: autoDraw = False
291.0130 	EXP 	image_1_4: autoDraw = False
291.0130 	EXP 	trial_fixation_1_5: autoDraw = False
291.0130 	EXP 	image_1_5: autoDraw = False
291.0130 	EXP 	trial_fixation_1_6: autoDraw = False
291.0130 	EXP 	image_1_6: autoDraw = False
291.0130 	EXP 	trial_fixation_1_7: autoDraw = False
291.0130 	EXP 	image_1_7: autoDraw = False
291.0130 	EXP 	trial_fixation_1_8: autoDraw = False
291.0130 	EXP 	image_1_8: autoDraw = False
291.0130 	EXP 	trial_fixation_1_9: autoDraw = False
291.0130 	EXP 	image_1_9: autoDraw = False
291.0130 	EXP 	trial_fixation_1_10: autoDraw = False
291.0130 	EXP 	image_1_10: autoDraw = False
291.0130 	EXP 	trial_fixation_1_11: autoDraw = False
291.0130 	EXP 	prep_instr_2: text = '目標'
291.0130 	EXP 	target_2: image = 'nback_stimuli/FC_092_F46.png'
291.0130 	EXP 	image_2_1: image = 'nback_stimuli/FC_092_F46.png'
291.0130 	EXP 	image_2_2: image = 'nback_stimuli/FC_096_F48.png'
291.0130 	EXP 	image_2_3: image = 'nback_stimuli/FC_095_M48.png'
291.0130 	EXP 	image_2_4: image = 'nback_stimuli/FC_094_F47.png'
291.0130 	EXP 	image_2_5: image = 'nback_stimuli/FC_092_F46.png'
291.0130 	EXP 	image_2_6: image = 'nback_stimuli/FC_093_M47.png'
291.0130 	EXP 	image_2_7: image = 'nback_stimuli/FC_091_M46.png'
291.0130 	EXP 	image_2_8: image = 'nback_stimuli/FC_091_M46.png'
291.0130 	EXP 	image_2_9: image = 'nback_stimuli/FC_095_M48.png'
291.0130 	EXP 	image_2_10: image = 'nback_stimuli/FC_096_F48.png'
291.0130 	EXP 	prep_instr_2: autoDraw = True
291.0130 	EXP 	target_2: autoDraw = True
293.5127 	EXP 	prep_instr_2: autoDraw = False
293.5127 	EXP 	target_2: autoDraw = False
293.5127 	EXP 	trial_fixation_2_1: autoDraw = True
294.0130 	EXP 	trial_fixation_2_1: autoDraw = False
294.0130 	EXP 	image_2_1: autoDraw = True
296.5159 	EXP 	image_2_1: autoDraw = False
296.5159 	EXP 	trial_fixation_2_2: autoDraw = True
297.0165 	EXP 	trial_fixation_2_2: autoDraw = False
297.0165 	EXP 	image_2_2: autoDraw = True
299.5193 	EXP 	image_2_2: autoDraw = False
299.5193 	EXP 	trial_fixation_2_3: autoDraw = True
300.0199 	EXP 	trial_fixation_2_3: autoDraw = False
300.0199 	EXP 	image_2_3: autoDraw = True
302.5227 	EXP 	image_2_3: autoDraw = False
302.5227 	EXP 	trial_fixation_2_4: autoDraw = True
303.0233 	EXP 	trial_fixation_2_4: autoDraw = False
303.0233 	EXP 	image_2_4: autoDraw = True
305.5263 	EXP 	image_2_4: autoDraw = False
305.5263 	EXP 	trial_fixation_2_5: autoDraw = True
306.0269 	EXP 	trial_fixation_2_5: autoDraw = False
306.0269 	EXP 	image_2_5: autoDraw = True
308.5297 	EXP 	image_2_5: autoDraw = False
308.5297 	EXP 	trial_fixation_2_6: autoDraw = True
309.0302 	EXP 	trial_fixation_2_6: autoDraw = False
309.0302 	EXP 	image_2_6: autoDraw = True
311.5333 	EXP 	image_2_6: autoDraw = False
311.5333 	EXP 	trial_fixation_2_7: autoDraw = True
312.0337 	EXP 	trial_fixation_2_7: autoDraw = False
312.0337 	EXP 	image_2_7: autoDraw = True
314.5366 	EXP 	image_2_7: autoDraw = False
314.5366 	EXP 	trial_fixation_2_8: autoDraw = True
315.0372 	EXP 	trial_fixation_2_8: autoDraw = False
315.0372 	EXP 	image_2_8: autoDraw = True
317.5401 	EXP 	image_2_8: autoDraw = False
317.5401 	EXP 	trial_fixation_2_9: autoDraw = True
318.0407 	EXP 	trial_fixation_2_9: autoDraw = False
318.0407 	EXP 	image_2_9: autoDraw = True
320.5435 	EXP 	image_2_9: autoDraw = False
320.5435 	EXP 	trial_fixation_2_10: autoDraw = True
321.0441 	EXP 	trial_fixation_2_10: autoDraw = False
321.0441 	EXP 	image_2_10: autoDraw = True
323.5470 	EXP 	image_2_10: autoDraw = False
323.5470 	EXP 	trial_fixation_2_11: autoDraw = True
324.0476 	EXP 	trial_fixation_2_11: autoDraw = False
324.0476 	EXP 	prep_instr_2: autoDraw = False
324.0476 	EXP 	target_2: autoDraw = False
324.0476 	EXP 	trial_fixation_2_1: autoDraw = False
324.0476 	EXP 	image_2_1: autoDraw = False
324.0476 	EXP 	trial_fixation_2_2: autoDraw = False
324.0476 	EXP 	image_2_2: autoDraw = False
324.0476 	EXP 	trial_fixation_2_3: autoDraw = False
324.0476 	EXP 	image_2_3: autoDraw = False
324.0476 	EXP 	trial_fixation_2_4: autoDraw = False
324.0476 	EXP 	image_2_4: autoDraw = False
324.0476 	EXP 	trial_fixation_2_5: autoDraw = False
324.0476 	EXP 	image_2_5: autoDraw = False
324.0476 	EXP 	trial_fixation_2_6: autoDraw = False
324.0476 	EXP 	image_2_6: autoDraw = False
324.0476 	EXP 	trial_fixation_2_7: autoDraw = False
324.0476 	EXP 	image_2_7: autoDraw = False
324.0476 	EXP 	trial_fixation_2_8: autoDraw = False
324.0476 	EXP 	image_2_8: autoDraw = False
324.0476 	EXP 	trial_fixation_2_9: autoDraw = False
324.0476 	EXP 	image_2_9: autoDraw = False
324.0476 	EXP 	trial_fixation_2_10: autoDraw = False
324.0476 	EXP 	image_2_10: autoDraw = False
324.0476 	EXP 	trial_fixation_2_11: autoDraw = False
324.0476 	EXP 	rest_txt: autoDraw = True
339.0657 	EXP 	New trial (rep=4, index=0): None
339.1069 	EXP 	rest_txt: autoDraw = False
339.1069 	EXP 	rest_txt: autoDraw = False
339.1069 	EXP 	prep_instr_1: height = 0.1
339.1069 	EXP 	prep_instr_1: height = 0.1
339.1069 	EXP 	prep_instr_1: height = 0.1
339.1069 	EXP 	prep_instr_1: text = '目標'
339.1069 	EXP 	target_1: image = 'nback_stimuli/TO_025_TOOL25_BA.png'
339.1069 	EXP 	image_1_1: image = 'nback_stimuli/TO_028_TOOL28_BA.png'
339.1069 	EXP 	image_1_2: image = 'nback_stimuli/TO_026_TOOL26_BA.png'
339.1069 	EXP 	image_1_3: image = 'nback_stimuli/TO_025_TOOL25_BA.png'
339.1069 	EXP 	image_1_4: image = 'nback_stimuli/TO_026_TOOL26_BA.png'
339.1069 	EXP 	image_1_5: image = 'nback_stimuli/TO_030_TOOL30_BA.png'
339.1069 	EXP 	image_1_6: image = 'nback_stimuli/TO_025_TOOL25_BA.png'
339.1069 	EXP 	image_1_7: image = 'nback_stimuli/TO_027_TOOL27_BA.png'
339.1069 	EXP 	image_1_8: image = 'nback_stimuli/TO_030_TOOL30_BA.png'
339.1069 	EXP 	image_1_9: image = 'nback_stimuli/TO_028_TOOL28_BA.png'
339.1069 	EXP 	image_1_10: image = 'nback_stimuli/TO_029_TOOL29_BA.png'
339.1069 	EXP 	prep_instr_1: autoDraw = True
339.1069 	EXP 	target_1: autoDraw = True
341.6011 	EXP 	prep_instr_1: autoDraw = False
341.6011 	EXP 	target_1: autoDraw = False
341.6011 	EXP 	trial_fixation_1_1: autoDraw = True
342.1018 	EXP 	trial_fixation_1_1: autoDraw = False
342.1018 	EXP 	image_1_1: autoDraw = True
344.6046 	EXP 	image_1_1: autoDraw = False
344.6046 	EXP 	trial_fixation_1_2: autoDraw = True
345.1052 	EXP 	trial_fixation_1_2: autoDraw = False
345.1052 	EXP 	image_1_2: autoDraw = True
347.6080 	EXP 	image_1_2: autoDraw = False
347.6080 	EXP 	trial_fixation_1_3: autoDraw = True
348.1085 	EXP 	trial_fixation_1_3: autoDraw = False
348.1085 	EXP 	image_1_3: autoDraw = True
350.6115 	EXP 	image_1_3: autoDraw = False
350.6115 	EXP 	trial_fixation_1_4: autoDraw = True
351.1122 	EXP 	trial_fixation_1_4: autoDraw = False
351.1122 	EXP 	image_1_4: autoDraw = True
353.6151 	EXP 	image_1_4: autoDraw = False
353.6151 	EXP 	trial_fixation_1_5: autoDraw = True
354.1157 	EXP 	trial_fixation_1_5: autoDraw = False
354.1157 	EXP 	image_1_5: autoDraw = True
356.6184 	EXP 	image_1_5: autoDraw = False
356.6184 	EXP 	trial_fixation_1_6: autoDraw = True
357.1189 	EXP 	trial_fixation_1_6: autoDraw = False
357.1189 	EXP 	image_1_6: autoDraw = True
359.6220 	EXP 	image_1_6: autoDraw = False
359.6220 	EXP 	trial_fixation_1_7: autoDraw = True
360.1225 	EXP 	trial_fixation_1_7: autoDraw = False
360.1225 	EXP 	image_1_7: autoDraw = True
362.6254 	EXP 	image_1_7: autoDraw = False
362.6254 	EXP 	trial_fixation_1_8: autoDraw = True
363.1260 	EXP 	trial_fixation_1_8: autoDraw = False
363.1260 	EXP 	image_1_8: autoDraw = True
365.6289 	EXP 	image_1_8: autoDraw = False
365.6289 	EXP 	trial_fixation_1_9: autoDraw = True
366.1294 	EXP 	trial_fixation_1_9: autoDraw = False
366.1294 	EXP 	image_1_9: autoDraw = True
368.6323 	EXP 	image_1_9: autoDraw = False
368.6323 	EXP 	trial_fixation_1_10: autoDraw = True
369.1328 	EXP 	trial_fixation_1_10: autoDraw = False
369.1328 	EXP 	image_1_10: autoDraw = True
371.6359 	EXP 	image_1_10: autoDraw = False
371.6359 	EXP 	trial_fixation_1_11: autoDraw = True
372.1909 	EXP 	trial_fixation_1_11: autoDraw = False
372.1909 	EXP 	prep_instr_1: autoDraw = False
372.1909 	EXP 	target_1: autoDraw = False
372.1909 	EXP 	trial_fixation_1_1: autoDraw = False
372.1909 	EXP 	image_1_1: autoDraw = False
372.1909 	EXP 	trial_fixation_1_2: autoDraw = False
372.1909 	EXP 	image_1_2: autoDraw = False
372.1909 	EXP 	trial_fixation_1_3: autoDraw = False
372.1909 	EXP 	image_1_3: autoDraw = False
372.1909 	EXP 	trial_fixation_1_4: autoDraw = False
372.1909 	EXP 	image_1_4: autoDraw = False
372.1909 	EXP 	trial_fixation_1_5: autoDraw = False
372.1909 	EXP 	image_1_5: autoDraw = False
372.1909 	EXP 	trial_fixation_1_6: autoDraw = False
372.1909 	EXP 	image_1_6: autoDraw = False
372.1909 	EXP 	trial_fixation_1_7: autoDraw = False
372.1909 	EXP 	image_1_7: autoDraw = False
372.1909 	EXP 	trial_fixation_1_8: autoDraw = False
372.1909 	EXP 	image_1_8: autoDraw = False
372.1909 	EXP 	trial_fixation_1_9: autoDraw = False
372.1909 	EXP 	image_1_9: autoDraw = False
372.1909 	EXP 	trial_fixation_1_10: autoDraw = False
372.1909 	EXP 	image_1_10: autoDraw = False
372.1909 	EXP 	trial_fixation_1_11: autoDraw = False
372.1909 	EXP 	prep_instr_2: height = 0.1
372.1909 	EXP 	prep_instr_2: height = 0.1
372.1909 	EXP 	prep_instr_2: height = 0.1
372.1909 	EXP 	prep_instr_2: text = '兩項之前'
372.1909 	EXP 	target_2: image = 'nback_stimuli/FC_029_M15.png'
372.1909 	EXP 	image_2_1: image = 'nback_stimuli/FC_029_M15.png'
372.1909 	EXP 	image_2_2: image = 'nback_stimuli/FC_026_F13.png'
372.1909 	EXP 	image_2_3: image = 'nback_stimuli/FC_029_M15.png'
372.1909 	EXP 	image_2_4: image = 'nback_stimuli/FC_028_F14.png'
372.1909 	EXP 	image_2_5: image = 'nback_stimuli/FC_025_M13.png'
372.1909 	EXP 	image_2_6: image = 'nback_stimuli/FC_026_F13.png'
372.1909 	EXP 	image_2_7: image = 'nback_stimuli/FC_027_M14.png'
372.1909 	EXP 	image_2_8: image = 'nback_stimuli/FC_028_F14.png'
372.1909 	EXP 	image_2_9: image = 'nback_stimuli/FC_027_M14.png'
372.1909 	EXP 	image_2_10: image = 'nback_stimuli/FC_030_F15.png'
372.1909 	EXP 	prep_instr_2: autoDraw = True
372.1909 	EXP 	target_2: autoDraw = True
374.6894 	EXP 	prep_instr_2: autoDraw = False
374.6894 	EXP 	target_2: autoDraw = False
374.6894 	EXP 	trial_fixation_2_1: autoDraw = True
375.1899 	EXP 	trial_fixation_2_1: autoDraw = False
375.1899 	EXP 	image_2_1: autoDraw = True
377.6925 	EXP 	image_2_1: autoDraw = False
377.6925 	EXP 	trial_fixation_2_2: autoDraw = True
378.1935 	EXP 	trial_fixation_2_2: autoDraw = False
378.1935 	EXP 	image_2_2: autoDraw = True
380.6963 	EXP 	image_2_2: autoDraw = False
380.6963 	EXP 	trial_fixation_2_3: autoDraw = True
381.1967 	EXP 	trial_fixation_2_3: autoDraw = False
381.1967 	EXP 	image_2_3: autoDraw = True
383.6999 	EXP 	image_2_3: autoDraw = False
383.6999 	EXP 	trial_fixation_2_4: autoDraw = True
384.2003 	EXP 	trial_fixation_2_4: autoDraw = False
384.2003 	EXP 	image_2_4: autoDraw = True
386.7028 	EXP 	image_2_4: autoDraw = False
386.7028 	EXP 	trial_fixation_2_5: autoDraw = True
387.2037 	EXP 	trial_fixation_2_5: autoDraw = False
387.2037 	EXP 	image_2_5: autoDraw = True
389.7066 	EXP 	image_2_5: autoDraw = False
389.7066 	EXP 	trial_fixation_2_6: autoDraw = True
390.2072 	EXP 	trial_fixation_2_6: autoDraw = False
390.2072 	EXP 	image_2_6: autoDraw = True
392.7103 	EXP 	image_2_6: autoDraw = False
392.7103 	EXP 	trial_fixation_2_7: autoDraw = True
393.2108 	EXP 	trial_fixation_2_7: autoDraw = False
393.2108 	EXP 	image_2_7: autoDraw = True
395.7132 	EXP 	image_2_7: autoDraw = False
395.7132 	EXP 	trial_fixation_2_8: autoDraw = True
396.2141 	EXP 	trial_fixation_2_8: autoDraw = False
396.2141 	EXP 	image_2_8: autoDraw = True
398.7171 	EXP 	image_2_8: autoDraw = False
398.7171 	EXP 	trial_fixation_2_9: autoDraw = True
399.2175 	EXP 	trial_fixation_2_9: autoDraw = False
399.2175 	EXP 	image_2_9: autoDraw = True
401.7204 	EXP 	image_2_9: autoDraw = False
401.7204 	EXP 	trial_fixation_2_10: autoDraw = True
402.2210 	EXP 	trial_fixation_2_10: autoDraw = False
402.2210 	EXP 	image_2_10: autoDraw = True
404.7239 	EXP 	image_2_10: autoDraw = False
404.7239 	EXP 	trial_fixation_2_11: autoDraw = True
405.2246 	EXP 	trial_fixation_2_11: autoDraw = False
405.2246 	EXP 	prep_instr_2: autoDraw = False
405.2246 	EXP 	target_2: autoDraw = False
405.2246 	EXP 	trial_fixation_2_1: autoDraw = False
405.2246 	EXP 	image_2_1: autoDraw = False
405.2246 	EXP 	trial_fixation_2_2: autoDraw = False
405.2246 	EXP 	image_2_2: autoDraw = False
405.2246 	EXP 	trial_fixation_2_3: autoDraw = False
405.2246 	EXP 	image_2_3: autoDraw = False
405.2246 	EXP 	trial_fixation_2_4: autoDraw = False
405.2246 	EXP 	image_2_4: autoDraw = False
405.2246 	EXP 	trial_fixation_2_5: autoDraw = False
405.2246 	EXP 	image_2_5: autoDraw = False
405.2246 	EXP 	trial_fixation_2_6: autoDraw = False
405.2246 	EXP 	image_2_6: autoDraw = False
405.2246 	EXP 	trial_fixation_2_7: autoDraw = False
405.2246 	EXP 	image_2_7: autoDraw = False
405.2246 	EXP 	trial_fixation_2_8: autoDraw = False
405.2246 	EXP 	image_2_8: autoDraw = False
405.2246 	EXP 	trial_fixation_2_9: autoDraw = False
405.2246 	EXP 	image_2_9: autoDraw = False
405.2246 	EXP 	trial_fixation_2_10: autoDraw = False
405.2246 	EXP 	image_2_10: autoDraw = False
405.2246 	EXP 	trial_fixation_2_11: autoDraw = False
405.2246 	EXP 	rest_txt: autoDraw = True
420.2427 	EXP 	New trial (rep=5, index=0): None
420.3049 	EXP 	rest_txt: autoDraw = False
420.3049 	EXP 	rest_txt: autoDraw = False
420.3049 	EXP 	prep_instr_1: text = '目標'
420.3049 	EXP 	target_1: image = 'nback_stimuli/BP_026_H8-T_BA.png'
420.3049 	EXP 	image_1_1: image = 'nback_stimuli/BP_026_H8-T_BA.png'
420.3049 	EXP 	image_1_2: image = 'nback_stimuli/BP_031_FLBHS_BA.png'
420.3049 	EXP 	image_1_3: image = 'nback_stimuli/BP_027_FBBHI_BA.png'
420.3049 	EXP 	image_1_4: image = 'nback_stimuli/BP_026_H8-T_BA.png'
420.3049 	EXP 	image_1_5: image = 'nback_stimuli/BP_027_FBBHI_BA.png'
420.3049 	EXP 	image_1_6: image = 'nback_stimuli/BP_030_FLBFS_BA.png'
420.3049 	EXP 	image_1_7: image = 'nback_stimuli/BP_029_FLBAS_BA.png'
420.3049 	EXP 	image_1_8: image = 'nback_stimuli/BP_028_FBBHS_BA.png'
420.3049 	EXP 	image_1_9: image = 'nback_stimuli/BP_031_FLBHS_BA.png'
420.3049 	EXP 	image_1_10: image = 'nback_stimuli/BP_030_FLBFS_BA.png'
420.3049 	EXP 	prep_instr_1: autoDraw = True
420.3049 	EXP 	target_1: autoDraw = True
422.8114 	EXP 	prep_instr_1: autoDraw = False
422.8114 	EXP 	target_1: autoDraw = False
422.8114 	EXP 	trial_fixation_1_1: autoDraw = True
423.3120 	EXP 	trial_fixation_1_1: autoDraw = False
423.3120 	EXP 	image_1_1: autoDraw = True
425.8148 	EXP 	image_1_1: autoDraw = False
425.8148 	EXP 	trial_fixation_1_2: autoDraw = True
426.3154 	EXP 	trial_fixation_1_2: autoDraw = False
426.3154 	EXP 	image_1_2: autoDraw = True
428.8183 	EXP 	image_1_2: autoDraw = False
428.8183 	EXP 	trial_fixation_1_3: autoDraw = True
429.3189 	EXP 	trial_fixation_1_3: autoDraw = False
429.3189 	EXP 	image_1_3: autoDraw = True
431.8217 	EXP 	image_1_3: autoDraw = False
431.8217 	EXP 	trial_fixation_1_4: autoDraw = True
432.3223 	EXP 	trial_fixation_1_4: autoDraw = False
432.3223 	EXP 	image_1_4: autoDraw = True
434.8253 	EXP 	image_1_4: autoDraw = False
434.8253 	EXP 	trial_fixation_1_5: autoDraw = True
435.3257 	EXP 	trial_fixation_1_5: autoDraw = False
435.3257 	EXP 	image_1_5: autoDraw = True
437.8286 	EXP 	image_1_5: autoDraw = False
437.8286 	EXP 	trial_fixation_1_6: autoDraw = True
438.3293 	EXP 	trial_fixation_1_6: autoDraw = False
438.3293 	EXP 	image_1_6: autoDraw = True
440.8321 	EXP 	image_1_6: autoDraw = False
440.8321 	EXP 	trial_fixation_1_7: autoDraw = True
441.3327 	EXP 	trial_fixation_1_7: autoDraw = False
441.3327 	EXP 	image_1_7: autoDraw = True
443.8354 	EXP 	image_1_7: autoDraw = False
443.8354 	EXP 	trial_fixation_1_8: autoDraw = True
444.3361 	EXP 	trial_fixation_1_8: autoDraw = False
444.3361 	EXP 	image_1_8: autoDraw = True
446.8392 	EXP 	image_1_8: autoDraw = False
446.8392 	EXP 	trial_fixation_1_9: autoDraw = True
447.3398 	EXP 	trial_fixation_1_9: autoDraw = False
447.3398 	EXP 	image_1_9: autoDraw = True
449.8424 	EXP 	image_1_9: autoDraw = False
449.8424 	EXP 	trial_fixation_1_10: autoDraw = True
450.3431 	EXP 	trial_fixation_1_10: autoDraw = False
450.3431 	EXP 	image_1_10: autoDraw = True
452.8460 	EXP 	image_1_10: autoDraw = False
452.8460 	EXP 	trial_fixation_1_11: autoDraw = True
453.3859 	EXP 	trial_fixation_1_11: autoDraw = False
453.3859 	EXP 	prep_instr_1: autoDraw = False
453.3859 	EXP 	target_1: autoDraw = False
453.3859 	EXP 	trial_fixation_1_1: autoDraw = False
453.3859 	EXP 	image_1_1: autoDraw = False
453.3859 	EXP 	trial_fixation_1_2: autoDraw = False
453.3859 	EXP 	image_1_2: autoDraw = False
453.3859 	EXP 	trial_fixation_1_3: autoDraw = False
453.3859 	EXP 	image_1_3: autoDraw = False
453.3859 	EXP 	trial_fixation_1_4: autoDraw = False
453.3859 	EXP 	image_1_4: autoDraw = False
453.3859 	EXP 	trial_fixation_1_5: autoDraw = False
453.3859 	EXP 	image_1_5: autoDraw = False
453.3859 	EXP 	trial_fixation_1_6: autoDraw = False
453.3859 	EXP 	image_1_6: autoDraw = False
453.3859 	EXP 	trial_fixation_1_7: autoDraw = False
453.3859 	EXP 	image_1_7: autoDraw = False
453.3859 	EXP 	trial_fixation_1_8: autoDraw = False
453.3859 	EXP 	image_1_8: autoDraw = False
453.3859 	EXP 	trial_fixation_1_9: autoDraw = False
453.3859 	EXP 	image_1_9: autoDraw = False
453.3859 	EXP 	trial_fixation_1_10: autoDraw = False
453.3859 	EXP 	image_1_10: autoDraw = False
453.3859 	EXP 	trial_fixation_1_11: autoDraw = False
453.3859 	EXP 	prep_instr_2: text = '兩項之前'
453.3859 	EXP 	target_2: image = 'nback_stimuli/TO_033_TOOL33_BA.png'
453.3859 	EXP 	image_2_1: image = 'nback_stimuli/TO_033_TOOL33_BA.png'
453.3859 	EXP 	image_2_2: image = 'nback_stimuli/TO_031_TOOL31_BA.png'
453.3859 	EXP 	image_2_3: image = 'nback_stimuli/TO_031_TOOL31_BA.png'
453.3859 	EXP 	image_2_4: image = 'nback_stimuli/TO_033_TOOL33_BA.png'
453.3859 	EXP 	image_2_5: image = 'nback_stimuli/TO_036_TOOL36_BA.png'
453.3859 	EXP 	image_2_6: image = 'nback_stimuli/TO_034_TOOL34_BA.png'
453.3859 	EXP 	image_2_7: image = 'nback_stimuli/TO_032_TOOL32_BA.png'
453.3859 	EXP 	image_2_8: image = 'nback_stimuli/TO_034_TOOL34_BA.png'
453.3859 	EXP 	image_2_9: image = 'nback_stimuli/TO_032_TOOL32_BA.png'
453.3859 	EXP 	image_2_10: image = 'nback_stimuli/TO_035_TOOL35_BA.png'
453.3859 	EXP 	prep_instr_2: autoDraw = True
453.3859 	EXP 	target_2: autoDraw = True
455.8829 	EXP 	prep_instr_2: autoDraw = False
455.8829 	EXP 	target_2: autoDraw = False
455.8829 	EXP 	trial_fixation_2_1: autoDraw = True
456.3833 	EXP 	trial_fixation_2_1: autoDraw = False
456.3833 	EXP 	image_2_1: autoDraw = True
458.8862 	EXP 	image_2_1: autoDraw = False
458.8862 	EXP 	trial_fixation_2_2: autoDraw = True
459.3868 	EXP 	trial_fixation_2_2: autoDraw = False
459.3868 	EXP 	image_2_2: autoDraw = True
461.8898 	EXP 	image_2_2: autoDraw = False
461.8898 	EXP 	trial_fixation_2_3: autoDraw = True
462.3902 	EXP 	trial_fixation_2_3: autoDraw = False
462.3902 	EXP 	image_2_3: autoDraw = True
464.8932 	EXP 	image_2_3: autoDraw = False
464.8932 	EXP 	trial_fixation_2_4: autoDraw = True
465.3937 	EXP 	trial_fixation_2_4: autoDraw = False
465.3937 	EXP 	image_2_4: autoDraw = True
467.8966 	EXP 	image_2_4: autoDraw = False
467.8966 	EXP 	trial_fixation_2_5: autoDraw = True
468.3972 	EXP 	trial_fixation_2_5: autoDraw = False
468.3972 	EXP 	image_2_5: autoDraw = True
470.9000 	EXP 	image_2_5: autoDraw = False
470.9000 	EXP 	trial_fixation_2_6: autoDraw = True
471.4006 	EXP 	trial_fixation_2_6: autoDraw = False
471.4006 	EXP 	image_2_6: autoDraw = True
473.9036 	EXP 	image_2_6: autoDraw = False
473.9036 	EXP 	trial_fixation_2_7: autoDraw = True
474.4041 	EXP 	trial_fixation_2_7: autoDraw = False
474.4041 	EXP 	image_2_7: autoDraw = True
476.9069 	EXP 	image_2_7: autoDraw = False
476.9069 	EXP 	trial_fixation_2_8: autoDraw = True
477.4076 	EXP 	trial_fixation_2_8: autoDraw = False
477.4076 	EXP 	image_2_8: autoDraw = True
479.9106 	EXP 	image_2_8: autoDraw = False
479.9106 	EXP 	trial_fixation_2_9: autoDraw = True
480.4110 	EXP 	trial_fixation_2_9: autoDraw = False
480.4110 	EXP 	image_2_9: autoDraw = True
482.9138 	EXP 	image_2_9: autoDraw = False
482.9138 	EXP 	trial_fixation_2_10: autoDraw = True
483.4144 	EXP 	trial_fixation_2_10: autoDraw = False
483.4144 	EXP 	image_2_10: autoDraw = True
485.9172 	EXP 	image_2_10: autoDraw = False
485.9172 	EXP 	trial_fixation_2_11: autoDraw = True
486.4179 	EXP 	trial_fixation_2_11: autoDraw = False
486.4179 	EXP 	prep_instr_2: autoDraw = False
486.4179 	EXP 	target_2: autoDraw = False
486.4179 	EXP 	trial_fixation_2_1: autoDraw = False
486.4179 	EXP 	image_2_1: autoDraw = False
486.4179 	EXP 	trial_fixation_2_2: autoDraw = False
486.4179 	EXP 	image_2_2: autoDraw = False
486.4179 	EXP 	trial_fixation_2_3: autoDraw = False
486.4179 	EXP 	image_2_3: autoDraw = False
486.4179 	EXP 	trial_fixation_2_4: autoDraw = False
486.4179 	EXP 	image_2_4: autoDraw = False
486.4179 	EXP 	trial_fixation_2_5: autoDraw = False
486.4179 	EXP 	image_2_5: autoDraw = False
486.4179 	EXP 	trial_fixation_2_6: autoDraw = False
486.4179 	EXP 	image_2_6: autoDraw = False
486.4179 	EXP 	trial_fixation_2_7: autoDraw = False
486.4179 	EXP 	image_2_7: autoDraw = False
486.4179 	EXP 	trial_fixation_2_8: autoDraw = False
486.4179 	EXP 	image_2_8: autoDraw = False
486.4179 	EXP 	trial_fixation_2_9: autoDraw = False
486.4179 	EXP 	image_2_9: autoDraw = False
486.4179 	EXP 	trial_fixation_2_10: autoDraw = False
486.4179 	EXP 	image_2_10: autoDraw = False
486.4179 	EXP 	trial_fixation_2_11: autoDraw = False
486.4179 	EXP 	rest_txt: autoDraw = True
501.4358 	EXP 	New trial (rep=6, index=0): None
501.5151 	EXP 	rest_txt: autoDraw = False
501.5151 	EXP 	rest_txt: autoDraw = False
501.5151 	EXP 	prep_instr_1: height = 0.1
501.5151 	EXP 	prep_instr_1: height = 0.1
501.5151 	EXP 	prep_instr_1: height = 0.1
501.5151 	EXP 	prep_instr_1: text = '兩項之前'
501.5151 	EXP 	target_1: image = 'nback_stimuli/PL_032_COLORADO.png'
501.5151 	EXP 	image_1_1: image = 'nback_stimuli/PL_032_COLORADO.png'
501.5151 	EXP 	image_1_2: image = 'nback_stimuli/PL_029_SCENE_39.png'
501.5151 	EXP 	image_1_3: image = 'nback_stimuli/PL_032_COLORADO.png'
501.5151 	EXP 	image_1_4: image = 'nback_stimuli/PL_028_SCENE_35.png'
501.5151 	EXP 	image_1_5: image = 'nback_stimuli/PL_031_CANAL.png'
501.5151 	EXP 	image_1_6: image = 'nback_stimuli/PL_030_SCENE_40.png'
501.5151 	EXP 	image_1_7: image = 'nback_stimuli/PL_031_CANAL.png'
501.5151 	EXP 	image_1_8: image = 'nback_stimuli/PL_028_SCENE_35.png'
501.5151 	EXP 	image_1_9: image = 'nback_stimuli/PL_027_SCENE_27.png'
501.5151 	EXP 	image_1_10: image = 'nback_stimuli/PL_027_SCENE_27.png'
501.5151 	EXP 	prep_instr_1: autoDraw = True
501.5151 	EXP 	target_1: autoDraw = True
504.0218 	EXP 	prep_instr_1: autoDraw = False
504.0218 	EXP 	target_1: autoDraw = False
504.0218 	EXP 	trial_fixation_1_1: autoDraw = True
504.5221 	EXP 	trial_fixation_1_1: autoDraw = False
504.5221 	EXP 	image_1_1: autoDraw = True
507.0250 	EXP 	image_1_1: autoDraw = False
507.0250 	EXP 	trial_fixation_1_2: autoDraw = True
507.5254 	EXP 	trial_fixation_1_2: autoDraw = False
507.5254 	EXP 	image_1_2: autoDraw = True
510.0284 	EXP 	image_1_2: autoDraw = False
510.0284 	EXP 	trial_fixation_1_3: autoDraw = True
510.5290 	EXP 	trial_fixation_1_3: autoDraw = False
510.5290 	EXP 	image_1_3: autoDraw = True
513.0324 	EXP 	image_1_3: autoDraw = False
513.0324 	EXP 	trial_fixation_1_4: autoDraw = True
513.5326 	EXP 	trial_fixation_1_4: autoDraw = False
513.5326 	EXP 	image_1_4: autoDraw = True
516.0354 	EXP 	image_1_4: autoDraw = False
516.0354 	EXP 	trial_fixation_1_5: autoDraw = True
516.5359 	EXP 	trial_fixation_1_5: autoDraw = False
516.5359 	EXP 	image_1_5: autoDraw = True
519.0388 	EXP 	image_1_5: autoDraw = False
519.0388 	EXP 	trial_fixation_1_6: autoDraw = True
519.5393 	EXP 	trial_fixation_1_6: autoDraw = False
519.5393 	EXP 	image_1_6: autoDraw = True
522.0424 	EXP 	image_1_6: autoDraw = False
522.0424 	EXP 	trial_fixation_1_7: autoDraw = True
522.5430 	EXP 	trial_fixation_1_7: autoDraw = False
522.5430 	EXP 	image_1_7: autoDraw = True
525.0458 	EXP 	image_1_7: autoDraw = False
525.0458 	EXP 	trial_fixation_1_8: autoDraw = True
525.5463 	EXP 	trial_fixation_1_8: autoDraw = False
525.5463 	EXP 	image_1_8: autoDraw = True
528.0493 	EXP 	image_1_8: autoDraw = False
528.0493 	EXP 	trial_fixation_1_9: autoDraw = True
528.5498 	EXP 	trial_fixation_1_9: autoDraw = False
528.5498 	EXP 	image_1_9: autoDraw = True
531.0528 	EXP 	image_1_9: autoDraw = False
531.0528 	EXP 	trial_fixation_1_10: autoDraw = True
531.5532 	EXP 	trial_fixation_1_10: autoDraw = False
531.5532 	EXP 	image_1_10: autoDraw = True
534.0560 	EXP 	image_1_10: autoDraw = False
534.0560 	EXP 	trial_fixation_1_11: autoDraw = True
534.6373 	EXP 	trial_fixation_1_11: autoDraw = False
534.6373 	EXP 	prep_instr_1: autoDraw = False
534.6373 	EXP 	target_1: autoDraw = False
534.6373 	EXP 	trial_fixation_1_1: autoDraw = False
534.6373 	EXP 	image_1_1: autoDraw = False
534.6373 	EXP 	trial_fixation_1_2: autoDraw = False
534.6373 	EXP 	image_1_2: autoDraw = False
534.6373 	EXP 	trial_fixation_1_3: autoDraw = False
534.6373 	EXP 	image_1_3: autoDraw = False
534.6373 	EXP 	trial_fixation_1_4: autoDraw = False
534.6373 	EXP 	image_1_4: autoDraw = False
534.6373 	EXP 	trial_fixation_1_5: autoDraw = False
534.6373 	EXP 	image_1_5: autoDraw = False
534.6373 	EXP 	trial_fixation_1_6: autoDraw = False
534.6373 	EXP 	image_1_6: autoDraw = False
534.6373 	EXP 	trial_fixation_1_7: autoDraw = False
534.6373 	EXP 	image_1_7: autoDraw = False
534.6373 	EXP 	trial_fixation_1_8: autoDraw = False
534.6373 	EXP 	image_1_8: autoDraw = False
534.6373 	EXP 	trial_fixation_1_9: autoDraw = False
534.6373 	EXP 	image_1_9: autoDraw = False
534.6373 	EXP 	trial_fixation_1_10: autoDraw = False
534.6373 	EXP 	image_1_10: autoDraw = False
534.6373 	EXP 	trial_fixation_1_11: autoDraw = False
534.6373 	EXP 	prep_instr_2: height = 0.1
534.6373 	EXP 	prep_instr_2: height = 0.1
534.6373 	EXP 	prep_instr_2: height = 0.1
534.6373 	EXP 	prep_instr_2: text = '目標'
534.6373 	EXP 	target_2: image = 'nback_stimuli/FC_032_F16.png'
534.6373 	EXP 	image_2_1: image = 'nback_stimuli/FC_033_M17.png'
534.6373 	EXP 	image_2_2: image = 'nback_stimuli/FC_032_F16.png'
534.6373 	EXP 	image_2_3: image = 'nback_stimuli/FC_035_M18.png'
534.6373 	EXP 	image_2_4: image = 'nback_stimuli/FC_036_F18.png'
534.6373 	EXP 	image_2_5: image = 'nback_stimuli/FC_032_F16.png'
534.6373 	EXP 	image_2_6: image = 'nback_stimuli/FC_031_M16.png'
534.6373 	EXP 	image_2_7: image = 'nback_stimuli/FC_036_F18.png'
534.6373 	EXP 	image_2_8: image = 'nback_stimuli/FC_035_M18.png'
534.6373 	EXP 	image_2_9: image = 'nback_stimuli/FC_034_F17.png'
534.6373 	EXP 	image_2_10: image = 'nback_stimuli/FC_033_M17.png'
534.6373 	EXP 	prep_instr_2: autoDraw = True
534.6373 	EXP 	target_2: autoDraw = True
537.1429 	EXP 	prep_instr_2: autoDraw = False
537.1429 	EXP 	target_2: autoDraw = False
537.1429 	EXP 	trial_fixation_2_1: autoDraw = True
537.6436 	EXP 	trial_fixation_2_1: autoDraw = False
537.6436 	EXP 	image_2_1: autoDraw = True
540.1464 	EXP 	image_2_1: autoDraw = False
540.1464 	EXP 	trial_fixation_2_2: autoDraw = True
540.6469 	EXP 	trial_fixation_2_2: autoDraw = False
540.6469 	EXP 	image_2_2: autoDraw = True
543.1499 	EXP 	image_2_2: autoDraw = False
543.1499 	EXP 	trial_fixation_2_3: autoDraw = True
543.6511 	EXP 	trial_fixation_2_3: autoDraw = False
543.6511 	EXP 	image_2_3: autoDraw = True
546.1534 	EXP 	image_2_3: autoDraw = False
546.1534 	EXP 	trial_fixation_2_4: autoDraw = True
546.6541 	EXP 	trial_fixation_2_4: autoDraw = False
546.6541 	EXP 	image_2_4: autoDraw = True
549.1569 	EXP 	image_2_4: autoDraw = False
549.1569 	EXP 	trial_fixation_2_5: autoDraw = True
549.6576 	EXP 	trial_fixation_2_5: autoDraw = False
549.6576 	EXP 	image_2_5: autoDraw = True
552.1603 	EXP 	image_2_5: autoDraw = False
552.1603 	EXP 	trial_fixation_2_6: autoDraw = True
552.6610 	EXP 	trial_fixation_2_6: autoDraw = False
552.6610 	EXP 	image_2_6: autoDraw = True
555.1638 	EXP 	image_2_6: autoDraw = False
555.1638 	EXP 	trial_fixation_2_7: autoDraw = True
555.6643 	EXP 	trial_fixation_2_7: autoDraw = False
555.6643 	EXP 	image_2_7: autoDraw = True
558.1673 	EXP 	image_2_7: autoDraw = False
558.1673 	EXP 	trial_fixation_2_8: autoDraw = True
558.6679 	EXP 	trial_fixation_2_8: autoDraw = False
558.6679 	EXP 	image_2_8: autoDraw = True
561.1706 	EXP 	image_2_8: autoDraw = False
561.1706 	EXP 	trial_fixation_2_9: autoDraw = True
561.6715 	EXP 	trial_fixation_2_9: autoDraw = False
561.6715 	EXP 	image_2_9: autoDraw = True
564.1741 	EXP 	image_2_9: autoDraw = False
564.1741 	EXP 	trial_fixation_2_10: autoDraw = True
564.6747 	EXP 	trial_fixation_2_10: autoDraw = False
564.6747 	EXP 	image_2_10: autoDraw = True
567.1775 	EXP 	image_2_10: autoDraw = False
567.1775 	EXP 	trial_fixation_2_11: autoDraw = True
567.6783 	EXP 	trial_fixation_2_11: autoDraw = False
567.6783 	EXP 	prep_instr_2: autoDraw = False
567.6783 	EXP 	target_2: autoDraw = False
567.6783 	EXP 	trial_fixation_2_1: autoDraw = False
567.6783 	EXP 	image_2_1: autoDraw = False
567.6783 	EXP 	trial_fixation_2_2: autoDraw = False
567.6783 	EXP 	image_2_2: autoDraw = False
567.6783 	EXP 	trial_fixation_2_3: autoDraw = False
567.6783 	EXP 	image_2_3: autoDraw = False
567.6783 	EXP 	trial_fixation_2_4: autoDraw = False
567.6783 	EXP 	image_2_4: autoDraw = False
567.6783 	EXP 	trial_fixation_2_5: autoDraw = False
567.6783 	EXP 	image_2_5: autoDraw = False
567.6783 	EXP 	trial_fixation_2_6: autoDraw = False
567.6783 	EXP 	image_2_6: autoDraw = False
567.6783 	EXP 	trial_fixation_2_7: autoDraw = False
567.6783 	EXP 	image_2_7: autoDraw = False
567.6783 	EXP 	trial_fixation_2_8: autoDraw = False
567.6783 	EXP 	image_2_8: autoDraw = False
567.6783 	EXP 	trial_fixation_2_9: autoDraw = False
567.6783 	EXP 	image_2_9: autoDraw = False
567.6783 	EXP 	trial_fixation_2_10: autoDraw = False
567.6783 	EXP 	image_2_10: autoDraw = False
567.6783 	EXP 	trial_fixation_2_11: autoDraw = False
567.6783 	EXP 	rest_txt: autoDraw = True
582.6962 	EXP 	New trial (rep=7, index=0): None
582.7679 	EXP 	rest_txt: autoDraw = False
582.7679 	EXP 	rest_txt: autoDraw = False
582.7679 	EXP 	prep_instr_1: height = 0.1
582.7679 	EXP 	prep_instr_1: height = 0.1
582.7679 	EXP 	prep_instr_1: height = 0.1
582.7679 	EXP 	prep_instr_1: text = '目標'
582.7679 	EXP 	target_1: image = 'nback_stimuli/PL_033_DESERT.png'
582.7679 	EXP 	image_1_1: image = 'nback_stimuli/PL_035_LEXINGTON02.png'
582.7679 	EXP 	image_1_2: image = 'nback_stimuli/PL_038_LEXINGTON05.png'
582.7679 	EXP 	image_1_3: image = 'nback_stimuli/PL_033_DESERT.png'
582.7679 	EXP 	image_1_4: image = 'nback_stimuli/PL_037_LEXINGTON04.png'
582.7679 	EXP 	image_1_5: image = 'nback_stimuli/PL_037_LEXINGTON04.png'
582.7679 	EXP 	image_1_6: image = 'nback_stimuli/PL_038_LEXINGTON05.png'
582.7679 	EXP 	image_1_7: image = 'nback_stimuli/PL_034_FOXISLAND.png'
582.7679 	EXP 	image_1_8: image = 'nback_stimuli/PL_036_LEXINGTON03.png'
582.7679 	EXP 	image_1_9: image = 'nback_stimuli/PL_033_DESERT.png'
582.7679 	EXP 	image_1_10: image = 'nback_stimuli/PL_036_LEXINGTON03.png'
582.7679 	EXP 	prep_instr_1: autoDraw = True
582.7679 	EXP 	target_1: autoDraw = True
585.2652 	EXP 	prep_instr_1: autoDraw = False
585.2652 	EXP 	target_1: autoDraw = False
585.2652 	EXP 	trial_fixation_1_1: autoDraw = True
585.7658 	EXP 	trial_fixation_1_1: autoDraw = False
585.7658 	EXP 	image_1_1: autoDraw = True
588.2686 	EXP 	image_1_1: autoDraw = False
588.2686 	EXP 	trial_fixation_1_2: autoDraw = True
588.7690 	EXP 	trial_fixation_1_2: autoDraw = False
588.7690 	EXP 	image_1_2: autoDraw = True
591.2724 	EXP 	image_1_2: autoDraw = False
591.2724 	EXP 	trial_fixation_1_3: autoDraw = True
591.7729 	EXP 	trial_fixation_1_3: autoDraw = False
591.7729 	EXP 	image_1_3: autoDraw = True
594.2758 	EXP 	image_1_3: autoDraw = False
594.2758 	EXP 	trial_fixation_1_4: autoDraw = True
594.7761 	EXP 	trial_fixation_1_4: autoDraw = False
594.7761 	EXP 	image_1_4: autoDraw = True
597.2790 	EXP 	image_1_4: autoDraw = False
597.2790 	EXP 	trial_fixation_1_5: autoDraw = True
597.7796 	EXP 	trial_fixation_1_5: autoDraw = False
597.7796 	EXP 	image_1_5: autoDraw = True
600.2826 	EXP 	image_1_5: autoDraw = False
600.2826 	EXP 	trial_fixation_1_6: autoDraw = True
600.7830 	EXP 	trial_fixation_1_6: autoDraw = False
600.7830 	EXP 	image_1_6: autoDraw = True
603.2859 	EXP 	image_1_6: autoDraw = False
603.2859 	EXP 	trial_fixation_1_7: autoDraw = True
603.7865 	EXP 	trial_fixation_1_7: autoDraw = False
603.7865 	EXP 	image_1_7: autoDraw = True
606.2894 	EXP 	image_1_7: autoDraw = False
606.2894 	EXP 	trial_fixation_1_8: autoDraw = True
606.7901 	EXP 	trial_fixation_1_8: autoDraw = False
606.7901 	EXP 	image_1_8: autoDraw = True
609.2931 	EXP 	image_1_8: autoDraw = False
609.2931 	EXP 	trial_fixation_1_9: autoDraw = True
609.7934 	EXP 	trial_fixation_1_9: autoDraw = False
609.7934 	EXP 	image_1_9: autoDraw = True
612.2962 	EXP 	image_1_9: autoDraw = False
612.2962 	EXP 	trial_fixation_1_10: autoDraw = True
612.7969 	EXP 	trial_fixation_1_10: autoDraw = False
612.7969 	EXP 	image_1_10: autoDraw = True
615.2997 	EXP 	image_1_10: autoDraw = False
615.2997 	EXP 	trial_fixation_1_11: autoDraw = True
615.8418 	EXP 	trial_fixation_1_11: autoDraw = False
615.8418 	EXP 	prep_instr_1: autoDraw = False
615.8418 	EXP 	target_1: autoDraw = False
615.8418 	EXP 	trial_fixation_1_1: autoDraw = False
615.8418 	EXP 	image_1_1: autoDraw = False
615.8418 	EXP 	trial_fixation_1_2: autoDraw = False
615.8418 	EXP 	image_1_2: autoDraw = False
615.8418 	EXP 	trial_fixation_1_3: autoDraw = False
615.8418 	EXP 	image_1_3: autoDraw = False
615.8418 	EXP 	trial_fixation_1_4: autoDraw = False
615.8418 	EXP 	image_1_4: autoDraw = False
615.8418 	EXP 	trial_fixation_1_5: autoDraw = False
615.8418 	EXP 	image_1_5: autoDraw = False
615.8418 	EXP 	trial_fixation_1_6: autoDraw = False
615.8418 	EXP 	image_1_6: autoDraw = False
615.8418 	EXP 	trial_fixation_1_7: autoDraw = False
615.8418 	EXP 	image_1_7: autoDraw = False
615.8418 	EXP 	trial_fixation_1_8: autoDraw = False
615.8418 	EXP 	image_1_8: autoDraw = False
615.8418 	EXP 	trial_fixation_1_9: autoDraw = False
615.8418 	EXP 	image_1_9: autoDraw = False
615.8418 	EXP 	trial_fixation_1_10: autoDraw = False
615.8418 	EXP 	image_1_10: autoDraw = False
615.8418 	EXP 	trial_fixation_1_11: autoDraw = False
615.8418 	EXP 	prep_instr_2: height = 0.1
615.8418 	EXP 	prep_instr_2: height = 0.1
615.8418 	EXP 	prep_instr_2: height = 0.1
615.8418 	EXP 	prep_instr_2: text = '兩項之前'
615.8418 	EXP 	target_2: image = 'nback_stimuli/BP_035_FLPUS_BA.png'
615.8418 	EXP 	image_2_1: image = 'nback_stimuli/BP_035_FLPUS_BA.png'
615.8418 	EXP 	image_2_2: image = 'nback_stimuli/BP_037_FRBFS_BA.png'
615.8418 	EXP 	image_2_3: image = 'nback_stimuli/BP_036_FRBAI_BA.png'
615.8418 	EXP 	image_2_4: image = 'nback_stimuli/BP_037_FRBFS_BA.png'
615.8418 	EXP 	image_2_5: image = 'nback_stimuli/BP_036_FRBAI_BA.png'
615.8418 	EXP 	image_2_6: image = 'nback_stimuli/BP_033_FLCHS_BA.png'
615.8418 	EXP 	image_2_7: image = 'nback_stimuli/BP_032_FLCHI_BA.png'
615.8418 	EXP 	image_2_8: image = 'nback_stimuli/BP_034_FLPUI_BA.png'
615.8418 	EXP 	image_2_9: image = 'nback_stimuli/BP_034_FLPUI_BA.png'
615.8418 	EXP 	image_2_10: image = 'nback_stimuli/BP_033_FLCHS_BA.png'
615.8418 	EXP 	prep_instr_2: autoDraw = True
615.8418 	EXP 	target_2: autoDraw = True
618.3365 	EXP 	prep_instr_2: autoDraw = False
618.3365 	EXP 	target_2: autoDraw = False
618.3365 	EXP 	trial_fixation_2_1: autoDraw = True
618.8371 	EXP 	trial_fixation_2_1: autoDraw = False
618.8371 	EXP 	image_2_1: autoDraw = True
621.3400 	EXP 	image_2_1: autoDraw = False
621.3400 	EXP 	trial_fixation_2_2: autoDraw = True
621.8404 	EXP 	trial_fixation_2_2: autoDraw = False
621.8404 	EXP 	image_2_2: autoDraw = True
624.3441 	EXP 	image_2_2: autoDraw = False
624.3441 	EXP 	trial_fixation_2_3: autoDraw = True
624.8439 	EXP 	trial_fixation_2_3: autoDraw = False
624.8439 	EXP 	image_2_3: autoDraw = True
627.3470 	EXP 	image_2_3: autoDraw = False
627.3470 	EXP 	trial_fixation_2_4: autoDraw = True
627.8475 	EXP 	trial_fixation_2_4: autoDraw = False
627.8475 	EXP 	image_2_4: autoDraw = True
630.3504 	EXP 	image_2_4: autoDraw = False
630.3504 	EXP 	trial_fixation_2_5: autoDraw = True
630.8509 	EXP 	trial_fixation_2_5: autoDraw = False
630.8509 	EXP 	image_2_5: autoDraw = True
633.3543 	EXP 	image_2_5: autoDraw = False
633.3543 	EXP 	trial_fixation_2_6: autoDraw = True
633.8544 	EXP 	trial_fixation_2_6: autoDraw = False
633.8544 	EXP 	image_2_6: autoDraw = True
636.3573 	EXP 	image_2_6: autoDraw = False
636.3573 	EXP 	trial_fixation_2_7: autoDraw = True
636.8578 	EXP 	trial_fixation_2_7: autoDraw = False
636.8578 	EXP 	image_2_7: autoDraw = True
639.3607 	EXP 	image_2_7: autoDraw = False
639.3607 	EXP 	trial_fixation_2_8: autoDraw = True
639.8613 	EXP 	trial_fixation_2_8: autoDraw = False
639.8613 	EXP 	image_2_8: autoDraw = True
642.3643 	EXP 	image_2_8: autoDraw = False
642.3643 	EXP 	trial_fixation_2_9: autoDraw = True
642.8647 	EXP 	trial_fixation_2_9: autoDraw = False
642.8647 	EXP 	image_2_9: autoDraw = True
645.3677 	EXP 	image_2_9: autoDraw = False
645.3677 	EXP 	trial_fixation_2_10: autoDraw = True
645.8682 	EXP 	trial_fixation_2_10: autoDraw = False
645.8682 	EXP 	image_2_10: autoDraw = True
648.3712 	EXP 	image_2_10: autoDraw = False
648.3712 	EXP 	trial_fixation_2_11: autoDraw = True
648.8717 	EXP 	trial_fixation_2_11: autoDraw = False
648.8717 	EXP 	prep_instr_2: autoDraw = False
648.8717 	EXP 	target_2: autoDraw = False
648.8717 	EXP 	trial_fixation_2_1: autoDraw = False
648.8717 	EXP 	image_2_1: autoDraw = False
648.8717 	EXP 	trial_fixation_2_2: autoDraw = False
648.8717 	EXP 	image_2_2: autoDraw = False
648.8717 	EXP 	trial_fixation_2_3: autoDraw = False
648.8717 	EXP 	image_2_3: autoDraw = False
648.8717 	EXP 	trial_fixation_2_4: autoDraw = False
648.8717 	EXP 	image_2_4: autoDraw = False
648.8717 	EXP 	trial_fixation_2_5: autoDraw = False
648.8717 	EXP 	image_2_5: autoDraw = False
648.8717 	EXP 	trial_fixation_2_6: autoDraw = False
648.8717 	EXP 	image_2_6: autoDraw = False
648.8717 	EXP 	trial_fixation_2_7: autoDraw = False
648.8717 	EXP 	image_2_7: autoDraw = False
648.8717 	EXP 	trial_fixation_2_8: autoDraw = False
648.8717 	EXP 	image_2_8: autoDraw = False
648.8717 	EXP 	trial_fixation_2_9: autoDraw = False
648.8717 	EXP 	image_2_9: autoDraw = False
648.8717 	EXP 	trial_fixation_2_10: autoDraw = False
648.8717 	EXP 	image_2_10: autoDraw = False
648.8717 	EXP 	trial_fixation_2_11: autoDraw = False
648.8717 	EXP 	rest_txt: autoDraw = True
663.9057 	EXP 	rest_txt: autoDraw = False
663.9057 	EXP 	rest_txt: autoDraw = False
663.9057 	EXP 	end_txt: autoDraw = True
675.2523 	EXP 	end_txt: autoDraw = False
675.3623 	EXP 	window1: mouseVisible = True
