3.1526 	WARNING 	Speech-to-text recognition module for PocketSphinx is not available (use command `pip install SpeechRecognition` to get it). Transcription will be unavailable using that service this session.
3.1533 	WARNING 	Speech-to-text recognition using Google online services is not available (use command `pip install google-api-core google-auth google-cloud google-cloud-speech googleapis-common-protos` to get it). Transcription will be unavailable using that service this session.
8.3786 	EXP 	Created window1 = Window(allowGUI=True, allowStencil=False, autoLog=True, backendConf=UNKNOWN, backgroundFit=<method-wrapper '__getattribute__' of attributeSetter object at 0x000002ABE3A1A490>, backgroundImage=<method-wrapper '__getattribute__' of attributeSetter object at 0x000002ABE3A1A430>, bitsMode=UNKNOWN, blendMode='avg', bpc=(8, 8, 8), color=array([-1, -1, -1]), colorSpace='rgb', depthBits=8, fullscr=<method-wrapper '__getattribute__' of attributeSetter object at 0x000002ABE3A1A160>, gamma=None, gammaErrorPolicy='raise', lms=UNKNOWN, monitor=<psychopy.monitors.calibTools.Monitor object at 0x000002AC2D8BD7F0>, multiSample=False, name='window1', numSamples=2, pos=(0, 0), screen=0, size=array([1680, 1050]), stencilBits=0, stereo=False, units='height', useFBO=True, useRetina=False, viewOri=0.0, viewPos=None, viewScale=None, waitBlanking=True, winType='pyglet')
8.3788 	EXP 	window1: mouseVisible = True
8.3788 	EXP 	window1: backgroundImage = ''
8.3788 	EXP 	window1: backgroundFit = 'none'
8.3789 	EXP 	window1: mouseVisible = False
8.3789 	EXP 	window1: Attempting to measure frame rate of screen (0) ...
8.3789 	EXP 	window1: recordFrameIntervals = False
8.5456 	EXP 	window1: recordFrameIntervals = True
8.7296 	EXP 	Screen (0) actual frame rate measured at 59.93Hz
8.7297 	EXP 	window1: recordFrameIntervals = False
12.4588 	EXP 	Created trigger_txt = TextStim(__class__=<class 'psychopy.visual.text.TextStim'>, alignHoriz=method-wrapper(...), alignText='center', alignVert=method-wrapper(...), anchorHoriz='center', anchorVert='center', antialias=True, autoDraw=False, autoLog=True, bold=False, color=array([1., 1., 1.]), colorSpace='rgb', contrast=1.0, depth=-1.0, flipHoriz=False, flipVert=False, font='Songti SC', fontFiles=[], height=0.05, italic=False, languageStyle='LTR', name='trigger_txt', opacity=1.0, ori=0.0, pos=array([0., 0.]), rgb=UNKNOWN, text='實驗即將開始', units='height', win=Window(...), wrapWidth=1)
12.4852 	EXP 	Created instr_txt = TextStim(__class__=<class 'psychopy.visual.text.TextStim'>, alignHoriz=method-wrapper(...), alignText='center', alignVert=method-wrapper(...), anchorHoriz='center', anchorVert='center', antialias=True, autoDraw=False, autoLog=True, bold=False, color=array([1., 1., 1.]), colorSpace='rgb', contrast=1.0, depth=0.0, flipHoriz=False, flipVert=False, font='Songti SC', fontFiles=[], height=0.05, italic=False, languageStyle='LTR', name='instr_txt', opacity=1.0, ori=0.0, pos=array([0., 0.]), rgb=UNKNOWN, text=str(...), units='height', win=Window(...), wrapWidth=1)
12.4868 	EXP 	Created prep_instr_1 = TextStim(__class__=<class 'psychopy.visual.text.TextStim'>, alignHoriz=method-wrapper(...), alignText='center', alignVert=method-wrapper(...), anchorHoriz='center', anchorVert='center', antialias=True, autoDraw=False, autoLog=True, bold=False, color=array([1., 1., 1.]), colorSpace='rgb', contrast=1.0, depth=-1.0, flipHoriz=False, flipVert=False, font='Songti SC', fontFiles=[], height=0.1, italic=False, languageStyle='LTR', name='prep_instr_1', opacity=1.0, ori=0.0, pos=array([0., 0.]), rgb=UNKNOWN, text='', units='height', win=Window(...), wrapWidth=1)
12.5017 	EXP 	Created target_1 = ImageStim(__class__=<class 'psychopy.visual.image.ImageStim'>, anchor=('center', 'center'), autoLog=True, color=array([1., 1., 1.]), colorSpace='rgb', contrast=1.0, depth=-2.0, flipHoriz=False, flipVert=False, image='default.png', interpolate=True, mask=None, maskParams=None, name='target_1', opacity=1.0, ori=0.0, pos=array([0., 0.]), size=array([0.5, 0.5]), texRes=128.0, units='height', win=Window(...))
12.5075 	EXP 	Created trial_fixation_1_1 = TextStim(__class__=<class 'psychopy.visual.text.TextStim'>, alignHoriz=method-wrapper(...), alignText='center', alignVert=method-wrapper(...), anchorHoriz='center', anchorVert='center', antialias=True, autoDraw=False, autoLog=True, bold=False, color=array([1., 1., 1.]), colorSpace='rgb', contrast=1.0, depth=-3.0, flipHoriz=False, flipVert=False, font='Open Sans', fontFiles=[], height=0.15, italic=False, languageStyle='LTR', name='trial_fixation_1_1', opacity=1.0, ori=0.0, pos=array([0., 0.]), rgb=UNKNOWN, text='+', units='height', win=Window(...), wrapWidth=1)
12.5191 	EXP 	Created image_1_1 = ImageStim(__class__=<class 'psychopy.visual.image.ImageStim'>, anchor=('center', 'center'), autoLog=True, color=array([1., 1., 1.]), colorSpace='rgb', contrast=1.0, depth=-4.0, flipHoriz=False, flipVert=False, image='default.png', interpolate=True, mask=None, maskParams=None, name='image_1_1', opacity=1.0, ori=0.0, pos=array([0., 0.]), size=array([0.5, 0.5]), texRes=128.0, units='height', win=Window(...))
12.5223 	EXP 	Created trial_fixation_1_2 = TextStim(__class__=<class 'psychopy.visual.text.TextStim'>, alignHoriz=method-wrapper(...), alignText='center', alignVert=method-wrapper(...), anchorHoriz='center', anchorVert='center', antialias=True, autoDraw=False, autoLog=True, bold=False, color=array([1., 1., 1.]), colorSpace='rgb', contrast=1.0, depth=-6.0, flipHoriz=False, flipVert=False, font='Open Sans', fontFiles=[], height=0.15, italic=False, languageStyle='LTR', name='trial_fixation_1_2', opacity=1.0, ori=0.0, pos=array([0., 0.]), rgb=UNKNOWN, text='+', units='height', win=Window(...), wrapWidth=1)
12.5335 	EXP 	Created image_1_2 = ImageStim(__class__=<class 'psychopy.visual.image.ImageStim'>, anchor=('center', 'center'), autoLog=True, color=array([1., 1., 1.]), colorSpace='rgb', contrast=1.0, depth=-7.0, flipHoriz=False, flipVert=False, image='default.png', interpolate=True, mask=None, maskParams=None, name='image_1_2', opacity=1.0, ori=0.0, pos=array([0., 0.]), size=array([0.5, 0.5]), texRes=128.0, units='height', win=Window(...))
12.5359 	EXP 	Created trial_fixation_1_3 = TextStim(__class__=<class 'psychopy.visual.text.TextStim'>, alignHoriz=method-wrapper(...), alignText='center', alignVert=method-wrapper(...), anchorHoriz='center', anchorVert='center', antialias=True, autoDraw=False, autoLog=True, bold=False, color=array([1., 1., 1.]), colorSpace='rgb', contrast=1.0, depth=-9.0, flipHoriz=False, flipVert=False, font='Open Sans', fontFiles=[], height=0.15, italic=False, languageStyle='LTR', name='trial_fixation_1_3', opacity=1.0, ori=0.0, pos=array([0., 0.]), rgb=UNKNOWN, text='+', units='height', win=Window(...), wrapWidth=1)
12.5492 	EXP 	Created image_1_3 = ImageStim(__class__=<class 'psychopy.visual.image.ImageStim'>, anchor=('center', 'center'), autoLog=True, color=array([1., 1., 1.]), colorSpace='rgb', contrast=1.0, depth=-10.0, flipHoriz=False, flipVert=False, image='default.png', interpolate=True, mask=None, maskParams=None, name='image_1_3', opacity=1.0, ori=0.0, pos=array([0., 0.]), size=array([0.5, 0.5]), texRes=128.0, units='height', win=Window(...))
12.5517 	EXP 	Created trial_fixation_1_4 = TextStim(__class__=<class 'psychopy.visual.text.TextStim'>, alignHoriz=method-wrapper(...), alignText='center', alignVert=method-wrapper(...), anchorHoriz='center', anchorVert='center', antialias=True, autoDraw=False, autoLog=True, bold=False, color=array([1., 1., 1.]), colorSpace='rgb', contrast=1.0, depth=-12.0, flipHoriz=False, flipVert=False, font='Open Sans', fontFiles=[], height=0.15, italic=False, languageStyle='LTR', name='trial_fixation_1_4', opacity=1.0, ori=0.0, pos=array([0., 0.]), rgb=UNKNOWN, text='+', units='height', win=Window(...), wrapWidth=1)
12.5645 	EXP 	Created image_1_4 = ImageStim(__class__=<class 'psychopy.visual.image.ImageStim'>, anchor=('center', 'center'), autoLog=True, color=array([1., 1., 1.]), colorSpace='rgb', contrast=1.0, depth=-13.0, flipHoriz=False, flipVert=False, image='default.png', interpolate=True, mask=None, maskParams=None, name='image_1_4', opacity=1.0, ori=0.0, pos=array([0., 0.]), size=array([0.5, 0.5]), texRes=128.0, units='height', win=Window(...))
12.5669 	EXP 	Created trial_fixation_1_5 = TextStim(__class__=<class 'psychopy.visual.text.TextStim'>, alignHoriz=method-wrapper(...), alignText='center', alignVert=method-wrapper(...), anchorHoriz='center', anchorVert='center', antialias=True, autoDraw=False, autoLog=True, bold=False, color=array([1., 1., 1.]), colorSpace='rgb', contrast=1.0, depth=-15.0, flipHoriz=False, flipVert=False, font='Open Sans', fontFiles=[], height=0.15, italic=False, languageStyle='LTR', name='trial_fixation_1_5', opacity=1.0, ori=0.0, pos=array([0., 0.]), rgb=UNKNOWN, text='+', units='height', win=Window(...), wrapWidth=1)
12.5798 	EXP 	Created image_1_5 = ImageStim(__class__=<class 'psychopy.visual.image.ImageStim'>, anchor=('center', 'center'), autoLog=True, color=array([1., 1., 1.]), colorSpace='rgb', contrast=1.0, depth=-16.0, flipHoriz=False, flipVert=False, image='default.png', interpolate=True, mask=None, maskParams=None, name='image_1_5', opacity=1.0, ori=0.0, pos=array([0., 0.]), size=array([0.5, 0.5]), texRes=128.0, units='height', win=Window(...))
12.5822 	EXP 	Created trial_fixation_1_6 = TextStim(__class__=<class 'psychopy.visual.text.TextStim'>, alignHoriz=method-wrapper(...), alignText='center', alignVert=method-wrapper(...), anchorHoriz='center', anchorVert='center', antialias=True, autoDraw=False, autoLog=True, bold=False, color=array([1., 1., 1.]), colorSpace='rgb', contrast=1.0, depth=-18.0, flipHoriz=False, flipVert=False, font='Open Sans', fontFiles=[], height=0.15, italic=False, languageStyle='LTR', name='trial_fixation_1_6', opacity=1.0, ori=0.0, pos=array([0., 0.]), rgb=UNKNOWN, text='+', units='height', win=Window(...), wrapWidth=1)
12.5948 	EXP 	Created image_1_6 = ImageStim(__class__=<class 'psychopy.visual.image.ImageStim'>, anchor=('center', 'center'), autoLog=True, color=array([1., 1., 1.]), colorSpace='rgb', contrast=1.0, depth=-19.0, flipHoriz=False, flipVert=False, image='default.png', interpolate=True, mask=None, maskParams=None, name='image_1_6', opacity=1.0, ori=0.0, pos=array([0., 0.]), size=array([0.5, 0.5]), texRes=128.0, units='height', win=Window(...))
12.5972 	EXP 	Created trial_fixation_1_7 = TextStim(__class__=<class 'psychopy.visual.text.TextStim'>, alignHoriz=method-wrapper(...), alignText='center', alignVert=method-wrapper(...), anchorHoriz='center', anchorVert='center', antialias=True, autoDraw=False, autoLog=True, bold=False, color=array([1., 1., 1.]), colorSpace='rgb', contrast=1.0, depth=-21.0, flipHoriz=False, flipVert=False, font='Open Sans', fontFiles=[], height=0.15, italic=False, languageStyle='LTR', name='trial_fixation_1_7', opacity=1.0, ori=0.0, pos=array([0., 0.]), rgb=UNKNOWN, text='+', units='height', win=Window(...), wrapWidth=1)
12.6106 	EXP 	Created image_1_7 = ImageStim(__class__=<class 'psychopy.visual.image.ImageStim'>, anchor=('center', 'center'), autoLog=True, color=array([1., 1., 1.]), colorSpace='rgb', contrast=1.0, depth=-22.0, flipHoriz=False, flipVert=False, image='default.png', interpolate=True, mask=None, maskParams=None, name='image_1_7', opacity=1.0, ori=0.0, pos=array([0., 0.]), size=array([0.5, 0.5]), texRes=128.0, units='height', win=Window(...))
12.6131 	EXP 	Created trial_fixation_1_8 = TextStim(__class__=<class 'psychopy.visual.text.TextStim'>, alignHoriz=method-wrapper(...), alignText='center', alignVert=method-wrapper(...), anchorHoriz='center', anchorVert='center', antialias=True, autoDraw=False, autoLog=True, bold=False, color=array([1., 1., 1.]), colorSpace='rgb', contrast=1.0, depth=-24.0, flipHoriz=False, flipVert=False, font='Open Sans', fontFiles=[], height=0.15, italic=False, languageStyle='LTR', name='trial_fixation_1_8', opacity=1.0, ori=0.0, pos=array([0., 0.]), rgb=UNKNOWN, text='+', units='height', win=Window(...), wrapWidth=1)
12.6271 	EXP 	Created image_1_8 = ImageStim(__class__=<class 'psychopy.visual.image.ImageStim'>, anchor=('center', 'center'), autoLog=True, color=array([1., 1., 1.]), colorSpace='rgb', contrast=1.0, depth=-25.0, flipHoriz=False, flipVert=False, image='default.png', interpolate=True, mask=None, maskParams=None, name='image_1_8', opacity=1.0, ori=0.0, pos=array([0., 0.]), size=array([0.5, 0.5]), texRes=128.0, units='height', win=Window(...))
12.6295 	EXP 	Created trial_fixation_1_9 = TextStim(__class__=<class 'psychopy.visual.text.TextStim'>, alignHoriz=method-wrapper(...), alignText='center', alignVert=method-wrapper(...), anchorHoriz='center', anchorVert='center', antialias=True, autoDraw=False, autoLog=True, bold=False, color=array([1., 1., 1.]), colorSpace='rgb', contrast=1.0, depth=-27.0, flipHoriz=False, flipVert=False, font='Open Sans', fontFiles=[], height=0.15, italic=False, languageStyle='LTR', name='trial_fixation_1_9', opacity=1.0, ori=0.0, pos=array([0., 0.]), rgb=UNKNOWN, text='+', units='height', win=Window(...), wrapWidth=1)
12.6432 	EXP 	Created image_1_9 = ImageStim(__class__=<class 'psychopy.visual.image.ImageStim'>, anchor=('center', 'center'), autoLog=True, color=array([1., 1., 1.]), colorSpace='rgb', contrast=1.0, depth=-28.0, flipHoriz=False, flipVert=False, image='default.png', interpolate=True, mask=None, maskParams=None, name='image_1_9', opacity=1.0, ori=0.0, pos=array([0., 0.]), size=array([0.5, 0.5]), texRes=128.0, units='height', win=Window(...))
12.6455 	EXP 	Created trial_fixation_1_10 = TextStim(__class__=<class 'psychopy.visual.text.TextStim'>, alignHoriz=method-wrapper(...), alignText='center', alignVert=method-wrapper(...), anchorHoriz='center', anchorVert='center', antialias=True, autoDraw=False, autoLog=True, bold=False, color=array([1., 1., 1.]), colorSpace='rgb', contrast=1.0, depth=-30.0, flipHoriz=False, flipVert=False, font='Open Sans', fontFiles=[], height=0.15, italic=False, languageStyle='LTR', name='trial_fixation_1_10', opacity=1.0, ori=0.0, pos=array([0., 0.]), rgb=UNKNOWN, text='+', units='height', win=Window(...), wrapWidth=1)
12.6589 	EXP 	Created image_1_10 = ImageStim(__class__=<class 'psychopy.visual.image.ImageStim'>, anchor=('center', 'center'), autoLog=True, color=array([1., 1., 1.]), colorSpace='rgb', contrast=1.0, depth=-31.0, flipHoriz=False, flipVert=False, image='default.png', interpolate=True, mask=None, maskParams=None, name='image_1_10', opacity=1.0, ori=0.0, pos=array([0., 0.]), size=array([0.5, 0.5]), texRes=128.0, units='height', win=Window(...))
12.6601 	EXP 	Created prep_instr_2 = TextStim(__class__=<class 'psychopy.visual.text.TextStim'>, alignHoriz=method-wrapper(...), alignText='center', alignVert=method-wrapper(...), anchorHoriz='center', anchorVert='center', antialias=True, autoDraw=False, autoLog=True, bold=False, color=array([1., 1., 1.]), colorSpace='rgb', contrast=1.0, depth=-1.0, flipHoriz=False, flipVert=False, font='Songti SC', fontFiles=[], height=0.1, italic=False, languageStyle='LTR', name='prep_instr_2', opacity=1.0, ori=0.0, pos=array([0., 0.]), rgb=UNKNOWN, text='', units='height', win=Window(...), wrapWidth=1)
12.6730 	EXP 	Created target_2 = ImageStim(__class__=<class 'psychopy.visual.image.ImageStim'>, anchor=('center', 'center'), autoLog=True, color=array([1., 1., 1.]), colorSpace='rgb', contrast=1.0, depth=-2.0, flipHoriz=False, flipVert=False, image='default.png', interpolate=True, mask=None, maskParams=None, name='target_2', opacity=1.0, ori=0.0, pos=array([0., 0.]), size=array([0.5, 0.5]), texRes=128.0, units='height', win=Window(...))
12.6755 	EXP 	Created trial_fixation_2_1 = TextStim(__class__=<class 'psychopy.visual.text.TextStim'>, alignHoriz=method-wrapper(...), alignText='center', alignVert=method-wrapper(...), anchorHoriz='center', anchorVert='center', antialias=True, autoDraw=False, autoLog=True, bold=False, color=array([1., 1., 1.]), colorSpace='rgb', contrast=1.0, depth=-3.0, flipHoriz=False, flipVert=False, font='Open Sans', fontFiles=[], height=0.15, italic=False, languageStyle='LTR', name='trial_fixation_2_1', opacity=1.0, ori=0.0, pos=array([0., 0.]), rgb=UNKNOWN, text='+', units='height', win=Window(...), wrapWidth=1)
12.6892 	EXP 	Created image_2_1 = ImageStim(__class__=<class 'psychopy.visual.image.ImageStim'>, anchor=('center', 'center'), autoLog=True, color=array([1., 1., 1.]), colorSpace='rgb', contrast=1.0, depth=-4.0, flipHoriz=False, flipVert=False, image='default.png', interpolate=True, mask=None, maskParams=None, name='image_2_1', opacity=1.0, ori=0.0, pos=array([0., 0.]), size=array([0.5, 0.5]), texRes=128.0, units='height', win=Window(...))
12.6916 	EXP 	Created trial_fixation_2_2 = TextStim(__class__=<class 'psychopy.visual.text.TextStim'>, alignHoriz=method-wrapper(...), alignText='center', alignVert=method-wrapper(...), anchorHoriz='center', anchorVert='center', antialias=True, autoDraw=False, autoLog=True, bold=False, color=array([1., 1., 1.]), colorSpace='rgb', contrast=1.0, depth=-6.0, flipHoriz=False, flipVert=False, font='Open Sans', fontFiles=[], height=0.15, italic=False, languageStyle='LTR', name='trial_fixation_2_2', opacity=1.0, ori=0.0, pos=array([0., 0.]), rgb=UNKNOWN, text='+', units='height', win=Window(...), wrapWidth=1)
12.7046 	EXP 	Created image_2_2 = ImageStim(__class__=<class 'psychopy.visual.image.ImageStim'>, anchor=('center', 'center'), autoLog=True, color=array([1., 1., 1.]), colorSpace='rgb', contrast=1.0, depth=-7.0, flipHoriz=False, flipVert=False, image='default.png', interpolate=True, mask=None, maskParams=None, name='image_2_2', opacity=1.0, ori=0.0, pos=array([0., 0.]), size=array([0.5, 0.5]), texRes=128.0, units='height', win=Window(...))
12.7071 	EXP 	Created trial_fixation_2_3 = TextStim(__class__=<class 'psychopy.visual.text.TextStim'>, alignHoriz=method-wrapper(...), alignText='center', alignVert=method-wrapper(...), anchorHoriz='center', anchorVert='center', antialias=True, autoDraw=False, autoLog=True, bold=False, color=array([1., 1., 1.]), colorSpace='rgb', contrast=1.0, depth=-9.0, flipHoriz=False, flipVert=False, font='Open Sans', fontFiles=[], height=0.15, italic=False, languageStyle='LTR', name='trial_fixation_2_3', opacity=1.0, ori=0.0, pos=array([0., 0.]), rgb=UNKNOWN, text='+', units='height', win=Window(...), wrapWidth=1)
12.7212 	EXP 	Created image_2_3 = ImageStim(__class__=<class 'psychopy.visual.image.ImageStim'>, anchor=('center', 'center'), autoLog=True, color=array([1., 1., 1.]), colorSpace='rgb', contrast=1.0, depth=-10.0, flipHoriz=False, flipVert=False, image='default.png', interpolate=True, mask=None, maskParams=None, name='image_2_3', opacity=1.0, ori=0.0, pos=array([0., 0.]), size=array([0.5, 0.5]), texRes=128.0, units='height', win=Window(...))
12.7237 	EXP 	Created trial_fixation_2_4 = TextStim(__class__=<class 'psychopy.visual.text.TextStim'>, alignHoriz=method-wrapper(...), alignText='center', alignVert=method-wrapper(...), anchorHoriz='center', anchorVert='center', antialias=True, autoDraw=False, autoLog=True, bold=False, color=array([1., 1., 1.]), colorSpace='rgb', contrast=1.0, depth=-12.0, flipHoriz=False, flipVert=False, font='Open Sans', fontFiles=[], height=0.15, italic=False, languageStyle='LTR', name='trial_fixation_2_4', opacity=1.0, ori=0.0, pos=array([0., 0.]), rgb=UNKNOWN, text='+', units='height', win=Window(...), wrapWidth=1)
12.7372 	EXP 	Created image_2_4 = ImageStim(__class__=<class 'psychopy.visual.image.ImageStim'>, anchor=('center', 'center'), autoLog=True, color=array([1., 1., 1.]), colorSpace='rgb', contrast=1.0, depth=-13.0, flipHoriz=False, flipVert=False, image='default.png', interpolate=True, mask=None, maskParams=None, name='image_2_4', opacity=1.0, ori=0.0, pos=array([0., 0.]), size=array([0.5, 0.5]), texRes=128.0, units='height', win=Window(...))
12.7397 	EXP 	Created trial_fixation_2_5 = TextStim(__class__=<class 'psychopy.visual.text.TextStim'>, alignHoriz=method-wrapper(...), alignText='center', alignVert=method-wrapper(...), anchorHoriz='center', anchorVert='center', antialias=True, autoDraw=False, autoLog=True, bold=False, color=array([1., 1., 1.]), colorSpace='rgb', contrast=1.0, depth=-15.0, flipHoriz=False, flipVert=False, font='Open Sans', fontFiles=[], height=0.15, italic=False, languageStyle='LTR', name='trial_fixation_2_5', opacity=1.0, ori=0.0, pos=array([0., 0.]), rgb=UNKNOWN, text='+', units='height', win=Window(...), wrapWidth=1)
12.7527 	EXP 	Created image_2_5 = ImageStim(__class__=<class 'psychopy.visual.image.ImageStim'>, anchor=('center', 'center'), autoLog=True, color=array([1., 1., 1.]), colorSpace='rgb', contrast=1.0, depth=-16.0, flipHoriz=False, flipVert=False, image='default.png', interpolate=True, mask=None, maskParams=None, name='image_2_5', opacity=1.0, ori=0.0, pos=array([0., 0.]), size=array([0.5, 0.5]), texRes=128.0, units='height', win=Window(...))
12.7551 	EXP 	Created trial_fixation_2_6 = TextStim(__class__=<class 'psychopy.visual.text.TextStim'>, alignHoriz=method-wrapper(...), alignText='center', alignVert=method-wrapper(...), anchorHoriz='center', anchorVert='center', antialias=True, autoDraw=False, autoLog=True, bold=False, color=array([1., 1., 1.]), colorSpace='rgb', contrast=1.0, depth=-18.0, flipHoriz=False, flipVert=False, font='Open Sans', fontFiles=[], height=0.15, italic=False, languageStyle='LTR', name='trial_fixation_2_6', opacity=1.0, ori=0.0, pos=array([0., 0.]), rgb=UNKNOWN, text='+', units='height', win=Window(...), wrapWidth=1)
12.7677 	EXP 	Created image_2_6 = ImageStim(__class__=<class 'psychopy.visual.image.ImageStim'>, anchor=('center', 'center'), autoLog=True, color=array([1., 1., 1.]), colorSpace='rgb', contrast=1.0, depth=-19.0, flipHoriz=False, flipVert=False, image='default.png', interpolate=True, mask=None, maskParams=None, name='image_2_6', opacity=1.0, ori=0.0, pos=array([0., 0.]), size=array([0.5, 0.5]), texRes=128.0, units='height', win=Window(...))
12.7701 	EXP 	Created trial_fixation_2_7 = TextStim(__class__=<class 'psychopy.visual.text.TextStim'>, alignHoriz=method-wrapper(...), alignText='center', alignVert=method-wrapper(...), anchorHoriz='center', anchorVert='center', antialias=True, autoDraw=False, autoLog=True, bold=False, color=array([1., 1., 1.]), colorSpace='rgb', contrast=1.0, depth=-21.0, flipHoriz=False, flipVert=False, font='Open Sans', fontFiles=[], height=0.15, italic=False, languageStyle='LTR', name='trial_fixation_2_7', opacity=1.0, ori=0.0, pos=array([0., 0.]), rgb=UNKNOWN, text='+', units='height', win=Window(...), wrapWidth=1)
12.7839 	EXP 	Created image_2_7 = ImageStim(__class__=<class 'psychopy.visual.image.ImageStim'>, anchor=('center', 'center'), autoLog=True, color=array([1., 1., 1.]), colorSpace='rgb', contrast=1.0, depth=-22.0, flipHoriz=False, flipVert=False, image='default.png', interpolate=True, mask=None, maskParams=None, name='image_2_7', opacity=1.0, ori=0.0, pos=array([0., 0.]), size=array([0.5, 0.5]), texRes=128.0, units='height', win=Window(...))
12.7864 	EXP 	Created trial_fixation_2_8 = TextStim(__class__=<class 'psychopy.visual.text.TextStim'>, alignHoriz=method-wrapper(...), alignText='center', alignVert=method-wrapper(...), anchorHoriz='center', anchorVert='center', antialias=True, autoDraw=False, autoLog=True, bold=False, color=array([1., 1., 1.]), colorSpace='rgb', contrast=1.0, depth=-24.0, flipHoriz=False, flipVert=False, font='Open Sans', fontFiles=[], height=0.15, italic=False, languageStyle='LTR', name='trial_fixation_2_8', opacity=1.0, ori=0.0, pos=array([0., 0.]), rgb=UNKNOWN, text='+', units='height', win=Window(...), wrapWidth=1)
12.8001 	EXP 	Created image_2_8 = ImageStim(__class__=<class 'psychopy.visual.image.ImageStim'>, anchor=('center', 'center'), autoLog=True, color=array([1., 1., 1.]), colorSpace='rgb', contrast=1.0, depth=-25.0, flipHoriz=False, flipVert=False, image='default.png', interpolate=True, mask=None, maskParams=None, name='image_2_8', opacity=1.0, ori=0.0, pos=array([0., 0.]), size=array([0.5, 0.5]), texRes=128.0, units='height', win=Window(...))
12.8025 	EXP 	Created trial_fixation_2_9 = TextStim(__class__=<class 'psychopy.visual.text.TextStim'>, alignHoriz=method-wrapper(...), alignText='center', alignVert=method-wrapper(...), anchorHoriz='center', anchorVert='center', antialias=True, autoDraw=False, autoLog=True, bold=False, color=array([1., 1., 1.]), colorSpace='rgb', contrast=1.0, depth=-27.0, flipHoriz=False, flipVert=False, font='Open Sans', fontFiles=[], height=0.15, italic=False, languageStyle='LTR', name='trial_fixation_2_9', opacity=1.0, ori=0.0, pos=array([0., 0.]), rgb=UNKNOWN, text='+', units='height', win=Window(...), wrapWidth=1)
12.8154 	EXP 	Created image_2_9 = ImageStim(__class__=<class 'psychopy.visual.image.ImageStim'>, anchor=('center', 'center'), autoLog=True, color=array([1., 1., 1.]), colorSpace='rgb', contrast=1.0, depth=-28.0, flipHoriz=False, flipVert=False, image='default.png', interpolate=True, mask=None, maskParams=None, name='image_2_9', opacity=1.0, ori=0.0, pos=array([0., 0.]), size=array([0.5, 0.5]), texRes=128.0, units='height', win=Window(...))
12.8178 	EXP 	Created trial_fixation_2_10 = TextStim(__class__=<class 'psychopy.visual.text.TextStim'>, alignHoriz=method-wrapper(...), alignText='center', alignVert=method-wrapper(...), anchorHoriz='center', anchorVert='center', antialias=True, autoDraw=False, autoLog=True, bold=False, color=array([1., 1., 1.]), colorSpace='rgb', contrast=1.0, depth=-30.0, flipHoriz=False, flipVert=False, font='Open Sans', fontFiles=[], height=0.15, italic=False, languageStyle='LTR', name='trial_fixation_2_10', opacity=1.0, ori=0.0, pos=array([0., 0.]), rgb=UNKNOWN, text='+', units='height', win=Window(...), wrapWidth=1)
12.8317 	EXP 	Created image_2_10 = ImageStim(__class__=<class 'psychopy.visual.image.ImageStim'>, anchor=('center', 'center'), autoLog=True, color=array([1., 1., 1.]), colorSpace='rgb', contrast=1.0, depth=-31.0, flipHoriz=False, flipVert=False, image='default.png', interpolate=True, mask=None, maskParams=None, name='image_2_10', opacity=1.0, ori=0.0, pos=array([0., 0.]), size=array([0.5, 0.5]), texRes=128.0, units='height', win=Window(...))
12.8377 	EXP 	Created rest_txt = TextStim(__class__=<class 'psychopy.visual.text.TextStim'>, alignHoriz=method-wrapper(...), alignText='center', alignVert=method-wrapper(...), anchorHoriz='center', anchorVert='center', antialias=True, autoDraw=False, autoLog=True, bold=False, color=array([1., 1., 1.]), colorSpace='rgb', contrast=1.0, depth=0.0, flipHoriz=False, flipVert=False, font='Songti SC', fontFiles=[], height=0.1, italic=False, languageStyle='LTR', name='rest_txt', opacity=1.0, ori=0.0, pos=array([0., 0.]), rgb=UNKNOWN, text='休息', units='height', win=Window(...), wrapWidth=1)
12.8428 	EXP 	Created end_txt = TextStim(__class__=<class 'psychopy.visual.text.TextStim'>, alignHoriz=method-wrapper(...), alignText='center', alignVert=method-wrapper(...), anchorHoriz='center', anchorVert='center', antialias=True, autoDraw=False, autoLog=True, bold=False, color=array([1., 1., 1.]), colorSpace='rgb', contrast=1.0, depth=0.0, flipHoriz=False, flipVert=False, font='Songti SC', fontFiles=[], height=0.05, italic=False, languageStyle='LTR', name='end_txt', opacity=1.0, ori=0.0, pos=array([0., 0.]), rgb=UNKNOWN, text='實驗完成', units='height', win=Window(...), wrapWidth=1)
12.8522 	EXP 	trigger_txt: autoDraw = True
15.0354 	EXP 	trigger_txt: autoDraw = False
15.0354 	EXP 	instr_txt: autoDraw = True
15.5869 	EXP 	Created sequence: sequential, trialTypes=1, nReps=8, seed=None
15.5871 	EXP 	New trial (rep=0, index=0): None
15.6507 	EXP 	instr_txt: autoDraw = False
15.6507 	EXP 	prep_instr_1: height = 0.1
15.6507 	EXP 	prep_instr_1: height = 0.1
15.6507 	EXP 	prep_instr_1: height = 0.1
15.6507 	EXP 	prep_instr_1: text = '兩項之前'
15.6507 	EXP 	target_1: image = 'nback_stimuli/PL_055_TUFTS01BW.png'
15.6507 	EXP 	image_1_1: image = 'nback_stimuli/PL_055_TUFTS01BW.png'
15.6507 	EXP 	image_1_2: image = 'nback_stimuli/PL_051_SCENE08.png'
15.6507 	EXP 	image_1_3: image = 'nback_stimuli/PL_055_TUFTS01BW.png'
15.6507 	EXP 	image_1_4: image = 'nback_stimuli/PL_056_TUFTS02BW.png'
15.6507 	EXP 	image_1_5: image = 'nback_stimuli/PL_051_SCENE08.png'
15.6507 	EXP 	image_1_6: image = 'nback_stimuli/PL_052_SCENE11.png'
15.6507 	EXP 	image_1_7: image = 'nback_stimuli/PL_052_SCENE11.png'
15.6507 	EXP 	image_1_8: image = 'nback_stimuli/PL_053_SCENE15.png'
15.6507 	EXP 	image_1_9: image = 'nback_stimuli/PL_054_SCENE19.png'
15.6507 	EXP 	image_1_10: image = 'nback_stimuli/PL_053_SCENE15.png'
15.6507 	EXP 	prep_instr_1: autoDraw = True
15.6507 	EXP 	target_1: autoDraw = True
18.1554 	EXP 	prep_instr_1: autoDraw = False
18.1554 	EXP 	target_1: autoDraw = False
18.1554 	EXP 	trial_fixation_1_1: autoDraw = True
18.6560 	EXP 	trial_fixation_1_1: autoDraw = False
18.6560 	EXP 	image_1_1: autoDraw = True
21.1589 	EXP 	image_1_1: autoDraw = False
21.1589 	EXP 	trial_fixation_1_2: autoDraw = True
21.6596 	EXP 	trial_fixation_1_2: autoDraw = False
21.6596 	EXP 	image_1_2: autoDraw = True
24.1624 	EXP 	image_1_2: autoDraw = False
24.1624 	EXP 	trial_fixation_1_3: autoDraw = True
24.6633 	EXP 	trial_fixation_1_3: autoDraw = False
24.6633 	EXP 	image_1_3: autoDraw = True
27.1658 	EXP 	image_1_3: autoDraw = False
27.1658 	EXP 	trial_fixation_1_4: autoDraw = True
27.6663 	EXP 	trial_fixation_1_4: autoDraw = False
27.6663 	EXP 	image_1_4: autoDraw = True
30.1693 	EXP 	image_1_4: autoDraw = False
30.1693 	EXP 	trial_fixation_1_5: autoDraw = True
30.6698 	EXP 	trial_fixation_1_5: autoDraw = False
30.6698 	EXP 	image_1_5: autoDraw = True
33.1726 	EXP 	image_1_5: autoDraw = False
33.1726 	EXP 	trial_fixation_1_6: autoDraw = True
33.6736 	EXP 	trial_fixation_1_6: autoDraw = False
33.6736 	EXP 	image_1_6: autoDraw = True
36.1763 	EXP 	image_1_6: autoDraw = False
36.1763 	EXP 	trial_fixation_1_7: autoDraw = True
36.6768 	EXP 	trial_fixation_1_7: autoDraw = False
36.6768 	EXP 	image_1_7: autoDraw = True
39.1796 	EXP 	image_1_7: autoDraw = False
39.1796 	EXP 	trial_fixation_1_8: autoDraw = True
39.6802 	EXP 	trial_fixation_1_8: autoDraw = False
39.6802 	EXP 	image_1_8: autoDraw = True
42.1832 	EXP 	image_1_8: autoDraw = False
42.1832 	EXP 	trial_fixation_1_9: autoDraw = True
42.6840 	EXP 	trial_fixation_1_9: autoDraw = False
42.6840 	EXP 	image_1_9: autoDraw = True
45.1866 	EXP 	image_1_9: autoDraw = False
45.1866 	EXP 	trial_fixation_1_10: autoDraw = True
45.6872 	EXP 	trial_fixation_1_10: autoDraw = False
45.6872 	EXP 	image_1_10: autoDraw = True
48.2138 	EXP 	image_1_10: autoDraw = False
48.2138 	EXP 	prep_instr_1: autoDraw = False
48.2138 	EXP 	target_1: autoDraw = False
48.2138 	EXP 	trial_fixation_1_1: autoDraw = False
48.2138 	EXP 	image_1_1: autoDraw = False
48.2138 	EXP 	trial_fixation_1_2: autoDraw = False
48.2138 	EXP 	image_1_2: autoDraw = False
48.2138 	EXP 	trial_fixation_1_3: autoDraw = False
48.2138 	EXP 	image_1_3: autoDraw = False
48.2138 	EXP 	trial_fixation_1_4: autoDraw = False
48.2138 	EXP 	image_1_4: autoDraw = False
48.2138 	EXP 	trial_fixation_1_5: autoDraw = False
48.2138 	EXP 	image_1_5: autoDraw = False
48.2138 	EXP 	trial_fixation_1_6: autoDraw = False
48.2138 	EXP 	image_1_6: autoDraw = False
48.2138 	EXP 	trial_fixation_1_7: autoDraw = False
48.2138 	EXP 	image_1_7: autoDraw = False
48.2138 	EXP 	trial_fixation_1_8: autoDraw = False
48.2138 	EXP 	image_1_8: autoDraw = False
48.2138 	EXP 	trial_fixation_1_9: autoDraw = False
48.2138 	EXP 	image_1_9: autoDraw = False
48.2138 	EXP 	trial_fixation_1_10: autoDraw = False
48.2138 	EXP 	image_1_10: autoDraw = False
48.2138 	EXP 	prep_instr_2: height = 0.1
48.2138 	EXP 	prep_instr_2: height = 0.1
48.2138 	EXP 	prep_instr_2: height = 0.1
48.2138 	EXP 	prep_instr_2: text = '目標'
48.2138 	EXP 	target_2: image = 'nback_stimuli/TO_049_TOOL49_BA.png'
48.2138 	EXP 	image_2_1: image = 'nback_stimuli/TO_050_TOOL50_BA.png'
48.2138 	EXP 	image_2_2: image = 'nback_stimuli/TO_054_TOOL54_BA.png'
48.2138 	EXP 	image_2_3: image = 'nback_stimuli/TO_050_TOOL50_BA.png'
48.2138 	EXP 	image_2_4: image = 'nback_stimuli/TO_049_TOOL49_BA.png'
48.2138 	EXP 	image_2_5: image = 'nback_stimuli/TO_052_TOOL52_BA.png'
48.2138 	EXP 	image_2_6: image = 'nback_stimuli/TO_053_TOOL53_BA.png'
48.2138 	EXP 	image_2_7: image = 'nback_stimuli/TO_052_TOOL52_BA.png'
48.2138 	EXP 	image_2_8: image = 'nback_stimuli/TO_054_TOOL54_BA.png'
48.2138 	EXP 	image_2_9: image = 'nback_stimuli/TO_049_TOOL49_BA.png'
48.2138 	EXP 	image_2_10: image = 'nback_stimuli/TO_051_TOOL51_BA.png'
48.2138 	EXP 	prep_instr_2: autoDraw = True
48.2138 	EXP 	target_2: autoDraw = True
50.7096 	EXP 	prep_instr_2: autoDraw = False
50.7096 	EXP 	target_2: autoDraw = False
50.7096 	EXP 	trial_fixation_2_1: autoDraw = True
51.2103 	EXP 	trial_fixation_2_1: autoDraw = False
51.2103 	EXP 	image_2_1: autoDraw = True
53.7131 	EXP 	image_2_1: autoDraw = False
53.7131 	EXP 	trial_fixation_2_2: autoDraw = True
54.2138 	EXP 	trial_fixation_2_2: autoDraw = False
54.2138 	EXP 	image_2_2: autoDraw = True
56.7167 	EXP 	image_2_2: autoDraw = False
56.7167 	EXP 	trial_fixation_2_3: autoDraw = True
57.2171 	EXP 	trial_fixation_2_3: autoDraw = False
57.2171 	EXP 	image_2_3: autoDraw = True
59.7199 	EXP 	image_2_3: autoDraw = False
59.7199 	EXP 	trial_fixation_2_4: autoDraw = True
60.2205 	EXP 	trial_fixation_2_4: autoDraw = False
60.2205 	EXP 	image_2_4: autoDraw = True
62.7235 	EXP 	image_2_4: autoDraw = False
62.7235 	EXP 	trial_fixation_2_5: autoDraw = True
63.2239 	EXP 	trial_fixation_2_5: autoDraw = False
63.2239 	EXP 	image_2_5: autoDraw = True
65.7274 	EXP 	image_2_5: autoDraw = False
65.7274 	EXP 	trial_fixation_2_6: autoDraw = True
66.2273 	EXP 	trial_fixation_2_6: autoDraw = False
66.2273 	EXP 	image_2_6: autoDraw = True
68.7304 	EXP 	image_2_6: autoDraw = False
68.7304 	EXP 	trial_fixation_2_7: autoDraw = True
69.2309 	EXP 	trial_fixation_2_7: autoDraw = False
69.2309 	EXP 	image_2_7: autoDraw = True
71.7340 	EXP 	image_2_7: autoDraw = False
71.7340 	EXP 	trial_fixation_2_8: autoDraw = True
72.2343 	EXP 	trial_fixation_2_8: autoDraw = False
72.2343 	EXP 	image_2_8: autoDraw = True
74.7374 	EXP 	image_2_8: autoDraw = False
74.7374 	EXP 	trial_fixation_2_9: autoDraw = True
75.2378 	EXP 	trial_fixation_2_9: autoDraw = False
75.2378 	EXP 	image_2_9: autoDraw = True
77.7407 	EXP 	image_2_9: autoDraw = False
77.7407 	EXP 	trial_fixation_2_10: autoDraw = True
78.2415 	EXP 	trial_fixation_2_10: autoDraw = False
78.2415 	EXP 	image_2_10: autoDraw = True
80.7441 	EXP 	image_2_10: autoDraw = False
80.7441 	EXP 	prep_instr_2: autoDraw = False
80.7441 	EXP 	target_2: autoDraw = False
80.7441 	EXP 	trial_fixation_2_1: autoDraw = False
80.7441 	EXP 	image_2_1: autoDraw = False
80.7441 	EXP 	trial_fixation_2_2: autoDraw = False
80.7441 	EXP 	image_2_2: autoDraw = False
80.7441 	EXP 	trial_fixation_2_3: autoDraw = False
80.7441 	EXP 	image_2_3: autoDraw = False
80.7441 	EXP 	trial_fixation_2_4: autoDraw = False
80.7441 	EXP 	image_2_4: autoDraw = False
80.7441 	EXP 	trial_fixation_2_5: autoDraw = False
80.7441 	EXP 	image_2_5: autoDraw = False
80.7441 	EXP 	trial_fixation_2_6: autoDraw = False
80.7441 	EXP 	image_2_6: autoDraw = False
80.7441 	EXP 	trial_fixation_2_7: autoDraw = False
80.7441 	EXP 	image_2_7: autoDraw = False
80.7441 	EXP 	trial_fixation_2_8: autoDraw = False
80.7441 	EXP 	image_2_8: autoDraw = False
80.7441 	EXP 	trial_fixation_2_9: autoDraw = False
80.7441 	EXP 	image_2_9: autoDraw = False
80.7441 	EXP 	trial_fixation_2_10: autoDraw = False
80.7441 	EXP 	image_2_10: autoDraw = False
80.7441 	EXP 	rest_txt: autoDraw = True
95.7624 	EXP 	New trial (rep=1, index=0): None
95.8361 	EXP 	rest_txt: autoDraw = False
95.8361 	EXP 	rest_txt: autoDraw = False
95.8361 	EXP 	prep_instr_1: height = 0.1
95.8361 	EXP 	prep_instr_1: height = 0.1
95.8361 	EXP 	prep_instr_1: height = 0.1
95.8361 	EXP 	prep_instr_1: text = '目標'
95.8361 	EXP 	target_1: image = 'nback_stimuli/PL_057_TUFTS06BW.png'
95.8361 	EXP 	image_1_1: image = 'nback_stimuli/PL_059_TUFTS08BW.png'
95.8361 	EXP 	image_1_2: image = 'nback_stimuli/PL_057_TUFTS06BW.png'
95.8361 	EXP 	image_1_3: image = 'nback_stimuli/PL_059_TUFTS08BW.png'
95.8361 	EXP 	image_1_4: image = 'nback_stimuli/PL_061_TUFTS11BW.png'
95.8361 	EXP 	image_1_5: image = 'nback_stimuli/PL_062_TUFTS17BW.png'
95.8361 	EXP 	image_1_6: image = 'nback_stimuli/PL_061_TUFTS11BW.png'
95.8361 	EXP 	image_1_7: image = 'nback_stimuli/PL_060_TUFTS10BW.png'
95.8361 	EXP 	image_1_8: image = 'nback_stimuli/PL_058_TUFTS07BW.png'
95.8361 	EXP 	image_1_9: image = 'nback_stimuli/PL_062_TUFTS17BW.png'
95.8361 	EXP 	image_1_10: image = 'nback_stimuli/PL_057_TUFTS06BW.png'
95.8361 	EXP 	prep_instr_1: autoDraw = True
95.8361 	EXP 	target_1: autoDraw = True
98.3310 	EXP 	prep_instr_1: autoDraw = False
98.3310 	EXP 	target_1: autoDraw = False
98.3310 	EXP 	trial_fixation_1_1: autoDraw = True
98.8318 	EXP 	trial_fixation_1_1: autoDraw = False
98.8318 	EXP 	image_1_1: autoDraw = True
101.3347 	EXP 	image_1_1: autoDraw = False
101.3347 	EXP 	trial_fixation_1_2: autoDraw = True
101.8352 	EXP 	trial_fixation_1_2: autoDraw = False
101.8352 	EXP 	image_1_2: autoDraw = True
104.3380 	EXP 	image_1_2: autoDraw = False
104.3380 	EXP 	trial_fixation_1_3: autoDraw = True
104.8387 	EXP 	trial_fixation_1_3: autoDraw = False
104.8387 	EXP 	image_1_3: autoDraw = True
107.3416 	EXP 	image_1_3: autoDraw = False
107.3416 	EXP 	trial_fixation_1_4: autoDraw = True
107.8421 	EXP 	trial_fixation_1_4: autoDraw = False
107.8421 	EXP 	image_1_4: autoDraw = True
110.3450 	EXP 	image_1_4: autoDraw = False
110.3450 	EXP 	trial_fixation_1_5: autoDraw = True
110.8455 	EXP 	trial_fixation_1_5: autoDraw = False
110.8455 	EXP 	image_1_5: autoDraw = True
113.3485 	EXP 	image_1_5: autoDraw = False
113.3485 	EXP 	trial_fixation_1_6: autoDraw = True
113.8491 	EXP 	trial_fixation_1_6: autoDraw = False
113.8491 	EXP 	image_1_6: autoDraw = True
116.3518 	EXP 	image_1_6: autoDraw = False
116.3518 	EXP 	trial_fixation_1_7: autoDraw = True
116.8524 	EXP 	trial_fixation_1_7: autoDraw = False
116.8524 	EXP 	image_1_7: autoDraw = True
119.3553 	EXP 	image_1_7: autoDraw = False
119.3553 	EXP 	trial_fixation_1_8: autoDraw = True
119.8560 	EXP 	trial_fixation_1_8: autoDraw = False
119.8560 	EXP 	image_1_8: autoDraw = True
122.3589 	EXP 	image_1_8: autoDraw = False
122.3589 	EXP 	trial_fixation_1_9: autoDraw = True
122.8595 	EXP 	trial_fixation_1_9: autoDraw = False
122.8595 	EXP 	image_1_9: autoDraw = True
125.3623 	EXP 	image_1_9: autoDraw = False
125.3623 	EXP 	trial_fixation_1_10: autoDraw = True
125.8628 	EXP 	trial_fixation_1_10: autoDraw = False
125.8628 	EXP 	image_1_10: autoDraw = True
128.4044 	EXP 	image_1_10: autoDraw = False
128.4044 	EXP 	prep_instr_1: autoDraw = False
128.4044 	EXP 	target_1: autoDraw = False
128.4044 	EXP 	trial_fixation_1_1: autoDraw = False
128.4044 	EXP 	image_1_1: autoDraw = False
128.4044 	EXP 	trial_fixation_1_2: autoDraw = False
128.4044 	EXP 	image_1_2: autoDraw = False
128.4044 	EXP 	trial_fixation_1_3: autoDraw = False
128.4044 	EXP 	image_1_3: autoDraw = False
128.4044 	EXP 	trial_fixation_1_4: autoDraw = False
128.4044 	EXP 	image_1_4: autoDraw = False
128.4044 	EXP 	trial_fixation_1_5: autoDraw = False
128.4044 	EXP 	image_1_5: autoDraw = False
128.4044 	EXP 	trial_fixation_1_6: autoDraw = False
128.4044 	EXP 	image_1_6: autoDraw = False
128.4044 	EXP 	trial_fixation_1_7: autoDraw = False
128.4044 	EXP 	image_1_7: autoDraw = False
128.4044 	EXP 	trial_fixation_1_8: autoDraw = False
128.4044 	EXP 	image_1_8: autoDraw = False
128.4044 	EXP 	trial_fixation_1_9: autoDraw = False
128.4044 	EXP 	image_1_9: autoDraw = False
128.4044 	EXP 	trial_fixation_1_10: autoDraw = False
128.4044 	EXP 	image_1_10: autoDraw = False
128.4044 	EXP 	prep_instr_2: height = 0.1
128.4044 	EXP 	prep_instr_2: height = 0.1
128.4044 	EXP 	prep_instr_2: height = 0.1
128.4044 	EXP 	prep_instr_2: text = '兩項之前'
128.4044 	EXP 	target_2: image = 'nback_stimuli/BP_054_MRBHS_BA.png'
128.4044 	EXP 	image_2_1: image = 'nback_stimuli/BP_054_MRBHS_BA.png'
128.4044 	EXP 	image_2_2: image = 'nback_stimuli/BP_053_MRBHI_BA.png'
128.4044 	EXP 	image_2_3: image = 'nback_stimuli/BP_051_MRBFI_BA.png'
128.4044 	EXP 	image_2_4: image = 'nback_stimuli/BP_050_MRBAS_BA.png'
128.4044 	EXP 	image_2_5: image = 'nback_stimuli/BP_054_MRBHS_BA.png'
128.4044 	EXP 	image_2_6: image = 'nback_stimuli/BP_050_MRBAS_BA.png'
128.4044 	EXP 	image_2_7: image = 'nback_stimuli/BP_051_MRBFI_BA.png'
128.4044 	EXP 	image_2_8: image = 'nback_stimuli/BP_055_MRCHI_BA.png'
128.4044 	EXP 	image_2_9: image = 'nback_stimuli/BP_052_MRBFS_BA.png'
128.4044 	EXP 	image_2_10: image = 'nback_stimuli/BP_055_MRCHI_BA.png'
128.4044 	EXP 	prep_instr_2: autoDraw = True
128.4044 	EXP 	target_2: autoDraw = True
130.9021 	EXP 	prep_instr_2: autoDraw = False
130.9021 	EXP 	target_2: autoDraw = False
130.9021 	EXP 	trial_fixation_2_1: autoDraw = True
131.4028 	EXP 	trial_fixation_2_1: autoDraw = False
131.4028 	EXP 	image_2_1: autoDraw = True
133.9055 	EXP 	image_2_1: autoDraw = False
133.9055 	EXP 	trial_fixation_2_2: autoDraw = True
134.4060 	EXP 	trial_fixation_2_2: autoDraw = False
134.4060 	EXP 	image_2_2: autoDraw = True
136.9089 	EXP 	image_2_2: autoDraw = False
136.9089 	EXP 	trial_fixation_2_3: autoDraw = True
137.4095 	EXP 	trial_fixation_2_3: autoDraw = False
137.4095 	EXP 	image_2_3: autoDraw = True
139.9124 	EXP 	image_2_3: autoDraw = False
139.9124 	EXP 	trial_fixation_2_4: autoDraw = True
140.4129 	EXP 	trial_fixation_2_4: autoDraw = False
140.4129 	EXP 	image_2_4: autoDraw = True
142.9158 	EXP 	image_2_4: autoDraw = False
142.9158 	EXP 	trial_fixation_2_5: autoDraw = True
143.4163 	EXP 	trial_fixation_2_5: autoDraw = False
143.4163 	EXP 	image_2_5: autoDraw = True
145.9194 	EXP 	image_2_5: autoDraw = False
145.9194 	EXP 	trial_fixation_2_6: autoDraw = True
146.4200 	EXP 	trial_fixation_2_6: autoDraw = False
146.4200 	EXP 	image_2_6: autoDraw = True
148.9228 	EXP 	image_2_6: autoDraw = False
148.9228 	EXP 	trial_fixation_2_7: autoDraw = True
149.4233 	EXP 	trial_fixation_2_7: autoDraw = False
149.4233 	EXP 	image_2_7: autoDraw = True
151.9262 	EXP 	image_2_7: autoDraw = False
151.9262 	EXP 	trial_fixation_2_8: autoDraw = True
152.4267 	EXP 	trial_fixation_2_8: autoDraw = False
152.4267 	EXP 	image_2_8: autoDraw = True
154.9297 	EXP 	image_2_8: autoDraw = False
154.9297 	EXP 	trial_fixation_2_9: autoDraw = True
155.4305 	EXP 	trial_fixation_2_9: autoDraw = False
155.4305 	EXP 	image_2_9: autoDraw = True
157.9331 	EXP 	image_2_9: autoDraw = False
157.9331 	EXP 	trial_fixation_2_10: autoDraw = True
158.4336 	EXP 	trial_fixation_2_10: autoDraw = False
158.4336 	EXP 	image_2_10: autoDraw = True
160.9367 	EXP 	image_2_10: autoDraw = False
160.9367 	EXP 	prep_instr_2: autoDraw = False
160.9367 	EXP 	target_2: autoDraw = False
160.9367 	EXP 	trial_fixation_2_1: autoDraw = False
160.9367 	EXP 	image_2_1: autoDraw = False
160.9367 	EXP 	trial_fixation_2_2: autoDraw = False
160.9367 	EXP 	image_2_2: autoDraw = False
160.9367 	EXP 	trial_fixation_2_3: autoDraw = False
160.9367 	EXP 	image_2_3: autoDraw = False
160.9367 	EXP 	trial_fixation_2_4: autoDraw = False
160.9367 	EXP 	image_2_4: autoDraw = False
160.9367 	EXP 	trial_fixation_2_5: autoDraw = False
160.9367 	EXP 	image_2_5: autoDraw = False
160.9367 	EXP 	trial_fixation_2_6: autoDraw = False
160.9367 	EXP 	image_2_6: autoDraw = False
160.9367 	EXP 	trial_fixation_2_7: autoDraw = False
160.9367 	EXP 	image_2_7: autoDraw = False
160.9367 	EXP 	trial_fixation_2_8: autoDraw = False
160.9367 	EXP 	image_2_8: autoDraw = False
160.9367 	EXP 	trial_fixation_2_9: autoDraw = False
160.9367 	EXP 	image_2_9: autoDraw = False
160.9367 	EXP 	trial_fixation_2_10: autoDraw = False
160.9367 	EXP 	image_2_10: autoDraw = False
160.9367 	EXP 	rest_txt: autoDraw = True
175.9546 	EXP 	New trial (rep=2, index=0): None
176.0502 	EXP 	rest_txt: autoDraw = False
176.0502 	EXP 	rest_txt: autoDraw = False
176.0502 	EXP 	prep_instr_1: text = '目標'
176.0502 	EXP 	target_1: image = 'nback_stimuli/FC_049_M25.png'
176.0502 	EXP 	image_1_1: image = 'nback_stimuli/FC_049_M25.png'
176.0502 	EXP 	image_1_2: image = 'nback_stimuli/FC_051_M26.png'
176.0502 	EXP 	image_1_3: image = 'nback_stimuli/FC_054_F27.png'
176.0502 	EXP 	image_1_4: image = 'nback_stimuli/FC_051_M26.png'
176.0502 	EXP 	image_1_5: image = 'nback_stimuli/FC_050_F25.png'
176.0502 	EXP 	image_1_6: image = 'nback_stimuli/FC_053_M27.png'
176.0502 	EXP 	image_1_7: image = 'nback_stimuli/FC_049_M25.png'
176.0502 	EXP 	image_1_8: image = 'nback_stimuli/FC_054_F27.png'
176.0502 	EXP 	image_1_9: image = 'nback_stimuli/FC_052_F26.png'
176.0502 	EXP 	image_1_10: image = 'nback_stimuli/FC_050_F25.png'
176.0502 	EXP 	prep_instr_1: autoDraw = True
176.0502 	EXP 	target_1: autoDraw = True
178.5568 	EXP 	prep_instr_1: autoDraw = False
178.5568 	EXP 	target_1: autoDraw = False
178.5568 	EXP 	trial_fixation_1_1: autoDraw = True
179.0574 	EXP 	trial_fixation_1_1: autoDraw = False
179.0574 	EXP 	image_1_1: autoDraw = True
181.5603 	EXP 	image_1_1: autoDraw = False
181.5603 	EXP 	trial_fixation_1_2: autoDraw = True
182.0609 	EXP 	trial_fixation_1_2: autoDraw = False
182.0609 	EXP 	image_1_2: autoDraw = True
184.5636 	EXP 	image_1_2: autoDraw = False
184.5636 	EXP 	trial_fixation_1_3: autoDraw = True
185.0644 	EXP 	trial_fixation_1_3: autoDraw = False
185.0644 	EXP 	image_1_3: autoDraw = True
187.5672 	EXP 	image_1_3: autoDraw = False
187.5672 	EXP 	trial_fixation_1_4: autoDraw = True
188.0679 	EXP 	trial_fixation_1_4: autoDraw = False
188.0679 	EXP 	image_1_4: autoDraw = True
190.5708 	EXP 	image_1_4: autoDraw = False
190.5708 	EXP 	trial_fixation_1_5: autoDraw = True
191.0713 	EXP 	trial_fixation_1_5: autoDraw = False
191.0713 	EXP 	image_1_5: autoDraw = True
193.5742 	EXP 	image_1_5: autoDraw = False
193.5742 	EXP 	trial_fixation_1_6: autoDraw = True
194.0746 	EXP 	trial_fixation_1_6: autoDraw = False
194.0746 	EXP 	image_1_6: autoDraw = True
196.5774 	EXP 	image_1_6: autoDraw = False
196.5774 	EXP 	trial_fixation_1_7: autoDraw = True
197.0781 	EXP 	trial_fixation_1_7: autoDraw = False
197.0781 	EXP 	image_1_7: autoDraw = True
199.5810 	EXP 	image_1_7: autoDraw = False
199.5810 	EXP 	trial_fixation_1_8: autoDraw = True
200.0816 	EXP 	trial_fixation_1_8: autoDraw = False
200.0816 	EXP 	image_1_8: autoDraw = True
202.5846 	EXP 	image_1_8: autoDraw = False
202.5846 	EXP 	trial_fixation_1_9: autoDraw = True
203.0851 	EXP 	trial_fixation_1_9: autoDraw = False
203.0851 	EXP 	image_1_9: autoDraw = True
205.5880 	EXP 	image_1_9: autoDraw = False
205.5880 	EXP 	trial_fixation_1_10: autoDraw = True
206.0886 	EXP 	trial_fixation_1_10: autoDraw = False
206.0886 	EXP 	image_1_10: autoDraw = True
208.6151 	EXP 	image_1_10: autoDraw = False
208.6151 	EXP 	prep_instr_1: autoDraw = False
208.6151 	EXP 	target_1: autoDraw = False
208.6151 	EXP 	trial_fixation_1_1: autoDraw = False
208.6151 	EXP 	image_1_1: autoDraw = False
208.6151 	EXP 	trial_fixation_1_2: autoDraw = False
208.6151 	EXP 	image_1_2: autoDraw = False
208.6151 	EXP 	trial_fixation_1_3: autoDraw = False
208.6151 	EXP 	image_1_3: autoDraw = False
208.6151 	EXP 	trial_fixation_1_4: autoDraw = False
208.6151 	EXP 	image_1_4: autoDraw = False
208.6151 	EXP 	trial_fixation_1_5: autoDraw = False
208.6151 	EXP 	image_1_5: autoDraw = False
208.6151 	EXP 	trial_fixation_1_6: autoDraw = False
208.6151 	EXP 	image_1_6: autoDraw = False
208.6151 	EXP 	trial_fixation_1_7: autoDraw = False
208.6151 	EXP 	image_1_7: autoDraw = False
208.6151 	EXP 	trial_fixation_1_8: autoDraw = False
208.6151 	EXP 	image_1_8: autoDraw = False
208.6151 	EXP 	trial_fixation_1_9: autoDraw = False
208.6151 	EXP 	image_1_9: autoDraw = False
208.6151 	EXP 	trial_fixation_1_10: autoDraw = False
208.6151 	EXP 	image_1_10: autoDraw = False
208.6151 	EXP 	prep_instr_2: text = '兩項之前'
208.6151 	EXP 	target_2: image = 'nback_stimuli/TO_055_TOOL55_BA.png'
208.6151 	EXP 	image_2_1: image = 'nback_stimuli/TO_055_TOOL55_BA.png'
208.6151 	EXP 	image_2_2: image = 'nback_stimuli/TO_056_TOOL56_BA.png'
208.6151 	EXP 	image_2_3: image = 'nback_stimuli/TO_055_TOOL55_BA.png'
208.6151 	EXP 	image_2_4: image = 'nback_stimuli/TO_057_TOOL57_BA.png'
208.6151 	EXP 	image_2_5: image = 'nback_stimuli/TO_059_TOOL59_BA.png'
208.6151 	EXP 	image_2_6: image = 'nback_stimuli/TO_057_TOOL57_BA.png'
208.6151 	EXP 	image_2_7: image = 'nback_stimuli/TO_058_TOOL58_BA.png'
208.6151 	EXP 	image_2_8: image = 'nback_stimuli/TO_060_TOOL60_BA.png'
208.6151 	EXP 	image_2_9: image = 'nback_stimuli/TO_059_TOOL59_BA.png'
208.6151 	EXP 	image_2_10: image = 'nback_stimuli/TO_058_TOOL58_BA.png'
208.6151 	EXP 	prep_instr_2: autoDraw = True
208.6151 	EXP 	target_2: autoDraw = True
211.1111 	EXP 	prep_instr_2: autoDraw = False
211.1111 	EXP 	target_2: autoDraw = False
211.1111 	EXP 	trial_fixation_2_1: autoDraw = True
211.6116 	EXP 	trial_fixation_2_1: autoDraw = False
211.6116 	EXP 	image_2_1: autoDraw = True
214.1145 	EXP 	image_2_1: autoDraw = False
214.1145 	EXP 	trial_fixation_2_2: autoDraw = True
214.6153 	EXP 	trial_fixation_2_2: autoDraw = False
214.6153 	EXP 	image_2_2: autoDraw = True
217.1180 	EXP 	image_2_2: autoDraw = False
217.1180 	EXP 	trial_fixation_2_3: autoDraw = True
217.6186 	EXP 	trial_fixation_2_3: autoDraw = False
217.6186 	EXP 	image_2_3: autoDraw = True
220.1213 	EXP 	image_2_3: autoDraw = False
220.1213 	EXP 	trial_fixation_2_4: autoDraw = True
220.6220 	EXP 	trial_fixation_2_4: autoDraw = False
220.6220 	EXP 	image_2_4: autoDraw = True
223.1249 	EXP 	image_2_4: autoDraw = False
223.1249 	EXP 	trial_fixation_2_5: autoDraw = True
223.6255 	EXP 	trial_fixation_2_5: autoDraw = False
223.6255 	EXP 	image_2_5: autoDraw = True
226.1283 	EXP 	image_2_5: autoDraw = False
226.1283 	EXP 	trial_fixation_2_6: autoDraw = True
226.6289 	EXP 	trial_fixation_2_6: autoDraw = False
226.6289 	EXP 	image_2_6: autoDraw = True
229.1319 	EXP 	image_2_6: autoDraw = False
229.1319 	EXP 	trial_fixation_2_7: autoDraw = True
229.6323 	EXP 	trial_fixation_2_7: autoDraw = False
229.6323 	EXP 	image_2_7: autoDraw = True
232.1352 	EXP 	image_2_7: autoDraw = False
232.1352 	EXP 	trial_fixation_2_8: autoDraw = True
232.6357 	EXP 	trial_fixation_2_8: autoDraw = False
232.6357 	EXP 	image_2_8: autoDraw = True
235.1387 	EXP 	image_2_8: autoDraw = False
235.1387 	EXP 	trial_fixation_2_9: autoDraw = True
235.6394 	EXP 	trial_fixation_2_9: autoDraw = False
235.6394 	EXP 	image_2_9: autoDraw = True
238.1421 	EXP 	image_2_9: autoDraw = False
238.1421 	EXP 	trial_fixation_2_10: autoDraw = True
238.6427 	EXP 	trial_fixation_2_10: autoDraw = False
238.6427 	EXP 	image_2_10: autoDraw = True
241.1456 	EXP 	image_2_10: autoDraw = False
241.1456 	EXP 	prep_instr_2: autoDraw = False
241.1456 	EXP 	target_2: autoDraw = False
241.1456 	EXP 	trial_fixation_2_1: autoDraw = False
241.1456 	EXP 	image_2_1: autoDraw = False
241.1456 	EXP 	trial_fixation_2_2: autoDraw = False
241.1456 	EXP 	image_2_2: autoDraw = False
241.1456 	EXP 	trial_fixation_2_3: autoDraw = False
241.1456 	EXP 	image_2_3: autoDraw = False
241.1456 	EXP 	trial_fixation_2_4: autoDraw = False
241.1456 	EXP 	image_2_4: autoDraw = False
241.1456 	EXP 	trial_fixation_2_5: autoDraw = False
241.1456 	EXP 	image_2_5: autoDraw = False
241.1456 	EXP 	trial_fixation_2_6: autoDraw = False
241.1456 	EXP 	image_2_6: autoDraw = False
241.1456 	EXP 	trial_fixation_2_7: autoDraw = False
241.1456 	EXP 	image_2_7: autoDraw = False
241.1456 	EXP 	trial_fixation_2_8: autoDraw = False
241.1456 	EXP 	image_2_8: autoDraw = False
241.1456 	EXP 	trial_fixation_2_9: autoDraw = False
241.1456 	EXP 	image_2_9: autoDraw = False
241.1456 	EXP 	trial_fixation_2_10: autoDraw = False
241.1456 	EXP 	image_2_10: autoDraw = False
241.1456 	EXP 	rest_txt: autoDraw = True
256.1636 	EXP 	New trial (rep=3, index=0): None
256.2114 	EXP 	rest_txt: autoDraw = False
256.2114 	EXP 	rest_txt: autoDraw = False
256.2114 	EXP 	prep_instr_1: text = '目標'
256.2114 	EXP 	target_1: image = 'nback_stimuli/BP_056_MRCHS_BA.png'
256.2114 	EXP 	image_1_1: image = 'nback_stimuli/BP_059_HBP3.png'
256.2114 	EXP 	image_1_2: image = 'nback_stimuli/BP_059_HBP3.png'
256.2114 	EXP 	image_1_3: image = 'nback_stimuli/BP_058_HBP2.png'
256.2114 	EXP 	image_1_4: image = 'nback_stimuli/BP_061_HBP5.png'
256.2114 	EXP 	image_1_5: image = 'nback_stimuli/BP_060_HBP4.png'
256.2114 	EXP 	image_1_6: image = 'nback_stimuli/BP_060_HBP4.png'
256.2114 	EXP 	image_1_7: image = 'nback_stimuli/BP_058_HBP2.png'
256.2114 	EXP 	image_1_8: image = 'nback_stimuli/BP_056_MRCHS_BA.png'
256.2114 	EXP 	image_1_9: image = 'nback_stimuli/BP_056_MRCHS_BA.png'
256.2114 	EXP 	image_1_10: image = 'nback_stimuli/BP_057_HBP1.png'
256.2114 	EXP 	prep_instr_1: autoDraw = True
256.2114 	EXP 	target_1: autoDraw = True
258.7158 	EXP 	prep_instr_1: autoDraw = False
258.7158 	EXP 	target_1: autoDraw = False
258.7158 	EXP 	trial_fixation_1_1: autoDraw = True
259.2164 	EXP 	trial_fixation_1_1: autoDraw = False
259.2164 	EXP 	image_1_1: autoDraw = True
261.7194 	EXP 	image_1_1: autoDraw = False
261.7194 	EXP 	trial_fixation_1_2: autoDraw = True
262.2197 	EXP 	trial_fixation_1_2: autoDraw = False
262.2197 	EXP 	image_1_2: autoDraw = True
264.7227 	EXP 	image_1_2: autoDraw = False
264.7227 	EXP 	trial_fixation_1_3: autoDraw = True
265.2234 	EXP 	trial_fixation_1_3: autoDraw = False
265.2234 	EXP 	image_1_3: autoDraw = True
267.7262 	EXP 	image_1_3: autoDraw = False
267.7262 	EXP 	trial_fixation_1_4: autoDraw = True
268.2268 	EXP 	trial_fixation_1_4: autoDraw = False
268.2268 	EXP 	image_1_4: autoDraw = True
270.7302 	EXP 	image_1_4: autoDraw = False
270.7302 	EXP 	trial_fixation_1_5: autoDraw = True
271.2306 	EXP 	trial_fixation_1_5: autoDraw = False
271.2306 	EXP 	image_1_5: autoDraw = True
273.7333 	EXP 	image_1_5: autoDraw = False
273.7333 	EXP 	trial_fixation_1_6: autoDraw = True
274.2339 	EXP 	trial_fixation_1_6: autoDraw = False
274.2339 	EXP 	image_1_6: autoDraw = True
276.7367 	EXP 	image_1_6: autoDraw = False
276.7367 	EXP 	trial_fixation_1_7: autoDraw = True
277.2374 	EXP 	trial_fixation_1_7: autoDraw = False
277.2374 	EXP 	image_1_7: autoDraw = True
279.7403 	EXP 	image_1_7: autoDraw = False
279.7403 	EXP 	trial_fixation_1_8: autoDraw = True
280.2409 	EXP 	trial_fixation_1_8: autoDraw = False
280.2409 	EXP 	image_1_8: autoDraw = True
282.7437 	EXP 	image_1_8: autoDraw = False
282.7437 	EXP 	trial_fixation_1_9: autoDraw = True
283.2443 	EXP 	trial_fixation_1_9: autoDraw = False
283.2443 	EXP 	image_1_9: autoDraw = True
285.7472 	EXP 	image_1_9: autoDraw = False
285.7472 	EXP 	trial_fixation_1_10: autoDraw = True
286.2475 	EXP 	trial_fixation_1_10: autoDraw = False
286.2475 	EXP 	image_1_10: autoDraw = True
288.8179 	EXP 	image_1_10: autoDraw = False
288.8179 	EXP 	prep_instr_1: autoDraw = False
288.8179 	EXP 	target_1: autoDraw = False
288.8179 	EXP 	trial_fixation_1_1: autoDraw = False
288.8179 	EXP 	image_1_1: autoDraw = False
288.8179 	EXP 	trial_fixation_1_2: autoDraw = False
288.8179 	EXP 	image_1_2: autoDraw = False
288.8179 	EXP 	trial_fixation_1_3: autoDraw = False
288.8179 	EXP 	image_1_3: autoDraw = False
288.8179 	EXP 	trial_fixation_1_4: autoDraw = False
288.8179 	EXP 	image_1_4: autoDraw = False
288.8179 	EXP 	trial_fixation_1_5: autoDraw = False
288.8179 	EXP 	image_1_5: autoDraw = False
288.8179 	EXP 	trial_fixation_1_6: autoDraw = False
288.8179 	EXP 	image_1_6: autoDraw = False
288.8179 	EXP 	trial_fixation_1_7: autoDraw = False
288.8179 	EXP 	image_1_7: autoDraw = False
288.8179 	EXP 	trial_fixation_1_8: autoDraw = False
288.8179 	EXP 	image_1_8: autoDraw = False
288.8179 	EXP 	trial_fixation_1_9: autoDraw = False
288.8179 	EXP 	image_1_9: autoDraw = False
288.8179 	EXP 	trial_fixation_1_10: autoDraw = False
288.8179 	EXP 	image_1_10: autoDraw = False
288.8179 	EXP 	prep_instr_2: text = '兩項之前'
288.8179 	EXP 	target_2: image = 'nback_stimuli/FC_060_F30.png'
288.8179 	EXP 	image_2_1: image = 'nback_stimuli/FC_060_F30.png'
288.8179 	EXP 	image_2_2: image = 'nback_stimuli/FC_060_F30.png'
288.8179 	EXP 	image_2_3: image = 'nback_stimuli/FC_058_F29.png'
288.8179 	EXP 	image_2_4: image = 'nback_stimuli/FC_055_M28.png'
288.8179 	EXP 	image_2_5: image = 'nback_stimuli/FC_059_M30.png'
288.8179 	EXP 	image_2_6: image = 'nback_stimuli/FC_058_F29.png'
288.8179 	EXP 	image_2_7: image = 'nback_stimuli/FC_059_M30.png'
288.8179 	EXP 	image_2_8: image = 'nback_stimuli/FC_057_M29.png'
288.8179 	EXP 	image_2_9: image = 'nback_stimuli/FC_056_F28.png'
288.8179 	EXP 	image_2_10: image = 'nback_stimuli/FC_057_M29.png'
288.8179 	EXP 	prep_instr_2: autoDraw = True
288.8179 	EXP 	target_2: autoDraw = True
291.3199 	EXP 	prep_instr_2: autoDraw = False
291.3199 	EXP 	target_2: autoDraw = False
291.3199 	EXP 	trial_fixation_2_1: autoDraw = True
291.8206 	EXP 	trial_fixation_2_1: autoDraw = False
291.8206 	EXP 	image_2_1: autoDraw = True
294.3236 	EXP 	image_2_1: autoDraw = False
294.3236 	EXP 	trial_fixation_2_2: autoDraw = True
294.8240 	EXP 	trial_fixation_2_2: autoDraw = False
294.8240 	EXP 	image_2_2: autoDraw = True
297.3270 	EXP 	image_2_2: autoDraw = False
297.3270 	EXP 	trial_fixation_2_3: autoDraw = True
297.8275 	EXP 	trial_fixation_2_3: autoDraw = False
297.8275 	EXP 	image_2_3: autoDraw = True
300.3304 	EXP 	image_2_3: autoDraw = False
300.3304 	EXP 	trial_fixation_2_4: autoDraw = True
300.8310 	EXP 	trial_fixation_2_4: autoDraw = False
300.8310 	EXP 	image_2_4: autoDraw = True
303.3339 	EXP 	image_2_4: autoDraw = False
303.3339 	EXP 	trial_fixation_2_5: autoDraw = True
303.8344 	EXP 	trial_fixation_2_5: autoDraw = False
303.8344 	EXP 	image_2_5: autoDraw = True
306.3372 	EXP 	image_2_5: autoDraw = False
306.3372 	EXP 	trial_fixation_2_6: autoDraw = True
306.8381 	EXP 	trial_fixation_2_6: autoDraw = False
306.8381 	EXP 	image_2_6: autoDraw = True
309.3420 	EXP 	image_2_6: autoDraw = False
309.3420 	EXP 	trial_fixation_2_7: autoDraw = True
309.8421 	EXP 	trial_fixation_2_7: autoDraw = False
309.8421 	EXP 	image_2_7: autoDraw = True
312.3442 	EXP 	image_2_7: autoDraw = False
312.3442 	EXP 	trial_fixation_2_8: autoDraw = True
312.8448 	EXP 	trial_fixation_2_8: autoDraw = False
312.8448 	EXP 	image_2_8: autoDraw = True
315.3477 	EXP 	image_2_8: autoDraw = False
315.3477 	EXP 	trial_fixation_2_9: autoDraw = True
315.8482 	EXP 	trial_fixation_2_9: autoDraw = False
315.8482 	EXP 	image_2_9: autoDraw = True
318.3518 	EXP 	image_2_9: autoDraw = False
318.3518 	EXP 	trial_fixation_2_10: autoDraw = True
318.8527 	EXP 	trial_fixation_2_10: autoDraw = False
318.8527 	EXP 	image_2_10: autoDraw = True
321.3546 	EXP 	image_2_10: autoDraw = False
321.3546 	EXP 	prep_instr_2: autoDraw = False
321.3546 	EXP 	target_2: autoDraw = False
321.3546 	EXP 	trial_fixation_2_1: autoDraw = False
321.3546 	EXP 	image_2_1: autoDraw = False
321.3546 	EXP 	trial_fixation_2_2: autoDraw = False
321.3546 	EXP 	image_2_2: autoDraw = False
321.3546 	EXP 	trial_fixation_2_3: autoDraw = False
321.3546 	EXP 	image_2_3: autoDraw = False
321.3546 	EXP 	trial_fixation_2_4: autoDraw = False
321.3546 	EXP 	image_2_4: autoDraw = False
321.3546 	EXP 	trial_fixation_2_5: autoDraw = False
321.3546 	EXP 	image_2_5: autoDraw = False
321.3546 	EXP 	trial_fixation_2_6: autoDraw = False
321.3546 	EXP 	image_2_6: autoDraw = False
321.3546 	EXP 	trial_fixation_2_7: autoDraw = False
321.3546 	EXP 	image_2_7: autoDraw = False
321.3546 	EXP 	trial_fixation_2_8: autoDraw = False
321.3546 	EXP 	image_2_8: autoDraw = False
321.3546 	EXP 	trial_fixation_2_9: autoDraw = False
321.3546 	EXP 	image_2_9: autoDraw = False
321.3546 	EXP 	trial_fixation_2_10: autoDraw = False
321.3546 	EXP 	image_2_10: autoDraw = False
321.3546 	EXP 	rest_txt: autoDraw = True
336.3730 	EXP 	New trial (rep=4, index=0): None
336.4235 	EXP 	rest_txt: autoDraw = False
336.4235 	EXP 	rest_txt: autoDraw = False
336.4235 	EXP 	prep_instr_1: height = 0.1
336.4235 	EXP 	prep_instr_1: height = 0.1
336.4235 	EXP 	prep_instr_1: height = 0.1
336.4235 	EXP 	prep_instr_1: text = '兩項之前'
336.4235 	EXP 	target_1: image = 'nback_stimuli/BP_002_BP10_BA.png'
336.4235 	EXP 	image_1_1: image = 'nback_stimuli/BP_002_BP10_BA.png'
336.4235 	EXP 	image_1_2: image = 'nback_stimuli/BP_001_BP1_BA.png'
336.4235 	EXP 	image_1_3: image = 'nback_stimuli/BP_006_BP2_BA.png'
336.4235 	EXP 	image_1_4: image = 'nback_stimuli/BP_001_BP1_BA.png'
336.4235 	EXP 	image_1_5: image = 'nback_stimuli/BP_005_BP19_BA.png'
336.4235 	EXP 	image_1_6: image = 'nback_stimuli/BP_003_BP16_BA.png'
336.4235 	EXP 	image_1_7: image = 'nback_stimuli/BP_006_BP2_BA.png'
336.4235 	EXP 	image_1_8: image = 'nback_stimuli/BP_004_BP18_BA.png'
336.4235 	EXP 	image_1_9: image = 'nback_stimuli/BP_005_BP19_BA.png'
336.4235 	EXP 	image_1_10: image = 'nback_stimuli/BP_004_BP18_BA.png'
336.4235 	EXP 	prep_instr_1: autoDraw = True
336.4235 	EXP 	target_1: autoDraw = True
338.9249 	EXP 	prep_instr_1: autoDraw = False
338.9249 	EXP 	target_1: autoDraw = False
338.9249 	EXP 	trial_fixation_1_1: autoDraw = True
339.4256 	EXP 	trial_fixation_1_1: autoDraw = False
339.4256 	EXP 	image_1_1: autoDraw = True
341.9284 	EXP 	image_1_1: autoDraw = False
341.9284 	EXP 	trial_fixation_1_2: autoDraw = True
342.4289 	EXP 	trial_fixation_1_2: autoDraw = False
342.4289 	EXP 	image_1_2: autoDraw = True
344.9318 	EXP 	image_1_2: autoDraw = False
344.9318 	EXP 	trial_fixation_1_3: autoDraw = True
345.4324 	EXP 	trial_fixation_1_3: autoDraw = False
345.4324 	EXP 	image_1_3: autoDraw = True
347.9353 	EXP 	image_1_3: autoDraw = False
347.9353 	EXP 	trial_fixation_1_4: autoDraw = True
348.4359 	EXP 	trial_fixation_1_4: autoDraw = False
348.4359 	EXP 	image_1_4: autoDraw = True
350.9387 	EXP 	image_1_4: autoDraw = False
350.9387 	EXP 	trial_fixation_1_5: autoDraw = True
351.4393 	EXP 	trial_fixation_1_5: autoDraw = False
351.4393 	EXP 	image_1_5: autoDraw = True
353.9421 	EXP 	image_1_5: autoDraw = False
353.9421 	EXP 	trial_fixation_1_6: autoDraw = True
354.4430 	EXP 	trial_fixation_1_6: autoDraw = False
354.4430 	EXP 	image_1_6: autoDraw = True
356.9458 	EXP 	image_1_6: autoDraw = False
356.9458 	EXP 	trial_fixation_1_7: autoDraw = True
357.4464 	EXP 	trial_fixation_1_7: autoDraw = False
357.4464 	EXP 	image_1_7: autoDraw = True
359.9493 	EXP 	image_1_7: autoDraw = False
359.9493 	EXP 	trial_fixation_1_8: autoDraw = True
360.4499 	EXP 	trial_fixation_1_8: autoDraw = False
360.4499 	EXP 	image_1_8: autoDraw = True
362.9527 	EXP 	image_1_8: autoDraw = False
362.9527 	EXP 	trial_fixation_1_9: autoDraw = True
363.4533 	EXP 	trial_fixation_1_9: autoDraw = False
363.4533 	EXP 	image_1_9: autoDraw = True
365.9562 	EXP 	image_1_9: autoDraw = False
365.9562 	EXP 	trial_fixation_1_10: autoDraw = True
366.4565 	EXP 	trial_fixation_1_10: autoDraw = False
366.4565 	EXP 	image_1_10: autoDraw = True
369.0162 	EXP 	image_1_10: autoDraw = False
369.0162 	EXP 	prep_instr_1: autoDraw = False
369.0162 	EXP 	target_1: autoDraw = False
369.0162 	EXP 	trial_fixation_1_1: autoDraw = False
369.0162 	EXP 	image_1_1: autoDraw = False
369.0162 	EXP 	trial_fixation_1_2: autoDraw = False
369.0162 	EXP 	image_1_2: autoDraw = False
369.0162 	EXP 	trial_fixation_1_3: autoDraw = False
369.0162 	EXP 	image_1_3: autoDraw = False
369.0162 	EXP 	trial_fixation_1_4: autoDraw = False
369.0162 	EXP 	image_1_4: autoDraw = False
369.0162 	EXP 	trial_fixation_1_5: autoDraw = False
369.0162 	EXP 	image_1_5: autoDraw = False
369.0162 	EXP 	trial_fixation_1_6: autoDraw = False
369.0162 	EXP 	image_1_6: autoDraw = False
369.0162 	EXP 	trial_fixation_1_7: autoDraw = False
369.0162 	EXP 	image_1_7: autoDraw = False
369.0162 	EXP 	trial_fixation_1_8: autoDraw = False
369.0162 	EXP 	image_1_8: autoDraw = False
369.0162 	EXP 	trial_fixation_1_9: autoDraw = False
369.0162 	EXP 	image_1_9: autoDraw = False
369.0162 	EXP 	trial_fixation_1_10: autoDraw = False
369.0162 	EXP 	image_1_10: autoDraw = False
369.0162 	EXP 	prep_instr_2: height = 0.1
369.0162 	EXP 	prep_instr_2: height = 0.1
369.0162 	EXP 	prep_instr_2: height = 0.1
369.0162 	EXP 	prep_instr_2: text = '目標'
369.0162 	EXP 	target_2: image = 'nback_stimuli/FC_001_M1.png'
369.0162 	EXP 	image_2_1: image = 'nback_stimuli/FC_005_M3.png'
369.0162 	EXP 	image_2_2: image = 'nback_stimuli/FC_001_M1.png'
369.0162 	EXP 	image_2_3: image = 'nback_stimuli/FC_003_M2.png'
369.0162 	EXP 	image_2_4: image = 'nback_stimuli/FC_004_F2.png'
369.0162 	EXP 	image_2_5: image = 'nback_stimuli/FC_004_F2.png'
369.0162 	EXP 	image_2_6: image = 'nback_stimuli/FC_001_M1.png'
369.0162 	EXP 	image_2_7: image = 'nback_stimuli/FC_006_F3.png'
369.0162 	EXP 	image_2_8: image = 'nback_stimuli/FC_006_F3.png'
369.0162 	EXP 	image_2_9: image = 'nback_stimuli/FC_003_M2.png'
369.0162 	EXP 	image_2_10: image = 'nback_stimuli/FC_002_F1.png'
369.0162 	EXP 	prep_instr_2: autoDraw = True
369.0162 	EXP 	target_2: autoDraw = True
371.5124 	EXP 	prep_instr_2: autoDraw = False
371.5124 	EXP 	target_2: autoDraw = False
371.5124 	EXP 	trial_fixation_2_1: autoDraw = True
372.0130 	EXP 	trial_fixation_2_1: autoDraw = False
372.0130 	EXP 	image_2_1: autoDraw = True
374.5160 	EXP 	image_2_1: autoDraw = False
374.5160 	EXP 	trial_fixation_2_2: autoDraw = True
375.0166 	EXP 	trial_fixation_2_2: autoDraw = False
375.0166 	EXP 	image_2_2: autoDraw = True
377.5193 	EXP 	image_2_2: autoDraw = False
377.5193 	EXP 	trial_fixation_2_3: autoDraw = True
378.0199 	EXP 	trial_fixation_2_3: autoDraw = False
378.0199 	EXP 	image_2_3: autoDraw = True
380.5228 	EXP 	image_2_3: autoDraw = False
380.5228 	EXP 	trial_fixation_2_4: autoDraw = True
381.0233 	EXP 	trial_fixation_2_4: autoDraw = False
381.0233 	EXP 	image_2_4: autoDraw = True
383.5262 	EXP 	image_2_4: autoDraw = False
383.5262 	EXP 	trial_fixation_2_5: autoDraw = True
384.0267 	EXP 	trial_fixation_2_5: autoDraw = False
384.0267 	EXP 	image_2_5: autoDraw = True
386.5297 	EXP 	image_2_5: autoDraw = False
386.5297 	EXP 	trial_fixation_2_6: autoDraw = True
387.0302 	EXP 	trial_fixation_2_6: autoDraw = False
387.0302 	EXP 	image_2_6: autoDraw = True
389.5332 	EXP 	image_2_6: autoDraw = False
389.5332 	EXP 	trial_fixation_2_7: autoDraw = True
390.0339 	EXP 	trial_fixation_2_7: autoDraw = False
390.0339 	EXP 	image_2_7: autoDraw = True
392.5367 	EXP 	image_2_7: autoDraw = False
392.5367 	EXP 	trial_fixation_2_8: autoDraw = True
393.0373 	EXP 	trial_fixation_2_8: autoDraw = False
393.0373 	EXP 	image_2_8: autoDraw = True
395.5402 	EXP 	image_2_8: autoDraw = False
395.5402 	EXP 	trial_fixation_2_9: autoDraw = True
396.0407 	EXP 	trial_fixation_2_9: autoDraw = False
396.0407 	EXP 	image_2_9: autoDraw = True
398.5435 	EXP 	image_2_9: autoDraw = False
398.5435 	EXP 	trial_fixation_2_10: autoDraw = True
399.0444 	EXP 	trial_fixation_2_10: autoDraw = False
399.0444 	EXP 	image_2_10: autoDraw = True
401.5470 	EXP 	image_2_10: autoDraw = False
401.5470 	EXP 	prep_instr_2: autoDraw = False
401.5470 	EXP 	target_2: autoDraw = False
401.5470 	EXP 	trial_fixation_2_1: autoDraw = False
401.5470 	EXP 	image_2_1: autoDraw = False
401.5470 	EXP 	trial_fixation_2_2: autoDraw = False
401.5470 	EXP 	image_2_2: autoDraw = False
401.5470 	EXP 	trial_fixation_2_3: autoDraw = False
401.5470 	EXP 	image_2_3: autoDraw = False
401.5470 	EXP 	trial_fixation_2_4: autoDraw = False
401.5470 	EXP 	image_2_4: autoDraw = False
401.5470 	EXP 	trial_fixation_2_5: autoDraw = False
401.5470 	EXP 	image_2_5: autoDraw = False
401.5470 	EXP 	trial_fixation_2_6: autoDraw = False
401.5470 	EXP 	image_2_6: autoDraw = False
401.5470 	EXP 	trial_fixation_2_7: autoDraw = False
401.5470 	EXP 	image_2_7: autoDraw = False
401.5470 	EXP 	trial_fixation_2_8: autoDraw = False
401.5470 	EXP 	image_2_8: autoDraw = False
401.5470 	EXP 	trial_fixation_2_9: autoDraw = False
401.5470 	EXP 	image_2_9: autoDraw = False
401.5470 	EXP 	trial_fixation_2_10: autoDraw = False
401.5470 	EXP 	image_2_10: autoDraw = False
401.5470 	EXP 	rest_txt: autoDraw = True
416.5651 	EXP 	New trial (rep=5, index=0): None
416.6050 	EXP 	rest_txt: autoDraw = False
416.6050 	EXP 	rest_txt: autoDraw = False
416.6050 	EXP 	prep_instr_1: text = '兩項之前'
416.6050 	EXP 	target_1: image = 'nback_stimuli/TO_001_TOOL1_BA.png'
416.6050 	EXP 	image_1_1: image = 'nback_stimuli/TO_001_TOOL1_BA.png'
416.6050 	EXP 	image_1_2: image = 'nback_stimuli/TO_002_TOOL2_BA.png'
416.6050 	EXP 	image_1_3: image = 'nback_stimuli/TO_004_TOOL4_BA.png'
416.6050 	EXP 	image_1_4: image = 'nback_stimuli/TO_002_TOOL2_BA.png'
416.6050 	EXP 	image_1_5: image = 'nback_stimuli/TO_001_TOOL1_BA.png'
416.6050 	EXP 	image_1_6: image = 'nback_stimuli/TO_004_TOOL4_BA.png'
416.6050 	EXP 	image_1_7: image = 'nback_stimuli/TO_006_TOOL6_BA.png'
416.6050 	EXP 	image_1_8: image = 'nback_stimuli/TO_005_TOOL5_BA.png'
416.6050 	EXP 	image_1_9: image = 'nback_stimuli/TO_006_TOOL6_BA.png'
416.6050 	EXP 	image_1_10: image = 'nback_stimuli/TO_003_TOOL3_BA.png'
416.6050 	EXP 	prep_instr_1: autoDraw = True
416.6050 	EXP 	target_1: autoDraw = True
419.1007 	EXP 	prep_instr_1: autoDraw = False
419.1007 	EXP 	target_1: autoDraw = False
419.1007 	EXP 	trial_fixation_1_1: autoDraw = True
419.6012 	EXP 	trial_fixation_1_1: autoDraw = False
419.6012 	EXP 	image_1_1: autoDraw = True
422.1040 	EXP 	image_1_1: autoDraw = False
422.1040 	EXP 	trial_fixation_1_2: autoDraw = True
422.6046 	EXP 	trial_fixation_1_2: autoDraw = False
422.6046 	EXP 	image_1_2: autoDraw = True
425.1078 	EXP 	image_1_2: autoDraw = False
425.1078 	EXP 	trial_fixation_1_3: autoDraw = True
425.6080 	EXP 	trial_fixation_1_3: autoDraw = False
425.6080 	EXP 	image_1_3: autoDraw = True
428.1110 	EXP 	image_1_3: autoDraw = False
428.1110 	EXP 	trial_fixation_1_4: autoDraw = True
428.6115 	EXP 	trial_fixation_1_4: autoDraw = False
428.6115 	EXP 	image_1_4: autoDraw = True
431.1144 	EXP 	image_1_4: autoDraw = False
431.1144 	EXP 	trial_fixation_1_5: autoDraw = True
431.6148 	EXP 	trial_fixation_1_5: autoDraw = False
431.6148 	EXP 	image_1_5: autoDraw = True
434.1179 	EXP 	image_1_5: autoDraw = False
434.1179 	EXP 	trial_fixation_1_6: autoDraw = True
434.6184 	EXP 	trial_fixation_1_6: autoDraw = False
434.6184 	EXP 	image_1_6: autoDraw = True
437.1212 	EXP 	image_1_6: autoDraw = False
437.1212 	EXP 	trial_fixation_1_7: autoDraw = True
437.6218 	EXP 	trial_fixation_1_7: autoDraw = False
437.6218 	EXP 	image_1_7: autoDraw = True
440.1247 	EXP 	image_1_7: autoDraw = False
440.1247 	EXP 	trial_fixation_1_8: autoDraw = True
440.6254 	EXP 	trial_fixation_1_8: autoDraw = False
440.6254 	EXP 	image_1_8: autoDraw = True
443.1283 	EXP 	image_1_8: autoDraw = False
443.1283 	EXP 	trial_fixation_1_9: autoDraw = True
443.6288 	EXP 	trial_fixation_1_9: autoDraw = False
443.6288 	EXP 	image_1_9: autoDraw = True
446.1322 	EXP 	image_1_9: autoDraw = False
446.1322 	EXP 	trial_fixation_1_10: autoDraw = True
446.6322 	EXP 	trial_fixation_1_10: autoDraw = False
446.6322 	EXP 	image_1_10: autoDraw = True
449.1678 	EXP 	image_1_10: autoDraw = False
449.1678 	EXP 	prep_instr_1: autoDraw = False
449.1678 	EXP 	target_1: autoDraw = False
449.1678 	EXP 	trial_fixation_1_1: autoDraw = False
449.1678 	EXP 	image_1_1: autoDraw = False
449.1678 	EXP 	trial_fixation_1_2: autoDraw = False
449.1678 	EXP 	image_1_2: autoDraw = False
449.1678 	EXP 	trial_fixation_1_3: autoDraw = False
449.1678 	EXP 	image_1_3: autoDraw = False
449.1678 	EXP 	trial_fixation_1_4: autoDraw = False
449.1678 	EXP 	image_1_4: autoDraw = False
449.1678 	EXP 	trial_fixation_1_5: autoDraw = False
449.1678 	EXP 	image_1_5: autoDraw = False
449.1678 	EXP 	trial_fixation_1_6: autoDraw = False
449.1678 	EXP 	image_1_6: autoDraw = False
449.1678 	EXP 	trial_fixation_1_7: autoDraw = False
449.1678 	EXP 	image_1_7: autoDraw = False
449.1678 	EXP 	trial_fixation_1_8: autoDraw = False
449.1678 	EXP 	image_1_8: autoDraw = False
449.1678 	EXP 	trial_fixation_1_9: autoDraw = False
449.1678 	EXP 	image_1_9: autoDraw = False
449.1678 	EXP 	trial_fixation_1_10: autoDraw = False
449.1678 	EXP 	image_1_10: autoDraw = False
449.1678 	EXP 	prep_instr_2: text = '目標'
449.1678 	EXP 	target_2: image = 'nback_stimuli/BP_007_BP20_BA.png'
449.1678 	EXP 	image_2_1: image = 'nback_stimuli/BP_007_BP20_BA.png'
449.1678 	EXP 	image_2_2: image = 'nback_stimuli/BP_011_BP4_BA.png'
449.1678 	EXP 	image_2_3: image = 'nback_stimuli/BP_010_BP3_BA.png'
449.1678 	EXP 	image_2_4: image = 'nback_stimuli/BP_008_BP21_BA.png'
449.1678 	EXP 	image_2_5: image = 'nback_stimuli/BP_011_BP4_BA.png'
449.1678 	EXP 	image_2_6: image = 'nback_stimuli/BP_009_BP22_BA.png'
449.1678 	EXP 	image_2_7: image = 'nback_stimuli/BP_009_BP22_BA.png'
449.1678 	EXP 	image_2_8: image = 'nback_stimuli/BP_008_BP21_BA.png'
449.1678 	EXP 	image_2_9: image = 'nback_stimuli/BP_007_BP20_BA.png'
449.1678 	EXP 	image_2_10: image = 'nback_stimuli/BP_012_BP5_BA.png'
449.1678 	EXP 	prep_instr_2: autoDraw = True
449.1678 	EXP 	target_2: autoDraw = True
451.6714 	EXP 	prep_instr_2: autoDraw = False
451.6714 	EXP 	target_2: autoDraw = False
451.6714 	EXP 	trial_fixation_2_1: autoDraw = True
452.1720 	EXP 	trial_fixation_2_1: autoDraw = False
452.1720 	EXP 	image_2_1: autoDraw = True
454.6750 	EXP 	image_2_1: autoDraw = False
454.6750 	EXP 	trial_fixation_2_2: autoDraw = True
455.1754 	EXP 	trial_fixation_2_2: autoDraw = False
455.1754 	EXP 	image_2_2: autoDraw = True
457.6783 	EXP 	image_2_2: autoDraw = False
457.6783 	EXP 	trial_fixation_2_3: autoDraw = True
458.1788 	EXP 	trial_fixation_2_3: autoDraw = False
458.1788 	EXP 	image_2_3: autoDraw = True
460.6817 	EXP 	image_2_3: autoDraw = False
460.6817 	EXP 	trial_fixation_2_4: autoDraw = True
461.1824 	EXP 	trial_fixation_2_4: autoDraw = False
461.1824 	EXP 	image_2_4: autoDraw = True
463.6852 	EXP 	image_2_4: autoDraw = False
463.6852 	EXP 	trial_fixation_2_5: autoDraw = True
464.1858 	EXP 	trial_fixation_2_5: autoDraw = False
464.1858 	EXP 	image_2_5: autoDraw = True
466.6886 	EXP 	image_2_5: autoDraw = False
466.6886 	EXP 	trial_fixation_2_6: autoDraw = True
467.1892 	EXP 	trial_fixation_2_6: autoDraw = False
467.1892 	EXP 	image_2_6: autoDraw = True
469.6920 	EXP 	image_2_6: autoDraw = False
469.6920 	EXP 	trial_fixation_2_7: autoDraw = True
470.1927 	EXP 	trial_fixation_2_7: autoDraw = False
470.1927 	EXP 	image_2_7: autoDraw = True
472.6956 	EXP 	image_2_7: autoDraw = False
472.6956 	EXP 	trial_fixation_2_8: autoDraw = True
473.1962 	EXP 	trial_fixation_2_8: autoDraw = False
473.1962 	EXP 	image_2_8: autoDraw = True
475.6991 	EXP 	image_2_8: autoDraw = False
475.6991 	EXP 	trial_fixation_2_9: autoDraw = True
476.1996 	EXP 	trial_fixation_2_9: autoDraw = False
476.1996 	EXP 	image_2_9: autoDraw = True
478.7023 	EXP 	image_2_9: autoDraw = False
478.7023 	EXP 	trial_fixation_2_10: autoDraw = True
479.2031 	EXP 	trial_fixation_2_10: autoDraw = False
479.2031 	EXP 	image_2_10: autoDraw = True
481.7060 	EXP 	image_2_10: autoDraw = False
481.7060 	EXP 	prep_instr_2: autoDraw = False
481.7060 	EXP 	target_2: autoDraw = False
481.7060 	EXP 	trial_fixation_2_1: autoDraw = False
481.7060 	EXP 	image_2_1: autoDraw = False
481.7060 	EXP 	trial_fixation_2_2: autoDraw = False
481.7060 	EXP 	image_2_2: autoDraw = False
481.7060 	EXP 	trial_fixation_2_3: autoDraw = False
481.7060 	EXP 	image_2_3: autoDraw = False
481.7060 	EXP 	trial_fixation_2_4: autoDraw = False
481.7060 	EXP 	image_2_4: autoDraw = False
481.7060 	EXP 	trial_fixation_2_5: autoDraw = False
481.7060 	EXP 	image_2_5: autoDraw = False
481.7060 	EXP 	trial_fixation_2_6: autoDraw = False
481.7060 	EXP 	image_2_6: autoDraw = False
481.7060 	EXP 	trial_fixation_2_7: autoDraw = False
481.7060 	EXP 	image_2_7: autoDraw = False
481.7060 	EXP 	trial_fixation_2_8: autoDraw = False
481.7060 	EXP 	image_2_8: autoDraw = False
481.7060 	EXP 	trial_fixation_2_9: autoDraw = False
481.7060 	EXP 	image_2_9: autoDraw = False
481.7060 	EXP 	trial_fixation_2_10: autoDraw = False
481.7060 	EXP 	image_2_10: autoDraw = False
481.7060 	EXP 	rest_txt: autoDraw = True
496.7240 	EXP 	New trial (rep=6, index=0): None
496.7804 	EXP 	rest_txt: autoDraw = False
496.7804 	EXP 	rest_txt: autoDraw = False
496.7804 	EXP 	prep_instr_1: height = 0.1
496.7804 	EXP 	prep_instr_1: height = 0.1
496.7804 	EXP 	prep_instr_1: height = 0.1
496.7804 	EXP 	prep_instr_1: text = '目標'
496.7804 	EXP 	target_1: image = 'nback_stimuli/PL_001_92012.png'
496.7804 	EXP 	image_1_1: image = 'nback_stimuli/PL_003_92016.png'
496.7804 	EXP 	image_1_2: image = 'nback_stimuli/PL_003_92016.png'
496.7804 	EXP 	image_1_3: image = 'nback_stimuli/PL_006_92025.png'
496.7804 	EXP 	image_1_4: image = 'nback_stimuli/PL_001_92012.png'
496.7804 	EXP 	image_1_5: image = 'nback_stimuli/PL_004_92023.png'
496.7804 	EXP 	image_1_6: image = 'nback_stimuli/PL_005_92024.png'
496.7804 	EXP 	image_1_7: image = 'nback_stimuli/PL_001_92012.png'
496.7804 	EXP 	image_1_8: image = 'nback_stimuli/PL_002_92014.png'
496.7804 	EXP 	image_1_9: image = 'nback_stimuli/PL_004_92023.png'
496.7804 	EXP 	image_1_10: image = 'nback_stimuli/PL_006_92025.png'
496.7804 	EXP 	prep_instr_1: autoDraw = True
496.7804 	EXP 	target_1: autoDraw = True
499.2763 	EXP 	prep_instr_1: autoDraw = False
499.2763 	EXP 	target_1: autoDraw = False
499.2763 	EXP 	trial_fixation_1_1: autoDraw = True
499.7768 	EXP 	trial_fixation_1_1: autoDraw = False
499.7768 	EXP 	image_1_1: autoDraw = True
502.2797 	EXP 	image_1_1: autoDraw = False
502.2797 	EXP 	trial_fixation_1_2: autoDraw = True
502.7809 	EXP 	trial_fixation_1_2: autoDraw = False
502.7809 	EXP 	image_1_2: autoDraw = True
505.2832 	EXP 	image_1_2: autoDraw = False
505.2832 	EXP 	trial_fixation_1_3: autoDraw = True
505.7837 	EXP 	trial_fixation_1_3: autoDraw = False
505.7837 	EXP 	image_1_3: autoDraw = True
508.2866 	EXP 	image_1_3: autoDraw = False
508.2866 	EXP 	trial_fixation_1_4: autoDraw = True
508.7871 	EXP 	trial_fixation_1_4: autoDraw = False
508.7871 	EXP 	image_1_4: autoDraw = True
511.2900 	EXP 	image_1_4: autoDraw = False
511.2900 	EXP 	trial_fixation_1_5: autoDraw = True
511.7907 	EXP 	trial_fixation_1_5: autoDraw = False
511.7907 	EXP 	image_1_5: autoDraw = True
514.2935 	EXP 	image_1_5: autoDraw = False
514.2935 	EXP 	trial_fixation_1_6: autoDraw = True
514.7941 	EXP 	trial_fixation_1_6: autoDraw = False
514.7941 	EXP 	image_1_6: autoDraw = True
517.2970 	EXP 	image_1_6: autoDraw = False
517.2970 	EXP 	trial_fixation_1_7: autoDraw = True
517.7976 	EXP 	trial_fixation_1_7: autoDraw = False
517.7976 	EXP 	image_1_7: autoDraw = True
520.3004 	EXP 	image_1_7: autoDraw = False
520.3004 	EXP 	trial_fixation_1_8: autoDraw = True
520.8012 	EXP 	trial_fixation_1_8: autoDraw = False
520.8012 	EXP 	image_1_8: autoDraw = True
523.3039 	EXP 	image_1_8: autoDraw = False
523.3039 	EXP 	trial_fixation_1_9: autoDraw = True
523.8045 	EXP 	trial_fixation_1_9: autoDraw = False
523.8045 	EXP 	image_1_9: autoDraw = True
526.3074 	EXP 	image_1_9: autoDraw = False
526.3074 	EXP 	trial_fixation_1_10: autoDraw = True
526.8080 	EXP 	trial_fixation_1_10: autoDraw = False
526.8080 	EXP 	image_1_10: autoDraw = True
529.3826 	EXP 	image_1_10: autoDraw = False
529.3826 	EXP 	prep_instr_1: autoDraw = False
529.3826 	EXP 	target_1: autoDraw = False
529.3826 	EXP 	trial_fixation_1_1: autoDraw = False
529.3826 	EXP 	image_1_1: autoDraw = False
529.3826 	EXP 	trial_fixation_1_2: autoDraw = False
529.3826 	EXP 	image_1_2: autoDraw = False
529.3826 	EXP 	trial_fixation_1_3: autoDraw = False
529.3826 	EXP 	image_1_3: autoDraw = False
529.3826 	EXP 	trial_fixation_1_4: autoDraw = False
529.3826 	EXP 	image_1_4: autoDraw = False
529.3826 	EXP 	trial_fixation_1_5: autoDraw = False
529.3826 	EXP 	image_1_5: autoDraw = False
529.3826 	EXP 	trial_fixation_1_6: autoDraw = False
529.3826 	EXP 	image_1_6: autoDraw = False
529.3826 	EXP 	trial_fixation_1_7: autoDraw = False
529.3826 	EXP 	image_1_7: autoDraw = False
529.3826 	EXP 	trial_fixation_1_8: autoDraw = False
529.3826 	EXP 	image_1_8: autoDraw = False
529.3826 	EXP 	trial_fixation_1_9: autoDraw = False
529.3826 	EXP 	image_1_9: autoDraw = False
529.3826 	EXP 	trial_fixation_1_10: autoDraw = False
529.3826 	EXP 	image_1_10: autoDraw = False
529.3826 	EXP 	prep_instr_2: height = 0.1
529.3826 	EXP 	prep_instr_2: height = 0.1
529.3826 	EXP 	prep_instr_2: height = 0.1
529.3826 	EXP 	prep_instr_2: text = '兩項之前'
529.3826 	EXP 	target_2: image = 'nback_stimuli/FC_010_F5.png'
529.3826 	EXP 	image_2_1: image = 'nback_stimuli/FC_010_F5.png'
529.3826 	EXP 	image_2_2: image = 'nback_stimuli/FC_012_F6.png'
529.3826 	EXP 	image_2_3: image = 'nback_stimuli/FC_010_F5.png'
529.3826 	EXP 	image_2_4: image = 'nback_stimuli/FC_008_F4.png'
529.3826 	EXP 	image_2_5: image = 'nback_stimuli/FC_012_F6.png'
529.3826 	EXP 	image_2_6: image = 'nback_stimuli/FC_008_F4.png'
529.3826 	EXP 	image_2_7: image = 'nback_stimuli/FC_007_M4.png'
529.3826 	EXP 	image_2_8: image = 'nback_stimuli/FC_007_M4.png'
529.3826 	EXP 	image_2_9: image = 'nback_stimuli/FC_009_M5.png'
529.3826 	EXP 	image_2_10: image = 'nback_stimuli/FC_011_M6.png'
529.3826 	EXP 	prep_instr_2: autoDraw = True
529.3826 	EXP 	target_2: autoDraw = True
531.8804 	EXP 	prep_instr_2: autoDraw = False
531.8804 	EXP 	target_2: autoDraw = False
531.8804 	EXP 	trial_fixation_2_1: autoDraw = True
532.3812 	EXP 	trial_fixation_2_1: autoDraw = False
532.3812 	EXP 	image_2_1: autoDraw = True
534.8839 	EXP 	image_2_1: autoDraw = False
534.8839 	EXP 	trial_fixation_2_2: autoDraw = True
535.3841 	EXP 	trial_fixation_2_2: autoDraw = False
535.3841 	EXP 	image_2_2: autoDraw = True
537.8875 	EXP 	image_2_2: autoDraw = False
537.8875 	EXP 	trial_fixation_2_3: autoDraw = True
538.3883 	EXP 	trial_fixation_2_3: autoDraw = False
538.3883 	EXP 	image_2_3: autoDraw = True
540.8909 	EXP 	image_2_3: autoDraw = False
540.8909 	EXP 	trial_fixation_2_4: autoDraw = True
541.3916 	EXP 	trial_fixation_2_4: autoDraw = False
541.3916 	EXP 	image_2_4: autoDraw = True
543.8943 	EXP 	image_2_4: autoDraw = False
543.8943 	EXP 	trial_fixation_2_5: autoDraw = True
544.3947 	EXP 	trial_fixation_2_5: autoDraw = False
544.3947 	EXP 	image_2_5: autoDraw = True
546.8977 	EXP 	image_2_5: autoDraw = False
546.8977 	EXP 	trial_fixation_2_6: autoDraw = True
547.3981 	EXP 	trial_fixation_2_6: autoDraw = False
547.3981 	EXP 	image_2_6: autoDraw = True
549.9012 	EXP 	image_2_6: autoDraw = False
549.9012 	EXP 	trial_fixation_2_7: autoDraw = True
550.4016 	EXP 	trial_fixation_2_7: autoDraw = False
550.4016 	EXP 	image_2_7: autoDraw = True
552.9047 	EXP 	image_2_7: autoDraw = False
552.9047 	EXP 	trial_fixation_2_8: autoDraw = True
553.4051 	EXP 	trial_fixation_2_8: autoDraw = False
553.4051 	EXP 	image_2_8: autoDraw = True
555.9082 	EXP 	image_2_8: autoDraw = False
555.9082 	EXP 	trial_fixation_2_9: autoDraw = True
556.4086 	EXP 	trial_fixation_2_9: autoDraw = False
556.4086 	EXP 	image_2_9: autoDraw = True
558.9116 	EXP 	image_2_9: autoDraw = False
558.9116 	EXP 	trial_fixation_2_10: autoDraw = True
559.4123 	EXP 	trial_fixation_2_10: autoDraw = False
559.4123 	EXP 	image_2_10: autoDraw = True
561.9150 	EXP 	image_2_10: autoDraw = False
561.9150 	EXP 	prep_instr_2: autoDraw = False
561.9150 	EXP 	target_2: autoDraw = False
561.9150 	EXP 	trial_fixation_2_1: autoDraw = False
561.9150 	EXP 	image_2_1: autoDraw = False
561.9150 	EXP 	trial_fixation_2_2: autoDraw = False
561.9150 	EXP 	image_2_2: autoDraw = False
561.9150 	EXP 	trial_fixation_2_3: autoDraw = False
561.9150 	EXP 	image_2_3: autoDraw = False
561.9150 	EXP 	trial_fixation_2_4: autoDraw = False
561.9150 	EXP 	image_2_4: autoDraw = False
561.9150 	EXP 	trial_fixation_2_5: autoDraw = False
561.9150 	EXP 	image_2_5: autoDraw = False
561.9150 	EXP 	trial_fixation_2_6: autoDraw = False
561.9150 	EXP 	image_2_6: autoDraw = False
561.9150 	EXP 	trial_fixation_2_7: autoDraw = False
561.9150 	EXP 	image_2_7: autoDraw = False
561.9150 	EXP 	trial_fixation_2_8: autoDraw = False
561.9150 	EXP 	image_2_8: autoDraw = False
561.9150 	EXP 	trial_fixation_2_9: autoDraw = False
561.9150 	EXP 	image_2_9: autoDraw = False
561.9150 	EXP 	trial_fixation_2_10: autoDraw = False
561.9150 	EXP 	image_2_10: autoDraw = False
561.9150 	EXP 	rest_txt: autoDraw = True
576.9330 	EXP 	New trial (rep=7, index=0): None
576.9714 	EXP 	rest_txt: autoDraw = False
576.9714 	EXP 	rest_txt: autoDraw = False
576.9714 	EXP 	prep_instr_1: text = '目標'
576.9714 	EXP 	target_1: image = 'nback_stimuli/TO_007_TOOL7_BA.png'
576.9714 	EXP 	image_1_1: image = 'nback_stimuli/TO_010_TOOL10_BA.png'
576.9714 	EXP 	image_1_2: image = 'nback_stimuli/TO_009_TOOL9_BA.png'
576.9714 	EXP 	image_1_3: image = 'nback_stimuli/TO_009_TOOL9_BA.png'
576.9714 	EXP 	image_1_4: image = 'nback_stimuli/TO_008_TOOL8_BA.png'
576.9714 	EXP 	image_1_5: image = 'nback_stimuli/TO_011_TOOL11_BA.png'
576.9714 	EXP 	image_1_6: image = 'nback_stimuli/TO_012_TOOL12_BA.png'
576.9714 	EXP 	image_1_7: image = 'nback_stimuli/TO_010_TOOL10_BA.png'
576.9714 	EXP 	image_1_8: image = 'nback_stimuli/TO_007_TOOL7_BA.png'
576.9714 	EXP 	image_1_9: image = 'nback_stimuli/TO_008_TOOL8_BA.png'
576.9714 	EXP 	image_1_10: image = 'nback_stimuli/TO_007_TOOL7_BA.png'
576.9714 	EXP 	prep_instr_1: autoDraw = True
576.9714 	EXP 	target_1: autoDraw = True
579.4685 	EXP 	prep_instr_1: autoDraw = False
579.4685 	EXP 	target_1: autoDraw = False
579.4685 	EXP 	trial_fixation_1_1: autoDraw = True
579.9691 	EXP 	trial_fixation_1_1: autoDraw = False
579.9691 	EXP 	image_1_1: autoDraw = True
582.4720 	EXP 	image_1_1: autoDraw = False
582.4720 	EXP 	trial_fixation_1_2: autoDraw = True
582.9728 	EXP 	trial_fixation_1_2: autoDraw = False
582.9728 	EXP 	image_1_2: autoDraw = True
585.4756 	EXP 	image_1_2: autoDraw = False
585.4756 	EXP 	trial_fixation_1_3: autoDraw = True
585.9761 	EXP 	trial_fixation_1_3: autoDraw = False
585.9761 	EXP 	image_1_3: autoDraw = True
588.4790 	EXP 	image_1_3: autoDraw = False
588.4790 	EXP 	trial_fixation_1_4: autoDraw = True
588.9795 	EXP 	trial_fixation_1_4: autoDraw = False
588.9795 	EXP 	image_1_4: autoDraw = True
591.4824 	EXP 	image_1_4: autoDraw = False
591.4824 	EXP 	trial_fixation_1_5: autoDraw = True
591.9830 	EXP 	trial_fixation_1_5: autoDraw = False
591.9830 	EXP 	image_1_5: autoDraw = True
594.4859 	EXP 	image_1_5: autoDraw = False
594.4859 	EXP 	trial_fixation_1_6: autoDraw = True
594.9864 	EXP 	trial_fixation_1_6: autoDraw = False
594.9864 	EXP 	image_1_6: autoDraw = True
597.4892 	EXP 	image_1_6: autoDraw = False
597.4892 	EXP 	trial_fixation_1_7: autoDraw = True
597.9899 	EXP 	trial_fixation_1_7: autoDraw = False
597.9899 	EXP 	image_1_7: autoDraw = True
600.4928 	EXP 	image_1_7: autoDraw = False
600.4928 	EXP 	trial_fixation_1_8: autoDraw = True
600.9934 	EXP 	trial_fixation_1_8: autoDraw = False
600.9934 	EXP 	image_1_8: autoDraw = True
603.4962 	EXP 	image_1_8: autoDraw = False
603.4962 	EXP 	trial_fixation_1_9: autoDraw = True
603.9968 	EXP 	trial_fixation_1_9: autoDraw = False
603.9968 	EXP 	image_1_9: autoDraw = True
606.4998 	EXP 	image_1_9: autoDraw = False
606.4998 	EXP 	trial_fixation_1_10: autoDraw = True
607.0002 	EXP 	trial_fixation_1_10: autoDraw = False
607.0002 	EXP 	image_1_10: autoDraw = True
609.5409 	EXP 	image_1_10: autoDraw = False
609.5409 	EXP 	prep_instr_1: autoDraw = False
609.5409 	EXP 	target_1: autoDraw = False
609.5409 	EXP 	trial_fixation_1_1: autoDraw = False
609.5409 	EXP 	image_1_1: autoDraw = False
609.5409 	EXP 	trial_fixation_1_2: autoDraw = False
609.5409 	EXP 	image_1_2: autoDraw = False
609.5409 	EXP 	trial_fixation_1_3: autoDraw = False
609.5409 	EXP 	image_1_3: autoDraw = False
609.5409 	EXP 	trial_fixation_1_4: autoDraw = False
609.5409 	EXP 	image_1_4: autoDraw = False
609.5409 	EXP 	trial_fixation_1_5: autoDraw = False
609.5409 	EXP 	image_1_5: autoDraw = False
609.5409 	EXP 	trial_fixation_1_6: autoDraw = False
609.5409 	EXP 	image_1_6: autoDraw = False
609.5409 	EXP 	trial_fixation_1_7: autoDraw = False
609.5409 	EXP 	image_1_7: autoDraw = False
609.5409 	EXP 	trial_fixation_1_8: autoDraw = False
609.5409 	EXP 	image_1_8: autoDraw = False
609.5409 	EXP 	trial_fixation_1_9: autoDraw = False
609.5409 	EXP 	image_1_9: autoDraw = False
609.5409 	EXP 	trial_fixation_1_10: autoDraw = False
609.5409 	EXP 	image_1_10: autoDraw = False
609.5409 	EXP 	prep_instr_2: text = '兩項之前'
609.5409 	EXP 	target_2: image = 'nback_stimuli/PL_007_92026.png'
609.5409 	EXP 	image_2_1: image = 'nback_stimuli/PL_007_92026.png'
609.5409 	EXP 	image_2_2: image = 'nback_stimuli/PL_007_92026.png'
609.5409 	EXP 	image_2_3: image = 'nback_stimuli/PL_010_92038.png'
609.5409 	EXP 	image_2_4: image = 'nback_stimuli/PL_009_92037.png'
609.5409 	EXP 	image_2_5: image = 'nback_stimuli/PL_010_92038.png'
609.5409 	EXP 	image_2_6: image = 'nback_stimuli/PL_009_92037.png'
609.5409 	EXP 	image_2_7: image = 'nback_stimuli/PL_008_92033.png'
609.5409 	EXP 	image_2_8: image = 'nback_stimuli/PL_012_92047.png'
609.5409 	EXP 	image_2_9: image = 'nback_stimuli/PL_012_92047.png'
609.5409 	EXP 	image_2_10: image = 'nback_stimuli/PL_011_92044.png'
609.5409 	EXP 	prep_instr_2: autoDraw = True
609.5409 	EXP 	target_2: autoDraw = True
612.0398 	EXP 	prep_instr_2: autoDraw = False
612.0398 	EXP 	target_2: autoDraw = False
612.0398 	EXP 	trial_fixation_2_1: autoDraw = True
612.5402 	EXP 	trial_fixation_2_1: autoDraw = False
612.5402 	EXP 	image_2_1: autoDraw = True
615.0429 	EXP 	image_2_1: autoDraw = False
615.0429 	EXP 	trial_fixation_2_2: autoDraw = True
615.5434 	EXP 	trial_fixation_2_2: autoDraw = False
615.5434 	EXP 	image_2_2: autoDraw = True
618.0464 	EXP 	image_2_2: autoDraw = False
618.0464 	EXP 	trial_fixation_2_3: autoDraw = True
618.5471 	EXP 	trial_fixation_2_3: autoDraw = False
618.5471 	EXP 	image_2_3: autoDraw = True
621.0502 	EXP 	image_2_3: autoDraw = False
621.0502 	EXP 	trial_fixation_2_4: autoDraw = True
621.5504 	EXP 	trial_fixation_2_4: autoDraw = False
621.5504 	EXP 	image_2_4: autoDraw = True
624.0533 	EXP 	image_2_4: autoDraw = False
624.0533 	EXP 	trial_fixation_2_5: autoDraw = True
624.5538 	EXP 	trial_fixation_2_5: autoDraw = False
624.5538 	EXP 	image_2_5: autoDraw = True
627.0567 	EXP 	image_2_5: autoDraw = False
627.0567 	EXP 	trial_fixation_2_6: autoDraw = True
627.5573 	EXP 	trial_fixation_2_6: autoDraw = False
627.5573 	EXP 	image_2_6: autoDraw = True
630.0606 	EXP 	image_2_6: autoDraw = False
630.0606 	EXP 	trial_fixation_2_7: autoDraw = True
630.5608 	EXP 	trial_fixation_2_7: autoDraw = False
630.5608 	EXP 	image_2_7: autoDraw = True
633.0635 	EXP 	image_2_7: autoDraw = False
633.0635 	EXP 	trial_fixation_2_8: autoDraw = True
633.5642 	EXP 	trial_fixation_2_8: autoDraw = False
633.5642 	EXP 	image_2_8: autoDraw = True
636.0671 	EXP 	image_2_8: autoDraw = False
636.0671 	EXP 	trial_fixation_2_9: autoDraw = True
636.5676 	EXP 	trial_fixation_2_9: autoDraw = False
636.5676 	EXP 	image_2_9: autoDraw = True
639.0712 	EXP 	image_2_9: autoDraw = False
639.0712 	EXP 	trial_fixation_2_10: autoDraw = True
639.5712 	EXP 	trial_fixation_2_10: autoDraw = False
639.5712 	EXP 	image_2_10: autoDraw = True
642.0740 	EXP 	image_2_10: autoDraw = False
642.0740 	EXP 	prep_instr_2: autoDraw = False
642.0740 	EXP 	target_2: autoDraw = False
642.0740 	EXP 	trial_fixation_2_1: autoDraw = False
642.0740 	EXP 	image_2_1: autoDraw = False
642.0740 	EXP 	trial_fixation_2_2: autoDraw = False
642.0740 	EXP 	image_2_2: autoDraw = False
642.0740 	EXP 	trial_fixation_2_3: autoDraw = False
642.0740 	EXP 	image_2_3: autoDraw = False
642.0740 	EXP 	trial_fixation_2_4: autoDraw = False
642.0740 	EXP 	image_2_4: autoDraw = False
642.0740 	EXP 	trial_fixation_2_5: autoDraw = False
642.0740 	EXP 	image_2_5: autoDraw = False
642.0740 	EXP 	trial_fixation_2_6: autoDraw = False
642.0740 	EXP 	image_2_6: autoDraw = False
642.0740 	EXP 	trial_fixation_2_7: autoDraw = False
642.0740 	EXP 	image_2_7: autoDraw = False
642.0740 	EXP 	trial_fixation_2_8: autoDraw = False
642.0740 	EXP 	image_2_8: autoDraw = False
642.0740 	EXP 	trial_fixation_2_9: autoDraw = False
642.0740 	EXP 	image_2_9: autoDraw = False
642.0740 	EXP 	trial_fixation_2_10: autoDraw = False
642.0740 	EXP 	image_2_10: autoDraw = False
642.0740 	EXP 	rest_txt: autoDraw = True
657.1084 	EXP 	rest_txt: autoDraw = False
657.1084 	EXP 	rest_txt: autoDraw = False
657.1084 	EXP 	end_txt: autoDraw = True
660.1283 	EXP 	end_txt: autoDraw = False
660.2464 	EXP 	window1: mouseVisible = True
