18.0688 	WARNING 	User requested fullscreen with size [1680 1050], but screen is actually [1920, 1080]. Using actual size
22.3431 	EXP 	Created window1 = Window(allowGUI=True, allowStencil=False, autoLog=True, backendConf=UNKNOWN, backgroundFit=<method-wrapper '__getattribute__' of attributeSetter object at 0x000002ABD56363A0>, backgroundImage=<method-wrapper '__getattribute__' of attributeSetter object at 0x000002ABD5636340>, bitsMode=UNKNOWN, blendMode='avg', bpc=(8, 8, 8), color=array([-1, -1, -1]), colorSpace='rgb', depthBits=8, fullscr=<method-wrapper '__getattribute__' of attributeSetter object at 0x000002ABD5636070>, gamma=None, gammaErrorPolicy='raise', lms=UNKNOWN, monitor=<psychopy.monitors.calibTools.Monitor object at 0x000002ABD94A6970>, multiSample=False, name='window1', numSamples=2, pos=(0, 0), screen=0, size=array([1920, 1080]), stencilBits=0, stereo=False, units='height', useFBO=True, useRetina=False, viewOri=0.0, viewPos=None, viewScale=None, waitBlanking=True, winType='pyglet')
22.3431 	EXP 	window1: mouseVisible = True
22.3432 	EXP 	window1: backgroundImage = ''
22.3432 	EXP 	window1: backgroundFit = 'none'
22.3433 	EXP 	window1: mouseVisible = False
22.3433 	EXP 	window1: Attempting to measure frame rate of screen (0) ...
22.3433 	EXP 	window1: recordFrameIntervals = False
22.5087 	EXP 	window1: recordFrameIntervals = True
22.6920 	EXP 	Screen (0) actual frame rate measured at 60.13Hz
22.6920 	EXP 	window1: recordFrameIntervals = False
24.6734 	EXP 	Created trigger_txt = TextStim(__class__=<class 'psychopy.visual.text.TextStim'>, alignHoriz=method-wrapper(...), alignText='center', alignVert=method-wrapper(...), anchorHoriz='center', anchorVert='center', antialias=True, autoDraw=False, autoLog=True, bold=False, color=array([1., 1., 1.]), colorSpace='rgb', contrast=1.0, depth=-1.0, flipHoriz=False, flipVert=False, font='Songti SC', fontFiles=[], height=0.05, italic=False, languageStyle='LTR', name='trigger_txt', opacity=1.0, ori=0.0, pos=array([0., 0.]), rgb=UNKNOWN, text='實驗即將開始', units='height', win=Window(...), wrapWidth=1)
24.6877 	EXP 	Created instr_txt = TextStim(__class__=<class 'psychopy.visual.text.TextStim'>, alignHoriz=method-wrapper(...), alignText='center', alignVert=method-wrapper(...), anchorHoriz='center', anchorVert='center', antialias=True, autoDraw=False, autoLog=True, bold=False, color=array([1., 1., 1.]), colorSpace='rgb', contrast=1.0, depth=0.0, flipHoriz=False, flipVert=False, font='Songti SC', fontFiles=[], height=0.05, italic=False, languageStyle='LTR', name='instr_txt', opacity=1.0, ori=0.0, pos=array([0., 0.]), rgb=UNKNOWN, text="PREP INSTRUCTIONS \n\n準備好請按 '1' ", units='height', win=Window(...), wrapWidth=1)
24.6891 	EXP 	Created prep_instr_1 = TextStim(__class__=<class 'psychopy.visual.text.TextStim'>, alignHoriz=method-wrapper(...), alignText='center', alignVert=method-wrapper(...), anchorHoriz='center', anchorVert='center', antialias=True, autoDraw=False, autoLog=True, bold=False, color=array([1., 1., 1.]), colorSpace='rgb', contrast=1.0, depth=-1.0, flipHoriz=False, flipVert=False, font='Songti SC', fontFiles=[], height=0.1, italic=False, languageStyle='LTR', name='prep_instr_1', opacity=1.0, ori=0.0, pos=array([0., 0.]), rgb=UNKNOWN, text='', units='height', win=Window(...), wrapWidth=1)
24.7034 	EXP 	Created target_1 = ImageStim(__class__=<class 'psychopy.visual.image.ImageStim'>, anchor=('center', 'center'), autoLog=True, color=array([1., 1., 1.]), colorSpace='rgb', contrast=1.0, depth=-2.0, flipHoriz=False, flipVert=False, image='default.png', interpolate=True, mask=None, maskParams=None, name='target_1', opacity=1.0, ori=0.0, pos=array([0., 0.]), size=array([0.5, 0.5]), texRes=128.0, units='height', win=Window(...))
24.7080 	EXP 	Created trial_fixation_1_1 = TextStim(__class__=<class 'psychopy.visual.text.TextStim'>, alignHoriz=method-wrapper(...), alignText='center', alignVert=method-wrapper(...), anchorHoriz='center', anchorVert='center', antialias=True, autoDraw=False, autoLog=True, bold=False, color=array([1., 1., 1.]), colorSpace='rgb', contrast=1.0, depth=-3.0, flipHoriz=False, flipVert=False, font='Open Sans', fontFiles=[], height=0.15, italic=False, languageStyle='LTR', name='trial_fixation_1_1', opacity=1.0, ori=0.0, pos=array([0., 0.]), rgb=UNKNOWN, text='+', units='height', win=Window(...), wrapWidth=1)
24.7167 	EXP 	Created image_1_1 = ImageStim(__class__=<class 'psychopy.visual.image.ImageStim'>, anchor=('center', 'center'), autoLog=True, color=array([1., 1., 1.]), colorSpace='rgb', contrast=1.0, depth=-4.0, flipHoriz=False, flipVert=False, image='default.png', interpolate=True, mask=None, maskParams=None, name='image_1_1', opacity=1.0, ori=0.0, pos=array([0., 0.]), size=array([0.5, 0.5]), texRes=128.0, units='height', win=Window(...))
24.7197 	EXP 	Created trial_fixation_1_2 = TextStim(__class__=<class 'psychopy.visual.text.TextStim'>, alignHoriz=method-wrapper(...), alignText='center', alignVert=method-wrapper(...), anchorHoriz='center', anchorVert='center', antialias=True, autoDraw=False, autoLog=True, bold=False, color=array([1., 1., 1.]), colorSpace='rgb', contrast=1.0, depth=-6.0, flipHoriz=False, flipVert=False, font='Open Sans', fontFiles=[], height=0.15, italic=False, languageStyle='LTR', name='trial_fixation_1_2', opacity=1.0, ori=0.0, pos=array([0., 0.]), rgb=UNKNOWN, text='+', units='height', win=Window(...), wrapWidth=1)
24.7286 	EXP 	Created image_1_2 = ImageStim(__class__=<class 'psychopy.visual.image.ImageStim'>, anchor=('center', 'center'), autoLog=True, color=array([1., 1., 1.]), colorSpace='rgb', contrast=1.0, depth=-7.0, flipHoriz=False, flipVert=False, image='default.png', interpolate=True, mask=None, maskParams=None, name='image_1_2', opacity=1.0, ori=0.0, pos=array([0., 0.]), size=array([0.5, 0.5]), texRes=128.0, units='height', win=Window(...))
24.7310 	EXP 	Created trial_fixation_1_3 = TextStim(__class__=<class 'psychopy.visual.text.TextStim'>, alignHoriz=method-wrapper(...), alignText='center', alignVert=method-wrapper(...), anchorHoriz='center', anchorVert='center', antialias=True, autoDraw=False, autoLog=True, bold=False, color=array([1., 1., 1.]), colorSpace='rgb', contrast=1.0, depth=-9.0, flipHoriz=False, flipVert=False, font='Open Sans', fontFiles=[], height=0.15, italic=False, languageStyle='LTR', name='trial_fixation_1_3', opacity=1.0, ori=0.0, pos=array([0., 0.]), rgb=UNKNOWN, text='+', units='height', win=Window(...), wrapWidth=1)
24.7398 	EXP 	Created image_1_3 = ImageStim(__class__=<class 'psychopy.visual.image.ImageStim'>, anchor=('center', 'center'), autoLog=True, color=array([1., 1., 1.]), colorSpace='rgb', contrast=1.0, depth=-10.0, flipHoriz=False, flipVert=False, image='default.png', interpolate=True, mask=None, maskParams=None, name='image_1_3', opacity=1.0, ori=0.0, pos=array([0., 0.]), size=array([0.5, 0.5]), texRes=128.0, units='height', win=Window(...))
24.7418 	EXP 	Created trial_fixation_1_4 = TextStim(__class__=<class 'psychopy.visual.text.TextStim'>, alignHoriz=method-wrapper(...), alignText='center', alignVert=method-wrapper(...), anchorHoriz='center', anchorVert='center', antialias=True, autoDraw=False, autoLog=True, bold=False, color=array([1., 1., 1.]), colorSpace='rgb', contrast=1.0, depth=-12.0, flipHoriz=False, flipVert=False, font='Open Sans', fontFiles=[], height=0.15, italic=False, languageStyle='LTR', name='trial_fixation_1_4', opacity=1.0, ori=0.0, pos=array([0., 0.]), rgb=UNKNOWN, text='+', units='height', win=Window(...), wrapWidth=1)
24.7507 	EXP 	Created image_1_4 = ImageStim(__class__=<class 'psychopy.visual.image.ImageStim'>, anchor=('center', 'center'), autoLog=True, color=array([1., 1., 1.]), colorSpace='rgb', contrast=1.0, depth=-13.0, flipHoriz=False, flipVert=False, image='default.png', interpolate=True, mask=None, maskParams=None, name='image_1_4', opacity=1.0, ori=0.0, pos=array([0., 0.]), size=array([0.5, 0.5]), texRes=128.0, units='height', win=Window(...))
24.7528 	EXP 	Created trial_fixation_1_5 = TextStim(__class__=<class 'psychopy.visual.text.TextStim'>, alignHoriz=method-wrapper(...), alignText='center', alignVert=method-wrapper(...), anchorHoriz='center', anchorVert='center', antialias=True, autoDraw=False, autoLog=True, bold=False, color=array([1., 1., 1.]), colorSpace='rgb', contrast=1.0, depth=-15.0, flipHoriz=False, flipVert=False, font='Open Sans', fontFiles=[], height=0.15, italic=False, languageStyle='LTR', name='trial_fixation_1_5', opacity=1.0, ori=0.0, pos=array([0., 0.]), rgb=UNKNOWN, text='+', units='height', win=Window(...), wrapWidth=1)
24.7618 	EXP 	Created image_1_5 = ImageStim(__class__=<class 'psychopy.visual.image.ImageStim'>, anchor=('center', 'center'), autoLog=True, color=array([1., 1., 1.]), colorSpace='rgb', contrast=1.0, depth=-16.0, flipHoriz=False, flipVert=False, image='default.png', interpolate=True, mask=None, maskParams=None, name='image_1_5', opacity=1.0, ori=0.0, pos=array([0., 0.]), size=array([0.5, 0.5]), texRes=128.0, units='height', win=Window(...))
24.7640 	EXP 	Created trial_fixation_1_6 = TextStim(__class__=<class 'psychopy.visual.text.TextStim'>, alignHoriz=method-wrapper(...), alignText='center', alignVert=method-wrapper(...), anchorHoriz='center', anchorVert='center', antialias=True, autoDraw=False, autoLog=True, bold=False, color=array([1., 1., 1.]), colorSpace='rgb', contrast=1.0, depth=-18.0, flipHoriz=False, flipVert=False, font='Open Sans', fontFiles=[], height=0.15, italic=False, languageStyle='LTR', name='trial_fixation_1_6', opacity=1.0, ori=0.0, pos=array([0., 0.]), rgb=UNKNOWN, text='+', units='height', win=Window(...), wrapWidth=1)
24.7724 	EXP 	Created image_1_6 = ImageStim(__class__=<class 'psychopy.visual.image.ImageStim'>, anchor=('center', 'center'), autoLog=True, color=array([1., 1., 1.]), colorSpace='rgb', contrast=1.0, depth=-19.0, flipHoriz=False, flipVert=False, image='default.png', interpolate=True, mask=None, maskParams=None, name='image_1_6', opacity=1.0, ori=0.0, pos=array([0., 0.]), size=array([0.5, 0.5]), texRes=128.0, units='height', win=Window(...))
24.7745 	EXP 	Created trial_fixation_1_7 = TextStim(__class__=<class 'psychopy.visual.text.TextStim'>, alignHoriz=method-wrapper(...), alignText='center', alignVert=method-wrapper(...), anchorHoriz='center', anchorVert='center', antialias=True, autoDraw=False, autoLog=True, bold=False, color=array([1., 1., 1.]), colorSpace='rgb', contrast=1.0, depth=-21.0, flipHoriz=False, flipVert=False, font='Open Sans', fontFiles=[], height=0.15, italic=False, languageStyle='LTR', name='trial_fixation_1_7', opacity=1.0, ori=0.0, pos=array([0., 0.]), rgb=UNKNOWN, text='+', units='height', win=Window(...), wrapWidth=1)
24.7831 	EXP 	Created image_1_7 = ImageStim(__class__=<class 'psychopy.visual.image.ImageStim'>, anchor=('center', 'center'), autoLog=True, color=array([1., 1., 1.]), colorSpace='rgb', contrast=1.0, depth=-22.0, flipHoriz=False, flipVert=False, image='default.png', interpolate=True, mask=None, maskParams=None, name='image_1_7', opacity=1.0, ori=0.0, pos=array([0., 0.]), size=array([0.5, 0.5]), texRes=128.0, units='height', win=Window(...))
24.7852 	EXP 	Created trial_fixation_1_8 = TextStim(__class__=<class 'psychopy.visual.text.TextStim'>, alignHoriz=method-wrapper(...), alignText='center', alignVert=method-wrapper(...), anchorHoriz='center', anchorVert='center', antialias=True, autoDraw=False, autoLog=True, bold=False, color=array([1., 1., 1.]), colorSpace='rgb', contrast=1.0, depth=-24.0, flipHoriz=False, flipVert=False, font='Open Sans', fontFiles=[], height=0.15, italic=False, languageStyle='LTR', name='trial_fixation_1_8', opacity=1.0, ori=0.0, pos=array([0., 0.]), rgb=UNKNOWN, text='+', units='height', win=Window(...), wrapWidth=1)
24.7941 	EXP 	Created image_1_8 = ImageStim(__class__=<class 'psychopy.visual.image.ImageStim'>, anchor=('center', 'center'), autoLog=True, color=array([1., 1., 1.]), colorSpace='rgb', contrast=1.0, depth=-25.0, flipHoriz=False, flipVert=False, image='default.png', interpolate=True, mask=None, maskParams=None, name='image_1_8', opacity=1.0, ori=0.0, pos=array([0., 0.]), size=array([0.5, 0.5]), texRes=128.0, units='height', win=Window(...))
24.7961 	EXP 	Created trial_fixation_1_9 = TextStim(__class__=<class 'psychopy.visual.text.TextStim'>, alignHoriz=method-wrapper(...), alignText='center', alignVert=method-wrapper(...), anchorHoriz='center', anchorVert='center', antialias=True, autoDraw=False, autoLog=True, bold=False, color=array([1., 1., 1.]), colorSpace='rgb', contrast=1.0, depth=-27.0, flipHoriz=False, flipVert=False, font='Open Sans', fontFiles=[], height=0.15, italic=False, languageStyle='LTR', name='trial_fixation_1_9', opacity=1.0, ori=0.0, pos=array([0., 0.]), rgb=UNKNOWN, text='+', units='height', win=Window(...), wrapWidth=1)
24.8049 	EXP 	Created image_1_9 = ImageStim(__class__=<class 'psychopy.visual.image.ImageStim'>, anchor=('center', 'center'), autoLog=True, color=array([1., 1., 1.]), colorSpace='rgb', contrast=1.0, depth=-28.0, flipHoriz=False, flipVert=False, image='default.png', interpolate=True, mask=None, maskParams=None, name='image_1_9', opacity=1.0, ori=0.0, pos=array([0., 0.]), size=array([0.5, 0.5]), texRes=128.0, units='height', win=Window(...))
24.8076 	EXP 	Created trial_fixation_1_10 = TextStim(__class__=<class 'psychopy.visual.text.TextStim'>, alignHoriz=method-wrapper(...), alignText='center', alignVert=method-wrapper(...), anchorHoriz='center', anchorVert='center', antialias=True, autoDraw=False, autoLog=True, bold=False, color=array([1., 1., 1.]), colorSpace='rgb', contrast=1.0, depth=-30.0, flipHoriz=False, flipVert=False, font='Open Sans', fontFiles=[], height=0.15, italic=False, languageStyle='LTR', name='trial_fixation_1_10', opacity=1.0, ori=0.0, pos=array([0., 0.]), rgb=UNKNOWN, text='+', units='height', win=Window(...), wrapWidth=1)
24.8167 	EXP 	Created image_1_10 = ImageStim(__class__=<class 'psychopy.visual.image.ImageStim'>, anchor=('center', 'center'), autoLog=True, color=array([1., 1., 1.]), colorSpace='rgb', contrast=1.0, depth=-31.0, flipHoriz=False, flipVert=False, image='default.png', interpolate=True, mask=None, maskParams=None, name='image_1_10', opacity=1.0, ori=0.0, pos=array([0., 0.]), size=array([0.5, 0.5]), texRes=128.0, units='height', win=Window(...))
24.8177 	EXP 	Created prep_instr_2 = TextStim(__class__=<class 'psychopy.visual.text.TextStim'>, alignHoriz=method-wrapper(...), alignText='center', alignVert=method-wrapper(...), anchorHoriz='center', anchorVert='center', antialias=True, autoDraw=False, autoLog=True, bold=False, color=array([1., 1., 1.]), colorSpace='rgb', contrast=1.0, depth=-1.0, flipHoriz=False, flipVert=False, font='Songti SC', fontFiles=[], height=0.1, italic=False, languageStyle='LTR', name='prep_instr_2', opacity=1.0, ori=0.0, pos=array([0., 0.]), rgb=UNKNOWN, text='', units='height', win=Window(...), wrapWidth=1)
24.8267 	EXP 	Created target_2 = ImageStim(__class__=<class 'psychopy.visual.image.ImageStim'>, anchor=('center', 'center'), autoLog=True, color=array([1., 1., 1.]), colorSpace='rgb', contrast=1.0, depth=-2.0, flipHoriz=False, flipVert=False, image='default.png', interpolate=True, mask=None, maskParams=None, name='target_2', opacity=1.0, ori=0.0, pos=array([0., 0.]), size=array([0.5, 0.5]), texRes=128.0, units='height', win=Window(...))
24.8287 	EXP 	Created trial_fixation_2_1 = TextStim(__class__=<class 'psychopy.visual.text.TextStim'>, alignHoriz=method-wrapper(...), alignText='center', alignVert=method-wrapper(...), anchorHoriz='center', anchorVert='center', antialias=True, autoDraw=False, autoLog=True, bold=False, color=array([1., 1., 1.]), colorSpace='rgb', contrast=1.0, depth=-3.0, flipHoriz=False, flipVert=False, font='Open Sans', fontFiles=[], height=0.15, italic=False, languageStyle='LTR', name='trial_fixation_2_1', opacity=1.0, ori=0.0, pos=array([0., 0.]), rgb=UNKNOWN, text='+', units='height', win=Window(...), wrapWidth=1)
24.8374 	EXP 	Created image_2_1 = ImageStim(__class__=<class 'psychopy.visual.image.ImageStim'>, anchor=('center', 'center'), autoLog=True, color=array([1., 1., 1.]), colorSpace='rgb', contrast=1.0, depth=-4.0, flipHoriz=False, flipVert=False, image='default.png', interpolate=True, mask=None, maskParams=None, name='image_2_1', opacity=1.0, ori=0.0, pos=array([0., 0.]), size=array([0.5, 0.5]), texRes=128.0, units='height', win=Window(...))
24.8394 	EXP 	Created trial_fixation_2_2 = TextStim(__class__=<class 'psychopy.visual.text.TextStim'>, alignHoriz=method-wrapper(...), alignText='center', alignVert=method-wrapper(...), anchorHoriz='center', anchorVert='center', antialias=True, autoDraw=False, autoLog=True, bold=False, color=array([1., 1., 1.]), colorSpace='rgb', contrast=1.0, depth=-6.0, flipHoriz=False, flipVert=False, font='Open Sans', fontFiles=[], height=0.15, italic=False, languageStyle='LTR', name='trial_fixation_2_2', opacity=1.0, ori=0.0, pos=array([0., 0.]), rgb=UNKNOWN, text='+', units='height', win=Window(...), wrapWidth=1)
24.8482 	EXP 	Created image_2_2 = ImageStim(__class__=<class 'psychopy.visual.image.ImageStim'>, anchor=('center', 'center'), autoLog=True, color=array([1., 1., 1.]), colorSpace='rgb', contrast=1.0, depth=-7.0, flipHoriz=False, flipVert=False, image='default.png', interpolate=True, mask=None, maskParams=None, name='image_2_2', opacity=1.0, ori=0.0, pos=array([0., 0.]), size=array([0.5, 0.5]), texRes=128.0, units='height', win=Window(...))
24.8507 	EXP 	Created trial_fixation_2_3 = TextStim(__class__=<class 'psychopy.visual.text.TextStim'>, alignHoriz=method-wrapper(...), alignText='center', alignVert=method-wrapper(...), anchorHoriz='center', anchorVert='center', antialias=True, autoDraw=False, autoLog=True, bold=False, color=array([1., 1., 1.]), colorSpace='rgb', contrast=1.0, depth=-9.0, flipHoriz=False, flipVert=False, font='Open Sans', fontFiles=[], height=0.15, italic=False, languageStyle='LTR', name='trial_fixation_2_3', opacity=1.0, ori=0.0, pos=array([0., 0.]), rgb=UNKNOWN, text='+', units='height', win=Window(...), wrapWidth=1)
24.8599 	EXP 	Created image_2_3 = ImageStim(__class__=<class 'psychopy.visual.image.ImageStim'>, anchor=('center', 'center'), autoLog=True, color=array([1., 1., 1.]), colorSpace='rgb', contrast=1.0, depth=-10.0, flipHoriz=False, flipVert=False, image='default.png', interpolate=True, mask=None, maskParams=None, name='image_2_3', opacity=1.0, ori=0.0, pos=array([0., 0.]), size=array([0.5, 0.5]), texRes=128.0, units='height', win=Window(...))
24.8619 	EXP 	Created trial_fixation_2_4 = TextStim(__class__=<class 'psychopy.visual.text.TextStim'>, alignHoriz=method-wrapper(...), alignText='center', alignVert=method-wrapper(...), anchorHoriz='center', anchorVert='center', antialias=True, autoDraw=False, autoLog=True, bold=False, color=array([1., 1., 1.]), colorSpace='rgb', contrast=1.0, depth=-12.0, flipHoriz=False, flipVert=False, font='Open Sans', fontFiles=[], height=0.15, italic=False, languageStyle='LTR', name='trial_fixation_2_4', opacity=1.0, ori=0.0, pos=array([0., 0.]), rgb=UNKNOWN, text='+', units='height', win=Window(...), wrapWidth=1)
24.8707 	EXP 	Created image_2_4 = ImageStim(__class__=<class 'psychopy.visual.image.ImageStim'>, anchor=('center', 'center'), autoLog=True, color=array([1., 1., 1.]), colorSpace='rgb', contrast=1.0, depth=-13.0, flipHoriz=False, flipVert=False, image='default.png', interpolate=True, mask=None, maskParams=None, name='image_2_4', opacity=1.0, ori=0.0, pos=array([0., 0.]), size=array([0.5, 0.5]), texRes=128.0, units='height', win=Window(...))
24.8727 	EXP 	Created trial_fixation_2_5 = TextStim(__class__=<class 'psychopy.visual.text.TextStim'>, alignHoriz=method-wrapper(...), alignText='center', alignVert=method-wrapper(...), anchorHoriz='center', anchorVert='center', antialias=True, autoDraw=False, autoLog=True, bold=False, color=array([1., 1., 1.]), colorSpace='rgb', contrast=1.0, depth=-15.0, flipHoriz=False, flipVert=False, font='Open Sans', fontFiles=[], height=0.15, italic=False, languageStyle='LTR', name='trial_fixation_2_5', opacity=1.0, ori=0.0, pos=array([0., 0.]), rgb=UNKNOWN, text='+', units='height', win=Window(...), wrapWidth=1)
24.8815 	EXP 	Created image_2_5 = ImageStim(__class__=<class 'psychopy.visual.image.ImageStim'>, anchor=('center', 'center'), autoLog=True, color=array([1., 1., 1.]), colorSpace='rgb', contrast=1.0, depth=-16.0, flipHoriz=False, flipVert=False, image='default.png', interpolate=True, mask=None, maskParams=None, name='image_2_5', opacity=1.0, ori=0.0, pos=array([0., 0.]), size=array([0.5, 0.5]), texRes=128.0, units='height', win=Window(...))
24.8846 	EXP 	Created trial_fixation_2_6 = TextStim(__class__=<class 'psychopy.visual.text.TextStim'>, alignHoriz=method-wrapper(...), alignText='center', alignVert=method-wrapper(...), anchorHoriz='center', anchorVert='center', antialias=True, autoDraw=False, autoLog=True, bold=False, color=array([1., 1., 1.]), colorSpace='rgb', contrast=1.0, depth=-18.0, flipHoriz=False, flipVert=False, font='Open Sans', fontFiles=[], height=0.15, italic=False, languageStyle='LTR', name='trial_fixation_2_6', opacity=1.0, ori=0.0, pos=array([0., 0.]), rgb=UNKNOWN, text='+', units='height', win=Window(...), wrapWidth=1)
24.8931 	EXP 	Created image_2_6 = ImageStim(__class__=<class 'psychopy.visual.image.ImageStim'>, anchor=('center', 'center'), autoLog=True, color=array([1., 1., 1.]), colorSpace='rgb', contrast=1.0, depth=-19.0, flipHoriz=False, flipVert=False, image='default.png', interpolate=True, mask=None, maskParams=None, name='image_2_6', opacity=1.0, ori=0.0, pos=array([0., 0.]), size=array([0.5, 0.5]), texRes=128.0, units='height', win=Window(...))
24.8951 	EXP 	Created trial_fixation_2_7 = TextStim(__class__=<class 'psychopy.visual.text.TextStim'>, alignHoriz=method-wrapper(...), alignText='center', alignVert=method-wrapper(...), anchorHoriz='center', anchorVert='center', antialias=True, autoDraw=False, autoLog=True, bold=False, color=array([1., 1., 1.]), colorSpace='rgb', contrast=1.0, depth=-21.0, flipHoriz=False, flipVert=False, font='Open Sans', fontFiles=[], height=0.15, italic=False, languageStyle='LTR', name='trial_fixation_2_7', opacity=1.0, ori=0.0, pos=array([0., 0.]), rgb=UNKNOWN, text='+', units='height', win=Window(...), wrapWidth=1)
24.9036 	EXP 	Created image_2_7 = ImageStim(__class__=<class 'psychopy.visual.image.ImageStim'>, anchor=('center', 'center'), autoLog=True, color=array([1., 1., 1.]), colorSpace='rgb', contrast=1.0, depth=-22.0, flipHoriz=False, flipVert=False, image='default.png', interpolate=True, mask=None, maskParams=None, name='image_2_7', opacity=1.0, ori=0.0, pos=array([0., 0.]), size=array([0.5, 0.5]), texRes=128.0, units='height', win=Window(...))
24.9056 	EXP 	Created trial_fixation_2_8 = TextStim(__class__=<class 'psychopy.visual.text.TextStim'>, alignHoriz=method-wrapper(...), alignText='center', alignVert=method-wrapper(...), anchorHoriz='center', anchorVert='center', antialias=True, autoDraw=False, autoLog=True, bold=False, color=array([1., 1., 1.]), colorSpace='rgb', contrast=1.0, depth=-24.0, flipHoriz=False, flipVert=False, font='Open Sans', fontFiles=[], height=0.15, italic=False, languageStyle='LTR', name='trial_fixation_2_8', opacity=1.0, ori=0.0, pos=array([0., 0.]), rgb=UNKNOWN, text='+', units='height', win=Window(...), wrapWidth=1)
24.9141 	EXP 	Created image_2_8 = ImageStim(__class__=<class 'psychopy.visual.image.ImageStim'>, anchor=('center', 'center'), autoLog=True, color=array([1., 1., 1.]), colorSpace='rgb', contrast=1.0, depth=-25.0, flipHoriz=False, flipVert=False, image='default.png', interpolate=True, mask=None, maskParams=None, name='image_2_8', opacity=1.0, ori=0.0, pos=array([0., 0.]), size=array([0.5, 0.5]), texRes=128.0, units='height', win=Window(...))
24.9161 	EXP 	Created trial_fixation_2_9 = TextStim(__class__=<class 'psychopy.visual.text.TextStim'>, alignHoriz=method-wrapper(...), alignText='center', alignVert=method-wrapper(...), anchorHoriz='center', anchorVert='center', antialias=True, autoDraw=False, autoLog=True, bold=False, color=array([1., 1., 1.]), colorSpace='rgb', contrast=1.0, depth=-27.0, flipHoriz=False, flipVert=False, font='Open Sans', fontFiles=[], height=0.15, italic=False, languageStyle='LTR', name='trial_fixation_2_9', opacity=1.0, ori=0.0, pos=array([0., 0.]), rgb=UNKNOWN, text='+', units='height', win=Window(...), wrapWidth=1)
24.9250 	EXP 	Created image_2_9 = ImageStim(__class__=<class 'psychopy.visual.image.ImageStim'>, anchor=('center', 'center'), autoLog=True, color=array([1., 1., 1.]), colorSpace='rgb', contrast=1.0, depth=-28.0, flipHoriz=False, flipVert=False, image='default.png', interpolate=True, mask=None, maskParams=None, name='image_2_9', opacity=1.0, ori=0.0, pos=array([0., 0.]), size=array([0.5, 0.5]), texRes=128.0, units='height', win=Window(...))
24.9271 	EXP 	Created trial_fixation_2_10 = TextStim(__class__=<class 'psychopy.visual.text.TextStim'>, alignHoriz=method-wrapper(...), alignText='center', alignVert=method-wrapper(...), anchorHoriz='center', anchorVert='center', antialias=True, autoDraw=False, autoLog=True, bold=False, color=array([1., 1., 1.]), colorSpace='rgb', contrast=1.0, depth=-30.0, flipHoriz=False, flipVert=False, font='Open Sans', fontFiles=[], height=0.15, italic=False, languageStyle='LTR', name='trial_fixation_2_10', opacity=1.0, ori=0.0, pos=array([0., 0.]), rgb=UNKNOWN, text='+', units='height', win=Window(...), wrapWidth=1)
24.9361 	EXP 	Created image_2_10 = ImageStim(__class__=<class 'psychopy.visual.image.ImageStim'>, anchor=('center', 'center'), autoLog=True, color=array([1., 1., 1.]), colorSpace='rgb', contrast=1.0, depth=-31.0, flipHoriz=False, flipVert=False, image='default.png', interpolate=True, mask=None, maskParams=None, name='image_2_10', opacity=1.0, ori=0.0, pos=array([0., 0.]), size=array([0.5, 0.5]), texRes=128.0, units='height', win=Window(...))
24.9437 	EXP 	Created rest_txt = TextStim(__class__=<class 'psychopy.visual.text.TextStim'>, alignHoriz=method-wrapper(...), alignText='center', alignVert=method-wrapper(...), anchorHoriz='center', anchorVert='center', antialias=True, autoDraw=False, autoLog=True, bold=False, color=array([1., 1., 1.]), colorSpace='rgb', contrast=1.0, depth=0.0, flipHoriz=False, flipVert=False, font='Songti SC', fontFiles=[], height=0.1, italic=False, languageStyle='LTR', name='rest_txt', opacity=1.0, ori=0.0, pos=array([0., 0.]), rgb=UNKNOWN, text='休息', units='height', win=Window(...), wrapWidth=1)
24.9485 	EXP 	Created end_txt = TextStim(__class__=<class 'psychopy.visual.text.TextStim'>, alignHoriz=method-wrapper(...), alignText='center', alignVert=method-wrapper(...), anchorHoriz='center', anchorVert='center', antialias=True, autoDraw=False, autoLog=True, bold=False, color=array([1., 1., 1.]), colorSpace='rgb', contrast=1.0, depth=0.0, flipHoriz=False, flipVert=False, font='Songti SC', fontFiles=[], height=0.05, italic=False, languageStyle='LTR', name='end_txt', opacity=1.0, ori=0.0, pos=array([0., 0.]), rgb=UNKNOWN, text='實驗完成', units='height', win=Window(...), wrapWidth=1)
24.9552 	EXP 	trigger_txt: autoDraw = True
26.6830 	DATA 	Keypress: s
26.6979 	EXP 	trigger_txt: autoDraw = False
26.6979 	EXP 	instr_txt: autoDraw = True
27.0807 	EXP 	Imported trialTypes_nback.xlsx as conditions, 640 conditions, 9 params
27.0860 	EXP 	Created sequence: sequential, trialTypes=640, nReps=8, seed=None
27.0863 	EXP 	New trial (rep=0, index=0): {'Run': 1, 'Block': 1, 'Weight': 1, 'Stimulus': 'BP_002_BP10_BA.png', 'TargetType': 'nonlure', 'CorrectResponse': 'nontarget', 'StimType': 'Body', 'BlockType': '2-Back', 'corrAns': 2}
27.1997 	DATA 	Keypress: 1
27.2028 	EXP 	instr_txt: autoDraw = False
27.2028 	EXP 	prep_instr_1: height = 0.1
27.2028 	EXP 	prep_instr_1: height = 0.1
27.2028 	EXP 	prep_instr_1: height = 0.1
27.2028 	EXP 	prep_instr_1: text = '0-Back'
27.2028 	EXP 	target_1: image = 'nback_stimuli/BP_074_BODY_13_BA.png'
27.2028 	EXP 	image_1_1: image = 'nback_stimuli/BP_078_BODY_17_BA.png'
27.2028 	EXP 	image_1_2: image = 'nback_stimuli/BP_074_BODY_13_BA.png'
27.2028 	EXP 	image_1_3: image = 'nback_stimuli/BP_075_BODY_14_BA.png'
27.2028 	EXP 	image_1_4: image = 'nback_stimuli/BP_076_BODY_15_BA.png'
27.2028 	EXP 	image_1_5: image = 'nback_stimuli/BP_078_BODY_17_BA.png'
27.2028 	EXP 	image_1_6: image = 'nback_stimuli/PL_081_O10.1.png'
27.2028 	EXP 	image_1_7: image = 'nback_stimuli/PL_081_O10.1.png'
27.2028 	EXP 	image_1_8: image = 'nback_stimuli/PL_082_O11.1.png'
27.2028 	EXP 	image_1_9: image = 'nback_stimuli/PL_077_P70.1.png'
27.2028 	EXP 	image_1_10: image = 'nback_stimuli/PL_082_O11.1.png'
27.2028 	EXP 	prep_instr_1: autoDraw = True
27.2028 	EXP 	target_1: autoDraw = True
29.6732 	EXP 	prep_instr_1: autoDraw = False
29.6732 	EXP 	target_1: autoDraw = False
29.6732 	EXP 	trial_fixation_1_1: autoDraw = True
30.1723 	EXP 	trial_fixation_1_1: autoDraw = False
30.1723 	EXP 	image_1_1: autoDraw = True
32.6656 	EXP 	image_1_1: autoDraw = False
32.6656 	EXP 	trial_fixation_1_2: autoDraw = True
33.1645 	EXP 	trial_fixation_1_2: autoDraw = False
33.1645 	EXP 	image_1_2: autoDraw = True
35.6577 	EXP 	image_1_2: autoDraw = False
35.6577 	EXP 	trial_fixation_1_3: autoDraw = True
36.1569 	EXP 	trial_fixation_1_3: autoDraw = False
36.1569 	EXP 	image_1_3: autoDraw = True
38.6498 	EXP 	image_1_3: autoDraw = False
38.6498 	EXP 	trial_fixation_1_4: autoDraw = True
39.1488 	EXP 	trial_fixation_1_4: autoDraw = False
39.1488 	EXP 	image_1_4: autoDraw = True
41.6419 	EXP 	image_1_4: autoDraw = False
41.6419 	EXP 	trial_fixation_1_5: autoDraw = True
42.1407 	EXP 	trial_fixation_1_5: autoDraw = False
42.1407 	EXP 	image_1_5: autoDraw = True
44.6342 	EXP 	image_1_5: autoDraw = False
44.6342 	EXP 	trial_fixation_1_6: autoDraw = True
45.1330 	EXP 	trial_fixation_1_6: autoDraw = False
45.1330 	EXP 	image_1_6: autoDraw = True
47.6262 	EXP 	image_1_6: autoDraw = False
47.6262 	EXP 	trial_fixation_1_7: autoDraw = True
47.9586 	EXP 	trial_fixation_1_7: autoDraw = False
47.9586 	EXP 	image_1_7: autoDraw = True
50.4519 	EXP 	image_1_7: autoDraw = False
50.4519 	EXP 	trial_fixation_1_8: autoDraw = True
50.9510 	EXP 	trial_fixation_1_8: autoDraw = False
50.9510 	EXP 	image_1_8: autoDraw = True
53.4441 	EXP 	image_1_8: autoDraw = False
53.4441 	EXP 	trial_fixation_1_9: autoDraw = True
53.9435 	EXP 	trial_fixation_1_9: autoDraw = False
53.9435 	EXP 	image_1_9: autoDraw = True
56.4365 	EXP 	image_1_9: autoDraw = False
56.4365 	EXP 	trial_fixation_1_10: autoDraw = True
56.9353 	EXP 	trial_fixation_1_10: autoDraw = False
56.9353 	EXP 	image_1_10: autoDraw = True
59.4957 	EXP 	image_1_10: autoDraw = False
59.4957 	EXP 	prep_instr_1: autoDraw = False
59.4957 	EXP 	target_1: autoDraw = False
59.4957 	EXP 	trial_fixation_1_1: autoDraw = False
59.4957 	EXP 	image_1_1: autoDraw = False
59.4957 	EXP 	trial_fixation_1_2: autoDraw = False
59.4957 	EXP 	image_1_2: autoDraw = False
59.4957 	EXP 	trial_fixation_1_3: autoDraw = False
59.4957 	EXP 	image_1_3: autoDraw = False
59.4957 	EXP 	trial_fixation_1_4: autoDraw = False
59.4957 	EXP 	image_1_4: autoDraw = False
59.4957 	EXP 	trial_fixation_1_5: autoDraw = False
59.4957 	EXP 	image_1_5: autoDraw = False
59.4957 	EXP 	trial_fixation_1_6: autoDraw = False
59.4957 	EXP 	image_1_6: autoDraw = False
59.4957 	EXP 	trial_fixation_1_7: autoDraw = False
59.4957 	EXP 	image_1_7: autoDraw = False
59.4957 	EXP 	trial_fixation_1_8: autoDraw = False
59.4957 	EXP 	image_1_8: autoDraw = False
59.4957 	EXP 	trial_fixation_1_9: autoDraw = False
59.4957 	EXP 	image_1_9: autoDraw = False
59.4957 	EXP 	trial_fixation_1_10: autoDraw = False
59.4957 	EXP 	image_1_10: autoDraw = False
59.4957 	EXP 	prep_instr_2: height = 0.1
59.4957 	EXP 	prep_instr_2: height = 0.1
59.4957 	EXP 	prep_instr_2: height = 0.1
59.4957 	EXP 	prep_instr_2: text = '2-Back'
59.4957 	EXP 	target_2: image = 'nback_stimuli/PL_081_O10.1.png'
59.4957 	EXP 	image_2_1: image = 'nback_stimuli/BP_079_BODY_18_BA.png'
59.4957 	EXP 	image_2_2: image = 'nback_stimuli/BP_079_BODY_18_BA.png'
59.4957 	EXP 	image_2_3: image = 'nback_stimuli/BP_077_BODY_16_BA.png'
59.4957 	EXP 	image_2_4: image = 'nback_stimuli/BP_074_BODY_13_BA.png'
59.4957 	EXP 	image_2_5: image = 'nback_stimuli/BP_075_BODY_14_BA.png'
59.4957 	EXP 	image_2_6: image = 'nback_stimuli/PL_078_P71.1.png'
59.4957 	EXP 	image_2_7: image = 'nback_stimuli/PL_079_P72.1.png'
59.4957 	EXP 	image_2_8: image = 'nback_stimuli/PL_077_P70.1.png'
59.4957 	EXP 	image_2_9: image = 'nback_stimuli/PL_079_P72.1.png'
59.4957 	EXP 	image_2_10: image = 'nback_stimuli/PL_080_O1.1.png'
59.4957 	EXP 	prep_instr_2: autoDraw = True
59.4957 	EXP 	target_2: autoDraw = True
61.9721 	EXP 	prep_instr_2: autoDraw = False
61.9721 	EXP 	target_2: autoDraw = False
61.9721 	EXP 	trial_fixation_2_1: autoDraw = True
62.4710 	EXP 	trial_fixation_2_1: autoDraw = False
62.4710 	EXP 	image_2_1: autoDraw = True
64.9641 	EXP 	image_2_1: autoDraw = False
64.9641 	EXP 	trial_fixation_2_2: autoDraw = True
65.4633 	EXP 	trial_fixation_2_2: autoDraw = False
65.4633 	EXP 	image_2_2: autoDraw = True
67.9560 	EXP 	image_2_2: autoDraw = False
67.9560 	EXP 	trial_fixation_2_3: autoDraw = True
68.4550 	EXP 	trial_fixation_2_3: autoDraw = False
68.4550 	EXP 	image_2_3: autoDraw = True
70.9483 	EXP 	image_2_3: autoDraw = False
70.9483 	EXP 	trial_fixation_2_4: autoDraw = True
71.4472 	EXP 	trial_fixation_2_4: autoDraw = False
71.4472 	EXP 	image_2_4: autoDraw = True
73.9409 	EXP 	image_2_4: autoDraw = False
73.9409 	EXP 	trial_fixation_2_5: autoDraw = True
74.4397 	EXP 	trial_fixation_2_5: autoDraw = False
74.4397 	EXP 	image_2_5: autoDraw = True
76.9325 	EXP 	image_2_5: autoDraw = False
76.9325 	EXP 	trial_fixation_2_6: autoDraw = True
77.4316 	EXP 	trial_fixation_2_6: autoDraw = False
77.4316 	EXP 	image_2_6: autoDraw = True
79.9246 	EXP 	image_2_6: autoDraw = False
79.9246 	EXP 	trial_fixation_2_7: autoDraw = True
80.2578 	EXP 	trial_fixation_2_7: autoDraw = False
80.2578 	EXP 	image_2_7: autoDraw = True
82.7506 	EXP 	image_2_7: autoDraw = False
82.7506 	EXP 	trial_fixation_2_8: autoDraw = True
83.2498 	EXP 	trial_fixation_2_8: autoDraw = False
83.2498 	EXP 	image_2_8: autoDraw = True
85.7427 	EXP 	image_2_8: autoDraw = False
85.7427 	EXP 	trial_fixation_2_9: autoDraw = True
86.2420 	EXP 	trial_fixation_2_9: autoDraw = False
86.2420 	EXP 	image_2_9: autoDraw = True
88.7347 	EXP 	image_2_9: autoDraw = False
88.7347 	EXP 	trial_fixation_2_10: autoDraw = True
89.2343 	EXP 	trial_fixation_2_10: autoDraw = False
89.2343 	EXP 	image_2_10: autoDraw = True
91.7269 	EXP 	image_2_10: autoDraw = False
91.7269 	EXP 	prep_instr_2: autoDraw = False
91.7269 	EXP 	target_2: autoDraw = False
91.7269 	EXP 	trial_fixation_2_1: autoDraw = False
91.7269 	EXP 	image_2_1: autoDraw = False
91.7269 	EXP 	trial_fixation_2_2: autoDraw = False
91.7269 	EXP 	image_2_2: autoDraw = False
91.7269 	EXP 	trial_fixation_2_3: autoDraw = False
91.7269 	EXP 	image_2_3: autoDraw = False
91.7269 	EXP 	trial_fixation_2_4: autoDraw = False
91.7269 	EXP 	image_2_4: autoDraw = False
91.7269 	EXP 	trial_fixation_2_5: autoDraw = False
91.7269 	EXP 	image_2_5: autoDraw = False
91.7269 	EXP 	trial_fixation_2_6: autoDraw = False
91.7269 	EXP 	image_2_6: autoDraw = False
91.7269 	EXP 	trial_fixation_2_7: autoDraw = False
91.7269 	EXP 	image_2_7: autoDraw = False
91.7269 	EXP 	trial_fixation_2_8: autoDraw = False
91.7269 	EXP 	image_2_8: autoDraw = False
91.7269 	EXP 	trial_fixation_2_9: autoDraw = False
91.7269 	EXP 	image_2_9: autoDraw = False
91.7269 	EXP 	trial_fixation_2_10: autoDraw = False
91.7269 	EXP 	image_2_10: autoDraw = False
91.7269 	EXP 	rest_txt: autoDraw = True
106.6887 	EXP 	New trial (rep=0, index=1): {'Run': 1, 'Block': 1, 'Weight': 1, 'Stimulus': 'BP_001_BP1_BA.png', 'TargetType': 'nonlure', 'CorrectResponse': 'nontarget', 'StimType': 'Body', 'BlockType': '2-Back', 'corrAns': 2}
106.7636 	EXP 	rest_txt: autoDraw = False
106.7636 	EXP 	rest_txt: autoDraw = False
106.7636 	EXP 	prep_instr_1: height = 0.1
106.7636 	EXP 	prep_instr_1: height = 0.1
106.7636 	EXP 	prep_instr_1: height = 0.1
106.7636 	EXP 	prep_instr_1: text = '2-Back'
106.7636 	EXP 	target_1: image = 'nback_stimuli/BP_080_BODY_19_BA.png'
106.7636 	EXP 	image_1_1: image = 'nback_stimuli/BP_080_BODY_19_BA.png'
106.7636 	EXP 	image_1_2: image = 'nback_stimuli/BP_084_BODY_23_BA.png'
106.7636 	EXP 	image_1_3: image = 'nback_stimuli/BP_080_BODY_19_BA.png'
106.7636 	EXP 	image_1_4: image = 'nback_stimuli/BP_085_BODY_24_BA.png'
106.7636 	EXP 	image_1_5: image = 'nback_stimuli/BP_085_BODY_24_BA.png'
106.7636 	EXP 	image_1_6: image = 'nback_stimuli/PL_086_O37.1.png'
106.7636 	EXP 	image_1_7: image = 'nback_stimuli/PL_085_O3.1.png'
106.7636 	EXP 	image_1_8: image = 'nback_stimuli/PL_083_O12.1.png'
106.7636 	EXP 	image_1_9: image = 'nback_stimuli/PL_083_O12.1.png'
106.7636 	EXP 	image_1_10: image = 'nback_stimuli/PL_088_O42.1.png'
106.7636 	EXP 	prep_instr_1: autoDraw = True
106.7636 	EXP 	target_1: autoDraw = True
109.2312 	EXP 	prep_instr_1: autoDraw = False
109.2312 	EXP 	target_1: autoDraw = False
109.2312 	EXP 	trial_fixation_1_1: autoDraw = True
109.7304 	EXP 	trial_fixation_1_1: autoDraw = False
109.7304 	EXP 	image_1_1: autoDraw = True
112.2233 	EXP 	image_1_1: autoDraw = False
112.2233 	EXP 	trial_fixation_1_2: autoDraw = True
112.7221 	EXP 	trial_fixation_1_2: autoDraw = False
112.7221 	EXP 	image_1_2: autoDraw = True
115.2153 	EXP 	image_1_2: autoDraw = False
115.2153 	EXP 	trial_fixation_1_3: autoDraw = True
115.7147 	EXP 	trial_fixation_1_3: autoDraw = False
115.7147 	EXP 	image_1_3: autoDraw = True
118.2080 	EXP 	image_1_3: autoDraw = False
118.2080 	EXP 	trial_fixation_1_4: autoDraw = True
118.7069 	EXP 	trial_fixation_1_4: autoDraw = False
118.7069 	EXP 	image_1_4: autoDraw = True
121.2000 	EXP 	image_1_4: autoDraw = False
121.2000 	EXP 	trial_fixation_1_5: autoDraw = True
121.6987 	EXP 	trial_fixation_1_5: autoDraw = False
121.6987 	EXP 	image_1_5: autoDraw = True
124.1917 	EXP 	image_1_5: autoDraw = False
124.1917 	EXP 	trial_fixation_1_6: autoDraw = True
124.6911 	EXP 	trial_fixation_1_6: autoDraw = False
124.6911 	EXP 	image_1_6: autoDraw = True
127.1840 	EXP 	image_1_6: autoDraw = False
127.1840 	EXP 	trial_fixation_1_7: autoDraw = True
127.5167 	EXP 	trial_fixation_1_7: autoDraw = False
127.5167 	EXP 	image_1_7: autoDraw = True
130.0101 	EXP 	image_1_7: autoDraw = False
130.0101 	EXP 	trial_fixation_1_8: autoDraw = True
130.5088 	EXP 	trial_fixation_1_8: autoDraw = False
130.5088 	EXP 	image_1_8: autoDraw = True
133.0022 	EXP 	image_1_8: autoDraw = False
133.0022 	EXP 	trial_fixation_1_9: autoDraw = True
133.5011 	EXP 	trial_fixation_1_9: autoDraw = False
133.5011 	EXP 	image_1_9: autoDraw = True
135.9940 	EXP 	image_1_9: autoDraw = False
135.9940 	EXP 	trial_fixation_1_10: autoDraw = True
136.4937 	EXP 	trial_fixation_1_10: autoDraw = False
136.4937 	EXP 	image_1_10: autoDraw = True
139.0389 	EXP 	image_1_10: autoDraw = False
139.0389 	EXP 	prep_instr_1: autoDraw = False
139.0389 	EXP 	target_1: autoDraw = False
139.0389 	EXP 	trial_fixation_1_1: autoDraw = False
139.0389 	EXP 	image_1_1: autoDraw = False
139.0389 	EXP 	trial_fixation_1_2: autoDraw = False
139.0389 	EXP 	image_1_2: autoDraw = False
139.0389 	EXP 	trial_fixation_1_3: autoDraw = False
139.0389 	EXP 	image_1_3: autoDraw = False
139.0389 	EXP 	trial_fixation_1_4: autoDraw = False
139.0389 	EXP 	image_1_4: autoDraw = False
139.0389 	EXP 	trial_fixation_1_5: autoDraw = False
139.0389 	EXP 	image_1_5: autoDraw = False
139.0389 	EXP 	trial_fixation_1_6: autoDraw = False
139.0389 	EXP 	image_1_6: autoDraw = False
139.0389 	EXP 	trial_fixation_1_7: autoDraw = False
139.0389 	EXP 	image_1_7: autoDraw = False
139.0389 	EXP 	trial_fixation_1_8: autoDraw = False
139.0389 	EXP 	image_1_8: autoDraw = False
139.0389 	EXP 	trial_fixation_1_9: autoDraw = False
139.0389 	EXP 	image_1_9: autoDraw = False
139.0389 	EXP 	trial_fixation_1_10: autoDraw = False
139.0389 	EXP 	image_1_10: autoDraw = False
139.0389 	EXP 	prep_instr_2: height = 0.1
139.0389 	EXP 	prep_instr_2: height = 0.1
139.0389 	EXP 	prep_instr_2: height = 0.1
139.0389 	EXP 	prep_instr_2: text = '0-Back'
139.0389 	EXP 	target_2: image = 'nback_stimuli/PL_083_O12.1.png'
139.0389 	EXP 	image_2_1: image = 'nback_stimuli/BP_084_BODY_23_BA.png'
139.0389 	EXP 	image_2_2: image = 'nback_stimuli/BP_082_BODY_21_BA.png'
139.0389 	EXP 	image_2_3: image = 'nback_stimuli/BP_081_BODY_20_BA.png'
139.0389 	EXP 	image_2_4: image = 'nback_stimuli/BP_083_BODY_22_BA.png'
139.0389 	EXP 	image_2_5: image = 'nback_stimuli/BP_081_BODY_20_BA.png'
139.0389 	EXP 	image_2_6: image = 'nback_stimuli/PL_088_O42.1.png'
139.0389 	EXP 	image_2_7: image = 'nback_stimuli/PL_085_O3.1.png'
139.0389 	EXP 	image_2_8: image = 'nback_stimuli/PL_087_O38.1.png'
139.0389 	EXP 	image_2_9: image = 'nback_stimuli/PL_084_O2.1.png'
139.0389 	EXP 	image_2_10: image = 'nback_stimuli/PL_087_O38.1.png'
139.0389 	EXP 	prep_instr_2: autoDraw = True
139.0389 	EXP 	target_2: autoDraw = True
141.5131 	EXP 	prep_instr_2: autoDraw = False
141.5131 	EXP 	target_2: autoDraw = False
141.5131 	EXP 	trial_fixation_2_1: autoDraw = True
142.0125 	EXP 	trial_fixation_2_1: autoDraw = False
142.0125 	EXP 	image_2_1: autoDraw = True
144.5056 	EXP 	image_2_1: autoDraw = False
144.5056 	EXP 	trial_fixation_2_2: autoDraw = True
145.0042 	EXP 	trial_fixation_2_2: autoDraw = False
145.0042 	EXP 	image_2_2: autoDraw = True
147.4976 	EXP 	image_2_2: autoDraw = False
147.4976 	EXP 	trial_fixation_2_3: autoDraw = True
147.9962 	EXP 	trial_fixation_2_3: autoDraw = False
147.9962 	EXP 	image_2_3: autoDraw = True
150.4896 	EXP 	image_2_3: autoDraw = False
150.4896 	EXP 	trial_fixation_2_4: autoDraw = True
150.9886 	EXP 	trial_fixation_2_4: autoDraw = False
150.9886 	EXP 	image_2_4: autoDraw = True
153.4818 	EXP 	image_2_4: autoDraw = False
153.4818 	EXP 	trial_fixation_2_5: autoDraw = True
153.9811 	EXP 	trial_fixation_2_5: autoDraw = False
153.9811 	EXP 	image_2_5: autoDraw = True
156.4741 	EXP 	image_2_5: autoDraw = False
156.4741 	EXP 	trial_fixation_2_6: autoDraw = True
156.9731 	EXP 	trial_fixation_2_6: autoDraw = False
156.9731 	EXP 	image_2_6: autoDraw = True
159.4663 	EXP 	image_2_6: autoDraw = False
159.4663 	EXP 	trial_fixation_2_7: autoDraw = True
159.7990 	EXP 	trial_fixation_2_7: autoDraw = False
159.7990 	EXP 	image_2_7: autoDraw = True
162.2922 	EXP 	image_2_7: autoDraw = False
162.2922 	EXP 	trial_fixation_2_8: autoDraw = True
162.7912 	EXP 	trial_fixation_2_8: autoDraw = False
162.7912 	EXP 	image_2_8: autoDraw = True
165.2845 	EXP 	image_2_8: autoDraw = False
165.2845 	EXP 	trial_fixation_2_9: autoDraw = True
165.7831 	EXP 	trial_fixation_2_9: autoDraw = False
165.7831 	EXP 	image_2_9: autoDraw = True
168.2762 	EXP 	image_2_9: autoDraw = False
168.2762 	EXP 	trial_fixation_2_10: autoDraw = True
168.7751 	EXP 	trial_fixation_2_10: autoDraw = False
168.7751 	EXP 	image_2_10: autoDraw = True
171.2684 	EXP 	image_2_10: autoDraw = False
171.2684 	EXP 	prep_instr_2: autoDraw = False
171.2684 	EXP 	target_2: autoDraw = False
171.2684 	EXP 	trial_fixation_2_1: autoDraw = False
171.2684 	EXP 	image_2_1: autoDraw = False
171.2684 	EXP 	trial_fixation_2_2: autoDraw = False
171.2684 	EXP 	image_2_2: autoDraw = False
171.2684 	EXP 	trial_fixation_2_3: autoDraw = False
171.2684 	EXP 	image_2_3: autoDraw = False
171.2684 	EXP 	trial_fixation_2_4: autoDraw = False
171.2684 	EXP 	image_2_4: autoDraw = False
171.2684 	EXP 	trial_fixation_2_5: autoDraw = False
171.2684 	EXP 	image_2_5: autoDraw = False
171.2684 	EXP 	trial_fixation_2_6: autoDraw = False
171.2684 	EXP 	image_2_6: autoDraw = False
171.2684 	EXP 	trial_fixation_2_7: autoDraw = False
171.2684 	EXP 	image_2_7: autoDraw = False
171.2684 	EXP 	trial_fixation_2_8: autoDraw = False
171.2684 	EXP 	image_2_8: autoDraw = False
171.2684 	EXP 	trial_fixation_2_9: autoDraw = False
171.2684 	EXP 	image_2_9: autoDraw = False
171.2684 	EXP 	trial_fixation_2_10: autoDraw = False
171.2684 	EXP 	image_2_10: autoDraw = False
171.2684 	EXP 	rest_txt: autoDraw = True
186.2301 	EXP 	New trial (rep=0, index=2): {'Run': 1, 'Block': 1, 'Weight': 1, 'Stimulus': 'BP_006_BP2_BA.png', 'TargetType': 'nonlure', 'CorrectResponse': 'nontarget', 'StimType': 'Body', 'BlockType': '2-Back', 'corrAns': 2}
186.3175 	EXP 	rest_txt: autoDraw = False
186.3175 	EXP 	rest_txt: autoDraw = False
186.3175 	EXP 	prep_instr_1: text = '2-Back'
186.3175 	EXP 	target_1: image = 'nback_stimuli/FC_073_M37.png'
186.3175 	EXP 	image_1_1: image = 'nback_stimuli/FC_073_M37.png'
186.3175 	EXP 	image_1_2: image = 'nback_stimuli/FC_078_F39.png'
186.3175 	EXP 	image_1_3: image = 'nback_stimuli/FC_073_M37.png'
186.3175 	EXP 	image_1_4: image = 'nback_stimuli/FC_076_F38.png'
186.3175 	EXP 	image_1_5: image = 'nback_stimuli/FC_075_M38.png'
186.3175 	EXP 	image_1_6: image = 'nback_stimuli/TO_075_TOOL75_BA.png'
186.3175 	EXP 	image_1_7: image = 'nback_stimuli/TO_077_TOOL77_BA.png'
186.3175 	EXP 	image_1_8: image = 'nback_stimuli/TO_073_TOOL73_BA.png'
186.3175 	EXP 	image_1_9: image = 'nback_stimuli/TO_078_TOOL78_BA.png'
186.3175 	EXP 	image_1_10: image = 'nback_stimuli/TO_077_TOOL77_BA.png'
186.3175 	EXP 	prep_instr_1: autoDraw = True
186.3175 	EXP 	target_1: autoDraw = True
188.7890 	EXP 	prep_instr_1: autoDraw = False
188.7890 	EXP 	target_1: autoDraw = False
188.7890 	EXP 	trial_fixation_1_1: autoDraw = True
189.2884 	EXP 	trial_fixation_1_1: autoDraw = False
189.2884 	EXP 	image_1_1: autoDraw = True
191.7814 	EXP 	image_1_1: autoDraw = False
191.7814 	EXP 	trial_fixation_1_2: autoDraw = True
192.2805 	EXP 	trial_fixation_1_2: autoDraw = False
192.2805 	EXP 	image_1_2: autoDraw = True
194.7736 	EXP 	image_1_2: autoDraw = False
194.7736 	EXP 	trial_fixation_1_3: autoDraw = True
195.2722 	EXP 	trial_fixation_1_3: autoDraw = False
195.2722 	EXP 	image_1_3: autoDraw = True
197.7659 	EXP 	image_1_3: autoDraw = False
197.7659 	EXP 	trial_fixation_1_4: autoDraw = True
198.2646 	EXP 	trial_fixation_1_4: autoDraw = False
198.2646 	EXP 	image_1_4: autoDraw = True
200.7579 	EXP 	image_1_4: autoDraw = False
200.7579 	EXP 	trial_fixation_1_5: autoDraw = True
201.2570 	EXP 	trial_fixation_1_5: autoDraw = False
201.2570 	EXP 	image_1_5: autoDraw = True
203.7497 	EXP 	image_1_5: autoDraw = False
203.7497 	EXP 	trial_fixation_1_6: autoDraw = True
204.2491 	EXP 	trial_fixation_1_6: autoDraw = False
204.2491 	EXP 	image_1_6: autoDraw = True
206.7419 	EXP 	image_1_6: autoDraw = False
206.7419 	EXP 	trial_fixation_1_7: autoDraw = True
207.0749 	EXP 	trial_fixation_1_7: autoDraw = False
207.0749 	EXP 	image_1_7: autoDraw = True
209.5679 	EXP 	image_1_7: autoDraw = False
209.5679 	EXP 	trial_fixation_1_8: autoDraw = True
210.0675 	EXP 	trial_fixation_1_8: autoDraw = False
210.0675 	EXP 	image_1_8: autoDraw = True
212.5603 	EXP 	image_1_8: autoDraw = False
212.5603 	EXP 	trial_fixation_1_9: autoDraw = True
213.0589 	EXP 	trial_fixation_1_9: autoDraw = False
213.0589 	EXP 	image_1_9: autoDraw = True
215.5523 	EXP 	image_1_9: autoDraw = False
215.5523 	EXP 	trial_fixation_1_10: autoDraw = True
216.0512 	EXP 	trial_fixation_1_10: autoDraw = False
216.0512 	EXP 	image_1_10: autoDraw = True
218.6012 	EXP 	image_1_10: autoDraw = False
218.6012 	EXP 	prep_instr_1: autoDraw = False
218.6012 	EXP 	target_1: autoDraw = False
218.6012 	EXP 	trial_fixation_1_1: autoDraw = False
218.6012 	EXP 	image_1_1: autoDraw = False
218.6012 	EXP 	trial_fixation_1_2: autoDraw = False
218.6012 	EXP 	image_1_2: autoDraw = False
218.6012 	EXP 	trial_fixation_1_3: autoDraw = False
218.6012 	EXP 	image_1_3: autoDraw = False
218.6012 	EXP 	trial_fixation_1_4: autoDraw = False
218.6012 	EXP 	image_1_4: autoDraw = False
218.6012 	EXP 	trial_fixation_1_5: autoDraw = False
218.6012 	EXP 	image_1_5: autoDraw = False
218.6012 	EXP 	trial_fixation_1_6: autoDraw = False
218.6012 	EXP 	image_1_6: autoDraw = False
218.6012 	EXP 	trial_fixation_1_7: autoDraw = False
218.6012 	EXP 	image_1_7: autoDraw = False
218.6012 	EXP 	trial_fixation_1_8: autoDraw = False
218.6012 	EXP 	image_1_8: autoDraw = False
218.6012 	EXP 	trial_fixation_1_9: autoDraw = False
218.6012 	EXP 	image_1_9: autoDraw = False
218.6012 	EXP 	trial_fixation_1_10: autoDraw = False
218.6012 	EXP 	image_1_10: autoDraw = False
218.6012 	EXP 	prep_instr_2: text = '0-Back'
218.6012 	EXP 	target_2: image = 'nback_stimuli/TO_073_TOOL73_BA.png'
218.6012 	EXP 	image_2_1: image = 'nback_stimuli/FC_075_M38.png'
218.6012 	EXP 	image_2_2: image = 'nback_stimuli/FC_076_F38.png'
218.6012 	EXP 	image_2_3: image = 'nback_stimuli/FC_074_F37.png'
218.6012 	EXP 	image_2_4: image = 'nback_stimuli/FC_077_M39.png'
218.6012 	EXP 	image_2_5: image = 'nback_stimuli/FC_074_F37.png'
218.6012 	EXP 	image_2_6: image = 'nback_stimuli/TO_074_TOOL74_BA.png'
218.6012 	EXP 	image_2_7: image = 'nback_stimuli/TO_074_TOOL74_BA.png'
218.6012 	EXP 	image_2_8: image = 'nback_stimuli/TO_076_TOOL76_BA.png'
218.6012 	EXP 	image_2_9: image = 'nback_stimuli/TO_075_TOOL75_BA.png'
218.6012 	EXP 	image_2_10: image = 'nback_stimuli/TO_073_TOOL73_BA.png'
218.6012 	EXP 	prep_instr_2: autoDraw = True
218.6012 	EXP 	target_2: autoDraw = True
221.0714 	EXP 	prep_instr_2: autoDraw = False
221.0714 	EXP 	target_2: autoDraw = False
221.0714 	EXP 	trial_fixation_2_1: autoDraw = True
221.5704 	EXP 	trial_fixation_2_1: autoDraw = False
221.5704 	EXP 	image_2_1: autoDraw = True
224.0634 	EXP 	image_2_1: autoDraw = False
224.0634 	EXP 	trial_fixation_2_2: autoDraw = True
224.5622 	EXP 	trial_fixation_2_2: autoDraw = False
224.5622 	EXP 	image_2_2: autoDraw = True
227.0553 	EXP 	image_2_2: autoDraw = False
227.0553 	EXP 	trial_fixation_2_3: autoDraw = True
227.5543 	EXP 	trial_fixation_2_3: autoDraw = False
227.5543 	EXP 	image_2_3: autoDraw = True
230.0476 	EXP 	image_2_3: autoDraw = False
230.0476 	EXP 	trial_fixation_2_4: autoDraw = True
230.5467 	EXP 	trial_fixation_2_4: autoDraw = False
230.5467 	EXP 	image_2_4: autoDraw = True
233.0399 	EXP 	image_2_4: autoDraw = False
233.0399 	EXP 	trial_fixation_2_5: autoDraw = True
233.5389 	EXP 	trial_fixation_2_5: autoDraw = False
233.5389 	EXP 	image_2_5: autoDraw = True
236.0318 	EXP 	image_2_5: autoDraw = False
236.0318 	EXP 	trial_fixation_2_6: autoDraw = True
236.5311 	EXP 	trial_fixation_2_6: autoDraw = False
236.5311 	EXP 	image_2_6: autoDraw = True
239.0240 	EXP 	image_2_6: autoDraw = False
239.0240 	EXP 	trial_fixation_2_7: autoDraw = True
239.3566 	EXP 	trial_fixation_2_7: autoDraw = False
239.3566 	EXP 	image_2_7: autoDraw = True
241.8501 	EXP 	image_2_7: autoDraw = False
241.8501 	EXP 	trial_fixation_2_8: autoDraw = True
242.3489 	EXP 	trial_fixation_2_8: autoDraw = False
242.3489 	EXP 	image_2_8: autoDraw = True
244.8421 	EXP 	image_2_8: autoDraw = False
244.8421 	EXP 	trial_fixation_2_9: autoDraw = True
245.3411 	EXP 	trial_fixation_2_9: autoDraw = False
245.3411 	EXP 	image_2_9: autoDraw = True
247.8341 	EXP 	image_2_9: autoDraw = False
247.8341 	EXP 	trial_fixation_2_10: autoDraw = True
248.3331 	EXP 	trial_fixation_2_10: autoDraw = False
248.3331 	EXP 	image_2_10: autoDraw = True
250.8263 	EXP 	image_2_10: autoDraw = False
250.8263 	EXP 	prep_instr_2: autoDraw = False
250.8263 	EXP 	target_2: autoDraw = False
250.8263 	EXP 	trial_fixation_2_1: autoDraw = False
250.8263 	EXP 	image_2_1: autoDraw = False
250.8263 	EXP 	trial_fixation_2_2: autoDraw = False
250.8263 	EXP 	image_2_2: autoDraw = False
250.8263 	EXP 	trial_fixation_2_3: autoDraw = False
250.8263 	EXP 	image_2_3: autoDraw = False
250.8263 	EXP 	trial_fixation_2_4: autoDraw = False
250.8263 	EXP 	image_2_4: autoDraw = False
250.8263 	EXP 	trial_fixation_2_5: autoDraw = False
250.8263 	EXP 	image_2_5: autoDraw = False
250.8263 	EXP 	trial_fixation_2_6: autoDraw = False
250.8263 	EXP 	image_2_6: autoDraw = False
250.8263 	EXP 	trial_fixation_2_7: autoDraw = False
250.8263 	EXP 	image_2_7: autoDraw = False
250.8263 	EXP 	trial_fixation_2_8: autoDraw = False
250.8263 	EXP 	image_2_8: autoDraw = False
250.8263 	EXP 	trial_fixation_2_9: autoDraw = False
250.8263 	EXP 	image_2_9: autoDraw = False
250.8263 	EXP 	trial_fixation_2_10: autoDraw = False
250.8263 	EXP 	image_2_10: autoDraw = False
250.8263 	EXP 	rest_txt: autoDraw = True
265.7880 	EXP 	New trial (rep=0, index=3): {'Run': 1, 'Block': 1, 'Weight': 1, 'Stimulus': 'BP_001_BP1_BA.png', 'TargetType': 'target', 'CorrectResponse': 'target', 'StimType': 'Body', 'BlockType': '2-Back', 'corrAns': 1}
265.8756 	EXP 	rest_txt: autoDraw = False
265.8756 	EXP 	rest_txt: autoDraw = False
265.8756 	EXP 	prep_instr_1: height = 0.1
265.8756 	EXP 	prep_instr_1: height = 0.1
265.8756 	EXP 	prep_instr_1: height = 0.1
265.8756 	EXP 	prep_instr_1: text = '0-Back'
265.8756 	EXP 	target_1: image = 'nback_stimuli/FC_080_F40.png'
265.8756 	EXP 	image_1_1: image = 'nback_stimuli/FC_083_M42.png'
265.8756 	EXP 	image_1_2: image = 'nback_stimuli/FC_081_M41.png'
265.8756 	EXP 	image_1_3: image = 'nback_stimuli/FC_084_F42.png'
265.8756 	EXP 	image_1_4: image = 'nback_stimuli/FC_080_F40.png'
265.8756 	EXP 	image_1_5: image = 'nback_stimuli/FC_082_F41.png'
265.8756 	EXP 	image_1_6: image = 'nback_stimuli/TO_080_TOOL80_BA.png'
265.8756 	EXP 	image_1_7: image = 'nback_stimuli/TO_081_TOOL81_BA.png'
265.8756 	EXP 	image_1_8: image = 'nback_stimuli/TO_079_TOOL79_BA.png'
265.8756 	EXP 	image_1_9: image = 'nback_stimuli/TO_081_TOOL81_BA.png'
265.8756 	EXP 	image_1_10: image = 'nback_stimuli/TO_079_TOOL79_BA.png'
265.8756 	EXP 	prep_instr_1: autoDraw = True
265.8756 	EXP 	target_1: autoDraw = True
268.3474 	EXP 	prep_instr_1: autoDraw = False
268.3474 	EXP 	target_1: autoDraw = False
268.3474 	EXP 	trial_fixation_1_1: autoDraw = True
268.8460 	EXP 	trial_fixation_1_1: autoDraw = False
268.8460 	EXP 	image_1_1: autoDraw = True
271.3395 	EXP 	image_1_1: autoDraw = False
271.3395 	EXP 	trial_fixation_1_2: autoDraw = True
271.8380 	EXP 	trial_fixation_1_2: autoDraw = False
271.8380 	EXP 	image_1_2: autoDraw = True
274.3317 	EXP 	image_1_2: autoDraw = False
274.3317 	EXP 	trial_fixation_1_3: autoDraw = True
274.8303 	EXP 	trial_fixation_1_3: autoDraw = False
274.8303 	EXP 	image_1_3: autoDraw = True
277.3236 	EXP 	image_1_3: autoDraw = False
277.3236 	EXP 	trial_fixation_1_4: autoDraw = True
277.8226 	EXP 	trial_fixation_1_4: autoDraw = False
277.8226 	EXP 	image_1_4: autoDraw = True
280.3158 	EXP 	image_1_4: autoDraw = False
280.3158 	EXP 	trial_fixation_1_5: autoDraw = True
280.8147 	EXP 	trial_fixation_1_5: autoDraw = False
280.8147 	EXP 	image_1_5: autoDraw = True
283.3080 	EXP 	image_1_5: autoDraw = False
283.3080 	EXP 	trial_fixation_1_6: autoDraw = True
283.8071 	EXP 	trial_fixation_1_6: autoDraw = False
283.8071 	EXP 	image_1_6: autoDraw = True
286.3005 	EXP 	image_1_6: autoDraw = False
286.3005 	EXP 	trial_fixation_1_7: autoDraw = True
286.6327 	EXP 	trial_fixation_1_7: autoDraw = False
286.6327 	EXP 	image_1_7: autoDraw = True
289.1261 	EXP 	image_1_7: autoDraw = False
289.1261 	EXP 	trial_fixation_1_8: autoDraw = True
289.6251 	EXP 	trial_fixation_1_8: autoDraw = False
289.6251 	EXP 	image_1_8: autoDraw = True
292.1179 	EXP 	image_1_8: autoDraw = False
292.1179 	EXP 	trial_fixation_1_9: autoDraw = True
292.6169 	EXP 	trial_fixation_1_9: autoDraw = False
292.6169 	EXP 	image_1_9: autoDraw = True
295.1104 	EXP 	image_1_9: autoDraw = False
295.1104 	EXP 	trial_fixation_1_10: autoDraw = True
295.6091 	EXP 	trial_fixation_1_10: autoDraw = False
295.6091 	EXP 	image_1_10: autoDraw = True
298.1538 	EXP 	image_1_10: autoDraw = False
298.1538 	EXP 	prep_instr_1: autoDraw = False
298.1538 	EXP 	target_1: autoDraw = False
298.1538 	EXP 	trial_fixation_1_1: autoDraw = False
298.1538 	EXP 	image_1_1: autoDraw = False
298.1538 	EXP 	trial_fixation_1_2: autoDraw = False
298.1538 	EXP 	image_1_2: autoDraw = False
298.1538 	EXP 	trial_fixation_1_3: autoDraw = False
298.1538 	EXP 	image_1_3: autoDraw = False
298.1538 	EXP 	trial_fixation_1_4: autoDraw = False
298.1538 	EXP 	image_1_4: autoDraw = False
298.1538 	EXP 	trial_fixation_1_5: autoDraw = False
298.1538 	EXP 	image_1_5: autoDraw = False
298.1538 	EXP 	trial_fixation_1_6: autoDraw = False
298.1538 	EXP 	image_1_6: autoDraw = False
298.1538 	EXP 	trial_fixation_1_7: autoDraw = False
298.1538 	EXP 	image_1_7: autoDraw = False
298.1538 	EXP 	trial_fixation_1_8: autoDraw = False
298.1538 	EXP 	image_1_8: autoDraw = False
298.1538 	EXP 	trial_fixation_1_9: autoDraw = False
298.1538 	EXP 	image_1_9: autoDraw = False
298.1538 	EXP 	trial_fixation_1_10: autoDraw = False
298.1538 	EXP 	image_1_10: autoDraw = False
298.1538 	EXP 	prep_instr_2: height = 0.1
298.1538 	EXP 	prep_instr_2: height = 0.1
298.1538 	EXP 	prep_instr_2: height = 0.1
298.1538 	EXP 	prep_instr_2: text = '2-Back'
298.1538 	EXP 	target_2: image = 'nback_stimuli/TO_080_TOOL80_BA.png'
298.1538 	EXP 	image_2_1: image = 'nback_stimuli/FC_084_F42.png'
298.1538 	EXP 	image_2_2: image = 'nback_stimuli/FC_079_M40.png'
298.1538 	EXP 	image_2_3: image = 'nback_stimuli/FC_083_M42.png'
298.1538 	EXP 	image_2_4: image = 'nback_stimuli/FC_082_F41.png'
298.1538 	EXP 	image_2_5: image = 'nback_stimuli/FC_080_F40.png'
298.1538 	EXP 	image_2_6: image = 'nback_stimuli/TO_082_TOOL82_BA.png'
298.1538 	EXP 	image_2_7: image = 'nback_stimuli/TO_082_TOOL82_BA.png'
298.1538 	EXP 	image_2_8: image = 'nback_stimuli/TO_083_TOOL83_BA.png'
298.1538 	EXP 	image_2_9: image = 'nback_stimuli/TO_084_TOOL84_BA.png'
298.1538 	EXP 	image_2_10: image = 'nback_stimuli/TO_084_TOOL84_BA.png'
298.1538 	EXP 	prep_instr_2: autoDraw = True
298.1538 	EXP 	target_2: autoDraw = True
300.6291 	EXP 	prep_instr_2: autoDraw = False
300.6291 	EXP 	target_2: autoDraw = False
300.6291 	EXP 	trial_fixation_2_1: autoDraw = True
301.1285 	EXP 	trial_fixation_2_1: autoDraw = False
301.1285 	EXP 	image_2_1: autoDraw = True
303.6214 	EXP 	image_2_1: autoDraw = False
303.6214 	EXP 	trial_fixation_2_2: autoDraw = True
304.1205 	EXP 	trial_fixation_2_2: autoDraw = False
304.1205 	EXP 	image_2_2: autoDraw = True
306.6132 	EXP 	image_2_2: autoDraw = False
306.6132 	EXP 	trial_fixation_2_3: autoDraw = True
307.1127 	EXP 	trial_fixation_2_3: autoDraw = False
307.1127 	EXP 	image_2_3: autoDraw = True
309.6054 	EXP 	image_2_3: autoDraw = False
309.6054 	EXP 	trial_fixation_2_4: autoDraw = True
310.1050 	EXP 	trial_fixation_2_4: autoDraw = False
310.1050 	EXP 	image_2_4: autoDraw = True
312.5979 	EXP 	image_2_4: autoDraw = False
312.5979 	EXP 	trial_fixation_2_5: autoDraw = True
313.0966 	EXP 	trial_fixation_2_5: autoDraw = False
313.0966 	EXP 	image_2_5: autoDraw = True
315.5901 	EXP 	image_2_5: autoDraw = False
315.5901 	EXP 	trial_fixation_2_6: autoDraw = True
316.0886 	EXP 	trial_fixation_2_6: autoDraw = False
316.0886 	EXP 	image_2_6: autoDraw = True
318.5816 	EXP 	image_2_6: autoDraw = False
318.5816 	EXP 	trial_fixation_2_7: autoDraw = True
318.9141 	EXP 	trial_fixation_2_7: autoDraw = False
318.9141 	EXP 	image_2_7: autoDraw = True
321.4074 	EXP 	image_2_7: autoDraw = False
321.4074 	EXP 	trial_fixation_2_8: autoDraw = True
321.9063 	EXP 	trial_fixation_2_8: autoDraw = False
321.9063 	EXP 	image_2_8: autoDraw = True
324.3994 	EXP 	image_2_8: autoDraw = False
324.3994 	EXP 	trial_fixation_2_9: autoDraw = True
324.8985 	EXP 	trial_fixation_2_9: autoDraw = False
324.8985 	EXP 	image_2_9: autoDraw = True
327.3917 	EXP 	image_2_9: autoDraw = False
327.3917 	EXP 	trial_fixation_2_10: autoDraw = True
327.8905 	EXP 	trial_fixation_2_10: autoDraw = False
327.8905 	EXP 	image_2_10: autoDraw = True
330.3840 	EXP 	image_2_10: autoDraw = False
330.3840 	EXP 	prep_instr_2: autoDraw = False
330.3840 	EXP 	target_2: autoDraw = False
330.3840 	EXP 	trial_fixation_2_1: autoDraw = False
330.3840 	EXP 	image_2_1: autoDraw = False
330.3840 	EXP 	trial_fixation_2_2: autoDraw = False
330.3840 	EXP 	image_2_2: autoDraw = False
330.3840 	EXP 	trial_fixation_2_3: autoDraw = False
330.3840 	EXP 	image_2_3: autoDraw = False
330.3840 	EXP 	trial_fixation_2_4: autoDraw = False
330.3840 	EXP 	image_2_4: autoDraw = False
330.3840 	EXP 	trial_fixation_2_5: autoDraw = False
330.3840 	EXP 	image_2_5: autoDraw = False
330.3840 	EXP 	trial_fixation_2_6: autoDraw = False
330.3840 	EXP 	image_2_6: autoDraw = False
330.3840 	EXP 	trial_fixation_2_7: autoDraw = False
330.3840 	EXP 	image_2_7: autoDraw = False
330.3840 	EXP 	trial_fixation_2_8: autoDraw = False
330.3840 	EXP 	image_2_8: autoDraw = False
330.3840 	EXP 	trial_fixation_2_9: autoDraw = False
330.3840 	EXP 	image_2_9: autoDraw = False
330.3840 	EXP 	trial_fixation_2_10: autoDraw = False
330.3840 	EXP 	image_2_10: autoDraw = False
330.3840 	EXP 	rest_txt: autoDraw = True
345.3452 	EXP 	New trial (rep=0, index=4): {'Run': 1, 'Block': 1, 'Weight': 1, 'Stimulus': 'BP_005_BP19_BA.png', 'TargetType': 'nonlure', 'CorrectResponse': 'nontarget', 'StimType': 'Body', 'BlockType': '2-Back', 'corrAns': 2}
345.4137 	EXP 	rest_txt: autoDraw = False
345.4137 	EXP 	rest_txt: autoDraw = False
345.4137 	EXP 	prep_instr_1: height = 0.1
345.4137 	EXP 	prep_instr_1: height = 0.1
345.4137 	EXP 	prep_instr_1: height = 0.1
345.4137 	EXP 	prep_instr_1: text = '2-Back'
345.4137 	EXP 	target_1: image = 'nback_stimuli/PL_089_O45.1.png'
345.4137 	EXP 	image_1_1: image = 'nback_stimuli/PL_091_O5.1.png'
345.4137 	EXP 	image_1_2: image = 'nback_stimuli/PL_094_O6.1.png'
345.4137 	EXP 	image_1_3: image = 'nback_stimuli/PL_091_O5.1.png'
345.4137 	EXP 	image_1_4: image = 'nback_stimuli/PL_093_O57.1.png'
345.4137 	EXP 	image_1_5: image = 'nback_stimuli/PL_093_O57.1.png'
345.4137 	EXP 	image_1_6: image = 'nback_stimuli/TO_087_TOOL87_BA.png'
345.4137 	EXP 	image_1_7: image = 'nback_stimuli/TO_088_TOOL88_BA.png'
345.4137 	EXP 	image_1_8: image = 'nback_stimuli/TO_088_TOOL88_BA.png'
345.4137 	EXP 	image_1_9: image = 'nback_stimuli/TO_087_TOOL87_BA.png'
345.4137 	EXP 	image_1_10: image = 'nback_stimuli/TO_090_TOOL90_BA.png'
345.4137 	EXP 	prep_instr_1: autoDraw = True
345.4137 	EXP 	target_1: autoDraw = True
347.8879 	EXP 	prep_instr_1: autoDraw = False
347.8879 	EXP 	target_1: autoDraw = False
347.8879 	EXP 	trial_fixation_1_1: autoDraw = True
348.3868 	EXP 	trial_fixation_1_1: autoDraw = False
348.3868 	EXP 	image_1_1: autoDraw = True
350.8800 	EXP 	image_1_1: autoDraw = False
350.8800 	EXP 	trial_fixation_1_2: autoDraw = True
351.3789 	EXP 	trial_fixation_1_2: autoDraw = False
351.3789 	EXP 	image_1_2: autoDraw = True
353.8724 	EXP 	image_1_2: autoDraw = False
353.8724 	EXP 	trial_fixation_1_3: autoDraw = True
354.3712 	EXP 	trial_fixation_1_3: autoDraw = False
354.3712 	EXP 	image_1_3: autoDraw = True
356.8644 	EXP 	image_1_3: autoDraw = False
356.8644 	EXP 	trial_fixation_1_4: autoDraw = True
357.3634 	EXP 	trial_fixation_1_4: autoDraw = False
357.3634 	EXP 	image_1_4: autoDraw = True
359.8565 	EXP 	image_1_4: autoDraw = False
359.8565 	EXP 	trial_fixation_1_5: autoDraw = True
360.3554 	EXP 	trial_fixation_1_5: autoDraw = False
360.3554 	EXP 	image_1_5: autoDraw = True
362.8487 	EXP 	image_1_5: autoDraw = False
362.8487 	EXP 	trial_fixation_1_6: autoDraw = True
363.3476 	EXP 	trial_fixation_1_6: autoDraw = False
363.3476 	EXP 	image_1_6: autoDraw = True
365.8408 	EXP 	image_1_6: autoDraw = False
365.8408 	EXP 	trial_fixation_1_7: autoDraw = True
366.1737 	EXP 	trial_fixation_1_7: autoDraw = False
366.1737 	EXP 	image_1_7: autoDraw = True
368.6668 	EXP 	image_1_7: autoDraw = False
368.6668 	EXP 	trial_fixation_1_8: autoDraw = True
369.1657 	EXP 	trial_fixation_1_8: autoDraw = False
369.1657 	EXP 	image_1_8: autoDraw = True
371.6589 	EXP 	image_1_8: autoDraw = False
371.6589 	EXP 	trial_fixation_1_9: autoDraw = True
372.1578 	EXP 	trial_fixation_1_9: autoDraw = False
372.1578 	EXP 	image_1_9: autoDraw = True
374.6512 	EXP 	image_1_9: autoDraw = False
374.6512 	EXP 	trial_fixation_1_10: autoDraw = True
375.1500 	EXP 	trial_fixation_1_10: autoDraw = False
375.1500 	EXP 	image_1_10: autoDraw = True
377.6830 	EXP 	image_1_10: autoDraw = False
377.6830 	EXP 	prep_instr_1: autoDraw = False
377.6830 	EXP 	target_1: autoDraw = False
377.6830 	EXP 	trial_fixation_1_1: autoDraw = False
377.6830 	EXP 	image_1_1: autoDraw = False
377.6830 	EXP 	trial_fixation_1_2: autoDraw = False
377.6830 	EXP 	image_1_2: autoDraw = False
377.6830 	EXP 	trial_fixation_1_3: autoDraw = False
377.6830 	EXP 	image_1_3: autoDraw = False
377.6830 	EXP 	trial_fixation_1_4: autoDraw = False
377.6830 	EXP 	image_1_4: autoDraw = False
377.6830 	EXP 	trial_fixation_1_5: autoDraw = False
377.6830 	EXP 	image_1_5: autoDraw = False
377.6830 	EXP 	trial_fixation_1_6: autoDraw = False
377.6830 	EXP 	image_1_6: autoDraw = False
377.6830 	EXP 	trial_fixation_1_7: autoDraw = False
377.6830 	EXP 	image_1_7: autoDraw = False
377.6830 	EXP 	trial_fixation_1_8: autoDraw = False
377.6830 	EXP 	image_1_8: autoDraw = False
377.6830 	EXP 	trial_fixation_1_9: autoDraw = False
377.6830 	EXP 	image_1_9: autoDraw = False
377.6830 	EXP 	trial_fixation_1_10: autoDraw = False
377.6830 	EXP 	image_1_10: autoDraw = False
377.6830 	EXP 	prep_instr_2: text = '2-Back'
377.6830 	EXP 	target_2: image = 'nback_stimuli/TO_085_TOOL85_BA.png'
377.6830 	EXP 	image_2_1: image = 'nback_stimuli/PL_089_O45.1.png'
377.6830 	EXP 	image_2_2: image = 'nback_stimuli/PL_090_O47.1.png'
377.6830 	EXP 	image_2_3: image = 'nback_stimuli/PL_092_O50.1.png'
377.6830 	EXP 	image_2_4: image = 'nback_stimuli/PL_090_O47.1.png'
377.6830 	EXP 	image_2_5: image = 'nback_stimuli/PL_089_O45.1.png'
377.6830 	EXP 	image_2_6: image = 'nback_stimuli/TO_085_TOOL85_BA.png'
377.6830 	EXP 	image_2_7: image = 'nback_stimuli/TO_086_TOOL86_BA.png'
377.6830 	EXP 	image_2_8: image = 'nback_stimuli/TO_089_TOOL89_BA.png'
377.6830 	EXP 	image_2_9: image = 'nback_stimuli/TO_086_TOOL86_BA.png'
377.6830 	EXP 	image_2_10: image = 'nback_stimuli/TO_089_TOOL89_BA.png'
377.6830 	EXP 	prep_instr_2: autoDraw = True
377.6830 	EXP 	target_2: autoDraw = True
380.1532 	EXP 	prep_instr_2: autoDraw = False
380.1532 	EXP 	target_2: autoDraw = False
380.1532 	EXP 	trial_fixation_2_1: autoDraw = True
380.6522 	EXP 	trial_fixation_2_1: autoDraw = False
380.6522 	EXP 	image_2_1: autoDraw = True
383.1455 	EXP 	image_2_1: autoDraw = False
383.1455 	EXP 	trial_fixation_2_2: autoDraw = True
383.6443 	EXP 	trial_fixation_2_2: autoDraw = False
383.6443 	EXP 	image_2_2: autoDraw = True
386.1377 	EXP 	image_2_2: autoDraw = False
386.1377 	EXP 	trial_fixation_2_3: autoDraw = True
386.6367 	EXP 	trial_fixation_2_3: autoDraw = False
386.6367 	EXP 	image_2_3: autoDraw = True
389.1299 	EXP 	image_2_3: autoDraw = False
389.1299 	EXP 	trial_fixation_2_4: autoDraw = True
389.6286 	EXP 	trial_fixation_2_4: autoDraw = False
389.6286 	EXP 	image_2_4: autoDraw = True
392.1221 	EXP 	image_2_4: autoDraw = False
392.1221 	EXP 	trial_fixation_2_5: autoDraw = True
392.6208 	EXP 	trial_fixation_2_5: autoDraw = False
392.6208 	EXP 	image_2_5: autoDraw = True
395.1140 	EXP 	image_2_5: autoDraw = False
395.1140 	EXP 	trial_fixation_2_6: autoDraw = True
395.6129 	EXP 	trial_fixation_2_6: autoDraw = False
395.6129 	EXP 	image_2_6: autoDraw = True
398.1064 	EXP 	image_2_6: autoDraw = False
398.1064 	EXP 	trial_fixation_2_7: autoDraw = True
398.4390 	EXP 	trial_fixation_2_7: autoDraw = False
398.4390 	EXP 	image_2_7: autoDraw = True
400.9323 	EXP 	image_2_7: autoDraw = False
400.9323 	EXP 	trial_fixation_2_8: autoDraw = True
401.4311 	EXP 	trial_fixation_2_8: autoDraw = False
401.4311 	EXP 	image_2_8: autoDraw = True
403.9243 	EXP 	image_2_8: autoDraw = False
403.9243 	EXP 	trial_fixation_2_9: autoDraw = True
404.4230 	EXP 	trial_fixation_2_9: autoDraw = False
404.4230 	EXP 	image_2_9: autoDraw = True
406.9168 	EXP 	image_2_9: autoDraw = False
406.9168 	EXP 	trial_fixation_2_10: autoDraw = True
407.4158 	EXP 	trial_fixation_2_10: autoDraw = False
407.4158 	EXP 	image_2_10: autoDraw = True
409.9093 	EXP 	image_2_10: autoDraw = False
409.9093 	EXP 	prep_instr_2: autoDraw = False
409.9093 	EXP 	target_2: autoDraw = False
409.9093 	EXP 	trial_fixation_2_1: autoDraw = False
409.9093 	EXP 	image_2_1: autoDraw = False
409.9093 	EXP 	trial_fixation_2_2: autoDraw = False
409.9093 	EXP 	image_2_2: autoDraw = False
409.9093 	EXP 	trial_fixation_2_3: autoDraw = False
409.9093 	EXP 	image_2_3: autoDraw = False
409.9093 	EXP 	trial_fixation_2_4: autoDraw = False
409.9093 	EXP 	image_2_4: autoDraw = False
409.9093 	EXP 	trial_fixation_2_5: autoDraw = False
409.9093 	EXP 	image_2_5: autoDraw = False
409.9093 	EXP 	trial_fixation_2_6: autoDraw = False
409.9093 	EXP 	image_2_6: autoDraw = False
409.9093 	EXP 	trial_fixation_2_7: autoDraw = False
409.9093 	EXP 	image_2_7: autoDraw = False
409.9093 	EXP 	trial_fixation_2_8: autoDraw = False
409.9093 	EXP 	image_2_8: autoDraw = False
409.9093 	EXP 	trial_fixation_2_9: autoDraw = False
409.9093 	EXP 	image_2_9: autoDraw = False
409.9093 	EXP 	trial_fixation_2_10: autoDraw = False
409.9093 	EXP 	image_2_10: autoDraw = False
409.9093 	EXP 	rest_txt: autoDraw = True
424.8707 	EXP 	New trial (rep=0, index=5): {'Run': 1, 'Block': 1, 'Weight': 1, 'Stimulus': 'BP_003_BP16_BA.png', 'TargetType': 'nonlure', 'CorrectResponse': 'nontarget', 'StimType': 'Body', 'BlockType': '2-Back', 'corrAns': 2}
424.9705 	EXP 	rest_txt: autoDraw = False
424.9705 	EXP 	rest_txt: autoDraw = False
424.9705 	EXP 	prep_instr_1: height = 0.1
424.9705 	EXP 	prep_instr_1: height = 0.1
424.9705 	EXP 	prep_instr_1: height = 0.1
424.9705 	EXP 	prep_instr_1: text = '0-Back'
424.9705 	EXP 	target_1: image = 'nback_stimuli/BP_086_BODY_25_BA.png'
424.9705 	EXP 	image_1_1: image = 'nback_stimuli/BP_089_BODY_30_BA.png'
424.9705 	EXP 	image_1_2: image = 'nback_stimuli/BP_086_BODY_25_BA.png'
424.9705 	EXP 	image_1_3: image = 'nback_stimuli/BP_090_BODY_31_BA.png'
424.9705 	EXP 	image_1_4: image = 'nback_stimuli/BP_088_BODY_28_BA.png'
424.9705 	EXP 	image_1_5: image = 'nback_stimuli/BP_088_BODY_28_BA.png'
424.9705 	EXP 	image_1_6: image = 'nback_stimuli/FC_087_M44.png'
424.9705 	EXP 	image_1_7: image = 'nback_stimuli/FC_088_F44.png'
424.9705 	EXP 	image_1_8: image = 'nback_stimuli/FC_090_F45.png'
424.9705 	EXP 	image_1_9: image = 'nback_stimuli/FC_087_M44.png'
424.9705 	EXP 	image_1_10: image = 'nback_stimuli/FC_088_F44.png'
424.9705 	EXP 	prep_instr_1: autoDraw = True
424.9705 	EXP 	target_1: autoDraw = True
427.4463 	EXP 	prep_instr_1: autoDraw = False
427.4463 	EXP 	target_1: autoDraw = False
427.4463 	EXP 	trial_fixation_1_1: autoDraw = True
427.9454 	EXP 	trial_fixation_1_1: autoDraw = False
427.9454 	EXP 	image_1_1: autoDraw = True
430.4385 	EXP 	image_1_1: autoDraw = False
430.4385 	EXP 	trial_fixation_1_2: autoDraw = True
430.9375 	EXP 	trial_fixation_1_2: autoDraw = False
430.9375 	EXP 	image_1_2: autoDraw = True
433.4306 	EXP 	image_1_2: autoDraw = False
433.4306 	EXP 	trial_fixation_1_3: autoDraw = True
433.9301 	EXP 	trial_fixation_1_3: autoDraw = False
433.9301 	EXP 	image_1_3: autoDraw = True
436.4227 	EXP 	image_1_3: autoDraw = False
436.4227 	EXP 	trial_fixation_1_4: autoDraw = True
436.9217 	EXP 	trial_fixation_1_4: autoDraw = False
436.9217 	EXP 	image_1_4: autoDraw = True
439.4152 	EXP 	image_1_4: autoDraw = False
439.4152 	EXP 	trial_fixation_1_5: autoDraw = True
439.9139 	EXP 	trial_fixation_1_5: autoDraw = False
439.9139 	EXP 	image_1_5: autoDraw = True
442.4074 	EXP 	image_1_5: autoDraw = False
442.4074 	EXP 	trial_fixation_1_6: autoDraw = True
442.9061 	EXP 	trial_fixation_1_6: autoDraw = False
442.9061 	EXP 	image_1_6: autoDraw = True
445.3992 	EXP 	image_1_6: autoDraw = False
445.3992 	EXP 	trial_fixation_1_7: autoDraw = True
445.7323 	EXP 	trial_fixation_1_7: autoDraw = False
445.7323 	EXP 	image_1_7: autoDraw = True
448.2251 	EXP 	image_1_7: autoDraw = False
448.2251 	EXP 	trial_fixation_1_8: autoDraw = True
448.7241 	EXP 	trial_fixation_1_8: autoDraw = False
448.7241 	EXP 	image_1_8: autoDraw = True
451.2175 	EXP 	image_1_8: autoDraw = False
451.2175 	EXP 	trial_fixation_1_9: autoDraw = True
451.7168 	EXP 	trial_fixation_1_9: autoDraw = False
451.7168 	EXP 	image_1_9: autoDraw = True
454.2099 	EXP 	image_1_9: autoDraw = False
454.2099 	EXP 	trial_fixation_1_10: autoDraw = True
454.7084 	EXP 	trial_fixation_1_10: autoDraw = False
454.7084 	EXP 	image_1_10: autoDraw = True
457.2732 	EXP 	image_1_10: autoDraw = False
457.2732 	EXP 	prep_instr_1: autoDraw = False
457.2732 	EXP 	target_1: autoDraw = False
457.2732 	EXP 	trial_fixation_1_1: autoDraw = False
457.2732 	EXP 	image_1_1: autoDraw = False
457.2732 	EXP 	trial_fixation_1_2: autoDraw = False
457.2732 	EXP 	image_1_2: autoDraw = False
457.2732 	EXP 	trial_fixation_1_3: autoDraw = False
457.2732 	EXP 	image_1_3: autoDraw = False
457.2732 	EXP 	trial_fixation_1_4: autoDraw = False
457.2732 	EXP 	image_1_4: autoDraw = False
457.2732 	EXP 	trial_fixation_1_5: autoDraw = False
457.2732 	EXP 	image_1_5: autoDraw = False
457.2732 	EXP 	trial_fixation_1_6: autoDraw = False
457.2732 	EXP 	image_1_6: autoDraw = False
457.2732 	EXP 	trial_fixation_1_7: autoDraw = False
457.2732 	EXP 	image_1_7: autoDraw = False
457.2732 	EXP 	trial_fixation_1_8: autoDraw = False
457.2732 	EXP 	image_1_8: autoDraw = False
457.2732 	EXP 	trial_fixation_1_9: autoDraw = False
457.2732 	EXP 	image_1_9: autoDraw = False
457.2732 	EXP 	trial_fixation_1_10: autoDraw = False
457.2732 	EXP 	image_1_10: autoDraw = False
457.2732 	EXP 	prep_instr_2: text = '2-Back'
457.2732 	EXP 	target_2: image = 'nback_stimuli/FC_089_M45.png'
457.2732 	EXP 	image_2_1: image = 'nback_stimuli/BP_087_BODY_26_BA.png'
457.2732 	EXP 	image_2_2: image = 'nback_stimuli/BP_090_BODY_31_BA.png'
457.2732 	EXP 	image_2_3: image = 'nback_stimuli/BP_086_BODY_25_BA.png'
457.2732 	EXP 	image_2_4: image = 'nback_stimuli/BP_091_BODY_32_BA.png'
457.2732 	EXP 	image_2_5: image = 'nback_stimuli/BP_091_BODY_32_BA.png'
457.2732 	EXP 	image_2_6: image = 'nback_stimuli/FC_089_M45.png'
457.2732 	EXP 	image_2_7: image = 'nback_stimuli/FC_085_M43.png'
457.2732 	EXP 	image_2_8: image = 'nback_stimuli/FC_089_M45.png'
457.2732 	EXP 	image_2_9: image = 'nback_stimuli/FC_085_M43.png'
457.2732 	EXP 	image_2_10: image = 'nback_stimuli/FC_086_F43.png'
457.2732 	EXP 	prep_instr_2: autoDraw = True
457.2732 	EXP 	target_2: autoDraw = True
459.7453 	EXP 	prep_instr_2: autoDraw = False
459.7453 	EXP 	target_2: autoDraw = False
459.7453 	EXP 	trial_fixation_2_1: autoDraw = True
460.2438 	EXP 	trial_fixation_2_1: autoDraw = False
460.2438 	EXP 	image_2_1: autoDraw = True
462.7376 	EXP 	image_2_1: autoDraw = False
462.7376 	EXP 	trial_fixation_2_2: autoDraw = True
463.2363 	EXP 	trial_fixation_2_2: autoDraw = False
463.2363 	EXP 	image_2_2: autoDraw = True
465.7297 	EXP 	image_2_2: autoDraw = False
465.7297 	EXP 	trial_fixation_2_3: autoDraw = True
466.2287 	EXP 	trial_fixation_2_3: autoDraw = False
466.2287 	EXP 	image_2_3: autoDraw = True
468.7212 	EXP 	image_2_3: autoDraw = False
468.7212 	EXP 	trial_fixation_2_4: autoDraw = True
469.2208 	EXP 	trial_fixation_2_4: autoDraw = False
469.2208 	EXP 	image_2_4: autoDraw = True
471.7140 	EXP 	image_2_4: autoDraw = False
471.7140 	EXP 	trial_fixation_2_5: autoDraw = True
472.2125 	EXP 	trial_fixation_2_5: autoDraw = False
472.2125 	EXP 	image_2_5: autoDraw = True
474.7060 	EXP 	image_2_5: autoDraw = False
474.7060 	EXP 	trial_fixation_2_6: autoDraw = True
475.2048 	EXP 	trial_fixation_2_6: autoDraw = False
475.2048 	EXP 	image_2_6: autoDraw = True
477.6983 	EXP 	image_2_6: autoDraw = False
477.6983 	EXP 	trial_fixation_2_7: autoDraw = True
478.0309 	EXP 	trial_fixation_2_7: autoDraw = False
478.0309 	EXP 	image_2_7: autoDraw = True
480.5238 	EXP 	image_2_7: autoDraw = False
480.5238 	EXP 	trial_fixation_2_8: autoDraw = True
481.0233 	EXP 	trial_fixation_2_8: autoDraw = False
481.0233 	EXP 	image_2_8: autoDraw = True
483.5162 	EXP 	image_2_8: autoDraw = False
483.5162 	EXP 	trial_fixation_2_9: autoDraw = True
484.0148 	EXP 	trial_fixation_2_9: autoDraw = False
484.0148 	EXP 	image_2_9: autoDraw = True
486.5080 	EXP 	image_2_9: autoDraw = False
486.5080 	EXP 	trial_fixation_2_10: autoDraw = True
487.0071 	EXP 	trial_fixation_2_10: autoDraw = False
487.0071 	EXP 	image_2_10: autoDraw = True
489.5006 	EXP 	image_2_10: autoDraw = False
489.5006 	EXP 	prep_instr_2: autoDraw = False
489.5006 	EXP 	target_2: autoDraw = False
489.5006 	EXP 	trial_fixation_2_1: autoDraw = False
489.5006 	EXP 	image_2_1: autoDraw = False
489.5006 	EXP 	trial_fixation_2_2: autoDraw = False
489.5006 	EXP 	image_2_2: autoDraw = False
489.5006 	EXP 	trial_fixation_2_3: autoDraw = False
489.5006 	EXP 	image_2_3: autoDraw = False
489.5006 	EXP 	trial_fixation_2_4: autoDraw = False
489.5006 	EXP 	image_2_4: autoDraw = False
489.5006 	EXP 	trial_fixation_2_5: autoDraw = False
489.5006 	EXP 	image_2_5: autoDraw = False
489.5006 	EXP 	trial_fixation_2_6: autoDraw = False
489.5006 	EXP 	image_2_6: autoDraw = False
489.5006 	EXP 	trial_fixation_2_7: autoDraw = False
489.5006 	EXP 	image_2_7: autoDraw = False
489.5006 	EXP 	trial_fixation_2_8: autoDraw = False
489.5006 	EXP 	image_2_8: autoDraw = False
489.5006 	EXP 	trial_fixation_2_9: autoDraw = False
489.5006 	EXP 	image_2_9: autoDraw = False
489.5006 	EXP 	trial_fixation_2_10: autoDraw = False
489.5006 	EXP 	image_2_10: autoDraw = False
489.5006 	EXP 	rest_txt: autoDraw = True
504.4619 	EXP 	New trial (rep=0, index=6): {'Run': 1, 'Block': 1, 'Weight': 1, 'Stimulus': 'BP_006_BP2_BA.png', 'TargetType': 'lure', 'CorrectResponse': 'nontarget', 'StimType': 'Body', 'BlockType': '2-Back', 'corrAns': 2}
504.5421 	EXP 	rest_txt: autoDraw = False
504.5421 	EXP 	rest_txt: autoDraw = False
504.5421 	EXP 	prep_instr_1: text = '0-Back'
504.5421 	EXP 	target_1: image = 'nback_stimuli/TO_091_TOOL91_BA.png'
504.5421 	EXP 	image_1_1: image = 'nback_stimuli/TO_091_TOOL91_BA.png'
504.5421 	EXP 	image_1_2: image = 'nback_stimuli/TO_094_TOOL94_BA.png'
504.5421 	EXP 	image_1_3: image = 'nback_stimuli/TO_096_TOOL96_BA.png'
504.5421 	EXP 	image_1_4: image = 'nback_stimuli/TO_095_TOOL95_BA.png'
504.5421 	EXP 	image_1_5: image = 'nback_stimuli/TO_091_TOOL91_BA.png'
504.5421 	EXP 	image_1_6: image = 'nback_stimuli/PL_096_O69.1.png'
504.5421 	EXP 	image_1_7: image = 'nback_stimuli/PL_095_O65.1.png'
504.5421 	EXP 	image_1_8: image = 'nback_stimuli/PL_096_O69.1.png'
504.5421 	EXP 	image_1_9: image = 'nback_stimuli/PL_099_O81.1.png'
504.5421 	EXP 	image_1_10: image = 'nback_stimuli/PL_100_O82.1.png'
504.5421 	EXP 	prep_instr_1: autoDraw = True
504.5421 	EXP 	target_1: autoDraw = True
507.0046 	EXP 	prep_instr_1: autoDraw = False
507.0046 	EXP 	target_1: autoDraw = False
507.0046 	EXP 	trial_fixation_1_1: autoDraw = True
507.5035 	EXP 	trial_fixation_1_1: autoDraw = False
507.5035 	EXP 	image_1_1: autoDraw = True
509.9968 	EXP 	image_1_1: autoDraw = False
509.9968 	EXP 	trial_fixation_1_2: autoDraw = True
510.4959 	EXP 	trial_fixation_1_2: autoDraw = False
510.4959 	EXP 	image_1_2: autoDraw = True
512.9887 	EXP 	image_1_2: autoDraw = False
512.9887 	EXP 	trial_fixation_1_3: autoDraw = True
513.4881 	EXP 	trial_fixation_1_3: autoDraw = False
513.4881 	EXP 	image_1_3: autoDraw = True
515.9811 	EXP 	image_1_3: autoDraw = False
515.9811 	EXP 	trial_fixation_1_4: autoDraw = True
516.4796 	EXP 	trial_fixation_1_4: autoDraw = False
516.4796 	EXP 	image_1_4: autoDraw = True
518.9729 	EXP 	image_1_4: autoDraw = False
518.9729 	EXP 	trial_fixation_1_5: autoDraw = True
519.4723 	EXP 	trial_fixation_1_5: autoDraw = False
519.4723 	EXP 	image_1_5: autoDraw = True
521.9652 	EXP 	image_1_5: autoDraw = False
521.9652 	EXP 	trial_fixation_1_6: autoDraw = True
522.4644 	EXP 	trial_fixation_1_6: autoDraw = False
522.4644 	EXP 	image_1_6: autoDraw = True
524.9576 	EXP 	image_1_6: autoDraw = False
524.9576 	EXP 	trial_fixation_1_7: autoDraw = True
525.2903 	EXP 	trial_fixation_1_7: autoDraw = False
525.2903 	EXP 	image_1_7: autoDraw = True
527.7834 	EXP 	image_1_7: autoDraw = False
527.7834 	EXP 	trial_fixation_1_8: autoDraw = True
528.2821 	EXP 	trial_fixation_1_8: autoDraw = False
528.2821 	EXP 	image_1_8: autoDraw = True
530.7756 	EXP 	image_1_8: autoDraw = False
530.7756 	EXP 	trial_fixation_1_9: autoDraw = True
531.2742 	EXP 	trial_fixation_1_9: autoDraw = False
531.2742 	EXP 	image_1_9: autoDraw = True
533.7679 	EXP 	image_1_9: autoDraw = False
533.7679 	EXP 	trial_fixation_1_10: autoDraw = True
534.2664 	EXP 	trial_fixation_1_10: autoDraw = False
534.2664 	EXP 	image_1_10: autoDraw = True
536.8119 	EXP 	image_1_10: autoDraw = False
536.8119 	EXP 	prep_instr_1: autoDraw = False
536.8119 	EXP 	target_1: autoDraw = False
536.8119 	EXP 	trial_fixation_1_1: autoDraw = False
536.8119 	EXP 	image_1_1: autoDraw = False
536.8119 	EXP 	trial_fixation_1_2: autoDraw = False
536.8119 	EXP 	image_1_2: autoDraw = False
536.8119 	EXP 	trial_fixation_1_3: autoDraw = False
536.8119 	EXP 	image_1_3: autoDraw = False
536.8119 	EXP 	trial_fixation_1_4: autoDraw = False
536.8119 	EXP 	image_1_4: autoDraw = False
536.8119 	EXP 	trial_fixation_1_5: autoDraw = False
536.8119 	EXP 	image_1_5: autoDraw = False
536.8119 	EXP 	trial_fixation_1_6: autoDraw = False
536.8119 	EXP 	image_1_6: autoDraw = False
536.8119 	EXP 	trial_fixation_1_7: autoDraw = False
536.8119 	EXP 	image_1_7: autoDraw = False
536.8119 	EXP 	trial_fixation_1_8: autoDraw = False
536.8119 	EXP 	image_1_8: autoDraw = False
536.8119 	EXP 	trial_fixation_1_9: autoDraw = False
536.8119 	EXP 	image_1_9: autoDraw = False
536.8119 	EXP 	trial_fixation_1_10: autoDraw = False
536.8119 	EXP 	image_1_10: autoDraw = False
536.8119 	EXP 	prep_instr_2: height = 0.1
536.8119 	EXP 	prep_instr_2: height = 0.1
536.8119 	EXP 	prep_instr_2: height = 0.1
536.8119 	EXP 	prep_instr_2: text = '0-Back'
536.8119 	EXP 	target_2: image = 'nback_stimuli/PL_095_O65.1.png'
536.8119 	EXP 	image_2_1: image = 'nback_stimuli/TO_095_TOOL95_BA.png'
536.8119 	EXP 	image_2_2: image = 'nback_stimuli/TO_092_TOOL92_BA.png'
536.8119 	EXP 	image_2_3: image = 'nback_stimuli/TO_093_TOOL93_BA.png'
536.8119 	EXP 	image_2_4: image = 'nback_stimuli/TO_096_TOOL96_BA.png'
536.8119 	EXP 	image_2_5: image = 'nback_stimuli/TO_093_TOOL93_BA.png'
536.8119 	EXP 	image_2_6: image = 'nback_stimuli/PL_097_O75.1.png'
536.8119 	EXP 	image_2_7: image = 'nback_stimuli/PL_098_O80.1.png'
536.8119 	EXP 	image_2_8: image = 'nback_stimuli/PL_097_O75.1.png'
536.8119 	EXP 	image_2_9: image = 'nback_stimuli/PL_098_O80.1.png'
536.8119 	EXP 	image_2_10: image = 'nback_stimuli/PL_095_O65.1.png'
536.8119 	EXP 	prep_instr_2: autoDraw = True
536.8119 	EXP 	target_2: autoDraw = True
539.2863 	EXP 	prep_instr_2: autoDraw = False
539.2863 	EXP 	target_2: autoDraw = False
539.2863 	EXP 	trial_fixation_2_1: autoDraw = True
539.7854 	EXP 	trial_fixation_2_1: autoDraw = False
539.7854 	EXP 	image_2_1: autoDraw = True
542.2787 	EXP 	image_2_1: autoDraw = False
542.2787 	EXP 	trial_fixation_2_2: autoDraw = True
542.7774 	EXP 	trial_fixation_2_2: autoDraw = False
542.7774 	EXP 	image_2_2: autoDraw = True
545.2708 	EXP 	image_2_2: autoDraw = False
545.2708 	EXP 	trial_fixation_2_3: autoDraw = True
545.7698 	EXP 	trial_fixation_2_3: autoDraw = False
545.7698 	EXP 	image_2_3: autoDraw = True
548.2631 	EXP 	image_2_3: autoDraw = False
548.2631 	EXP 	trial_fixation_2_4: autoDraw = True
548.7623 	EXP 	trial_fixation_2_4: autoDraw = False
548.7623 	EXP 	image_2_4: autoDraw = True
551.2549 	EXP 	image_2_4: autoDraw = False
551.2549 	EXP 	trial_fixation_2_5: autoDraw = True
551.7540 	EXP 	trial_fixation_2_5: autoDraw = False
551.7540 	EXP 	image_2_5: autoDraw = True
554.2473 	EXP 	image_2_5: autoDraw = False
554.2473 	EXP 	trial_fixation_2_6: autoDraw = True
554.7460 	EXP 	trial_fixation_2_6: autoDraw = False
554.7460 	EXP 	image_2_6: autoDraw = True
557.2392 	EXP 	image_2_6: autoDraw = False
557.2392 	EXP 	trial_fixation_2_7: autoDraw = True
557.5722 	EXP 	trial_fixation_2_7: autoDraw = False
557.5722 	EXP 	image_2_7: autoDraw = True
560.0655 	EXP 	image_2_7: autoDraw = False
560.0655 	EXP 	trial_fixation_2_8: autoDraw = True
560.5646 	EXP 	trial_fixation_2_8: autoDraw = False
560.5646 	EXP 	image_2_8: autoDraw = True
563.0575 	EXP 	image_2_8: autoDraw = False
563.0575 	EXP 	trial_fixation_2_9: autoDraw = True
563.5568 	EXP 	trial_fixation_2_9: autoDraw = False
563.5568 	EXP 	image_2_9: autoDraw = True
566.0494 	EXP 	image_2_9: autoDraw = False
566.0494 	EXP 	trial_fixation_2_10: autoDraw = True
566.5489 	EXP 	trial_fixation_2_10: autoDraw = False
566.5489 	EXP 	image_2_10: autoDraw = True
569.0416 	EXP 	image_2_10: autoDraw = False
569.0416 	EXP 	prep_instr_2: autoDraw = False
569.0416 	EXP 	target_2: autoDraw = False
569.0416 	EXP 	trial_fixation_2_1: autoDraw = False
569.0416 	EXP 	image_2_1: autoDraw = False
569.0416 	EXP 	trial_fixation_2_2: autoDraw = False
569.0416 	EXP 	image_2_2: autoDraw = False
569.0416 	EXP 	trial_fixation_2_3: autoDraw = False
569.0416 	EXP 	image_2_3: autoDraw = False
569.0416 	EXP 	trial_fixation_2_4: autoDraw = False
569.0416 	EXP 	image_2_4: autoDraw = False
569.0416 	EXP 	trial_fixation_2_5: autoDraw = False
569.0416 	EXP 	image_2_5: autoDraw = False
569.0416 	EXP 	trial_fixation_2_6: autoDraw = False
569.0416 	EXP 	image_2_6: autoDraw = False
569.0416 	EXP 	trial_fixation_2_7: autoDraw = False
569.0416 	EXP 	image_2_7: autoDraw = False
569.0416 	EXP 	trial_fixation_2_8: autoDraw = False
569.0416 	EXP 	image_2_8: autoDraw = False
569.0416 	EXP 	trial_fixation_2_9: autoDraw = False
569.0416 	EXP 	image_2_9: autoDraw = False
569.0416 	EXP 	trial_fixation_2_10: autoDraw = False
569.0416 	EXP 	image_2_10: autoDraw = False
569.0416 	EXP 	rest_txt: autoDraw = True
584.0033 	EXP 	New trial (rep=0, index=7): {'Run': 1, 'Block': 1, 'Weight': 1, 'Stimulus': 'BP_004_BP18_BA.png', 'TargetType': 'nonlure', 'CorrectResponse': 'nontarget', 'StimType': 'Body', 'BlockType': '2-Back', 'corrAns': 2}
584.1031 	EXP 	rest_txt: autoDraw = False
584.1031 	EXP 	rest_txt: autoDraw = False
584.1031 	EXP 	prep_instr_1: height = 0.1
584.1031 	EXP 	prep_instr_1: height = 0.1
584.1031 	EXP 	prep_instr_1: height = 0.1
584.1031 	EXP 	prep_instr_1: text = '2-Back'
584.1031 	EXP 	target_1: image = 'nback_stimuli/BP_094_BODY_36_BA.png'
584.1031 	EXP 	image_1_1: image = 'nback_stimuli/BP_097_BODY_39_BA.png'
584.1031 	EXP 	image_1_2: image = 'nback_stimuli/BP_092_BODY_33_BA.png'
584.1031 	EXP 	image_1_3: image = 'nback_stimuli/BP_097_BODY_39_BA.png'
584.1031 	EXP 	image_1_4: image = 'nback_stimuli/BP_092_BODY_33_BA.png'
584.1031 	EXP 	image_1_5: image = 'nback_stimuli/BP_096_BODY_38_BA.png'
584.1031 	EXP 	image_1_6: image = 'nback_stimuli/FC_093_M47.png'
584.1031 	EXP 	image_1_7: image = 'nback_stimuli/FC_091_M46.png'
584.1031 	EXP 	image_1_8: image = 'nback_stimuli/FC_091_M46.png'
584.1031 	EXP 	image_1_9: image = 'nback_stimuli/FC_095_M48.png'
584.1031 	EXP 	image_1_10: image = 'nback_stimuli/FC_096_F48.png'
584.1031 	EXP 	prep_instr_1: autoDraw = True
584.1031 	EXP 	target_1: autoDraw = True
586.5791 	EXP 	prep_instr_1: autoDraw = False
586.5791 	EXP 	target_1: autoDraw = False
586.5791 	EXP 	trial_fixation_1_1: autoDraw = True
587.0779 	EXP 	trial_fixation_1_1: autoDraw = False
587.0779 	EXP 	image_1_1: autoDraw = True
589.5713 	EXP 	image_1_1: autoDraw = False
589.5713 	EXP 	trial_fixation_1_2: autoDraw = True
590.0702 	EXP 	trial_fixation_1_2: autoDraw = False
590.0702 	EXP 	image_1_2: autoDraw = True
592.5635 	EXP 	image_1_2: autoDraw = False
592.5635 	EXP 	trial_fixation_1_3: autoDraw = True
593.0628 	EXP 	trial_fixation_1_3: autoDraw = False
593.0628 	EXP 	image_1_3: autoDraw = True
595.5556 	EXP 	image_1_3: autoDraw = False
595.5556 	EXP 	trial_fixation_1_4: autoDraw = True
596.0542 	EXP 	trial_fixation_1_4: autoDraw = False
596.0542 	EXP 	image_1_4: autoDraw = True
598.5474 	EXP 	image_1_4: autoDraw = False
598.5474 	EXP 	trial_fixation_1_5: autoDraw = True
599.0469 	EXP 	trial_fixation_1_5: autoDraw = False
599.0469 	EXP 	image_1_5: autoDraw = True
601.5398 	EXP 	image_1_5: autoDraw = False
601.5398 	EXP 	trial_fixation_1_6: autoDraw = True
602.0386 	EXP 	trial_fixation_1_6: autoDraw = False
602.0386 	EXP 	image_1_6: autoDraw = True
604.5318 	EXP 	image_1_6: autoDraw = False
604.5318 	EXP 	trial_fixation_1_7: autoDraw = True
604.8648 	EXP 	trial_fixation_1_7: autoDraw = False
604.8648 	EXP 	image_1_7: autoDraw = True
607.3580 	EXP 	image_1_7: autoDraw = False
607.3580 	EXP 	trial_fixation_1_8: autoDraw = True
607.8572 	EXP 	trial_fixation_1_8: autoDraw = False
607.8572 	EXP 	image_1_8: autoDraw = True
610.3498 	EXP 	image_1_8: autoDraw = False
610.3498 	EXP 	trial_fixation_1_9: autoDraw = True
610.8494 	EXP 	trial_fixation_1_9: autoDraw = False
610.8494 	EXP 	image_1_9: autoDraw = True
613.3423 	EXP 	image_1_9: autoDraw = False
613.3423 	EXP 	trial_fixation_1_10: autoDraw = True
613.8410 	EXP 	trial_fixation_1_10: autoDraw = False
613.8410 	EXP 	image_1_10: autoDraw = True
616.3980 	EXP 	image_1_10: autoDraw = False
616.3980 	EXP 	prep_instr_1: autoDraw = False
616.3980 	EXP 	target_1: autoDraw = False
616.3980 	EXP 	trial_fixation_1_1: autoDraw = False
616.3980 	EXP 	image_1_1: autoDraw = False
616.3980 	EXP 	trial_fixation_1_2: autoDraw = False
616.3980 	EXP 	image_1_2: autoDraw = False
616.3980 	EXP 	trial_fixation_1_3: autoDraw = False
616.3980 	EXP 	image_1_3: autoDraw = False
616.3980 	EXP 	trial_fixation_1_4: autoDraw = False
616.3980 	EXP 	image_1_4: autoDraw = False
616.3980 	EXP 	trial_fixation_1_5: autoDraw = False
616.3980 	EXP 	image_1_5: autoDraw = False
616.3980 	EXP 	trial_fixation_1_6: autoDraw = False
616.3980 	EXP 	image_1_6: autoDraw = False
616.3980 	EXP 	trial_fixation_1_7: autoDraw = False
616.3980 	EXP 	image_1_7: autoDraw = False
616.3980 	EXP 	trial_fixation_1_8: autoDraw = False
616.3980 	EXP 	image_1_8: autoDraw = False
616.3980 	EXP 	trial_fixation_1_9: autoDraw = False
616.3980 	EXP 	image_1_9: autoDraw = False
616.3980 	EXP 	trial_fixation_1_10: autoDraw = False
616.3980 	EXP 	image_1_10: autoDraw = False
616.3980 	EXP 	prep_instr_2: text = '0-Back'
616.3980 	EXP 	target_2: image = 'nback_stimuli/FC_092_F46.png'
616.3980 	EXP 	image_2_1: image = 'nback_stimuli/BP_094_BODY_36_BA.png'
616.3980 	EXP 	image_2_2: image = 'nback_stimuli/BP_093_BODY_35_BA.png'
616.3980 	EXP 	image_2_3: image = 'nback_stimuli/BP_095_BODY_37_BA.png'
616.3980 	EXP 	image_2_4: image = 'nback_stimuli/BP_095_BODY_37_BA.png'
616.3980 	EXP 	image_2_5: image = 'nback_stimuli/BP_094_BODY_36_BA.png'
616.3980 	EXP 	image_2_6: image = 'nback_stimuli/FC_092_F46.png'
616.3980 	EXP 	image_2_7: image = 'nback_stimuli/FC_096_F48.png'
616.3980 	EXP 	image_2_8: image = 'nback_stimuli/FC_095_M48.png'
616.3980 	EXP 	image_2_9: image = 'nback_stimuli/FC_094_F47.png'
616.3980 	EXP 	image_2_10: image = 'nback_stimuli/FC_092_F46.png'
616.3980 	EXP 	prep_instr_2: autoDraw = True
616.3980 	EXP 	target_2: autoDraw = True
618.8613 	EXP 	prep_instr_2: autoDraw = False
618.8613 	EXP 	target_2: autoDraw = False
618.8613 	EXP 	trial_fixation_2_1: autoDraw = True
619.3601 	EXP 	trial_fixation_2_1: autoDraw = False
619.3601 	EXP 	image_2_1: autoDraw = True
621.8533 	EXP 	image_2_1: autoDraw = False
621.8533 	EXP 	trial_fixation_2_2: autoDraw = True
622.3519 	EXP 	trial_fixation_2_2: autoDraw = False
622.3519 	EXP 	image_2_2: autoDraw = True
624.8456 	EXP 	image_2_2: autoDraw = False
624.8456 	EXP 	trial_fixation_2_3: autoDraw = True
625.3442 	EXP 	trial_fixation_2_3: autoDraw = False
625.3442 	EXP 	image_2_3: autoDraw = True
627.8377 	EXP 	image_2_3: autoDraw = False
627.8377 	EXP 	trial_fixation_2_4: autoDraw = True
628.3366 	EXP 	trial_fixation_2_4: autoDraw = False
628.3366 	EXP 	image_2_4: autoDraw = True
630.8294 	EXP 	image_2_4: autoDraw = False
630.8294 	EXP 	trial_fixation_2_5: autoDraw = True
631.3285 	EXP 	trial_fixation_2_5: autoDraw = False
631.3285 	EXP 	image_2_5: autoDraw = True
633.8219 	EXP 	image_2_5: autoDraw = False
633.8219 	EXP 	trial_fixation_2_6: autoDraw = True
634.3209 	EXP 	trial_fixation_2_6: autoDraw = False
634.3209 	EXP 	image_2_6: autoDraw = True
636.8142 	EXP 	image_2_6: autoDraw = False
636.8142 	EXP 	trial_fixation_2_7: autoDraw = True
637.1464 	EXP 	trial_fixation_2_7: autoDraw = False
637.1464 	EXP 	image_2_7: autoDraw = True
639.6402 	EXP 	image_2_7: autoDraw = False
639.6402 	EXP 	trial_fixation_2_8: autoDraw = True
640.1387 	EXP 	trial_fixation_2_8: autoDraw = False
640.1387 	EXP 	image_2_8: autoDraw = True
642.6322 	EXP 	image_2_8: autoDraw = False
642.6322 	EXP 	trial_fixation_2_9: autoDraw = True
643.1307 	EXP 	trial_fixation_2_9: autoDraw = False
643.1307 	EXP 	image_2_9: autoDraw = True
645.6242 	EXP 	image_2_9: autoDraw = False
645.6242 	EXP 	trial_fixation_2_10: autoDraw = True
646.1233 	EXP 	trial_fixation_2_10: autoDraw = False
646.1233 	EXP 	image_2_10: autoDraw = True
648.6165 	EXP 	image_2_10: autoDraw = False
648.6165 	EXP 	prep_instr_2: autoDraw = False
648.6165 	EXP 	target_2: autoDraw = False
648.6165 	EXP 	trial_fixation_2_1: autoDraw = False
648.6165 	EXP 	image_2_1: autoDraw = False
648.6165 	EXP 	trial_fixation_2_2: autoDraw = False
648.6165 	EXP 	image_2_2: autoDraw = False
648.6165 	EXP 	trial_fixation_2_3: autoDraw = False
648.6165 	EXP 	image_2_3: autoDraw = False
648.6165 	EXP 	trial_fixation_2_4: autoDraw = False
648.6165 	EXP 	image_2_4: autoDraw = False
648.6165 	EXP 	trial_fixation_2_5: autoDraw = False
648.6165 	EXP 	image_2_5: autoDraw = False
648.6165 	EXP 	trial_fixation_2_6: autoDraw = False
648.6165 	EXP 	image_2_6: autoDraw = False
648.6165 	EXP 	trial_fixation_2_7: autoDraw = False
648.6165 	EXP 	image_2_7: autoDraw = False
648.6165 	EXP 	trial_fixation_2_8: autoDraw = False
648.6165 	EXP 	image_2_8: autoDraw = False
648.6165 	EXP 	trial_fixation_2_9: autoDraw = False
648.6165 	EXP 	image_2_9: autoDraw = False
648.6165 	EXP 	trial_fixation_2_10: autoDraw = False
648.6165 	EXP 	image_2_10: autoDraw = False
648.6165 	EXP 	rest_txt: autoDraw = True
663.5778 	EXP 	New trial (rep=0, index=8): {'Run': 1, 'Block': 1, 'Weight': 1, 'Stimulus': 'BP_005_BP19_BA.png', 'TargetType': 'lure', 'CorrectResponse': 'nontarget', 'StimType': 'Body', 'BlockType': '2-Back', 'corrAns': 2}
666.6419 	EXP 	window1: mouseVisible = True
