2.3845 	WARNING 	Speech-to-text recognition module for PocketSphinx is not available (use command `pip install SpeechRecognition` to get it). Transcription will be unavailable using that service this session.
2.3852 	WARNING 	Speech-to-text recognition using Google online services is not available (use command `pip install google-api-core google-auth google-cloud google-cloud-speech googleapis-common-protos` to get it). Transcription will be unavailable using that service this session.
12.9874 	EXP 	Created window1 = Window(allowGUI=True, allowStencil=False, autoLog=True, backendConf=UNKNOWN, backgroundFit=<method-wrapper '__getattribute__' of attributeSetter object at 0x00000176F1AE6580>, backgroundImage=<method-wrapper '__getattribute__' of attributeSetter object at 0x00000176F1AE6520>, bitsMode=UNKNOWN, blendMode='avg', bpc=(8, 8, 8), color=array([-1, -1, -1]), colorSpace='rgb', depthBits=8, fullscr=<method-wrapper '__getattribute__' of attributeSetter object at 0x00000176F1AE6250>, gamma=None, gammaErrorPolicy='raise', lms=UNKNOWN, monitor=<psychopy.monitors.calibTools.Monitor object at 0x000001773BA23880>, multiSample=False, name='window1', numSamples=2, pos=(0, 0), screen=0, size=array([1680, 1050]), stencilBits=0, stereo=False, units='height', useFBO=True, useRetina=False, viewOri=0.0, viewPos=None, viewScale=None, waitBlanking=True, winType='pyglet')
12.9876 	EXP 	window1: mouseVisible = True
12.9876 	EXP 	window1: backgroundImage = ''
12.9877 	EXP 	window1: backgroundFit = 'none'
12.9878 	EXP 	window1: mouseVisible = False
12.9878 	EXP 	window1: Attempting to measure frame rate of screen (0) ...
12.9879 	EXP 	window1: recordFrameIntervals = False
13.1533 	EXP 	window1: recordFrameIntervals = True
13.3372 	EXP 	Screen (0) actual frame rate measured at 59.93Hz
13.3373 	EXP 	window1: recordFrameIntervals = False
16.9643 	EXP 	Created trigger_txt = TextStim(__class__=<class 'psychopy.visual.text.TextStim'>, alignHoriz=method-wrapper(...), alignText='center', alignVert=method-wrapper(...), anchorHoriz='center', anchorVert='center', antialias=True, autoDraw=False, autoLog=True, bold=False, color=array([1., 1., 1.]), colorSpace='rgb', contrast=1.0, depth=-1.0, flipHoriz=False, flipVert=False, font='Songti SC', fontFiles=[], height=0.05, italic=False, languageStyle='LTR', name='trigger_txt', opacity=1.0, ori=0.0, pos=array([0., 0.]), rgb=UNKNOWN, text='實驗即將開始', units='height', win=Window(...), wrapWidth=1)
16.9785 	EXP 	Created instr_txt = TextStim(__class__=<class 'psychopy.visual.text.TextStim'>, alignHoriz=method-wrapper(...), alignText='center', alignVert=method-wrapper(...), anchorHoriz='center', anchorVert='center', antialias=True, autoDraw=False, autoLog=True, bold=False, color=array([1., 1., 1.]), colorSpace='rgb', contrast=1.0, depth=0.0, flipHoriz=False, flipVert=False, font='Songti SC', fontFiles=[], height=0.05, italic=False, languageStyle='LTR', name='instr_txt', opacity=1.0, ori=0.0, pos=array([0., 0.]), rgb=UNKNOWN, text="PREP INSTRUCTIONS \n\n準備好請按 '1' ", units='height', win=Window(...), wrapWidth=1)
16.9802 	EXP 	Created prep_instr_1 = TextStim(__class__=<class 'psychopy.visual.text.TextStim'>, alignHoriz=method-wrapper(...), alignText='center', alignVert=method-wrapper(...), anchorHoriz='center', anchorVert='center', antialias=True, autoDraw=False, autoLog=True, bold=False, color=array([1., 1., 1.]), colorSpace='rgb', contrast=1.0, depth=-1.0, flipHoriz=False, flipVert=False, font='Songti SC', fontFiles=[], height=0.1, italic=False, languageStyle='LTR', name='prep_instr_1', opacity=1.0, ori=0.0, pos=array([0., 0.]), rgb=UNKNOWN, text='', units='height', win=Window(...), wrapWidth=1)
16.9941 	EXP 	Created target_1 = ImageStim(__class__=<class 'psychopy.visual.image.ImageStim'>, anchor=('center', 'center'), autoLog=True, color=array([1., 1., 1.]), colorSpace='rgb', contrast=1.0, depth=-2.0, flipHoriz=False, flipVert=False, image='default.png', interpolate=True, mask=None, maskParams=None, name='target_1', opacity=1.0, ori=0.0, pos=array([0., 0.]), size=array([0.5, 0.5]), texRes=128.0, units='height', win=Window(...))
17.0001 	EXP 	Created trial_fixation_1_1 = TextStim(__class__=<class 'psychopy.visual.text.TextStim'>, alignHoriz=method-wrapper(...), alignText='center', alignVert=method-wrapper(...), anchorHoriz='center', anchorVert='center', antialias=True, autoDraw=False, autoLog=True, bold=False, color=array([1., 1., 1.]), colorSpace='rgb', contrast=1.0, depth=-3.0, flipHoriz=False, flipVert=False, font='Open Sans', fontFiles=[], height=0.15, italic=False, languageStyle='LTR', name='trial_fixation_1_1', opacity=1.0, ori=0.0, pos=array([0., 0.]), rgb=UNKNOWN, text='+', units='height', win=Window(...), wrapWidth=1)
17.0117 	EXP 	Created image_1_1 = ImageStim(__class__=<class 'psychopy.visual.image.ImageStim'>, anchor=('center', 'center'), autoLog=True, color=array([1., 1., 1.]), colorSpace='rgb', contrast=1.0, depth=-4.0, flipHoriz=False, flipVert=False, image='default.png', interpolate=True, mask=None, maskParams=None, name='image_1_1', opacity=1.0, ori=0.0, pos=array([0., 0.]), size=array([0.5, 0.5]), texRes=128.0, units='height', win=Window(...))
17.0152 	EXP 	Created trial_fixation_1_2 = TextStim(__class__=<class 'psychopy.visual.text.TextStim'>, alignHoriz=method-wrapper(...), alignText='center', alignVert=method-wrapper(...), anchorHoriz='center', anchorVert='center', antialias=True, autoDraw=False, autoLog=True, bold=False, color=array([1., 1., 1.]), colorSpace='rgb', contrast=1.0, depth=-6.0, flipHoriz=False, flipVert=False, font='Open Sans', fontFiles=[], height=0.15, italic=False, languageStyle='LTR', name='trial_fixation_1_2', opacity=1.0, ori=0.0, pos=array([0., 0.]), rgb=UNKNOWN, text='+', units='height', win=Window(...), wrapWidth=1)
17.0264 	EXP 	Created image_1_2 = ImageStim(__class__=<class 'psychopy.visual.image.ImageStim'>, anchor=('center', 'center'), autoLog=True, color=array([1., 1., 1.]), colorSpace='rgb', contrast=1.0, depth=-7.0, flipHoriz=False, flipVert=False, image='default.png', interpolate=True, mask=None, maskParams=None, name='image_1_2', opacity=1.0, ori=0.0, pos=array([0., 0.]), size=array([0.5, 0.5]), texRes=128.0, units='height', win=Window(...))
17.0290 	EXP 	Created trial_fixation_1_3 = TextStim(__class__=<class 'psychopy.visual.text.TextStim'>, alignHoriz=method-wrapper(...), alignText='center', alignVert=method-wrapper(...), anchorHoriz='center', anchorVert='center', antialias=True, autoDraw=False, autoLog=True, bold=False, color=array([1., 1., 1.]), colorSpace='rgb', contrast=1.0, depth=-9.0, flipHoriz=False, flipVert=False, font='Open Sans', fontFiles=[], height=0.15, italic=False, languageStyle='LTR', name='trial_fixation_1_3', opacity=1.0, ori=0.0, pos=array([0., 0.]), rgb=UNKNOWN, text='+', units='height', win=Window(...), wrapWidth=1)
17.0423 	EXP 	Created image_1_3 = ImageStim(__class__=<class 'psychopy.visual.image.ImageStim'>, anchor=('center', 'center'), autoLog=True, color=array([1., 1., 1.]), colorSpace='rgb', contrast=1.0, depth=-10.0, flipHoriz=False, flipVert=False, image='default.png', interpolate=True, mask=None, maskParams=None, name='image_1_3', opacity=1.0, ori=0.0, pos=array([0., 0.]), size=array([0.5, 0.5]), texRes=128.0, units='height', win=Window(...))
17.0447 	EXP 	Created trial_fixation_1_4 = TextStim(__class__=<class 'psychopy.visual.text.TextStim'>, alignHoriz=method-wrapper(...), alignText='center', alignVert=method-wrapper(...), anchorHoriz='center', anchorVert='center', antialias=True, autoDraw=False, autoLog=True, bold=False, color=array([1., 1., 1.]), colorSpace='rgb', contrast=1.0, depth=-12.0, flipHoriz=False, flipVert=False, font='Open Sans', fontFiles=[], height=0.15, italic=False, languageStyle='LTR', name='trial_fixation_1_4', opacity=1.0, ori=0.0, pos=array([0., 0.]), rgb=UNKNOWN, text='+', units='height', win=Window(...), wrapWidth=1)
17.0589 	EXP 	Created image_1_4 = ImageStim(__class__=<class 'psychopy.visual.image.ImageStim'>, anchor=('center', 'center'), autoLog=True, color=array([1., 1., 1.]), colorSpace='rgb', contrast=1.0, depth=-13.0, flipHoriz=False, flipVert=False, image='default.png', interpolate=True, mask=None, maskParams=None, name='image_1_4', opacity=1.0, ori=0.0, pos=array([0., 0.]), size=array([0.5, 0.5]), texRes=128.0, units='height', win=Window(...))
17.0613 	EXP 	Created trial_fixation_1_5 = TextStim(__class__=<class 'psychopy.visual.text.TextStim'>, alignHoriz=method-wrapper(...), alignText='center', alignVert=method-wrapper(...), anchorHoriz='center', anchorVert='center', antialias=True, autoDraw=False, autoLog=True, bold=False, color=array([1., 1., 1.]), colorSpace='rgb', contrast=1.0, depth=-15.0, flipHoriz=False, flipVert=False, font='Open Sans', fontFiles=[], height=0.15, italic=False, languageStyle='LTR', name='trial_fixation_1_5', opacity=1.0, ori=0.0, pos=array([0., 0.]), rgb=UNKNOWN, text='+', units='height', win=Window(...), wrapWidth=1)
17.0748 	EXP 	Created image_1_5 = ImageStim(__class__=<class 'psychopy.visual.image.ImageStim'>, anchor=('center', 'center'), autoLog=True, color=array([1., 1., 1.]), colorSpace='rgb', contrast=1.0, depth=-16.0, flipHoriz=False, flipVert=False, image='default.png', interpolate=True, mask=None, maskParams=None, name='image_1_5', opacity=1.0, ori=0.0, pos=array([0., 0.]), size=array([0.5, 0.5]), texRes=128.0, units='height', win=Window(...))
17.0773 	EXP 	Created trial_fixation_1_6 = TextStim(__class__=<class 'psychopy.visual.text.TextStim'>, alignHoriz=method-wrapper(...), alignText='center', alignVert=method-wrapper(...), anchorHoriz='center', anchorVert='center', antialias=True, autoDraw=False, autoLog=True, bold=False, color=array([1., 1., 1.]), colorSpace='rgb', contrast=1.0, depth=-18.0, flipHoriz=False, flipVert=False, font='Open Sans', fontFiles=[], height=0.15, italic=False, languageStyle='LTR', name='trial_fixation_1_6', opacity=1.0, ori=0.0, pos=array([0., 0.]), rgb=UNKNOWN, text='+', units='height', win=Window(...), wrapWidth=1)
17.0910 	EXP 	Created image_1_6 = ImageStim(__class__=<class 'psychopy.visual.image.ImageStim'>, anchor=('center', 'center'), autoLog=True, color=array([1., 1., 1.]), colorSpace='rgb', contrast=1.0, depth=-19.0, flipHoriz=False, flipVert=False, image='default.png', interpolate=True, mask=None, maskParams=None, name='image_1_6', opacity=1.0, ori=0.0, pos=array([0., 0.]), size=array([0.5, 0.5]), texRes=128.0, units='height', win=Window(...))
17.0935 	EXP 	Created trial_fixation_1_7 = TextStim(__class__=<class 'psychopy.visual.text.TextStim'>, alignHoriz=method-wrapper(...), alignText='center', alignVert=method-wrapper(...), anchorHoriz='center', anchorVert='center', antialias=True, autoDraw=False, autoLog=True, bold=False, color=array([1., 1., 1.]), colorSpace='rgb', contrast=1.0, depth=-21.0, flipHoriz=False, flipVert=False, font='Open Sans', fontFiles=[], height=0.15, italic=False, languageStyle='LTR', name='trial_fixation_1_7', opacity=1.0, ori=0.0, pos=array([0., 0.]), rgb=UNKNOWN, text='+', units='height', win=Window(...), wrapWidth=1)
17.1068 	EXP 	Created image_1_7 = ImageStim(__class__=<class 'psychopy.visual.image.ImageStim'>, anchor=('center', 'center'), autoLog=True, color=array([1., 1., 1.]), colorSpace='rgb', contrast=1.0, depth=-22.0, flipHoriz=False, flipVert=False, image='default.png', interpolate=True, mask=None, maskParams=None, name='image_1_7', opacity=1.0, ori=0.0, pos=array([0., 0.]), size=array([0.5, 0.5]), texRes=128.0, units='height', win=Window(...))
17.1092 	EXP 	Created trial_fixation_1_8 = TextStim(__class__=<class 'psychopy.visual.text.TextStim'>, alignHoriz=method-wrapper(...), alignText='center', alignVert=method-wrapper(...), anchorHoriz='center', anchorVert='center', antialias=True, autoDraw=False, autoLog=True, bold=False, color=array([1., 1., 1.]), colorSpace='rgb', contrast=1.0, depth=-24.0, flipHoriz=False, flipVert=False, font='Open Sans', fontFiles=[], height=0.15, italic=False, languageStyle='LTR', name='trial_fixation_1_8', opacity=1.0, ori=0.0, pos=array([0., 0.]), rgb=UNKNOWN, text='+', units='height', win=Window(...), wrapWidth=1)
17.1229 	EXP 	Created image_1_8 = ImageStim(__class__=<class 'psychopy.visual.image.ImageStim'>, anchor=('center', 'center'), autoLog=True, color=array([1., 1., 1.]), colorSpace='rgb', contrast=1.0, depth=-25.0, flipHoriz=False, flipVert=False, image='default.png', interpolate=True, mask=None, maskParams=None, name='image_1_8', opacity=1.0, ori=0.0, pos=array([0., 0.]), size=array([0.5, 0.5]), texRes=128.0, units='height', win=Window(...))
17.1253 	EXP 	Created trial_fixation_1_9 = TextStim(__class__=<class 'psychopy.visual.text.TextStim'>, alignHoriz=method-wrapper(...), alignText='center', alignVert=method-wrapper(...), anchorHoriz='center', anchorVert='center', antialias=True, autoDraw=False, autoLog=True, bold=False, color=array([1., 1., 1.]), colorSpace='rgb', contrast=1.0, depth=-27.0, flipHoriz=False, flipVert=False, font='Open Sans', fontFiles=[], height=0.15, italic=False, languageStyle='LTR', name='trial_fixation_1_9', opacity=1.0, ori=0.0, pos=array([0., 0.]), rgb=UNKNOWN, text='+', units='height', win=Window(...), wrapWidth=1)
17.1379 	EXP 	Created image_1_9 = ImageStim(__class__=<class 'psychopy.visual.image.ImageStim'>, anchor=('center', 'center'), autoLog=True, color=array([1., 1., 1.]), colorSpace='rgb', contrast=1.0, depth=-28.0, flipHoriz=False, flipVert=False, image='default.png', interpolate=True, mask=None, maskParams=None, name='image_1_9', opacity=1.0, ori=0.0, pos=array([0., 0.]), size=array([0.5, 0.5]), texRes=128.0, units='height', win=Window(...))
17.1404 	EXP 	Created trial_fixation_1_10 = TextStim(__class__=<class 'psychopy.visual.text.TextStim'>, alignHoriz=method-wrapper(...), alignText='center', alignVert=method-wrapper(...), anchorHoriz='center', anchorVert='center', antialias=True, autoDraw=False, autoLog=True, bold=False, color=array([1., 1., 1.]), colorSpace='rgb', contrast=1.0, depth=-30.0, flipHoriz=False, flipVert=False, font='Open Sans', fontFiles=[], height=0.15, italic=False, languageStyle='LTR', name='trial_fixation_1_10', opacity=1.0, ori=0.0, pos=array([0., 0.]), rgb=UNKNOWN, text='+', units='height', win=Window(...), wrapWidth=1)
17.1545 	EXP 	Created image_1_10 = ImageStim(__class__=<class 'psychopy.visual.image.ImageStim'>, anchor=('center', 'center'), autoLog=True, color=array([1., 1., 1.]), colorSpace='rgb', contrast=1.0, depth=-31.0, flipHoriz=False, flipVert=False, image='default.png', interpolate=True, mask=None, maskParams=None, name='image_1_10', opacity=1.0, ori=0.0, pos=array([0., 0.]), size=array([0.5, 0.5]), texRes=128.0, units='height', win=Window(...))
17.1558 	EXP 	Created prep_instr_2 = TextStim(__class__=<class 'psychopy.visual.text.TextStim'>, alignHoriz=method-wrapper(...), alignText='center', alignVert=method-wrapper(...), anchorHoriz='center', anchorVert='center', antialias=True, autoDraw=False, autoLog=True, bold=False, color=array([1., 1., 1.]), colorSpace='rgb', contrast=1.0, depth=-1.0, flipHoriz=False, flipVert=False, font='Songti SC', fontFiles=[], height=0.1, italic=False, languageStyle='LTR', name='prep_instr_2', opacity=1.0, ori=0.0, pos=array([0., 0.]), rgb=UNKNOWN, text='', units='height', win=Window(...), wrapWidth=1)
17.1686 	EXP 	Created target_2 = ImageStim(__class__=<class 'psychopy.visual.image.ImageStim'>, anchor=('center', 'center'), autoLog=True, color=array([1., 1., 1.]), colorSpace='rgb', contrast=1.0, depth=-2.0, flipHoriz=False, flipVert=False, image='default.png', interpolate=True, mask=None, maskParams=None, name='target_2', opacity=1.0, ori=0.0, pos=array([0., 0.]), size=array([0.5, 0.5]), texRes=128.0, units='height', win=Window(...))
17.1711 	EXP 	Created trial_fixation_2_1 = TextStim(__class__=<class 'psychopy.visual.text.TextStim'>, alignHoriz=method-wrapper(...), alignText='center', alignVert=method-wrapper(...), anchorHoriz='center', anchorVert='center', antialias=True, autoDraw=False, autoLog=True, bold=False, color=array([1., 1., 1.]), colorSpace='rgb', contrast=1.0, depth=-3.0, flipHoriz=False, flipVert=False, font='Open Sans', fontFiles=[], height=0.15, italic=False, languageStyle='LTR', name='trial_fixation_2_1', opacity=1.0, ori=0.0, pos=array([0., 0.]), rgb=UNKNOWN, text='+', units='height', win=Window(...), wrapWidth=1)
17.1843 	EXP 	Created image_2_1 = ImageStim(__class__=<class 'psychopy.visual.image.ImageStim'>, anchor=('center', 'center'), autoLog=True, color=array([1., 1., 1.]), colorSpace='rgb', contrast=1.0, depth=-4.0, flipHoriz=False, flipVert=False, image='default.png', interpolate=True, mask=None, maskParams=None, name='image_2_1', opacity=1.0, ori=0.0, pos=array([0., 0.]), size=array([0.5, 0.5]), texRes=128.0, units='height', win=Window(...))
17.1869 	EXP 	Created trial_fixation_2_2 = TextStim(__class__=<class 'psychopy.visual.text.TextStim'>, alignHoriz=method-wrapper(...), alignText='center', alignVert=method-wrapper(...), anchorHoriz='center', anchorVert='center', antialias=True, autoDraw=False, autoLog=True, bold=False, color=array([1., 1., 1.]), colorSpace='rgb', contrast=1.0, depth=-6.0, flipHoriz=False, flipVert=False, font='Open Sans', fontFiles=[], height=0.15, italic=False, languageStyle='LTR', name='trial_fixation_2_2', opacity=1.0, ori=0.0, pos=array([0., 0.]), rgb=UNKNOWN, text='+', units='height', win=Window(...), wrapWidth=1)
17.1995 	EXP 	Created image_2_2 = ImageStim(__class__=<class 'psychopy.visual.image.ImageStim'>, anchor=('center', 'center'), autoLog=True, color=array([1., 1., 1.]), colorSpace='rgb', contrast=1.0, depth=-7.0, flipHoriz=False, flipVert=False, image='default.png', interpolate=True, mask=None, maskParams=None, name='image_2_2', opacity=1.0, ori=0.0, pos=array([0., 0.]), size=array([0.5, 0.5]), texRes=128.0, units='height', win=Window(...))
17.2019 	EXP 	Created trial_fixation_2_3 = TextStim(__class__=<class 'psychopy.visual.text.TextStim'>, alignHoriz=method-wrapper(...), alignText='center', alignVert=method-wrapper(...), anchorHoriz='center', anchorVert='center', antialias=True, autoDraw=False, autoLog=True, bold=False, color=array([1., 1., 1.]), colorSpace='rgb', contrast=1.0, depth=-9.0, flipHoriz=False, flipVert=False, font='Open Sans', fontFiles=[], height=0.15, italic=False, languageStyle='LTR', name='trial_fixation_2_3', opacity=1.0, ori=0.0, pos=array([0., 0.]), rgb=UNKNOWN, text='+', units='height', win=Window(...), wrapWidth=1)
17.2149 	EXP 	Created image_2_3 = ImageStim(__class__=<class 'psychopy.visual.image.ImageStim'>, anchor=('center', 'center'), autoLog=True, color=array([1., 1., 1.]), colorSpace='rgb', contrast=1.0, depth=-10.0, flipHoriz=False, flipVert=False, image='default.png', interpolate=True, mask=None, maskParams=None, name='image_2_3', opacity=1.0, ori=0.0, pos=array([0., 0.]), size=array([0.5, 0.5]), texRes=128.0, units='height', win=Window(...))
17.2174 	EXP 	Created trial_fixation_2_4 = TextStim(__class__=<class 'psychopy.visual.text.TextStim'>, alignHoriz=method-wrapper(...), alignText='center', alignVert=method-wrapper(...), anchorHoriz='center', anchorVert='center', antialias=True, autoDraw=False, autoLog=True, bold=False, color=array([1., 1., 1.]), colorSpace='rgb', contrast=1.0, depth=-12.0, flipHoriz=False, flipVert=False, font='Open Sans', fontFiles=[], height=0.15, italic=False, languageStyle='LTR', name='trial_fixation_2_4', opacity=1.0, ori=0.0, pos=array([0., 0.]), rgb=UNKNOWN, text='+', units='height', win=Window(...), wrapWidth=1)
17.2303 	EXP 	Created image_2_4 = ImageStim(__class__=<class 'psychopy.visual.image.ImageStim'>, anchor=('center', 'center'), autoLog=True, color=array([1., 1., 1.]), colorSpace='rgb', contrast=1.0, depth=-13.0, flipHoriz=False, flipVert=False, image='default.png', interpolate=True, mask=None, maskParams=None, name='image_2_4', opacity=1.0, ori=0.0, pos=array([0., 0.]), size=array([0.5, 0.5]), texRes=128.0, units='height', win=Window(...))
17.2327 	EXP 	Created trial_fixation_2_5 = TextStim(__class__=<class 'psychopy.visual.text.TextStim'>, alignHoriz=method-wrapper(...), alignText='center', alignVert=method-wrapper(...), anchorHoriz='center', anchorVert='center', antialias=True, autoDraw=False, autoLog=True, bold=False, color=array([1., 1., 1.]), colorSpace='rgb', contrast=1.0, depth=-15.0, flipHoriz=False, flipVert=False, font='Open Sans', fontFiles=[], height=0.15, italic=False, languageStyle='LTR', name='trial_fixation_2_5', opacity=1.0, ori=0.0, pos=array([0., 0.]), rgb=UNKNOWN, text='+', units='height', win=Window(...), wrapWidth=1)
17.2457 	EXP 	Created image_2_5 = ImageStim(__class__=<class 'psychopy.visual.image.ImageStim'>, anchor=('center', 'center'), autoLog=True, color=array([1., 1., 1.]), colorSpace='rgb', contrast=1.0, depth=-16.0, flipHoriz=False, flipVert=False, image='default.png', interpolate=True, mask=None, maskParams=None, name='image_2_5', opacity=1.0, ori=0.0, pos=array([0., 0.]), size=array([0.5, 0.5]), texRes=128.0, units='height', win=Window(...))
17.2482 	EXP 	Created trial_fixation_2_6 = TextStim(__class__=<class 'psychopy.visual.text.TextStim'>, alignHoriz=method-wrapper(...), alignText='center', alignVert=method-wrapper(...), anchorHoriz='center', anchorVert='center', antialias=True, autoDraw=False, autoLog=True, bold=False, color=array([1., 1., 1.]), colorSpace='rgb', contrast=1.0, depth=-18.0, flipHoriz=False, flipVert=False, font='Open Sans', fontFiles=[], height=0.15, italic=False, languageStyle='LTR', name='trial_fixation_2_6', opacity=1.0, ori=0.0, pos=array([0., 0.]), rgb=UNKNOWN, text='+', units='height', win=Window(...), wrapWidth=1)
17.2606 	EXP 	Created image_2_6 = ImageStim(__class__=<class 'psychopy.visual.image.ImageStim'>, anchor=('center', 'center'), autoLog=True, color=array([1., 1., 1.]), colorSpace='rgb', contrast=1.0, depth=-19.0, flipHoriz=False, flipVert=False, image='default.png', interpolate=True, mask=None, maskParams=None, name='image_2_6', opacity=1.0, ori=0.0, pos=array([0., 0.]), size=array([0.5, 0.5]), texRes=128.0, units='height', win=Window(...))
17.2631 	EXP 	Created trial_fixation_2_7 = TextStim(__class__=<class 'psychopy.visual.text.TextStim'>, alignHoriz=method-wrapper(...), alignText='center', alignVert=method-wrapper(...), anchorHoriz='center', anchorVert='center', antialias=True, autoDraw=False, autoLog=True, bold=False, color=array([1., 1., 1.]), colorSpace='rgb', contrast=1.0, depth=-21.0, flipHoriz=False, flipVert=False, font='Open Sans', fontFiles=[], height=0.15, italic=False, languageStyle='LTR', name='trial_fixation_2_7', opacity=1.0, ori=0.0, pos=array([0., 0.]), rgb=UNKNOWN, text='+', units='height', win=Window(...), wrapWidth=1)
17.2757 	EXP 	Created image_2_7 = ImageStim(__class__=<class 'psychopy.visual.image.ImageStim'>, anchor=('center', 'center'), autoLog=True, color=array([1., 1., 1.]), colorSpace='rgb', contrast=1.0, depth=-22.0, flipHoriz=False, flipVert=False, image='default.png', interpolate=True, mask=None, maskParams=None, name='image_2_7', opacity=1.0, ori=0.0, pos=array([0., 0.]), size=array([0.5, 0.5]), texRes=128.0, units='height', win=Window(...))
17.2783 	EXP 	Created trial_fixation_2_8 = TextStim(__class__=<class 'psychopy.visual.text.TextStim'>, alignHoriz=method-wrapper(...), alignText='center', alignVert=method-wrapper(...), anchorHoriz='center', anchorVert='center', antialias=True, autoDraw=False, autoLog=True, bold=False, color=array([1., 1., 1.]), colorSpace='rgb', contrast=1.0, depth=-24.0, flipHoriz=False, flipVert=False, font='Open Sans', fontFiles=[], height=0.15, italic=False, languageStyle='LTR', name='trial_fixation_2_8', opacity=1.0, ori=0.0, pos=array([0., 0.]), rgb=UNKNOWN, text='+', units='height', win=Window(...), wrapWidth=1)
17.2912 	EXP 	Created image_2_8 = ImageStim(__class__=<class 'psychopy.visual.image.ImageStim'>, anchor=('center', 'center'), autoLog=True, color=array([1., 1., 1.]), colorSpace='rgb', contrast=1.0, depth=-25.0, flipHoriz=False, flipVert=False, image='default.png', interpolate=True, mask=None, maskParams=None, name='image_2_8', opacity=1.0, ori=0.0, pos=array([0., 0.]), size=array([0.5, 0.5]), texRes=128.0, units='height', win=Window(...))
17.2940 	EXP 	Created trial_fixation_2_9 = TextStim(__class__=<class 'psychopy.visual.text.TextStim'>, alignHoriz=method-wrapper(...), alignText='center', alignVert=method-wrapper(...), anchorHoriz='center', anchorVert='center', antialias=True, autoDraw=False, autoLog=True, bold=False, color=array([1., 1., 1.]), colorSpace='rgb', contrast=1.0, depth=-27.0, flipHoriz=False, flipVert=False, font='Open Sans', fontFiles=[], height=0.15, italic=False, languageStyle='LTR', name='trial_fixation_2_9', opacity=1.0, ori=0.0, pos=array([0., 0.]), rgb=UNKNOWN, text='+', units='height', win=Window(...), wrapWidth=1)
17.3068 	EXP 	Created image_2_9 = ImageStim(__class__=<class 'psychopy.visual.image.ImageStim'>, anchor=('center', 'center'), autoLog=True, color=array([1., 1., 1.]), colorSpace='rgb', contrast=1.0, depth=-28.0, flipHoriz=False, flipVert=False, image='default.png', interpolate=True, mask=None, maskParams=None, name='image_2_9', opacity=1.0, ori=0.0, pos=array([0., 0.]), size=array([0.5, 0.5]), texRes=128.0, units='height', win=Window(...))
17.3093 	EXP 	Created trial_fixation_2_10 = TextStim(__class__=<class 'psychopy.visual.text.TextStim'>, alignHoriz=method-wrapper(...), alignText='center', alignVert=method-wrapper(...), anchorHoriz='center', anchorVert='center', antialias=True, autoDraw=False, autoLog=True, bold=False, color=array([1., 1., 1.]), colorSpace='rgb', contrast=1.0, depth=-30.0, flipHoriz=False, flipVert=False, font='Open Sans', fontFiles=[], height=0.15, italic=False, languageStyle='LTR', name='trial_fixation_2_10', opacity=1.0, ori=0.0, pos=array([0., 0.]), rgb=UNKNOWN, text='+', units='height', win=Window(...), wrapWidth=1)
17.3226 	EXP 	Created image_2_10 = ImageStim(__class__=<class 'psychopy.visual.image.ImageStim'>, anchor=('center', 'center'), autoLog=True, color=array([1., 1., 1.]), colorSpace='rgb', contrast=1.0, depth=-31.0, flipHoriz=False, flipVert=False, image='default.png', interpolate=True, mask=None, maskParams=None, name='image_2_10', opacity=1.0, ori=0.0, pos=array([0., 0.]), size=array([0.5, 0.5]), texRes=128.0, units='height', win=Window(...))
17.3293 	EXP 	Created rest_txt = TextStim(__class__=<class 'psychopy.visual.text.TextStim'>, alignHoriz=method-wrapper(...), alignText='center', alignVert=method-wrapper(...), anchorHoriz='center', anchorVert='center', antialias=True, autoDraw=False, autoLog=True, bold=False, color=array([1., 1., 1.]), colorSpace='rgb', contrast=1.0, depth=0.0, flipHoriz=False, flipVert=False, font='Songti SC', fontFiles=[], height=0.1, italic=False, languageStyle='LTR', name='rest_txt', opacity=1.0, ori=0.0, pos=array([0., 0.]), rgb=UNKNOWN, text='休息', units='height', win=Window(...), wrapWidth=1)
17.3346 	EXP 	Created end_txt = TextStim(__class__=<class 'psychopy.visual.text.TextStim'>, alignHoriz=method-wrapper(...), alignText='center', alignVert=method-wrapper(...), anchorHoriz='center', anchorVert='center', antialias=True, autoDraw=False, autoLog=True, bold=False, color=array([1., 1., 1.]), colorSpace='rgb', contrast=1.0, depth=0.0, flipHoriz=False, flipVert=False, font='Songti SC', fontFiles=[], height=0.05, italic=False, languageStyle='LTR', name='end_txt', opacity=1.0, ori=0.0, pos=array([0., 0.]), rgb=UNKNOWN, text='實驗完成', units='height', win=Window(...), wrapWidth=1)
17.3443 	EXP 	trigger_txt: autoDraw = True
17.7583 	EXP 	trigger_txt: autoDraw = False
17.7583 	EXP 	instr_txt: autoDraw = True
18.4436 	EXP 	Created sequence: sequential, trialTypes=1, nReps=8, seed=None
18.4438 	EXP 	New trial (rep=0, index=0): None
18.7025 	EXP 	instr_txt: autoDraw = False
18.7025 	EXP 	prep_instr_1: height = 0.1
18.7025 	EXP 	prep_instr_1: height = 0.1
18.7025 	EXP 	prep_instr_1: height = 0.1
18.7025 	EXP 	prep_instr_1: text = '0-Back'
18.7025 	EXP 	target_1: image = 'nback_stimuli/BP_074_BODY_13_BA.png'
18.7025 	EXP 	image_1_1: image = 'nback_stimuli/BP_078_BODY_17_BA.png'
18.7025 	EXP 	image_1_2: image = 'nback_stimuli/BP_074_BODY_13_BA.png'
18.7025 	EXP 	image_1_3: image = 'nback_stimuli/BP_075_BODY_14_BA.png'
18.7025 	EXP 	image_1_4: image = 'nback_stimuli/BP_076_BODY_15_BA.png'
18.7025 	EXP 	image_1_5: image = 'nback_stimuli/BP_078_BODY_17_BA.png'
18.7025 	EXP 	image_1_6: image = 'nback_stimuli/BP_079_BODY_18_BA.png'
18.7025 	EXP 	image_1_7: image = 'nback_stimuli/BP_079_BODY_18_BA.png'
18.7025 	EXP 	image_1_8: image = 'nback_stimuli/BP_077_BODY_16_BA.png'
18.7025 	EXP 	image_1_9: image = 'nback_stimuli/BP_074_BODY_13_BA.png'
18.7025 	EXP 	image_1_10: image = 'nback_stimuli/BP_075_BODY_14_BA.png'
18.7025 	EXP 	prep_instr_1: autoDraw = True
18.7025 	EXP 	target_1: autoDraw = True
21.2123 	EXP 	prep_instr_1: autoDraw = False
21.2123 	EXP 	target_1: autoDraw = False
21.2123 	EXP 	trial_fixation_1_1: autoDraw = True
21.7129 	EXP 	trial_fixation_1_1: autoDraw = False
21.7129 	EXP 	image_1_1: autoDraw = True
24.2159 	EXP 	image_1_1: autoDraw = False
24.2159 	EXP 	trial_fixation_1_2: autoDraw = True
24.7162 	EXP 	trial_fixation_1_2: autoDraw = False
24.7162 	EXP 	image_1_2: autoDraw = True
27.2192 	EXP 	image_1_2: autoDraw = False
27.2192 	EXP 	trial_fixation_1_3: autoDraw = True
27.7197 	EXP 	trial_fixation_1_3: autoDraw = False
27.7197 	EXP 	image_1_3: autoDraw = True
30.2226 	EXP 	image_1_3: autoDraw = False
30.2226 	EXP 	trial_fixation_1_4: autoDraw = True
30.7232 	EXP 	trial_fixation_1_4: autoDraw = False
30.7232 	EXP 	image_1_4: autoDraw = True
33.2264 	EXP 	image_1_4: autoDraw = False
33.2264 	EXP 	trial_fixation_1_5: autoDraw = True
33.7273 	EXP 	trial_fixation_1_5: autoDraw = False
33.7273 	EXP 	image_1_5: autoDraw = True
36.2302 	EXP 	image_1_5: autoDraw = False
36.2302 	EXP 	trial_fixation_1_6: autoDraw = True
36.7304 	EXP 	trial_fixation_1_6: autoDraw = False
36.7304 	EXP 	image_1_6: autoDraw = True
39.2330 	EXP 	image_1_6: autoDraw = False
39.2330 	EXP 	trial_fixation_1_7: autoDraw = True
39.7337 	EXP 	trial_fixation_1_7: autoDraw = False
39.7337 	EXP 	image_1_7: autoDraw = True
42.2366 	EXP 	image_1_7: autoDraw = False
42.2366 	EXP 	trial_fixation_1_8: autoDraw = True
42.7372 	EXP 	trial_fixation_1_8: autoDraw = False
42.7372 	EXP 	image_1_8: autoDraw = True
45.2401 	EXP 	image_1_8: autoDraw = False
45.2401 	EXP 	trial_fixation_1_9: autoDraw = True
45.7407 	EXP 	trial_fixation_1_9: autoDraw = False
45.7407 	EXP 	image_1_9: autoDraw = True
48.2435 	EXP 	image_1_9: autoDraw = False
48.2435 	EXP 	trial_fixation_1_10: autoDraw = True
48.7443 	EXP 	trial_fixation_1_10: autoDraw = False
48.7443 	EXP 	image_1_10: autoDraw = True
51.4600 	EXP 	image_1_10: autoDraw = False
51.4600 	EXP 	prep_instr_1: autoDraw = False
51.4600 	EXP 	target_1: autoDraw = False
51.4600 	EXP 	trial_fixation_1_1: autoDraw = False
51.4600 	EXP 	image_1_1: autoDraw = False
51.4600 	EXP 	trial_fixation_1_2: autoDraw = False
51.4600 	EXP 	image_1_2: autoDraw = False
51.4600 	EXP 	trial_fixation_1_3: autoDraw = False
51.4600 	EXP 	image_1_3: autoDraw = False
51.4600 	EXP 	trial_fixation_1_4: autoDraw = False
51.4600 	EXP 	image_1_4: autoDraw = False
51.4600 	EXP 	trial_fixation_1_5: autoDraw = False
51.4600 	EXP 	image_1_5: autoDraw = False
51.4600 	EXP 	trial_fixation_1_6: autoDraw = False
51.4600 	EXP 	image_1_6: autoDraw = False
51.4600 	EXP 	trial_fixation_1_7: autoDraw = False
51.4600 	EXP 	image_1_7: autoDraw = False
51.4600 	EXP 	trial_fixation_1_8: autoDraw = False
51.4600 	EXP 	image_1_8: autoDraw = False
51.4600 	EXP 	trial_fixation_1_9: autoDraw = False
51.4600 	EXP 	image_1_9: autoDraw = False
51.4600 	EXP 	trial_fixation_1_10: autoDraw = False
51.4600 	EXP 	image_1_10: autoDraw = False
51.4600 	EXP 	prep_instr_2: height = 0.1
51.4600 	EXP 	prep_instr_2: height = 0.1
51.4600 	EXP 	prep_instr_2: height = 0.1
51.4600 	EXP 	prep_instr_2: text = '2-Back'
51.4600 	EXP 	target_2: image = 'nback_stimuli/PL_081_O10.1.png'
51.4600 	EXP 	image_2_1: image = 'nback_stimuli/PL_081_O10.1.png'
51.4600 	EXP 	image_2_2: image = 'nback_stimuli/PL_081_O10.1.png'
51.4600 	EXP 	image_2_3: image = 'nback_stimuli/PL_082_O11.1.png'
51.4600 	EXP 	image_2_4: image = 'nback_stimuli/PL_077_P70.1.png'
51.4600 	EXP 	image_2_5: image = 'nback_stimuli/PL_082_O11.1.png'
51.4600 	EXP 	image_2_6: image = 'nback_stimuli/PL_078_P71.1.png'
51.4600 	EXP 	image_2_7: image = 'nback_stimuli/PL_079_P72.1.png'
51.4600 	EXP 	image_2_8: image = 'nback_stimuli/PL_077_P70.1.png'
51.4600 	EXP 	image_2_9: image = 'nback_stimuli/PL_079_P72.1.png'
51.4600 	EXP 	image_2_10: image = 'nback_stimuli/PL_080_O1.1.png'
51.4600 	EXP 	prep_instr_2: autoDraw = True
51.4600 	EXP 	target_2: autoDraw = True
53.9667 	EXP 	prep_instr_2: autoDraw = False
53.9667 	EXP 	target_2: autoDraw = False
53.9667 	EXP 	trial_fixation_2_1: autoDraw = True
54.4672 	EXP 	trial_fixation_2_1: autoDraw = False
54.4672 	EXP 	image_2_1: autoDraw = True
56.9702 	EXP 	image_2_1: autoDraw = False
56.9702 	EXP 	trial_fixation_2_2: autoDraw = True
57.4706 	EXP 	trial_fixation_2_2: autoDraw = False
57.4706 	EXP 	image_2_2: autoDraw = True
59.9742 	EXP 	image_2_2: autoDraw = False
59.9742 	EXP 	trial_fixation_2_3: autoDraw = True
60.4741 	EXP 	trial_fixation_2_3: autoDraw = False
60.4741 	EXP 	image_2_3: autoDraw = True
62.9770 	EXP 	image_2_3: autoDraw = False
62.9770 	EXP 	trial_fixation_2_4: autoDraw = True
63.4776 	EXP 	trial_fixation_2_4: autoDraw = False
63.4776 	EXP 	image_2_4: autoDraw = True
65.9805 	EXP 	image_2_4: autoDraw = False
65.9805 	EXP 	trial_fixation_2_5: autoDraw = True
66.4811 	EXP 	trial_fixation_2_5: autoDraw = False
66.4811 	EXP 	image_2_5: autoDraw = True
68.9840 	EXP 	image_2_5: autoDraw = False
68.9840 	EXP 	trial_fixation_2_6: autoDraw = True
69.4845 	EXP 	trial_fixation_2_6: autoDraw = False
69.4845 	EXP 	image_2_6: autoDraw = True
71.9875 	EXP 	image_2_6: autoDraw = False
71.9875 	EXP 	trial_fixation_2_7: autoDraw = True
72.4882 	EXP 	trial_fixation_2_7: autoDraw = False
72.4882 	EXP 	image_2_7: autoDraw = True
74.9908 	EXP 	image_2_7: autoDraw = False
74.9908 	EXP 	trial_fixation_2_8: autoDraw = True
75.4914 	EXP 	trial_fixation_2_8: autoDraw = False
75.4914 	EXP 	image_2_8: autoDraw = True
77.9943 	EXP 	image_2_8: autoDraw = False
77.9943 	EXP 	trial_fixation_2_9: autoDraw = True
78.4949 	EXP 	trial_fixation_2_9: autoDraw = False
78.4949 	EXP 	image_2_9: autoDraw = True
80.9978 	EXP 	image_2_9: autoDraw = False
80.9978 	EXP 	trial_fixation_2_10: autoDraw = True
81.4986 	EXP 	trial_fixation_2_10: autoDraw = False
81.4986 	EXP 	image_2_10: autoDraw = True
84.0014 	EXP 	image_2_10: autoDraw = False
84.0014 	EXP 	prep_instr_2: autoDraw = False
84.0014 	EXP 	target_2: autoDraw = False
84.0014 	EXP 	trial_fixation_2_1: autoDraw = False
84.0014 	EXP 	image_2_1: autoDraw = False
84.0014 	EXP 	trial_fixation_2_2: autoDraw = False
84.0014 	EXP 	image_2_2: autoDraw = False
84.0014 	EXP 	trial_fixation_2_3: autoDraw = False
84.0014 	EXP 	image_2_3: autoDraw = False
84.0014 	EXP 	trial_fixation_2_4: autoDraw = False
84.0014 	EXP 	image_2_4: autoDraw = False
84.0014 	EXP 	trial_fixation_2_5: autoDraw = False
84.0014 	EXP 	image_2_5: autoDraw = False
84.0014 	EXP 	trial_fixation_2_6: autoDraw = False
84.0014 	EXP 	image_2_6: autoDraw = False
84.0014 	EXP 	trial_fixation_2_7: autoDraw = False
84.0014 	EXP 	image_2_7: autoDraw = False
84.0014 	EXP 	trial_fixation_2_8: autoDraw = False
84.0014 	EXP 	image_2_8: autoDraw = False
84.0014 	EXP 	trial_fixation_2_9: autoDraw = False
84.0014 	EXP 	image_2_9: autoDraw = False
84.0014 	EXP 	trial_fixation_2_10: autoDraw = False
84.0014 	EXP 	image_2_10: autoDraw = False
84.0014 	EXP 	rest_txt: autoDraw = True
99.0192 	EXP 	New trial (rep=1, index=0): None
99.5053 	EXP 	rest_txt: autoDraw = False
99.5053 	EXP 	rest_txt: autoDraw = False
99.5053 	EXP 	prep_instr_1: height = 0.1
99.5053 	EXP 	prep_instr_1: height = 0.1
99.5053 	EXP 	prep_instr_1: height = 0.1
99.5053 	EXP 	prep_instr_1: text = '2-Back'
99.5053 	EXP 	target_1: image = 'nback_stimuli/BP_080_BODY_19_BA.png'
99.5053 	EXP 	image_1_1: image = 'nback_stimuli/BP_080_BODY_19_BA.png'
99.5053 	EXP 	image_1_2: image = 'nback_stimuli/BP_084_BODY_23_BA.png'
99.5053 	EXP 	image_1_3: image = 'nback_stimuli/BP_080_BODY_19_BA.png'
99.5053 	EXP 	image_1_4: image = 'nback_stimuli/BP_085_BODY_24_BA.png'
99.5053 	EXP 	image_1_5: image = 'nback_stimuli/BP_085_BODY_24_BA.png'
99.5053 	EXP 	image_1_6: image = 'nback_stimuli/BP_084_BODY_23_BA.png'
99.5053 	EXP 	image_1_7: image = 'nback_stimuli/BP_082_BODY_21_BA.png'
99.5053 	EXP 	image_1_8: image = 'nback_stimuli/BP_081_BODY_20_BA.png'
99.5053 	EXP 	image_1_9: image = 'nback_stimuli/BP_083_BODY_22_BA.png'
99.5053 	EXP 	image_1_10: image = 'nback_stimuli/BP_081_BODY_20_BA.png'
99.5053 	EXP 	prep_instr_1: autoDraw = True
99.5053 	EXP 	target_1: autoDraw = True
102.0053 	EXP 	prep_instr_1: autoDraw = False
102.0053 	EXP 	target_1: autoDraw = False
102.0053 	EXP 	trial_fixation_1_1: autoDraw = True
102.5059 	EXP 	trial_fixation_1_1: autoDraw = False
102.5059 	EXP 	image_1_1: autoDraw = True
105.0089 	EXP 	image_1_1: autoDraw = False
105.0089 	EXP 	trial_fixation_1_2: autoDraw = True
105.5095 	EXP 	trial_fixation_1_2: autoDraw = False
105.5095 	EXP 	image_1_2: autoDraw = True
108.0123 	EXP 	image_1_2: autoDraw = False
108.0123 	EXP 	trial_fixation_1_3: autoDraw = True
108.5129 	EXP 	trial_fixation_1_3: autoDraw = False
108.5129 	EXP 	image_1_3: autoDraw = True
111.0157 	EXP 	image_1_3: autoDraw = False
111.0157 	EXP 	trial_fixation_1_4: autoDraw = True
111.5163 	EXP 	trial_fixation_1_4: autoDraw = False
111.5163 	EXP 	image_1_4: autoDraw = True
114.0193 	EXP 	image_1_4: autoDraw = False
114.0193 	EXP 	trial_fixation_1_5: autoDraw = True
114.5200 	EXP 	trial_fixation_1_5: autoDraw = False
114.5200 	EXP 	image_1_5: autoDraw = True
117.0233 	EXP 	image_1_5: autoDraw = False
117.0233 	EXP 	trial_fixation_1_6: autoDraw = True
117.5239 	EXP 	trial_fixation_1_6: autoDraw = False
117.5239 	EXP 	image_1_6: autoDraw = True
120.0268 	EXP 	image_1_6: autoDraw = False
120.0268 	EXP 	trial_fixation_1_7: autoDraw = True
120.5273 	EXP 	trial_fixation_1_7: autoDraw = False
120.5273 	EXP 	image_1_7: autoDraw = True
123.0303 	EXP 	image_1_7: autoDraw = False
123.0303 	EXP 	trial_fixation_1_8: autoDraw = True
123.5309 	EXP 	trial_fixation_1_8: autoDraw = False
123.5309 	EXP 	image_1_8: autoDraw = True
126.0331 	EXP 	image_1_8: autoDraw = False
126.0331 	EXP 	trial_fixation_1_9: autoDraw = True
126.5337 	EXP 	trial_fixation_1_9: autoDraw = False
126.5337 	EXP 	image_1_9: autoDraw = True
129.0366 	EXP 	image_1_9: autoDraw = False
129.0366 	EXP 	trial_fixation_1_10: autoDraw = True
129.5372 	EXP 	trial_fixation_1_10: autoDraw = False
129.5372 	EXP 	image_1_10: autoDraw = True
132.8044 	EXP 	image_1_10: autoDraw = False
132.8044 	EXP 	prep_instr_1: autoDraw = False
132.8044 	EXP 	target_1: autoDraw = False
132.8044 	EXP 	trial_fixation_1_1: autoDraw = False
132.8044 	EXP 	image_1_1: autoDraw = False
132.8044 	EXP 	trial_fixation_1_2: autoDraw = False
132.8044 	EXP 	image_1_2: autoDraw = False
132.8044 	EXP 	trial_fixation_1_3: autoDraw = False
132.8044 	EXP 	image_1_3: autoDraw = False
132.8044 	EXP 	trial_fixation_1_4: autoDraw = False
132.8044 	EXP 	image_1_4: autoDraw = False
132.8044 	EXP 	trial_fixation_1_5: autoDraw = False
132.8044 	EXP 	image_1_5: autoDraw = False
132.8044 	EXP 	trial_fixation_1_6: autoDraw = False
132.8044 	EXP 	image_1_6: autoDraw = False
132.8044 	EXP 	trial_fixation_1_7: autoDraw = False
132.8044 	EXP 	image_1_7: autoDraw = False
132.8044 	EXP 	trial_fixation_1_8: autoDraw = False
132.8044 	EXP 	image_1_8: autoDraw = False
132.8044 	EXP 	trial_fixation_1_9: autoDraw = False
132.8044 	EXP 	image_1_9: autoDraw = False
132.8044 	EXP 	trial_fixation_1_10: autoDraw = False
132.8044 	EXP 	image_1_10: autoDraw = False
132.8044 	EXP 	prep_instr_2: height = 0.1
132.8044 	EXP 	prep_instr_2: height = 0.1
132.8044 	EXP 	prep_instr_2: height = 0.1
132.8044 	EXP 	prep_instr_2: text = '0-Back'
132.8044 	EXP 	target_2: image = 'nback_stimuli/PL_083_O12.1.png'
132.8044 	EXP 	image_2_1: image = 'nback_stimuli/PL_086_O37.1.png'
132.8044 	EXP 	image_2_2: image = 'nback_stimuli/PL_085_O3.1.png'
132.8044 	EXP 	image_2_3: image = 'nback_stimuli/PL_083_O12.1.png'
132.8044 	EXP 	image_2_4: image = 'nback_stimuli/PL_083_O12.1.png'
132.8044 	EXP 	image_2_5: image = 'nback_stimuli/PL_088_O42.1.png'
132.8044 	EXP 	image_2_6: image = 'nback_stimuli/PL_088_O42.1.png'
132.8044 	EXP 	image_2_7: image = 'nback_stimuli/PL_085_O3.1.png'
132.8044 	EXP 	image_2_8: image = 'nback_stimuli/PL_087_O38.1.png'
132.8044 	EXP 	image_2_9: image = 'nback_stimuli/PL_084_O2.1.png'
132.8044 	EXP 	image_2_10: image = 'nback_stimuli/PL_087_O38.1.png'
132.8044 	EXP 	prep_instr_2: autoDraw = True
132.8044 	EXP 	target_2: autoDraw = True
135.3104 	EXP 	prep_instr_2: autoDraw = False
135.3104 	EXP 	target_2: autoDraw = False
135.3104 	EXP 	trial_fixation_2_1: autoDraw = True
135.8113 	EXP 	trial_fixation_2_1: autoDraw = False
135.8113 	EXP 	image_2_1: autoDraw = True
138.3138 	EXP 	image_2_1: autoDraw = False
138.3138 	EXP 	trial_fixation_2_2: autoDraw = True
138.8145 	EXP 	trial_fixation_2_2: autoDraw = False
138.8145 	EXP 	image_2_2: autoDraw = True
141.3173 	EXP 	image_2_2: autoDraw = False
141.3173 	EXP 	trial_fixation_2_3: autoDraw = True
141.8179 	EXP 	trial_fixation_2_3: autoDraw = False
141.8179 	EXP 	image_2_3: autoDraw = True
144.3208 	EXP 	image_2_3: autoDraw = False
144.3208 	EXP 	trial_fixation_2_4: autoDraw = True
144.8214 	EXP 	trial_fixation_2_4: autoDraw = False
144.8214 	EXP 	image_2_4: autoDraw = True
147.3243 	EXP 	image_2_4: autoDraw = False
147.3243 	EXP 	trial_fixation_2_5: autoDraw = True
147.8248 	EXP 	trial_fixation_2_5: autoDraw = False
147.8248 	EXP 	image_2_5: autoDraw = True
150.3276 	EXP 	image_2_5: autoDraw = False
150.3276 	EXP 	trial_fixation_2_6: autoDraw = True
150.8282 	EXP 	trial_fixation_2_6: autoDraw = False
150.8282 	EXP 	image_2_6: autoDraw = True
153.3311 	EXP 	image_2_6: autoDraw = False
153.3311 	EXP 	trial_fixation_2_7: autoDraw = True
153.8320 	EXP 	trial_fixation_2_7: autoDraw = False
153.8320 	EXP 	image_2_7: autoDraw = True
156.3346 	EXP 	image_2_7: autoDraw = False
156.3346 	EXP 	trial_fixation_2_8: autoDraw = True
156.8352 	EXP 	trial_fixation_2_8: autoDraw = False
156.8352 	EXP 	image_2_8: autoDraw = True
159.3380 	EXP 	image_2_8: autoDraw = False
159.3380 	EXP 	trial_fixation_2_9: autoDraw = True
159.8387 	EXP 	trial_fixation_2_9: autoDraw = False
159.8387 	EXP 	image_2_9: autoDraw = True
162.3415 	EXP 	image_2_9: autoDraw = False
162.3415 	EXP 	trial_fixation_2_10: autoDraw = True
162.8420 	EXP 	trial_fixation_2_10: autoDraw = False
162.8420 	EXP 	image_2_10: autoDraw = True
165.3450 	EXP 	image_2_10: autoDraw = False
165.3450 	EXP 	prep_instr_2: autoDraw = False
165.3450 	EXP 	target_2: autoDraw = False
165.3450 	EXP 	trial_fixation_2_1: autoDraw = False
165.3450 	EXP 	image_2_1: autoDraw = False
165.3450 	EXP 	trial_fixation_2_2: autoDraw = False
165.3450 	EXP 	image_2_2: autoDraw = False
165.3450 	EXP 	trial_fixation_2_3: autoDraw = False
165.3450 	EXP 	image_2_3: autoDraw = False
165.3450 	EXP 	trial_fixation_2_4: autoDraw = False
165.3450 	EXP 	image_2_4: autoDraw = False
165.3450 	EXP 	trial_fixation_2_5: autoDraw = False
165.3450 	EXP 	image_2_5: autoDraw = False
165.3450 	EXP 	trial_fixation_2_6: autoDraw = False
165.3450 	EXP 	image_2_6: autoDraw = False
165.3450 	EXP 	trial_fixation_2_7: autoDraw = False
165.3450 	EXP 	image_2_7: autoDraw = False
165.3450 	EXP 	trial_fixation_2_8: autoDraw = False
165.3450 	EXP 	image_2_8: autoDraw = False
165.3450 	EXP 	trial_fixation_2_9: autoDraw = False
165.3450 	EXP 	image_2_9: autoDraw = False
165.3450 	EXP 	trial_fixation_2_10: autoDraw = False
165.3450 	EXP 	image_2_10: autoDraw = False
165.3450 	EXP 	rest_txt: autoDraw = True
180.3630 	EXP 	New trial (rep=2, index=0): None
180.8574 	EXP 	rest_txt: autoDraw = False
180.8574 	EXP 	rest_txt: autoDraw = False
180.8574 	EXP 	prep_instr_1: text = '2-Back'
180.8574 	EXP 	target_1: image = 'nback_stimuli/FC_073_M37.png'
180.8574 	EXP 	image_1_1: image = 'nback_stimuli/FC_073_M37.png'
180.8574 	EXP 	image_1_2: image = 'nback_stimuli/FC_078_F39.png'
180.8574 	EXP 	image_1_3: image = 'nback_stimuli/FC_073_M37.png'
180.8574 	EXP 	image_1_4: image = 'nback_stimuli/FC_076_F38.png'
180.8574 	EXP 	image_1_5: image = 'nback_stimuli/FC_075_M38.png'
180.8574 	EXP 	image_1_6: image = 'nback_stimuli/FC_075_M38.png'
180.8574 	EXP 	image_1_7: image = 'nback_stimuli/FC_076_F38.png'
180.8574 	EXP 	image_1_8: image = 'nback_stimuli/FC_074_F37.png'
180.8574 	EXP 	image_1_9: image = 'nback_stimuli/FC_077_M39.png'
180.8574 	EXP 	image_1_10: image = 'nback_stimuli/FC_074_F37.png'
180.8574 	EXP 	prep_instr_1: autoDraw = True
180.8574 	EXP 	target_1: autoDraw = True
183.3658 	EXP 	prep_instr_1: autoDraw = False
183.3658 	EXP 	target_1: autoDraw = False
183.3658 	EXP 	trial_fixation_1_1: autoDraw = True
183.8665 	EXP 	trial_fixation_1_1: autoDraw = False
183.8665 	EXP 	image_1_1: autoDraw = True
186.3693 	EXP 	image_1_1: autoDraw = False
186.3693 	EXP 	trial_fixation_1_2: autoDraw = True
186.8699 	EXP 	trial_fixation_1_2: autoDraw = False
186.8699 	EXP 	image_1_2: autoDraw = True
189.3725 	EXP 	image_1_2: autoDraw = False
189.3725 	EXP 	trial_fixation_1_3: autoDraw = True
189.8733 	EXP 	trial_fixation_1_3: autoDraw = False
189.8733 	EXP 	image_1_3: autoDraw = True
192.3762 	EXP 	image_1_3: autoDraw = False
192.3762 	EXP 	trial_fixation_1_4: autoDraw = True
192.8768 	EXP 	trial_fixation_1_4: autoDraw = False
192.8768 	EXP 	image_1_4: autoDraw = True
195.3796 	EXP 	image_1_4: autoDraw = False
195.3796 	EXP 	trial_fixation_1_5: autoDraw = True
195.8804 	EXP 	trial_fixation_1_5: autoDraw = False
195.8804 	EXP 	image_1_5: autoDraw = True
198.3830 	EXP 	image_1_5: autoDraw = False
198.3830 	EXP 	trial_fixation_1_6: autoDraw = True
198.8837 	EXP 	trial_fixation_1_6: autoDraw = False
198.8837 	EXP 	image_1_6: autoDraw = True
201.3866 	EXP 	image_1_6: autoDraw = False
201.3866 	EXP 	trial_fixation_1_7: autoDraw = True
201.8872 	EXP 	trial_fixation_1_7: autoDraw = False
201.8872 	EXP 	image_1_7: autoDraw = True
204.3900 	EXP 	image_1_7: autoDraw = False
204.3900 	EXP 	trial_fixation_1_8: autoDraw = True
204.8908 	EXP 	trial_fixation_1_8: autoDraw = False
204.8908 	EXP 	image_1_8: autoDraw = True
207.3935 	EXP 	image_1_8: autoDraw = False
207.3935 	EXP 	trial_fixation_1_9: autoDraw = True
207.8942 	EXP 	trial_fixation_1_9: autoDraw = False
207.8942 	EXP 	image_1_9: autoDraw = True
210.3970 	EXP 	image_1_9: autoDraw = False
210.3970 	EXP 	trial_fixation_1_10: autoDraw = True
210.8976 	EXP 	trial_fixation_1_10: autoDraw = False
210.8976 	EXP 	image_1_10: autoDraw = True
213.6056 	EXP 	image_1_10: autoDraw = False
213.6056 	EXP 	prep_instr_1: autoDraw = False
213.6056 	EXP 	target_1: autoDraw = False
213.6056 	EXP 	trial_fixation_1_1: autoDraw = False
213.6056 	EXP 	image_1_1: autoDraw = False
213.6056 	EXP 	trial_fixation_1_2: autoDraw = False
213.6056 	EXP 	image_1_2: autoDraw = False
213.6056 	EXP 	trial_fixation_1_3: autoDraw = False
213.6056 	EXP 	image_1_3: autoDraw = False
213.6056 	EXP 	trial_fixation_1_4: autoDraw = False
213.6056 	EXP 	image_1_4: autoDraw = False
213.6056 	EXP 	trial_fixation_1_5: autoDraw = False
213.6056 	EXP 	image_1_5: autoDraw = False
213.6056 	EXP 	trial_fixation_1_6: autoDraw = False
213.6056 	EXP 	image_1_6: autoDraw = False
213.6056 	EXP 	trial_fixation_1_7: autoDraw = False
213.6056 	EXP 	image_1_7: autoDraw = False
213.6056 	EXP 	trial_fixation_1_8: autoDraw = False
213.6056 	EXP 	image_1_8: autoDraw = False
213.6056 	EXP 	trial_fixation_1_9: autoDraw = False
213.6056 	EXP 	image_1_9: autoDraw = False
213.6056 	EXP 	trial_fixation_1_10: autoDraw = False
213.6056 	EXP 	image_1_10: autoDraw = False
213.6056 	EXP 	prep_instr_2: text = '0-Back'
213.6056 	EXP 	target_2: image = 'nback_stimuli/TO_073_TOOL73_BA.png'
213.6056 	EXP 	image_2_1: image = 'nback_stimuli/TO_075_TOOL75_BA.png'
213.6056 	EXP 	image_2_2: image = 'nback_stimuli/TO_077_TOOL77_BA.png'
213.6056 	EXP 	image_2_3: image = 'nback_stimuli/TO_073_TOOL73_BA.png'
213.6056 	EXP 	image_2_4: image = 'nback_stimuli/TO_078_TOOL78_BA.png'
213.6056 	EXP 	image_2_5: image = 'nback_stimuli/TO_077_TOOL77_BA.png'
213.6056 	EXP 	image_2_6: image = 'nback_stimuli/TO_074_TOOL74_BA.png'
213.6056 	EXP 	image_2_7: image = 'nback_stimuli/TO_074_TOOL74_BA.png'
213.6056 	EXP 	image_2_8: image = 'nback_stimuli/TO_076_TOOL76_BA.png'
213.6056 	EXP 	image_2_9: image = 'nback_stimuli/TO_075_TOOL75_BA.png'
213.6056 	EXP 	image_2_10: image = 'nback_stimuli/TO_073_TOOL73_BA.png'
213.6056 	EXP 	prep_instr_2: autoDraw = True
213.6056 	EXP 	target_2: autoDraw = True
216.1036 	EXP 	prep_instr_2: autoDraw = False
216.1036 	EXP 	target_2: autoDraw = False
216.1036 	EXP 	trial_fixation_2_1: autoDraw = True
216.6042 	EXP 	trial_fixation_2_1: autoDraw = False
216.6042 	EXP 	image_2_1: autoDraw = True
219.1070 	EXP 	image_2_1: autoDraw = False
219.1070 	EXP 	trial_fixation_2_2: autoDraw = True
219.6076 	EXP 	trial_fixation_2_2: autoDraw = False
219.6076 	EXP 	image_2_2: autoDraw = True
222.1101 	EXP 	image_2_2: autoDraw = False
222.1101 	EXP 	trial_fixation_2_3: autoDraw = True
222.6110 	EXP 	trial_fixation_2_3: autoDraw = False
222.6110 	EXP 	image_2_3: autoDraw = True
225.1140 	EXP 	image_2_3: autoDraw = False
225.1140 	EXP 	trial_fixation_2_4: autoDraw = True
225.6145 	EXP 	trial_fixation_2_4: autoDraw = False
225.6145 	EXP 	image_2_4: autoDraw = True
228.1174 	EXP 	image_2_4: autoDraw = False
228.1174 	EXP 	trial_fixation_2_5: autoDraw = True
228.6178 	EXP 	trial_fixation_2_5: autoDraw = False
228.6178 	EXP 	image_2_5: autoDraw = True
231.1207 	EXP 	image_2_5: autoDraw = False
231.1207 	EXP 	trial_fixation_2_6: autoDraw = True
231.6212 	EXP 	trial_fixation_2_6: autoDraw = False
231.6212 	EXP 	image_2_6: autoDraw = True
234.1241 	EXP 	image_2_6: autoDraw = False
234.1241 	EXP 	trial_fixation_2_7: autoDraw = True
234.6249 	EXP 	trial_fixation_2_7: autoDraw = False
234.6249 	EXP 	image_2_7: autoDraw = True
237.1276 	EXP 	image_2_7: autoDraw = False
237.1276 	EXP 	trial_fixation_2_8: autoDraw = True
237.6282 	EXP 	trial_fixation_2_8: autoDraw = False
237.6282 	EXP 	image_2_8: autoDraw = True
240.1310 	EXP 	image_2_8: autoDraw = False
240.1310 	EXP 	trial_fixation_2_9: autoDraw = True
240.6317 	EXP 	trial_fixation_2_9: autoDraw = False
240.6317 	EXP 	image_2_9: autoDraw = True
243.1346 	EXP 	image_2_9: autoDraw = False
243.1346 	EXP 	trial_fixation_2_10: autoDraw = True
243.6350 	EXP 	trial_fixation_2_10: autoDraw = False
243.6350 	EXP 	image_2_10: autoDraw = True
246.1381 	EXP 	image_2_10: autoDraw = False
246.1381 	EXP 	prep_instr_2: autoDraw = False
246.1381 	EXP 	target_2: autoDraw = False
246.1381 	EXP 	trial_fixation_2_1: autoDraw = False
246.1381 	EXP 	image_2_1: autoDraw = False
246.1381 	EXP 	trial_fixation_2_2: autoDraw = False
246.1381 	EXP 	image_2_2: autoDraw = False
246.1381 	EXP 	trial_fixation_2_3: autoDraw = False
246.1381 	EXP 	image_2_3: autoDraw = False
246.1381 	EXP 	trial_fixation_2_4: autoDraw = False
246.1381 	EXP 	image_2_4: autoDraw = False
246.1381 	EXP 	trial_fixation_2_5: autoDraw = False
246.1381 	EXP 	image_2_5: autoDraw = False
246.1381 	EXP 	trial_fixation_2_6: autoDraw = False
246.1381 	EXP 	image_2_6: autoDraw = False
246.1381 	EXP 	trial_fixation_2_7: autoDraw = False
246.1381 	EXP 	image_2_7: autoDraw = False
246.1381 	EXP 	trial_fixation_2_8: autoDraw = False
246.1381 	EXP 	image_2_8: autoDraw = False
246.1381 	EXP 	trial_fixation_2_9: autoDraw = False
246.1381 	EXP 	image_2_9: autoDraw = False
246.1381 	EXP 	trial_fixation_2_10: autoDraw = False
246.1381 	EXP 	image_2_10: autoDraw = False
246.1381 	EXP 	rest_txt: autoDraw = True
261.1560 	EXP 	New trial (rep=3, index=0): None
261.9370 	EXP 	rest_txt: autoDraw = False
261.9370 	EXP 	rest_txt: autoDraw = False
261.9370 	EXP 	prep_instr_1: height = 0.1
261.9370 	EXP 	prep_instr_1: height = 0.1
261.9370 	EXP 	prep_instr_1: height = 0.1
261.9370 	EXP 	prep_instr_1: text = '0-Back'
261.9370 	EXP 	target_1: image = 'nback_stimuli/FC_080_F40.png'
261.9370 	EXP 	image_1_1: image = 'nback_stimuli/FC_083_M42.png'
261.9370 	EXP 	image_1_2: image = 'nback_stimuli/FC_081_M41.png'
261.9370 	EXP 	image_1_3: image = 'nback_stimuli/FC_084_F42.png'
261.9370 	EXP 	image_1_4: image = 'nback_stimuli/FC_080_F40.png'
261.9370 	EXP 	image_1_5: image = 'nback_stimuli/FC_082_F41.png'
261.9370 	EXP 	image_1_6: image = 'nback_stimuli/FC_084_F42.png'
261.9370 	EXP 	image_1_7: image = 'nback_stimuli/FC_079_M40.png'
261.9370 	EXP 	image_1_8: image = 'nback_stimuli/FC_083_M42.png'
261.9370 	EXP 	image_1_9: image = 'nback_stimuli/FC_082_F41.png'
261.9370 	EXP 	image_1_10: image = 'nback_stimuli/FC_080_F40.png'
261.9370 	EXP 	prep_instr_1: autoDraw = True
261.9370 	EXP 	target_1: autoDraw = True
264.4424 	EXP 	prep_instr_1: autoDraw = False
264.4424 	EXP 	target_1: autoDraw = False
264.4424 	EXP 	trial_fixation_1_1: autoDraw = True
264.9430 	EXP 	trial_fixation_1_1: autoDraw = False
264.9430 	EXP 	image_1_1: autoDraw = True
267.4459 	EXP 	image_1_1: autoDraw = False
267.4459 	EXP 	trial_fixation_1_2: autoDraw = True
267.9464 	EXP 	trial_fixation_1_2: autoDraw = False
267.9464 	EXP 	image_1_2: autoDraw = True
270.4494 	EXP 	image_1_2: autoDraw = False
270.4494 	EXP 	trial_fixation_1_3: autoDraw = True
270.9500 	EXP 	trial_fixation_1_3: autoDraw = False
270.9500 	EXP 	image_1_3: autoDraw = True
273.4526 	EXP 	image_1_3: autoDraw = False
273.4526 	EXP 	trial_fixation_1_4: autoDraw = True
273.9534 	EXP 	trial_fixation_1_4: autoDraw = False
273.9534 	EXP 	image_1_4: autoDraw = True
276.4562 	EXP 	image_1_4: autoDraw = False
276.4562 	EXP 	trial_fixation_1_5: autoDraw = True
276.9569 	EXP 	trial_fixation_1_5: autoDraw = False
276.9569 	EXP 	image_1_5: autoDraw = True
279.4595 	EXP 	image_1_5: autoDraw = False
279.4595 	EXP 	trial_fixation_1_6: autoDraw = True
279.9602 	EXP 	trial_fixation_1_6: autoDraw = False
279.9602 	EXP 	image_1_6: autoDraw = True
282.4631 	EXP 	image_1_6: autoDraw = False
282.4631 	EXP 	trial_fixation_1_7: autoDraw = True
282.9638 	EXP 	trial_fixation_1_7: autoDraw = False
282.9638 	EXP 	image_1_7: autoDraw = True
285.4666 	EXP 	image_1_7: autoDraw = False
285.4666 	EXP 	trial_fixation_1_8: autoDraw = True
285.9672 	EXP 	trial_fixation_1_8: autoDraw = False
285.9672 	EXP 	image_1_8: autoDraw = True
288.4700 	EXP 	image_1_8: autoDraw = False
288.4700 	EXP 	trial_fixation_1_9: autoDraw = True
288.9706 	EXP 	trial_fixation_1_9: autoDraw = False
288.9706 	EXP 	image_1_9: autoDraw = True
291.4735 	EXP 	image_1_9: autoDraw = False
291.4735 	EXP 	trial_fixation_1_10: autoDraw = True
291.9741 	EXP 	trial_fixation_1_10: autoDraw = False
291.9741 	EXP 	image_1_10: autoDraw = True
295.2138 	EXP 	image_1_10: autoDraw = False
295.2138 	EXP 	prep_instr_1: autoDraw = False
295.2138 	EXP 	target_1: autoDraw = False
295.2138 	EXP 	trial_fixation_1_1: autoDraw = False
295.2138 	EXP 	image_1_1: autoDraw = False
295.2138 	EXP 	trial_fixation_1_2: autoDraw = False
295.2138 	EXP 	image_1_2: autoDraw = False
295.2138 	EXP 	trial_fixation_1_3: autoDraw = False
295.2138 	EXP 	image_1_3: autoDraw = False
295.2138 	EXP 	trial_fixation_1_4: autoDraw = False
295.2138 	EXP 	image_1_4: autoDraw = False
295.2138 	EXP 	trial_fixation_1_5: autoDraw = False
295.2138 	EXP 	image_1_5: autoDraw = False
295.2138 	EXP 	trial_fixation_1_6: autoDraw = False
295.2138 	EXP 	image_1_6: autoDraw = False
295.2138 	EXP 	trial_fixation_1_7: autoDraw = False
295.2138 	EXP 	image_1_7: autoDraw = False
295.2138 	EXP 	trial_fixation_1_8: autoDraw = False
295.2138 	EXP 	image_1_8: autoDraw = False
295.2138 	EXP 	trial_fixation_1_9: autoDraw = False
295.2138 	EXP 	image_1_9: autoDraw = False
295.2138 	EXP 	trial_fixation_1_10: autoDraw = False
295.2138 	EXP 	image_1_10: autoDraw = False
295.2138 	EXP 	prep_instr_2: height = 0.1
295.2138 	EXP 	prep_instr_2: height = 0.1
295.2138 	EXP 	prep_instr_2: height = 0.1
295.2138 	EXP 	prep_instr_2: text = '2-Back'
295.2138 	EXP 	target_2: image = 'nback_stimuli/TO_080_TOOL80_BA.png'
295.2138 	EXP 	image_2_1: image = 'nback_stimuli/TO_080_TOOL80_BA.png'
295.2138 	EXP 	image_2_2: image = 'nback_stimuli/TO_081_TOOL81_BA.png'
295.2138 	EXP 	image_2_3: image = 'nback_stimuli/TO_079_TOOL79_BA.png'
295.2138 	EXP 	image_2_4: image = 'nback_stimuli/TO_081_TOOL81_BA.png'
295.2138 	EXP 	image_2_5: image = 'nback_stimuli/TO_079_TOOL79_BA.png'
295.2138 	EXP 	image_2_6: image = 'nback_stimuli/TO_082_TOOL82_BA.png'
295.2138 	EXP 	image_2_7: image = 'nback_stimuli/TO_082_TOOL82_BA.png'
295.2138 	EXP 	image_2_8: image = 'nback_stimuli/TO_083_TOOL83_BA.png'
295.2138 	EXP 	image_2_9: image = 'nback_stimuli/TO_084_TOOL84_BA.png'
295.2138 	EXP 	image_2_10: image = 'nback_stimuli/TO_084_TOOL84_BA.png'
295.2138 	EXP 	prep_instr_2: autoDraw = True
295.2138 	EXP 	target_2: autoDraw = True
297.7142 	EXP 	prep_instr_2: autoDraw = False
297.7142 	EXP 	target_2: autoDraw = False
297.7142 	EXP 	trial_fixation_2_1: autoDraw = True
298.2147 	EXP 	trial_fixation_2_1: autoDraw = False
298.2147 	EXP 	image_2_1: autoDraw = True
300.7176 	EXP 	image_2_1: autoDraw = False
300.7176 	EXP 	trial_fixation_2_2: autoDraw = True
301.2180 	EXP 	trial_fixation_2_2: autoDraw = False
301.2180 	EXP 	image_2_2: autoDraw = True
303.7211 	EXP 	image_2_2: autoDraw = False
303.7211 	EXP 	trial_fixation_2_3: autoDraw = True
304.2219 	EXP 	trial_fixation_2_3: autoDraw = False
304.2219 	EXP 	image_2_3: autoDraw = True
306.7246 	EXP 	image_2_3: autoDraw = False
306.7246 	EXP 	trial_fixation_2_4: autoDraw = True
307.2251 	EXP 	trial_fixation_2_4: autoDraw = False
307.2251 	EXP 	image_2_4: autoDraw = True
309.7279 	EXP 	image_2_4: autoDraw = False
309.7279 	EXP 	trial_fixation_2_5: autoDraw = True
310.2286 	EXP 	trial_fixation_2_5: autoDraw = False
310.2286 	EXP 	image_2_5: autoDraw = True
312.7314 	EXP 	image_2_5: autoDraw = False
312.7314 	EXP 	trial_fixation_2_6: autoDraw = True
313.2325 	EXP 	trial_fixation_2_6: autoDraw = False
313.2325 	EXP 	image_2_6: autoDraw = True
315.7349 	EXP 	image_2_6: autoDraw = False
315.7349 	EXP 	trial_fixation_2_7: autoDraw = True
316.2355 	EXP 	trial_fixation_2_7: autoDraw = False
316.2355 	EXP 	image_2_7: autoDraw = True
318.7379 	EXP 	image_2_7: autoDraw = False
318.7379 	EXP 	trial_fixation_2_8: autoDraw = True
319.2391 	EXP 	trial_fixation_2_8: autoDraw = False
319.2391 	EXP 	image_2_8: autoDraw = True
321.7418 	EXP 	image_2_8: autoDraw = False
321.7418 	EXP 	trial_fixation_2_9: autoDraw = True
322.2428 	EXP 	trial_fixation_2_9: autoDraw = False
322.2428 	EXP 	image_2_9: autoDraw = True
324.7453 	EXP 	image_2_9: autoDraw = False
324.7453 	EXP 	trial_fixation_2_10: autoDraw = True
325.2460 	EXP 	trial_fixation_2_10: autoDraw = False
325.2460 	EXP 	image_2_10: autoDraw = True
327.7487 	EXP 	image_2_10: autoDraw = False
327.7487 	EXP 	prep_instr_2: autoDraw = False
327.7487 	EXP 	target_2: autoDraw = False
327.7487 	EXP 	trial_fixation_2_1: autoDraw = False
327.7487 	EXP 	image_2_1: autoDraw = False
327.7487 	EXP 	trial_fixation_2_2: autoDraw = False
327.7487 	EXP 	image_2_2: autoDraw = False
327.7487 	EXP 	trial_fixation_2_3: autoDraw = False
327.7487 	EXP 	image_2_3: autoDraw = False
327.7487 	EXP 	trial_fixation_2_4: autoDraw = False
327.7487 	EXP 	image_2_4: autoDraw = False
327.7487 	EXP 	trial_fixation_2_5: autoDraw = False
327.7487 	EXP 	image_2_5: autoDraw = False
327.7487 	EXP 	trial_fixation_2_6: autoDraw = False
327.7487 	EXP 	image_2_6: autoDraw = False
327.7487 	EXP 	trial_fixation_2_7: autoDraw = False
327.7487 	EXP 	image_2_7: autoDraw = False
327.7487 	EXP 	trial_fixation_2_8: autoDraw = False
327.7487 	EXP 	image_2_8: autoDraw = False
327.7487 	EXP 	trial_fixation_2_9: autoDraw = False
327.7487 	EXP 	image_2_9: autoDraw = False
327.7487 	EXP 	trial_fixation_2_10: autoDraw = False
327.7487 	EXP 	image_2_10: autoDraw = False
327.7487 	EXP 	rest_txt: autoDraw = True
342.7667 	EXP 	New trial (rep=4, index=0): None
342.8032 	EXP 	rest_txt: autoDraw = False
342.8032 	EXP 	rest_txt: autoDraw = False
342.8032 	EXP 	prep_instr_1: height = 0.1
342.8032 	EXP 	prep_instr_1: height = 0.1
342.8032 	EXP 	prep_instr_1: height = 0.1
342.8032 	EXP 	prep_instr_1: text = '2-Back'
342.8032 	EXP 	target_1: image = 'nback_stimuli/TO_014_TOOL14_BA.png'
342.8032 	EXP 	image_1_1: image = 'nback_stimuli/TO_014_TOOL14_BA.png'
342.8032 	EXP 	image_1_2: image = 'nback_stimuli/TO_013_TOOL13_BA.png'
342.8032 	EXP 	image_1_3: image = 'nback_stimuli/TO_016_TOOL16_BA.png'
342.8032 	EXP 	image_1_4: image = 'nback_stimuli/TO_014_TOOL14_BA.png'
342.8032 	EXP 	image_1_5: image = 'nback_stimuli/TO_016_TOOL16_BA.png'
342.8032 	EXP 	image_1_6: image = 'nback_stimuli/TO_018_TOOL18_BA.png'
342.8032 	EXP 	image_1_7: image = 'nback_stimuli/TO_017_TOOL17_BA.png'
342.8032 	EXP 	image_1_8: image = 'nback_stimuli/TO_018_TOOL18_BA.png'
342.8032 	EXP 	image_1_9: image = 'nback_stimuli/TO_015_TOOL15_BA.png'
342.8032 	EXP 	image_1_10: image = 'nback_stimuli/TO_017_TOOL17_BA.png'
342.8032 	EXP 	prep_instr_1: autoDraw = True
342.8032 	EXP 	target_1: autoDraw = True
345.3023 	EXP 	prep_instr_1: autoDraw = False
345.3023 	EXP 	target_1: autoDraw = False
345.3023 	EXP 	trial_fixation_1_1: autoDraw = True
345.8027 	EXP 	trial_fixation_1_1: autoDraw = False
345.8027 	EXP 	image_1_1: autoDraw = True
348.3057 	EXP 	image_1_1: autoDraw = False
348.3057 	EXP 	trial_fixation_1_2: autoDraw = True
348.8062 	EXP 	trial_fixation_1_2: autoDraw = False
348.8062 	EXP 	image_1_2: autoDraw = True
351.3091 	EXP 	image_1_2: autoDraw = False
351.3091 	EXP 	trial_fixation_1_3: autoDraw = True
351.8098 	EXP 	trial_fixation_1_3: autoDraw = False
351.8098 	EXP 	image_1_3: autoDraw = True
354.3126 	EXP 	image_1_3: autoDraw = False
354.3126 	EXP 	trial_fixation_1_4: autoDraw = True
354.8132 	EXP 	trial_fixation_1_4: autoDraw = False
354.8132 	EXP 	image_1_4: autoDraw = True
357.3161 	EXP 	image_1_4: autoDraw = False
357.3161 	EXP 	trial_fixation_1_5: autoDraw = True
357.8166 	EXP 	trial_fixation_1_5: autoDraw = False
357.8166 	EXP 	image_1_5: autoDraw = True
360.3195 	EXP 	image_1_5: autoDraw = False
360.3195 	EXP 	trial_fixation_1_6: autoDraw = True
360.8200 	EXP 	trial_fixation_1_6: autoDraw = False
360.8200 	EXP 	image_1_6: autoDraw = True
363.3229 	EXP 	image_1_6: autoDraw = False
363.3229 	EXP 	trial_fixation_1_7: autoDraw = True
363.8236 	EXP 	trial_fixation_1_7: autoDraw = False
363.8236 	EXP 	image_1_7: autoDraw = True
366.3264 	EXP 	image_1_7: autoDraw = False
366.3264 	EXP 	trial_fixation_1_8: autoDraw = True
366.8270 	EXP 	trial_fixation_1_8: autoDraw = False
366.8270 	EXP 	image_1_8: autoDraw = True
369.3299 	EXP 	image_1_8: autoDraw = False
369.3299 	EXP 	trial_fixation_1_9: autoDraw = True
369.8304 	EXP 	trial_fixation_1_9: autoDraw = False
369.8304 	EXP 	image_1_9: autoDraw = True
372.3336 	EXP 	image_1_9: autoDraw = False
372.3336 	EXP 	trial_fixation_1_10: autoDraw = True
372.8341 	EXP 	trial_fixation_1_10: autoDraw = False
372.8341 	EXP 	image_1_10: autoDraw = True
375.3892 	EXP 	image_1_10: autoDraw = False
375.3892 	EXP 	prep_instr_1: autoDraw = False
375.3892 	EXP 	target_1: autoDraw = False
375.3892 	EXP 	trial_fixation_1_1: autoDraw = False
375.3892 	EXP 	image_1_1: autoDraw = False
375.3892 	EXP 	trial_fixation_1_2: autoDraw = False
375.3892 	EXP 	image_1_2: autoDraw = False
375.3892 	EXP 	trial_fixation_1_3: autoDraw = False
375.3892 	EXP 	image_1_3: autoDraw = False
375.3892 	EXP 	trial_fixation_1_4: autoDraw = False
375.3892 	EXP 	image_1_4: autoDraw = False
375.3892 	EXP 	trial_fixation_1_5: autoDraw = False
375.3892 	EXP 	image_1_5: autoDraw = False
375.3892 	EXP 	trial_fixation_1_6: autoDraw = False
375.3892 	EXP 	image_1_6: autoDraw = False
375.3892 	EXP 	trial_fixation_1_7: autoDraw = False
375.3892 	EXP 	image_1_7: autoDraw = False
375.3892 	EXP 	trial_fixation_1_8: autoDraw = False
375.3892 	EXP 	image_1_8: autoDraw = False
375.3892 	EXP 	trial_fixation_1_9: autoDraw = False
375.3892 	EXP 	image_1_9: autoDraw = False
375.3892 	EXP 	trial_fixation_1_10: autoDraw = False
375.3892 	EXP 	image_1_10: autoDraw = False
375.3892 	EXP 	prep_instr_2: height = 0.1
375.3892 	EXP 	prep_instr_2: height = 0.1
375.3892 	EXP 	prep_instr_2: height = 0.1
375.3892 	EXP 	prep_instr_2: text = '0-Back'
375.3892 	EXP 	target_2: image = 'nback_stimuli/BP_013_BP7_BA.png'
375.3892 	EXP 	image_2_1: image = 'nback_stimuli/BP_015_H10-T_BA.png'
375.3892 	EXP 	image_2_2: image = 'nback_stimuli/BP_018_H13-T_BA.png'
375.3892 	EXP 	image_2_3: image = 'nback_stimuli/BP_014_BP9_BA.png'
375.3892 	EXP 	image_2_4: image = 'nback_stimuli/BP_018_H13-T_BA.png'
375.3892 	EXP 	image_2_5: image = 'nback_stimuli/BP_013_BP7_BA.png'
375.3892 	EXP 	image_2_6: image = 'nback_stimuli/BP_015_H10-T_BA.png'
375.3892 	EXP 	image_2_7: image = 'nback_stimuli/BP_016_H11-T_BA.png'
375.3892 	EXP 	image_2_8: image = 'nback_stimuli/BP_013_BP7_BA.png'
375.3892 	EXP 	image_2_9: image = 'nback_stimuli/BP_017_H12-T_BA.png'
375.3892 	EXP 	image_2_10: image = 'nback_stimuli/BP_014_BP9_BA.png'
375.3892 	EXP 	prep_instr_2: autoDraw = True
375.3892 	EXP 	target_2: autoDraw = True
377.8898 	EXP 	prep_instr_2: autoDraw = False
377.8898 	EXP 	target_2: autoDraw = False
377.8898 	EXP 	trial_fixation_2_1: autoDraw = True
378.3904 	EXP 	trial_fixation_2_1: autoDraw = False
378.3904 	EXP 	image_2_1: autoDraw = True
380.8934 	EXP 	image_2_1: autoDraw = False
380.8934 	EXP 	trial_fixation_2_2: autoDraw = True
381.3939 	EXP 	trial_fixation_2_2: autoDraw = False
381.3939 	EXP 	image_2_2: autoDraw = True
383.8968 	EXP 	image_2_2: autoDraw = False
383.8968 	EXP 	trial_fixation_2_3: autoDraw = True
384.3974 	EXP 	trial_fixation_2_3: autoDraw = False
384.3974 	EXP 	image_2_3: autoDraw = True
386.9003 	EXP 	image_2_3: autoDraw = False
386.9003 	EXP 	trial_fixation_2_4: autoDraw = True
387.4008 	EXP 	trial_fixation_2_4: autoDraw = False
387.4008 	EXP 	image_2_4: autoDraw = True
389.9038 	EXP 	image_2_4: autoDraw = False
389.9038 	EXP 	trial_fixation_2_5: autoDraw = True
390.4044 	EXP 	trial_fixation_2_5: autoDraw = False
390.4044 	EXP 	image_2_5: autoDraw = True
392.9072 	EXP 	image_2_5: autoDraw = False
392.9072 	EXP 	trial_fixation_2_6: autoDraw = True
393.4077 	EXP 	trial_fixation_2_6: autoDraw = False
393.4077 	EXP 	image_2_6: autoDraw = True
395.9106 	EXP 	image_2_6: autoDraw = False
395.9106 	EXP 	trial_fixation_2_7: autoDraw = True
396.4112 	EXP 	trial_fixation_2_7: autoDraw = False
396.4112 	EXP 	image_2_7: autoDraw = True
398.9141 	EXP 	image_2_7: autoDraw = False
398.9141 	EXP 	trial_fixation_2_8: autoDraw = True
399.4147 	EXP 	trial_fixation_2_8: autoDraw = False
399.4147 	EXP 	image_2_8: autoDraw = True
401.9176 	EXP 	image_2_8: autoDraw = False
401.9176 	EXP 	trial_fixation_2_9: autoDraw = True
402.4181 	EXP 	trial_fixation_2_9: autoDraw = False
402.4181 	EXP 	image_2_9: autoDraw = True
404.9210 	EXP 	image_2_9: autoDraw = False
404.9210 	EXP 	trial_fixation_2_10: autoDraw = True
405.4217 	EXP 	trial_fixation_2_10: autoDraw = False
405.4217 	EXP 	image_2_10: autoDraw = True
407.9244 	EXP 	image_2_10: autoDraw = False
407.9244 	EXP 	prep_instr_2: autoDraw = False
407.9244 	EXP 	target_2: autoDraw = False
407.9244 	EXP 	trial_fixation_2_1: autoDraw = False
407.9244 	EXP 	image_2_1: autoDraw = False
407.9244 	EXP 	trial_fixation_2_2: autoDraw = False
407.9244 	EXP 	image_2_2: autoDraw = False
407.9244 	EXP 	trial_fixation_2_3: autoDraw = False
407.9244 	EXP 	image_2_3: autoDraw = False
407.9244 	EXP 	trial_fixation_2_4: autoDraw = False
407.9244 	EXP 	image_2_4: autoDraw = False
407.9244 	EXP 	trial_fixation_2_5: autoDraw = False
407.9244 	EXP 	image_2_5: autoDraw = False
407.9244 	EXP 	trial_fixation_2_6: autoDraw = False
407.9244 	EXP 	image_2_6: autoDraw = False
407.9244 	EXP 	trial_fixation_2_7: autoDraw = False
407.9244 	EXP 	image_2_7: autoDraw = False
407.9244 	EXP 	trial_fixation_2_8: autoDraw = False
407.9244 	EXP 	image_2_8: autoDraw = False
407.9244 	EXP 	trial_fixation_2_9: autoDraw = False
407.9244 	EXP 	image_2_9: autoDraw = False
407.9244 	EXP 	trial_fixation_2_10: autoDraw = False
407.9244 	EXP 	image_2_10: autoDraw = False
407.9244 	EXP 	rest_txt: autoDraw = True
422.9423 	EXP 	New trial (rep=5, index=0): None
423.8011 	EXP 	rest_txt: autoDraw = False
423.8011 	EXP 	rest_txt: autoDraw = False
423.8011 	EXP 	prep_instr_1: text = '2-Back'
423.8011 	EXP 	target_1: image = 'nback_stimuli/FC_015_M8.png'
423.8011 	EXP 	image_1_1: image = 'nback_stimuli/FC_015_M8.png'
423.8011 	EXP 	image_1_2: image = 'nback_stimuli/FC_018_F9.png'
423.8011 	EXP 	image_1_3: image = 'nback_stimuli/FC_018_F9.png'
423.8011 	EXP 	image_1_4: image = 'nback_stimuli/FC_017_M9.png'
423.8011 	EXP 	image_1_5: image = 'nback_stimuli/FC_017_M9.png'
423.8011 	EXP 	image_1_6: image = 'nback_stimuli/FC_016_F8.png'
423.8011 	EXP 	image_1_7: image = 'nback_stimuli/FC_013_M7.png'
423.8011 	EXP 	image_1_8: image = 'nback_stimuli/FC_014_F7.png'
423.8011 	EXP 	image_1_9: image = 'nback_stimuli/FC_013_M7.png'
423.8011 	EXP 	image_1_10: image = 'nback_stimuli/FC_014_F7.png'
423.8011 	EXP 	prep_instr_1: autoDraw = True
423.8011 	EXP 	target_1: autoDraw = True
426.2956 	EXP 	prep_instr_1: autoDraw = False
426.2956 	EXP 	target_1: autoDraw = False
426.2956 	EXP 	trial_fixation_1_1: autoDraw = True
426.7964 	EXP 	trial_fixation_1_1: autoDraw = False
426.7964 	EXP 	image_1_1: autoDraw = True
429.2989 	EXP 	image_1_1: autoDraw = False
429.2989 	EXP 	trial_fixation_1_2: autoDraw = True
429.7995 	EXP 	trial_fixation_1_2: autoDraw = False
429.7995 	EXP 	image_1_2: autoDraw = True
432.3024 	EXP 	image_1_2: autoDraw = False
432.3024 	EXP 	trial_fixation_1_3: autoDraw = True
432.8029 	EXP 	trial_fixation_1_3: autoDraw = False
432.8029 	EXP 	image_1_3: autoDraw = True
435.3058 	EXP 	image_1_3: autoDraw = False
435.3058 	EXP 	trial_fixation_1_4: autoDraw = True
435.8069 	EXP 	trial_fixation_1_4: autoDraw = False
435.8069 	EXP 	image_1_4: autoDraw = True
438.3093 	EXP 	image_1_4: autoDraw = False
438.3093 	EXP 	trial_fixation_1_5: autoDraw = True
438.8099 	EXP 	trial_fixation_1_5: autoDraw = False
438.8099 	EXP 	image_1_5: autoDraw = True
441.3128 	EXP 	image_1_5: autoDraw = False
441.3128 	EXP 	trial_fixation_1_6: autoDraw = True
441.8135 	EXP 	trial_fixation_1_6: autoDraw = False
441.8135 	EXP 	image_1_6: autoDraw = True
444.3161 	EXP 	image_1_6: autoDraw = False
444.3161 	EXP 	trial_fixation_1_7: autoDraw = True
444.8173 	EXP 	trial_fixation_1_7: autoDraw = False
444.8173 	EXP 	image_1_7: autoDraw = True
447.3197 	EXP 	image_1_7: autoDraw = False
447.3197 	EXP 	trial_fixation_1_8: autoDraw = True
447.8201 	EXP 	trial_fixation_1_8: autoDraw = False
447.8201 	EXP 	image_1_8: autoDraw = True
450.3232 	EXP 	image_1_8: autoDraw = False
450.3232 	EXP 	trial_fixation_1_9: autoDraw = True
450.8237 	EXP 	trial_fixation_1_9: autoDraw = False
450.8237 	EXP 	image_1_9: autoDraw = True
453.3266 	EXP 	image_1_9: autoDraw = False
453.3266 	EXP 	trial_fixation_1_10: autoDraw = True
453.8276 	EXP 	trial_fixation_1_10: autoDraw = False
453.8276 	EXP 	image_1_10: autoDraw = True
456.4923 	EXP 	image_1_10: autoDraw = False
456.4923 	EXP 	prep_instr_1: autoDraw = False
456.4923 	EXP 	target_1: autoDraw = False
456.4923 	EXP 	trial_fixation_1_1: autoDraw = False
456.4923 	EXP 	image_1_1: autoDraw = False
456.4923 	EXP 	trial_fixation_1_2: autoDraw = False
456.4923 	EXP 	image_1_2: autoDraw = False
456.4923 	EXP 	trial_fixation_1_3: autoDraw = False
456.4923 	EXP 	image_1_3: autoDraw = False
456.4923 	EXP 	trial_fixation_1_4: autoDraw = False
456.4923 	EXP 	image_1_4: autoDraw = False
456.4923 	EXP 	trial_fixation_1_5: autoDraw = False
456.4923 	EXP 	image_1_5: autoDraw = False
456.4923 	EXP 	trial_fixation_1_6: autoDraw = False
456.4923 	EXP 	image_1_6: autoDraw = False
456.4923 	EXP 	trial_fixation_1_7: autoDraw = False
456.4923 	EXP 	image_1_7: autoDraw = False
456.4923 	EXP 	trial_fixation_1_8: autoDraw = False
456.4923 	EXP 	image_1_8: autoDraw = False
456.4923 	EXP 	trial_fixation_1_9: autoDraw = False
456.4923 	EXP 	image_1_9: autoDraw = False
456.4923 	EXP 	trial_fixation_1_10: autoDraw = False
456.4923 	EXP 	image_1_10: autoDraw = False
456.4923 	EXP 	prep_instr_2: text = '0-Back'
456.4923 	EXP 	target_2: image = 'nback_stimuli/TO_019_TOOL19_BA.png'
456.4923 	EXP 	image_2_1: image = 'nback_stimuli/TO_019_TOOL19_BA.png'
456.4923 	EXP 	image_2_2: image = 'nback_stimuli/TO_024_TOOL24_BA.png'
456.4923 	EXP 	image_2_3: image = 'nback_stimuli/TO_019_TOOL19_BA.png'
456.4923 	EXP 	image_2_4: image = 'nback_stimuli/TO_023_TOOL23_BA.png'
456.4923 	EXP 	image_2_5: image = 'nback_stimuli/TO_020_TOOL20_BA.png'
456.4923 	EXP 	image_2_6: image = 'nback_stimuli/TO_020_TOOL20_BA.png'
456.4923 	EXP 	image_2_7: image = 'nback_stimuli/TO_022_TOOL22_BA.png'
456.4923 	EXP 	image_2_8: image = 'nback_stimuli/TO_022_TOOL22_BA.png'
456.4923 	EXP 	image_2_9: image = 'nback_stimuli/TO_021_TOOL21_BA.png'
456.4923 	EXP 	image_2_10: image = 'nback_stimuli/TO_021_TOOL21_BA.png'
456.4923 	EXP 	prep_instr_2: autoDraw = True
456.4923 	EXP 	target_2: autoDraw = True
458.9999 	EXP 	prep_instr_2: autoDraw = False
458.9999 	EXP 	target_2: autoDraw = False
458.9999 	EXP 	trial_fixation_2_1: autoDraw = True
459.5005 	EXP 	trial_fixation_2_1: autoDraw = False
459.5005 	EXP 	image_2_1: autoDraw = True
462.0035 	EXP 	image_2_1: autoDraw = False
462.0035 	EXP 	trial_fixation_2_2: autoDraw = True
462.5040 	EXP 	trial_fixation_2_2: autoDraw = False
462.5040 	EXP 	image_2_2: autoDraw = True
465.0069 	EXP 	image_2_2: autoDraw = False
465.0069 	EXP 	trial_fixation_2_3: autoDraw = True
465.5074 	EXP 	trial_fixation_2_3: autoDraw = False
465.5074 	EXP 	image_2_3: autoDraw = True
468.0102 	EXP 	image_2_3: autoDraw = False
468.0102 	EXP 	trial_fixation_2_4: autoDraw = True
468.5108 	EXP 	trial_fixation_2_4: autoDraw = False
468.5108 	EXP 	image_2_4: autoDraw = True
471.0137 	EXP 	image_2_4: autoDraw = False
471.0137 	EXP 	trial_fixation_2_5: autoDraw = True
471.5142 	EXP 	trial_fixation_2_5: autoDraw = False
471.5142 	EXP 	image_2_5: autoDraw = True
474.0171 	EXP 	image_2_5: autoDraw = False
474.0171 	EXP 	trial_fixation_2_6: autoDraw = True
474.5177 	EXP 	trial_fixation_2_6: autoDraw = False
474.5177 	EXP 	image_2_6: autoDraw = True
477.0210 	EXP 	image_2_6: autoDraw = False
477.0210 	EXP 	trial_fixation_2_7: autoDraw = True
477.5216 	EXP 	trial_fixation_2_7: autoDraw = False
477.5216 	EXP 	image_2_7: autoDraw = True
480.0243 	EXP 	image_2_7: autoDraw = False
480.0243 	EXP 	trial_fixation_2_8: autoDraw = True
480.5249 	EXP 	trial_fixation_2_8: autoDraw = False
480.5249 	EXP 	image_2_8: autoDraw = True
483.0277 	EXP 	image_2_8: autoDraw = False
483.0277 	EXP 	trial_fixation_2_9: autoDraw = True
483.5284 	EXP 	trial_fixation_2_9: autoDraw = False
483.5284 	EXP 	image_2_9: autoDraw = True
486.0312 	EXP 	image_2_9: autoDraw = False
486.0312 	EXP 	trial_fixation_2_10: autoDraw = True
486.5315 	EXP 	trial_fixation_2_10: autoDraw = False
486.5315 	EXP 	image_2_10: autoDraw = True
489.0346 	EXP 	image_2_10: autoDraw = False
489.0346 	EXP 	prep_instr_2: autoDraw = False
489.0346 	EXP 	target_2: autoDraw = False
489.0346 	EXP 	trial_fixation_2_1: autoDraw = False
489.0346 	EXP 	image_2_1: autoDraw = False
489.0346 	EXP 	trial_fixation_2_2: autoDraw = False
489.0346 	EXP 	image_2_2: autoDraw = False
489.0346 	EXP 	trial_fixation_2_3: autoDraw = False
489.0346 	EXP 	image_2_3: autoDraw = False
489.0346 	EXP 	trial_fixation_2_4: autoDraw = False
489.0346 	EXP 	image_2_4: autoDraw = False
489.0346 	EXP 	trial_fixation_2_5: autoDraw = False
489.0346 	EXP 	image_2_5: autoDraw = False
489.0346 	EXP 	trial_fixation_2_6: autoDraw = False
489.0346 	EXP 	image_2_6: autoDraw = False
489.0346 	EXP 	trial_fixation_2_7: autoDraw = False
489.0346 	EXP 	image_2_7: autoDraw = False
489.0346 	EXP 	trial_fixation_2_8: autoDraw = False
489.0346 	EXP 	image_2_8: autoDraw = False
489.0346 	EXP 	trial_fixation_2_9: autoDraw = False
489.0346 	EXP 	image_2_9: autoDraw = False
489.0346 	EXP 	trial_fixation_2_10: autoDraw = False
489.0346 	EXP 	image_2_10: autoDraw = False
489.0346 	EXP 	rest_txt: autoDraw = True
504.0524 	EXP 	New trial (rep=6, index=0): None
504.5169 	EXP 	rest_txt: autoDraw = False
504.5169 	EXP 	rest_txt: autoDraw = False
504.5169 	EXP 	prep_instr_1: text = '2-Back'
504.5169 	EXP 	target_1: image = 'nback_stimuli/BP_020_H17-T_BA.png'
504.5169 	EXP 	image_1_1: image = 'nback_stimuli/BP_020_H17-T_BA.png'
504.5169 	EXP 	image_1_2: image = 'nback_stimuli/BP_019_H14-T_BA.png'
504.5169 	EXP 	image_1_3: image = 'nback_stimuli/BP_020_H17-T_BA.png'
504.5169 	EXP 	image_1_4: image = 'nback_stimuli/BP_019_H14-T_BA.png'
504.5169 	EXP 	image_1_5: image = 'nback_stimuli/BP_024_H3-T_BA.png'
504.5169 	EXP 	image_1_6: image = 'nback_stimuli/BP_024_H3-T_BA.png'
504.5169 	EXP 	image_1_7: image = 'nback_stimuli/BP_025_H5-T_BA.png'
504.5169 	EXP 	image_1_8: image = 'nback_stimuli/BP_023_H25-T_BA.png'
504.5169 	EXP 	image_1_9: image = 'nback_stimuli/BP_022_H24-T_BA.png'
504.5169 	EXP 	image_1_10: image = 'nback_stimuli/BP_022_H24-T_BA.png'
504.5169 	EXP 	prep_instr_1: autoDraw = True
504.5169 	EXP 	target_1: autoDraw = True
507.0217 	EXP 	prep_instr_1: autoDraw = False
507.0217 	EXP 	target_1: autoDraw = False
507.0217 	EXP 	trial_fixation_1_1: autoDraw = True
507.5223 	EXP 	trial_fixation_1_1: autoDraw = False
507.5223 	EXP 	image_1_1: autoDraw = True
510.0253 	EXP 	image_1_1: autoDraw = False
510.0253 	EXP 	trial_fixation_1_2: autoDraw = True
510.5259 	EXP 	trial_fixation_1_2: autoDraw = False
510.5259 	EXP 	image_1_2: autoDraw = True
513.0287 	EXP 	image_1_2: autoDraw = False
513.0287 	EXP 	trial_fixation_1_3: autoDraw = True
513.5297 	EXP 	trial_fixation_1_3: autoDraw = False
513.5297 	EXP 	image_1_3: autoDraw = True
516.0321 	EXP 	image_1_3: autoDraw = False
516.0321 	EXP 	trial_fixation_1_4: autoDraw = True
516.5326 	EXP 	trial_fixation_1_4: autoDraw = False
516.5326 	EXP 	image_1_4: autoDraw = True
519.0357 	EXP 	image_1_4: autoDraw = False
519.0357 	EXP 	trial_fixation_1_5: autoDraw = True
519.5361 	EXP 	trial_fixation_1_5: autoDraw = False
519.5361 	EXP 	image_1_5: autoDraw = True
522.0389 	EXP 	image_1_5: autoDraw = False
522.0389 	EXP 	trial_fixation_1_6: autoDraw = True
522.5400 	EXP 	trial_fixation_1_6: autoDraw = False
522.5400 	EXP 	image_1_6: autoDraw = True
525.0425 	EXP 	image_1_6: autoDraw = False
525.0425 	EXP 	trial_fixation_1_7: autoDraw = True
525.5431 	EXP 	trial_fixation_1_7: autoDraw = False
525.5431 	EXP 	image_1_7: autoDraw = True
528.0461 	EXP 	image_1_7: autoDraw = False
528.0461 	EXP 	trial_fixation_1_8: autoDraw = True
528.5465 	EXP 	trial_fixation_1_8: autoDraw = False
528.5465 	EXP 	image_1_8: autoDraw = True
531.0494 	EXP 	image_1_8: autoDraw = False
531.0494 	EXP 	trial_fixation_1_9: autoDraw = True
531.5502 	EXP 	trial_fixation_1_9: autoDraw = False
531.5502 	EXP 	image_1_9: autoDraw = True
534.0530 	EXP 	image_1_9: autoDraw = False
534.0530 	EXP 	trial_fixation_1_10: autoDraw = True
534.5535 	EXP 	trial_fixation_1_10: autoDraw = False
534.5535 	EXP 	image_1_10: autoDraw = True
537.5143 	EXP 	image_1_10: autoDraw = False
537.5143 	EXP 	prep_instr_1: autoDraw = False
537.5143 	EXP 	target_1: autoDraw = False
537.5143 	EXP 	trial_fixation_1_1: autoDraw = False
537.5143 	EXP 	image_1_1: autoDraw = False
537.5143 	EXP 	trial_fixation_1_2: autoDraw = False
537.5143 	EXP 	image_1_2: autoDraw = False
537.5143 	EXP 	trial_fixation_1_3: autoDraw = False
537.5143 	EXP 	image_1_3: autoDraw = False
537.5143 	EXP 	trial_fixation_1_4: autoDraw = False
537.5143 	EXP 	image_1_4: autoDraw = False
537.5143 	EXP 	trial_fixation_1_5: autoDraw = False
537.5143 	EXP 	image_1_5: autoDraw = False
537.5143 	EXP 	trial_fixation_1_6: autoDraw = False
537.5143 	EXP 	image_1_6: autoDraw = False
537.5143 	EXP 	trial_fixation_1_7: autoDraw = False
537.5143 	EXP 	image_1_7: autoDraw = False
537.5143 	EXP 	trial_fixation_1_8: autoDraw = False
537.5143 	EXP 	image_1_8: autoDraw = False
537.5143 	EXP 	trial_fixation_1_9: autoDraw = False
537.5143 	EXP 	image_1_9: autoDraw = False
537.5143 	EXP 	trial_fixation_1_10: autoDraw = False
537.5143 	EXP 	image_1_10: autoDraw = False
537.5143 	EXP 	prep_instr_2: height = 0.1
537.5143 	EXP 	prep_instr_2: height = 0.1
537.5143 	EXP 	prep_instr_2: height = 0.1
537.5143 	EXP 	prep_instr_2: text = '2-Back'
537.5143 	EXP 	target_2: image = 'nback_stimuli/PL_019_SCENE_05.png'
537.5143 	EXP 	image_2_1: image = 'nback_stimuli/PL_019_SCENE_05.png'
537.5143 	EXP 	image_2_2: image = 'nback_stimuli/PL_017_SCENE_03.png'
537.5143 	EXP 	image_2_3: image = 'nback_stimuli/PL_017_SCENE_03.png'
537.5143 	EXP 	image_2_4: image = 'nback_stimuli/PL_016_SCENE_02.png'
537.5143 	EXP 	image_2_5: image = 'nback_stimuli/PL_015_SCENE_01.png'
537.5143 	EXP 	image_2_6: image = 'nback_stimuli/PL_016_SCENE_02.png'
537.5143 	EXP 	image_2_7: image = 'nback_stimuli/PL_015_SCENE_01.png'
537.5143 	EXP 	image_2_8: image = 'nback_stimuli/PL_020_SCENE_06.png'
537.5143 	EXP 	image_2_9: image = 'nback_stimuli/PL_020_SCENE_06.png'
537.5143 	EXP 	image_2_10: image = 'nback_stimuli/PL_018_SCENE_04.png'
537.5143 	EXP 	prep_instr_2: autoDraw = True
537.5143 	EXP 	target_2: autoDraw = True
540.0098 	EXP 	prep_instr_2: autoDraw = False
540.0098 	EXP 	target_2: autoDraw = False
540.0098 	EXP 	trial_fixation_2_1: autoDraw = True
540.5104 	EXP 	trial_fixation_2_1: autoDraw = False
540.5104 	EXP 	image_2_1: autoDraw = True
543.0133 	EXP 	image_2_1: autoDraw = False
543.0133 	EXP 	trial_fixation_2_2: autoDraw = True
543.5138 	EXP 	trial_fixation_2_2: autoDraw = False
543.5138 	EXP 	image_2_2: autoDraw = True
546.0167 	EXP 	image_2_2: autoDraw = False
546.0167 	EXP 	trial_fixation_2_3: autoDraw = True
546.5175 	EXP 	trial_fixation_2_3: autoDraw = False
546.5175 	EXP 	image_2_3: autoDraw = True
549.0201 	EXP 	image_2_3: autoDraw = False
549.0201 	EXP 	trial_fixation_2_4: autoDraw = True
549.5207 	EXP 	trial_fixation_2_4: autoDraw = False
549.5207 	EXP 	image_2_4: autoDraw = True
552.0236 	EXP 	image_2_4: autoDraw = False
552.0236 	EXP 	trial_fixation_2_5: autoDraw = True
552.5241 	EXP 	trial_fixation_2_5: autoDraw = False
552.5241 	EXP 	image_2_5: autoDraw = True
555.0272 	EXP 	image_2_5: autoDraw = False
555.0272 	EXP 	trial_fixation_2_6: autoDraw = True
555.5278 	EXP 	trial_fixation_2_6: autoDraw = False
555.5278 	EXP 	image_2_6: autoDraw = True
558.0305 	EXP 	image_2_6: autoDraw = False
558.0305 	EXP 	trial_fixation_2_7: autoDraw = True
558.5311 	EXP 	trial_fixation_2_7: autoDraw = False
558.5311 	EXP 	image_2_7: autoDraw = True
561.0341 	EXP 	image_2_7: autoDraw = False
561.0341 	EXP 	trial_fixation_2_8: autoDraw = True
561.5346 	EXP 	trial_fixation_2_8: autoDraw = False
561.5346 	EXP 	image_2_8: autoDraw = True
564.0374 	EXP 	image_2_8: autoDraw = False
564.0374 	EXP 	trial_fixation_2_9: autoDraw = True
564.5380 	EXP 	trial_fixation_2_9: autoDraw = False
564.5380 	EXP 	image_2_9: autoDraw = True
567.0410 	EXP 	image_2_9: autoDraw = False
567.0410 	EXP 	trial_fixation_2_10: autoDraw = True
567.5415 	EXP 	trial_fixation_2_10: autoDraw = False
567.5415 	EXP 	image_2_10: autoDraw = True
570.0444 	EXP 	image_2_10: autoDraw = False
570.0444 	EXP 	prep_instr_2: autoDraw = False
570.0444 	EXP 	target_2: autoDraw = False
570.0444 	EXP 	trial_fixation_2_1: autoDraw = False
570.0444 	EXP 	image_2_1: autoDraw = False
570.0444 	EXP 	trial_fixation_2_2: autoDraw = False
570.0444 	EXP 	image_2_2: autoDraw = False
570.0444 	EXP 	trial_fixation_2_3: autoDraw = False
570.0444 	EXP 	image_2_3: autoDraw = False
570.0444 	EXP 	trial_fixation_2_4: autoDraw = False
570.0444 	EXP 	image_2_4: autoDraw = False
570.0444 	EXP 	trial_fixation_2_5: autoDraw = False
570.0444 	EXP 	image_2_5: autoDraw = False
570.0444 	EXP 	trial_fixation_2_6: autoDraw = False
570.0444 	EXP 	image_2_6: autoDraw = False
570.0444 	EXP 	trial_fixation_2_7: autoDraw = False
570.0444 	EXP 	image_2_7: autoDraw = False
570.0444 	EXP 	trial_fixation_2_8: autoDraw = False
570.0444 	EXP 	image_2_8: autoDraw = False
570.0444 	EXP 	trial_fixation_2_9: autoDraw = False
570.0444 	EXP 	image_2_9: autoDraw = False
570.0444 	EXP 	trial_fixation_2_10: autoDraw = False
570.0444 	EXP 	image_2_10: autoDraw = False
570.0444 	EXP 	rest_txt: autoDraw = True
585.0623 	EXP 	New trial (rep=7, index=0): None
585.5738 	EXP 	rest_txt: autoDraw = False
585.5738 	EXP 	rest_txt: autoDraw = False
585.5738 	EXP 	prep_instr_1: height = 0.1
585.5738 	EXP 	prep_instr_1: height = 0.1
585.5738 	EXP 	prep_instr_1: height = 0.1
585.5738 	EXP 	prep_instr_1: text = '0-Back'
585.5738 	EXP 	target_1: image = 'nback_stimuli/FC_020_F10.png'
585.5738 	EXP 	image_1_1: image = 'nback_stimuli/FC_024_F12.png'
585.5738 	EXP 	image_1_2: image = 'nback_stimuli/FC_023_M12.png'
585.5738 	EXP 	image_1_3: image = 'nback_stimuli/FC_020_F10.png'
585.5738 	EXP 	image_1_4: image = 'nback_stimuli/FC_024_F12.png'
585.5738 	EXP 	image_1_5: image = 'nback_stimuli/FC_020_F10.png'
585.5738 	EXP 	image_1_6: image = 'nback_stimuli/FC_022_F11.png'
585.5738 	EXP 	image_1_7: image = 'nback_stimuli/FC_023_M12.png'
585.5738 	EXP 	image_1_8: image = 'nback_stimuli/FC_021_M11.png'
585.5738 	EXP 	image_1_9: image = 'nback_stimuli/FC_021_M11.png'
585.5738 	EXP 	image_1_10: image = 'nback_stimuli/FC_019_M10.png'
585.5738 	EXP 	prep_instr_1: autoDraw = True
585.5738 	EXP 	target_1: autoDraw = True
588.0821 	EXP 	prep_instr_1: autoDraw = False
588.0821 	EXP 	target_1: autoDraw = False
588.0821 	EXP 	trial_fixation_1_1: autoDraw = True
588.5826 	EXP 	trial_fixation_1_1: autoDraw = False
588.5826 	EXP 	image_1_1: autoDraw = True
591.0855 	EXP 	image_1_1: autoDraw = False
591.0855 	EXP 	trial_fixation_1_2: autoDraw = True
591.5860 	EXP 	trial_fixation_1_2: autoDraw = False
591.5860 	EXP 	image_1_2: autoDraw = True
594.0889 	EXP 	image_1_2: autoDraw = False
594.0889 	EXP 	trial_fixation_1_3: autoDraw = True
594.5892 	EXP 	trial_fixation_1_3: autoDraw = False
594.5892 	EXP 	image_1_3: autoDraw = True
597.0923 	EXP 	image_1_3: autoDraw = False
597.0923 	EXP 	trial_fixation_1_4: autoDraw = True
597.5930 	EXP 	trial_fixation_1_4: autoDraw = False
597.5930 	EXP 	image_1_4: autoDraw = True
600.0963 	EXP 	image_1_4: autoDraw = False
600.0963 	EXP 	trial_fixation_1_5: autoDraw = True
600.5962 	EXP 	trial_fixation_1_5: autoDraw = False
600.5962 	EXP 	image_1_5: autoDraw = True
603.0992 	EXP 	image_1_5: autoDraw = False
603.0992 	EXP 	trial_fixation_1_6: autoDraw = True
603.5998 	EXP 	trial_fixation_1_6: autoDraw = False
603.5998 	EXP 	image_1_6: autoDraw = True
606.1027 	EXP 	image_1_6: autoDraw = False
606.1027 	EXP 	trial_fixation_1_7: autoDraw = True
606.6033 	EXP 	trial_fixation_1_7: autoDraw = False
606.6033 	EXP 	image_1_7: autoDraw = True
609.1062 	EXP 	image_1_7: autoDraw = False
609.1062 	EXP 	trial_fixation_1_8: autoDraw = True
609.6068 	EXP 	trial_fixation_1_8: autoDraw = False
609.6068 	EXP 	image_1_8: autoDraw = True
612.1096 	EXP 	image_1_8: autoDraw = False
612.1096 	EXP 	trial_fixation_1_9: autoDraw = True
612.6102 	EXP 	trial_fixation_1_9: autoDraw = False
612.6102 	EXP 	image_1_9: autoDraw = True
615.1130 	EXP 	image_1_9: autoDraw = False
615.1130 	EXP 	trial_fixation_1_10: autoDraw = True
615.6135 	EXP 	trial_fixation_1_10: autoDraw = False
615.6135 	EXP 	image_1_10: autoDraw = True
618.3357 	EXP 	image_1_10: autoDraw = False
618.3357 	EXP 	prep_instr_1: autoDraw = False
618.3357 	EXP 	target_1: autoDraw = False
618.3357 	EXP 	trial_fixation_1_1: autoDraw = False
618.3357 	EXP 	image_1_1: autoDraw = False
618.3357 	EXP 	trial_fixation_1_2: autoDraw = False
618.3357 	EXP 	image_1_2: autoDraw = False
618.3357 	EXP 	trial_fixation_1_3: autoDraw = False
618.3357 	EXP 	image_1_3: autoDraw = False
618.3357 	EXP 	trial_fixation_1_4: autoDraw = False
618.3357 	EXP 	image_1_4: autoDraw = False
618.3357 	EXP 	trial_fixation_1_5: autoDraw = False
618.3357 	EXP 	image_1_5: autoDraw = False
618.3357 	EXP 	trial_fixation_1_6: autoDraw = False
618.3357 	EXP 	image_1_6: autoDraw = False
618.3357 	EXP 	trial_fixation_1_7: autoDraw = False
618.3357 	EXP 	image_1_7: autoDraw = False
618.3357 	EXP 	trial_fixation_1_8: autoDraw = False
618.3357 	EXP 	image_1_8: autoDraw = False
618.3357 	EXP 	trial_fixation_1_9: autoDraw = False
618.3357 	EXP 	image_1_9: autoDraw = False
618.3357 	EXP 	trial_fixation_1_10: autoDraw = False
618.3357 	EXP 	image_1_10: autoDraw = False
618.3357 	EXP 	prep_instr_2: height = 0.1
618.3357 	EXP 	prep_instr_2: height = 0.1
618.3357 	EXP 	prep_instr_2: height = 0.1
618.3357 	EXP 	prep_instr_2: text = '0-Back'
618.3357 	EXP 	target_2: image = 'nback_stimuli/PL_021_SCENE_07.png'
618.3357 	EXP 	image_2_1: image = 'nback_stimuli/PL_025_SCENE_18.png'
618.3357 	EXP 	image_2_2: image = 'nback_stimuli/PL_026_SCENE_24.png'
618.3357 	EXP 	image_2_3: image = 'nback_stimuli/PL_025_SCENE_18.png'
618.3357 	EXP 	image_2_4: image = 'nback_stimuli/PL_022_SCENE_08.png'
618.3357 	EXP 	image_2_5: image = 'nback_stimuli/PL_026_SCENE_24.png'
618.3357 	EXP 	image_2_6: image = 'nback_stimuli/PL_021_SCENE_07.png'
618.3357 	EXP 	image_2_7: image = 'nback_stimuli/PL_021_SCENE_07.png'
618.3357 	EXP 	image_2_8: image = 'nback_stimuli/PL_023_SCENE_09.png'
618.3357 	EXP 	image_2_9: image = 'nback_stimuli/PL_024_SCENE_10.png'
618.3357 	EXP 	image_2_10: image = 'nback_stimuli/PL_022_SCENE_08.png'
618.3357 	EXP 	prep_instr_2: autoDraw = True
618.3357 	EXP 	target_2: autoDraw = True
620.8363 	EXP 	prep_instr_2: autoDraw = False
620.8363 	EXP 	target_2: autoDraw = False
620.8363 	EXP 	trial_fixation_2_1: autoDraw = True
621.3366 	EXP 	trial_fixation_2_1: autoDraw = False
621.3366 	EXP 	image_2_1: autoDraw = True
623.8397 	EXP 	image_2_1: autoDraw = False
623.8397 	EXP 	trial_fixation_2_2: autoDraw = True
624.3403 	EXP 	trial_fixation_2_2: autoDraw = False
624.3403 	EXP 	image_2_2: autoDraw = True
626.8431 	EXP 	image_2_2: autoDraw = False
626.8431 	EXP 	trial_fixation_2_3: autoDraw = True
627.3437 	EXP 	trial_fixation_2_3: autoDraw = False
627.3437 	EXP 	image_2_3: autoDraw = True
629.8467 	EXP 	image_2_3: autoDraw = False
629.8467 	EXP 	trial_fixation_2_4: autoDraw = True
630.3472 	EXP 	trial_fixation_2_4: autoDraw = False
630.3472 	EXP 	image_2_4: autoDraw = True
632.8502 	EXP 	image_2_4: autoDraw = False
632.8502 	EXP 	trial_fixation_2_5: autoDraw = True
633.3509 	EXP 	trial_fixation_2_5: autoDraw = False
633.3509 	EXP 	image_2_5: autoDraw = True
635.8537 	EXP 	image_2_5: autoDraw = False
635.8537 	EXP 	trial_fixation_2_6: autoDraw = True
636.3542 	EXP 	trial_fixation_2_6: autoDraw = False
636.3542 	EXP 	image_2_6: autoDraw = True
638.8572 	EXP 	image_2_6: autoDraw = False
638.8572 	EXP 	trial_fixation_2_7: autoDraw = True
639.3577 	EXP 	trial_fixation_2_7: autoDraw = False
639.3577 	EXP 	image_2_7: autoDraw = True
641.8606 	EXP 	image_2_7: autoDraw = False
641.8606 	EXP 	trial_fixation_2_8: autoDraw = True
642.3612 	EXP 	trial_fixation_2_8: autoDraw = False
642.3612 	EXP 	image_2_8: autoDraw = True
644.8641 	EXP 	image_2_8: autoDraw = False
644.8641 	EXP 	trial_fixation_2_9: autoDraw = True
645.3647 	EXP 	trial_fixation_2_9: autoDraw = False
645.3647 	EXP 	image_2_9: autoDraw = True
647.8675 	EXP 	image_2_9: autoDraw = False
647.8675 	EXP 	trial_fixation_2_10: autoDraw = True
648.3681 	EXP 	trial_fixation_2_10: autoDraw = False
648.3681 	EXP 	image_2_10: autoDraw = True
650.8710 	EXP 	image_2_10: autoDraw = False
650.8710 	EXP 	prep_instr_2: autoDraw = False
650.8710 	EXP 	target_2: autoDraw = False
650.8710 	EXP 	trial_fixation_2_1: autoDraw = False
650.8710 	EXP 	image_2_1: autoDraw = False
650.8710 	EXP 	trial_fixation_2_2: autoDraw = False
650.8710 	EXP 	image_2_2: autoDraw = False
650.8710 	EXP 	trial_fixation_2_3: autoDraw = False
650.8710 	EXP 	image_2_3: autoDraw = False
650.8710 	EXP 	trial_fixation_2_4: autoDraw = False
650.8710 	EXP 	image_2_4: autoDraw = False
650.8710 	EXP 	trial_fixation_2_5: autoDraw = False
650.8710 	EXP 	image_2_5: autoDraw = False
650.8710 	EXP 	trial_fixation_2_6: autoDraw = False
650.8710 	EXP 	image_2_6: autoDraw = False
650.8710 	EXP 	trial_fixation_2_7: autoDraw = False
650.8710 	EXP 	image_2_7: autoDraw = False
650.8710 	EXP 	trial_fixation_2_8: autoDraw = False
650.8710 	EXP 	image_2_8: autoDraw = False
650.8710 	EXP 	trial_fixation_2_9: autoDraw = False
650.8710 	EXP 	image_2_9: autoDraw = False
650.8710 	EXP 	trial_fixation_2_10: autoDraw = False
650.8710 	EXP 	image_2_10: autoDraw = False
650.8710 	EXP 	rest_txt: autoDraw = True
665.9049 	EXP 	rest_txt: autoDraw = False
665.9049 	EXP 	rest_txt: autoDraw = False
665.9049 	EXP 	end_txt: autoDraw = True
730.0955 	EXP 	end_txt: autoDraw = False
730.2303 	EXP 	window1: mouseVisible = True
