2.3702 	WARNING 	Speech-to-text recognition module for PocketSphinx is not available (use command `pip install SpeechRecognition` to get it). Transcription will be unavailable using that service this session.
2.3709 	WARNING 	Speech-to-text recognition using Google online services is not available (use command `pip install google-api-core google-auth google-cloud google-cloud-speech googleapis-common-protos` to get it). Transcription will be unavailable using that service this session.
7.9227 	EXP 	Created window1 = Window(allowGUI=True, allowStencil=False, autoLog=True, backendConf=UNKNOWN, backgroundFit=<method-wrapper '__getattribute__' of attributeSetter object at 0x000001E7C3D8D280>, backgroundImage=<method-wrapper '__getattribute__' of attributeSetter object at 0x000001E7C3D8D2E0>, bitsMode=UNKNOWN, blendMode='avg', bpc=(8, 8, 8), color=array([-1, -1, -1]), colorSpace='rgb', depthBits=8, fullscr=<method-wrapper '__getattribute__' of attributeSetter object at 0x000001E7C3D8D670>, gamma=None, gammaErrorPolicy='raise', lms=UNKNOWN, monitor=<psychopy.monitors.calibTools.Monitor object at 0x000001E84DCF5FD0>, multiSample=False, name='window1', numSamples=2, pos=(0, 0), screen=0, size=array([1680, 1050]), stencilBits=0, stereo=False, units='height', useFBO=True, useRetina=False, viewOri=0.0, viewPos=None, viewScale=None, waitBlanking=True, winType='pyglet')
7.9230 	EXP 	window1: mouseVisible = True
7.9230 	EXP 	window1: backgroundImage = ''
7.9231 	EXP 	window1: backgroundFit = 'none'
7.9233 	EXP 	window1: mouseVisible = False
7.9233 	EXP 	window1: Attempting to measure frame rate of screen (0) ...
7.9234 	EXP 	window1: recordFrameIntervals = False
8.0884 	EXP 	window1: recordFrameIntervals = True
8.2717 	EXP 	Screen (0) actual frame rate measured at 60.12Hz
8.2718 	EXP 	window1: recordFrameIntervals = False
11.6808 	EXP 	Created trigger_txt = TextStim(__class__=<class 'psychopy.visual.text.TextStim'>, alignHoriz=method-wrapper(...), alignText='center', alignVert=method-wrapper(...), anchorHoriz='center', anchorVert='center', antialias=True, autoDraw=False, autoLog=True, bold=False, color=array([1., 1., 1.]), colorSpace='rgb', contrast=1.0, depth=0.0, flipHoriz=False, flipVert=False, font='Songti SC', fontFiles=[], height=0.05, italic=False, languageStyle='LTR', name='trigger_txt', opacity=1.0, ori=0.0, pos=array([0., 0.]), rgb=UNKNOWN, text='實驗即將開始', units='height', win=Window(...), wrapWidth=1)
11.6951 	EXP 	Created instr_txt = TextStim(__class__=<class 'psychopy.visual.text.TextStim'>, alignHoriz=method-wrapper(...), alignText='center', alignVert=method-wrapper(...), anchorHoriz='center', anchorVert='center', antialias=True, autoDraw=False, autoLog=True, bold=False, color=array([1., 1., 1.]), colorSpace='rgb', contrast=1.0, depth=-1.0, flipHoriz=False, flipVert=False, font='Songti SC', fontFiles=[], height=0.05, italic=False, languageStyle='LTR', name='instr_txt', opacity=1.0, ori=0.0, pos=array([0., 0.]), rgb=UNKNOWN, text="PREP INSTRUCTIONS \n\n準備好請按 '1' ", units='height', win=Window(...), wrapWidth=1)
11.6964 	EXP 	Created prep_instr = TextStim(__class__=<class 'psychopy.visual.text.TextStim'>, alignHoriz=method-wrapper(...), alignText='center', alignVert=method-wrapper(...), anchorHoriz='center', anchorVert='center', antialias=True, autoDraw=False, autoLog=True, bold=False, color=array([1., 1., 1.]), colorSpace='rgb', contrast=1.0, depth=-1.0, flipHoriz=False, flipVert=False, font='Songti SC', fontFiles=[], height=0.05, italic=False, languageStyle='LTR', name='prep_instr', opacity=1.0, ori=0.0, pos=array([0., 0.]), rgb=UNKNOWN, text='', units='height', win=Window(...), wrapWidth=1)
11.7113 	EXP 	Created image = ImageStim(__class__=<class 'psychopy.visual.image.ImageStim'>, anchor=('center', 'center'), autoLog=True, color=array([1., 1., 1.]), colorSpace='rgb', contrast=1.0, depth=-1.0, flipHoriz=False, flipVert=False, image='default.png', interpolate=True, mask=None, maskParams=None, name='image', opacity=1.0, ori=0.0, pos=array([0., 0.]), size=array([0.5, 0.5]), texRes=128.0, units='height', win=Window(...))
11.7129 	EXP 	Created trial_fixation = TextStim(__class__=<class 'psychopy.visual.text.TextStim'>, alignHoriz=method-wrapper(...), alignText='center', alignVert=method-wrapper(...), anchorHoriz='center', anchorVert='center', antialias=True, autoDraw=False, autoLog=True, bold=False, color=array([1., 1., 1.]), colorSpace='rgb', contrast=1.0, depth=-1.0, flipHoriz=False, flipVert=False, font='Songti SC', fontFiles=[], height=1.0, italic=False, languageStyle='LTR', name='trial_fixation', opacity=1.0, ori=0.0, pos=array([0., 0.]), rgb=UNKNOWN, text='', units='height', win=Window(...), wrapWidth=1)
11.7141 	EXP 	Created prep_instr_2 = TextStim(__class__=<class 'psychopy.visual.text.TextStim'>, alignHoriz=method-wrapper(...), alignText='center', alignVert=method-wrapper(...), anchorHoriz='center', anchorVert='center', antialias=True, autoDraw=False, autoLog=True, bold=False, color=array([1., 1., 1.]), colorSpace='rgb', contrast=1.0, depth=-1.0, flipHoriz=False, flipVert=False, font='Songti SC', fontFiles=[], height=0.05, italic=False, languageStyle='LTR', name='prep_instr_2', opacity=1.0, ori=0.0, pos=array([0., 0.]), rgb=UNKNOWN, text='', units='height', win=Window(...), wrapWidth=1)
11.7254 	EXP 	Created image = ImageStim(__class__=<class 'psychopy.visual.image.ImageStim'>, anchor=('center', 'center'), autoLog=True, color=array([1., 1., 1.]), colorSpace='rgb', contrast=1.0, depth=-1.0, flipHoriz=False, flipVert=False, image='default.png', interpolate=True, mask=None, maskParams=None, name='image', opacity=1.0, ori=0.0, pos=array([0., 0.]), size=array([0.5, 0.5]), texRes=128.0, units='height', win=Window(...))
11.7266 	EXP 	Created trial_fixation = TextStim(__class__=<class 'psychopy.visual.text.TextStim'>, alignHoriz=method-wrapper(...), alignText='center', alignVert=method-wrapper(...), anchorHoriz='center', anchorVert='center', antialias=True, autoDraw=False, autoLog=True, bold=False, color=array([1., 1., 1.]), colorSpace='rgb', contrast=1.0, depth=-1.0, flipHoriz=False, flipVert=False, font='Songti SC', fontFiles=[], height=1.0, italic=False, languageStyle='LTR', name='trial_fixation', opacity=1.0, ori=0.0, pos=array([0., 0.]), rgb=UNKNOWN, text='', units='height', win=Window(...), wrapWidth=1)
11.7329 	EXP 	Created rest_txt = TextStim(__class__=<class 'psychopy.visual.text.TextStim'>, alignHoriz=method-wrapper(...), alignText='center', alignVert=method-wrapper(...), anchorHoriz='center', anchorVert='center', antialias=True, autoDraw=False, autoLog=True, bold=False, color=array([1., 1., 1.]), colorSpace='rgb', contrast=1.0, depth=0.0, flipHoriz=False, flipVert=False, font='Songti SC', fontFiles=[], height=0.15, italic=False, languageStyle='LTR', name='rest_txt', opacity=1.0, ori=0.0, pos=array([0., 0.]), rgb=UNKNOWN, text='+', units='height', win=Window(...), wrapWidth=1)
11.7387 	EXP 	Created end_txt = TextStim(__class__=<class 'psychopy.visual.text.TextStim'>, alignHoriz=method-wrapper(...), alignText='center', alignVert=method-wrapper(...), anchorHoriz='center', anchorVert='center', antialias=True, autoDraw=False, autoLog=True, bold=False, color=array([1., 1., 1.]), colorSpace='rgb', contrast=1.0, depth=0.0, flipHoriz=False, flipVert=False, font='Songti SC', fontFiles=[], height=0.05, italic=False, languageStyle='LTR', name='end_txt', opacity=1.0, ori=0.0, pos=array([0., 0.]), rgb=UNKNOWN, text='實驗完成', units='height', win=Window(...), wrapWidth=1)
11.7479 	EXP 	trigger_txt: autoDraw = True
12.1916 	EXP 	trigger_txt: autoDraw = False
12.1916 	EXP 	instr_txt: autoDraw = True
12.6266 	EXP 	Created sequence: random, trialTypes=1, nReps=8, seed=None
12.6268 	EXP 	New trial (rep=0, index=0): None
12.6424 	EXP 	instr_txt: autoDraw = False
12.6424 	EXP 	prep_instr: height = 0.05
12.6424 	EXP 	prep_instr: height = 0.05
12.6424 	EXP 	prep_instr: height = 0.05
12.6424 	EXP 	prep_instr: text = '2-Back'
12.6424 	EXP 	prep_instr: autoDraw = True
15.2247 	EXP 	Imported trialTypes.xlsx as conditions, 10 conditions, 8 params
15.2251 	EXP 	Created sequence: sequential, trialTypes=10, nReps=1, seed=None
15.2254 	EXP 	New trial (rep=0, index=0): {'Run': 1, 'Block': 1, 'Weight': 1, 'Stimulus': 'BP_002_BP10_BA.png', 'TargetType': 'nonlure', 'CorrectResponse': 'nontarget', 'StimType': 'Body', 'BlockType': '2-Back'}
15.2373 	EXP 	prep_instr: autoDraw = False
15.2373 	EXP 	image: image = 'nback_stimuli/BP_002_BP10_BA.png'
15.2373 	EXP 	image: autoDraw = True
17.7217 	EXP 	New trial (rep=0, index=1): {'Run': 1, 'Block': 1, 'Weight': 1, 'Stimulus': 'BP_001_BP1_BA.png', 'TargetType': 'nonlure', 'CorrectResponse': 'nontarget', 'StimType': 'Body', 'BlockType': '2-Back'}
17.7329 	EXP 	image: autoDraw = False
17.7329 	EXP 	trial_fixation: height = 1.0
17.7329 	EXP 	trial_fixation: height = 1.0
17.7329 	EXP 	trial_fixation: height = 1.0
17.7329 	EXP 	trial_fixation: text = '+'
17.7329 	EXP 	trial_fixation: height = 0.15
17.7329 	EXP 	trial_fixation: autoDraw = False
17.7329 	EXP 	image: image = 'nback_stimuli/BP_001_BP1_BA.png'
17.7329 	EXP 	image: autoDraw = True
19.6503 	EXP 	image: autoDraw = False
19.6503 	EXP 	trial_fixation: text = '+'
19.6503 	EXP 	trial_fixation: height = 0.15
19.6503 	EXP 	trial_fixation: autoDraw = True
19.6503 	EXP 	trial_fixation: height = 0.15
19.6503 	EXP 	trial_fixation: height = 0.15
19.6503 	EXP 	trial_fixation: height = 0.15
19.6503 	EXP 	trial_fixation: text = '+'
20.1343 	EXP 	New trial (rep=0, index=2): {'Run': 1, 'Block': 1, 'Weight': 1, 'Stimulus': 'BP_006_BP2_BA.png', 'TargetType': 'nonlure', 'CorrectResponse': 'nontarget', 'StimType': 'Body', 'BlockType': '2-Back'}
20.1506 	EXP 	trial_fixation: autoDraw = False
20.1506 	EXP 	image: image = 'nback_stimuli/BP_006_BP2_BA.png'
20.1506 	EXP 	image: autoDraw = True
21.2586 	EXP 	window1: mouseVisible = True
