2.3597 	WARNING 	Speech-to-text recognition module for PocketSphinx is not available (use command `pip install SpeechRecognition` to get it). Transcription will be unavailable using that service this session.
2.3604 	WARNING 	Speech-to-text recognition using Google online services is not available (use command `pip install google-api-core google-auth google-cloud google-cloud-speech googleapis-common-protos` to get it). Transcription will be unavailable using that service this session.
7.9265 	EXP 	Created window1 = Window(allowGUI=True, allowStencil=False, autoLog=True, backendConf=UNKNOWN, backgroundFit=<method-wrapper '__getattribute__' of attributeSetter object at 0x000002503E4D8520>, backgroundImage=<method-wrapper '__getattribute__' of attributeSetter object at 0x000002503E4D84C0>, bitsMode=UNKNOWN, blendMode='avg', bpc=(8, 8, 8), color=array([-1, -1, -1]), colorSpace='rgb', depthBits=8, fullscr=<method-wrapper '__getattribute__' of attributeSetter object at 0x000002503E4D81F0>, gamma=None, gammaErrorPolicy='raise', lms=UNKNOWN, monitor=<psychopy.monitors.calibTools.Monitor object at 0x00000250C844A7F0>, multiSample=False, name='window1', numSamples=2, pos=(0, 0), screen=0, size=array([1680, 1050]), stencilBits=0, stereo=False, units='height', useFBO=True, useRetina=False, viewOri=0.0, viewPos=None, viewScale=None, waitBlanking=True, winType='pyglet')
7.9267 	EXP 	window1: mouseVisible = True
7.9267 	EXP 	window1: backgroundImage = ''
7.9267 	EXP 	window1: backgroundFit = 'none'
7.9268 	EXP 	window1: mouseVisible = False
7.9269 	EXP 	window1: Attempting to measure frame rate of screen (0) ...
7.9269 	EXP 	window1: recordFrameIntervals = False
8.0927 	EXP 	window1: recordFrameIntervals = True
8.2765 	EXP 	Screen (0) actual frame rate measured at 59.89Hz
8.2765 	EXP 	window1: recordFrameIntervals = False
11.7196 	EXP 	Created trigger_txt = TextStim(__class__=<class 'psychopy.visual.text.TextStim'>, alignHoriz=method-wrapper(...), alignText='center', alignVert=method-wrapper(...), anchorHoriz='center', anchorVert='center', antialias=True, autoDraw=False, autoLog=True, bold=False, color=array([1., 1., 1.]), colorSpace='rgb', contrast=1.0, depth=0.0, flipHoriz=False, flipVert=False, font='Songti SC', fontFiles=[], height=0.05, italic=False, languageStyle='LTR', name='trigger_txt', opacity=1.0, ori=0.0, pos=array([0., 0.]), rgb=UNKNOWN, text='實驗即將開始', units='height', win=Window(...), wrapWidth=1)
11.7338 	EXP 	Created instr_txt = TextStim(__class__=<class 'psychopy.visual.text.TextStim'>, alignHoriz=method-wrapper(...), alignText='center', alignVert=method-wrapper(...), anchorHoriz='center', anchorVert='center', antialias=True, autoDraw=False, autoLog=True, bold=False, color=array([1., 1., 1.]), colorSpace='rgb', contrast=1.0, depth=-1.0, flipHoriz=False, flipVert=False, font='Songti SC', fontFiles=[], height=0.05, italic=False, languageStyle='LTR', name='instr_txt', opacity=1.0, ori=0.0, pos=array([0., 0.]), rgb=UNKNOWN, text="PREP INSTRUCTIONS \n\n準備好請按 '1' ", units='height', win=Window(...), wrapWidth=1)
11.7350 	EXP 	Created prep_instr = TextStim(__class__=<class 'psychopy.visual.text.TextStim'>, alignHoriz=method-wrapper(...), alignText='center', alignVert=method-wrapper(...), anchorHoriz='center', anchorVert='center', antialias=True, autoDraw=False, autoLog=True, bold=False, color=array([1., 1., 1.]), colorSpace='rgb', contrast=1.0, depth=-1.0, flipHoriz=False, flipVert=False, font='Songti SC', fontFiles=[], height=0.05, italic=False, languageStyle='LTR', name='prep_instr', opacity=1.0, ori=0.0, pos=array([0., 0.]), rgb=UNKNOWN, text='', units='height', win=Window(...), wrapWidth=1)
11.7487 	EXP 	Created target = ImageStim(__class__=<class 'psychopy.visual.image.ImageStim'>, anchor=('center', 'center'), autoLog=True, color=array([1., 1., 1.]), colorSpace='rgb', contrast=1.0, depth=-2.0, flipHoriz=False, flipVert=False, image='default.png', interpolate=True, mask=None, maskParams=None, name='target', opacity=1.0, ori=0.0, pos=array([0., 0.]), size=array([0.5, 0.5]), texRes=128.0, units='height', win=Window(...))
11.7598 	EXP 	Created image = ImageStim(__class__=<class 'psychopy.visual.image.ImageStim'>, anchor=('center', 'center'), autoLog=True, color=array([1., 1., 1.]), colorSpace='rgb', contrast=1.0, depth=-1.0, flipHoriz=False, flipVert=False, image='default.png', interpolate=True, mask=None, maskParams=None, name='image', opacity=1.0, ori=0.0, pos=array([0., 0.]), size=array([0.5, 0.5]), texRes=128.0, units='height', win=Window(...))
11.7656 	EXP 	Created trial_fixation = TextStim(__class__=<class 'psychopy.visual.text.TextStim'>, alignHoriz=method-wrapper(...), alignText='center', alignVert=method-wrapper(...), anchorHoriz='center', anchorVert='center', antialias=True, autoDraw=False, autoLog=True, bold=False, color=array([1., 1., 1.]), colorSpace='rgb', contrast=1.0, depth=0.0, flipHoriz=False, flipVert=False, font='Songti SC', fontFiles=[], height=0.15, italic=False, languageStyle='LTR', name='trial_fixation', opacity=1.0, ori=0.0, pos=array([0., 0.]), rgb=UNKNOWN, text='+', units='height', win=Window(...), wrapWidth=1)
11.7668 	EXP 	Created prep_instr_2 = TextStim(__class__=<class 'psychopy.visual.text.TextStim'>, alignHoriz=method-wrapper(...), alignText='center', alignVert=method-wrapper(...), anchorHoriz='center', anchorVert='center', antialias=True, autoDraw=False, autoLog=True, bold=False, color=array([1., 1., 1.]), colorSpace='rgb', contrast=1.0, depth=-1.0, flipHoriz=False, flipVert=False, font='Songti SC', fontFiles=[], height=0.05, italic=False, languageStyle='LTR', name='prep_instr_2', opacity=1.0, ori=0.0, pos=array([0., 0.]), rgb=UNKNOWN, text='', units='height', win=Window(...), wrapWidth=1)
11.7780 	EXP 	Created target_2 = ImageStim(__class__=<class 'psychopy.visual.image.ImageStim'>, anchor=('center', 'center'), autoLog=True, color=array([1., 1., 1.]), colorSpace='rgb', contrast=1.0, depth=-2.0, flipHoriz=False, flipVert=False, image='default.png', interpolate=True, mask=None, maskParams=None, name='target_2', opacity=1.0, ori=0.0, pos=array([0., 0.]), size=array([0.5, 0.5]), texRes=128.0, units='height', win=Window(...))
11.7912 	EXP 	Created image = ImageStim(__class__=<class 'psychopy.visual.image.ImageStim'>, anchor=('center', 'center'), autoLog=True, color=array([1., 1., 1.]), colorSpace='rgb', contrast=1.0, depth=-1.0, flipHoriz=False, flipVert=False, image='default.png', interpolate=True, mask=None, maskParams=None, name='image', opacity=1.0, ori=0.0, pos=array([0., 0.]), size=array([0.5, 0.5]), texRes=128.0, units='height', win=Window(...))
11.7936 	EXP 	Created trial_fixation = TextStim(__class__=<class 'psychopy.visual.text.TextStim'>, alignHoriz=method-wrapper(...), alignText='center', alignVert=method-wrapper(...), anchorHoriz='center', anchorVert='center', antialias=True, autoDraw=False, autoLog=True, bold=False, color=array([1., 1., 1.]), colorSpace='rgb', contrast=1.0, depth=0.0, flipHoriz=False, flipVert=False, font='Songti SC', fontFiles=[], height=0.15, italic=False, languageStyle='LTR', name='trial_fixation', opacity=1.0, ori=0.0, pos=array([0., 0.]), rgb=UNKNOWN, text='+', units='height', win=Window(...), wrapWidth=1)
11.7958 	EXP 	Created rest_txt = TextStim(__class__=<class 'psychopy.visual.text.TextStim'>, alignHoriz=method-wrapper(...), alignText='center', alignVert=method-wrapper(...), anchorHoriz='center', anchorVert='center', antialias=True, autoDraw=False, autoLog=True, bold=False, color=array([1., 1., 1.]), colorSpace='rgb', contrast=1.0, depth=0.0, flipHoriz=False, flipVert=False, font='Songti SC', fontFiles=[], height=0.15, italic=False, languageStyle='LTR', name='rest_txt', opacity=1.0, ori=0.0, pos=array([0., 0.]), rgb=UNKNOWN, text='+', units='height', win=Window(...), wrapWidth=1)
11.7998 	EXP 	Created end_txt = TextStim(__class__=<class 'psychopy.visual.text.TextStim'>, alignHoriz=method-wrapper(...), alignText='center', alignVert=method-wrapper(...), anchorHoriz='center', anchorVert='center', antialias=True, autoDraw=False, autoLog=True, bold=False, color=array([1., 1., 1.]), colorSpace='rgb', contrast=1.0, depth=0.0, flipHoriz=False, flipVert=False, font='Songti SC', fontFiles=[], height=0.05, italic=False, languageStyle='LTR', name='end_txt', opacity=1.0, ori=0.0, pos=array([0., 0.]), rgb=UNKNOWN, text='實驗完成', units='height', win=Window(...), wrapWidth=1)
11.8085 	EXP 	trigger_txt: autoDraw = True
14.4999 	EXP 	trigger_txt: autoDraw = False
14.4999 	EXP 	instr_txt: autoDraw = True
14.9685 	EXP 	Created sequence: random, trialTypes=1, nReps=8, seed=None
14.9687 	EXP 	New trial (rep=0, index=0): None
14.9892 	EXP 	instr_txt: autoDraw = False
14.9892 	EXP 	prep_instr: height = 0.05
14.9892 	EXP 	prep_instr: height = 0.05
14.9892 	EXP 	prep_instr: height = 0.05
14.9892 	EXP 	prep_instr: text = '2-Back'
14.9892 	EXP 	target: image = 'nback_stimuli/BP_001_BP1_BA.png'
14.9892 	EXP 	prep_instr: autoDraw = True
14.9892 	EXP 	target: autoDraw = True
17.5081 	EXP 	Imported trialTypes.xlsx as conditions, 10 conditions, 8 params
17.5085 	EXP 	Created sequence: sequential, trialTypes=10, nReps=1, seed=None
17.5088 	EXP 	New trial (rep=0, index=0): {'Run': 1, 'Block': 1, 'Weight': 1, 'Stimulus': 'BP_002_BP10_BA.png', 'TargetType': 'nonlure', 'CorrectResponse': 'nontarget', 'StimType': 'Body', 'BlockType': '2-Back'}
17.5191 	EXP 	prep_instr: autoDraw = False
17.5191 	EXP 	target: autoDraw = False
17.5191 	EXP 	image: image = 'nback_stimuli/BP_002_BP10_BA.png'
17.5191 	EXP 	image: autoDraw = True
19.4890 	EXP 	image: autoDraw = False
19.4890 	EXP 	trial_fixation: autoDraw = True
19.9732 	EXP 	New trial (rep=0, index=1): {'Run': 1, 'Block': 1, 'Weight': 1, 'Stimulus': 'BP_001_BP1_BA.png', 'TargetType': 'nonlure', 'CorrectResponse': 'nontarget', 'StimType': 'Body', 'BlockType': '2-Back'}
19.9895 	EXP 	trial_fixation: autoDraw = False
19.9895 	EXP 	image: image = 'nback_stimuli/BP_001_BP1_BA.png'
19.9895 	EXP 	image: autoDraw = True
21.9920 	EXP 	image: autoDraw = False
21.9920 	EXP 	trial_fixation: autoDraw = True
22.4761 	EXP 	New trial (rep=0, index=2): {'Run': 1, 'Block': 1, 'Weight': 1, 'Stimulus': 'BP_006_BP2_BA.png', 'TargetType': 'nonlure', 'CorrectResponse': 'nontarget', 'StimType': 'Body', 'BlockType': '2-Back'}
22.4925 	EXP 	trial_fixation: autoDraw = False
22.4925 	EXP 	image: image = 'nback_stimuli/BP_006_BP2_BA.png'
22.4925 	EXP 	image: autoDraw = True
24.4947 	EXP 	image: autoDraw = False
24.4947 	EXP 	trial_fixation: autoDraw = True
24.9791 	EXP 	New trial (rep=0, index=3): {'Run': 1, 'Block': 1, 'Weight': 1, 'Stimulus': 'BP_001_BP1_BA.png', 'TargetType': 'target', 'CorrectResponse': 'target', 'StimType': 'Body', 'BlockType': '2-Back'}
24.9954 	EXP 	trial_fixation: autoDraw = False
24.9954 	EXP 	image: image = 'nback_stimuli/BP_001_BP1_BA.png'
24.9954 	EXP 	image: autoDraw = True
26.9978 	EXP 	image: autoDraw = False
26.9978 	EXP 	trial_fixation: autoDraw = True
27.4818 	EXP 	New trial (rep=0, index=4): {'Run': 1, 'Block': 1, 'Weight': 1, 'Stimulus': 'BP_005_BP19_BA.png', 'TargetType': 'nonlure', 'CorrectResponse': 'nontarget', 'StimType': 'Body', 'BlockType': '2-Back'}
27.4983 	EXP 	trial_fixation: autoDraw = False
27.4983 	EXP 	image: image = 'nback_stimuli/BP_005_BP19_BA.png'
27.4983 	EXP 	image: autoDraw = True
29.5004 	EXP 	image: autoDraw = False
29.5004 	EXP 	trial_fixation: autoDraw = True
29.9848 	EXP 	New trial (rep=0, index=5): {'Run': 1, 'Block': 1, 'Weight': 1, 'Stimulus': 'BP_003_BP16_BA.png', 'TargetType': 'nonlure', 'CorrectResponse': 'nontarget', 'StimType': 'Body', 'BlockType': '2-Back'}
30.0012 	EXP 	trial_fixation: autoDraw = False
30.0012 	EXP 	image: image = 'nback_stimuli/BP_003_BP16_BA.png'
30.0012 	EXP 	image: autoDraw = True
31.9867 	EXP 	image: autoDraw = False
31.9867 	EXP 	trial_fixation: autoDraw = True
32.4712 	EXP 	New trial (rep=0, index=6): {'Run': 1, 'Block': 1, 'Weight': 1, 'Stimulus': 'BP_006_BP2_BA.png', 'TargetType': 'lure', 'CorrectResponse': 'nontarget', 'StimType': 'Body', 'BlockType': '2-Back'}
32.4874 	EXP 	trial_fixation: autoDraw = False
32.4874 	EXP 	image: image = 'nback_stimuli/BP_006_BP2_BA.png'
32.4874 	EXP 	image: autoDraw = True
34.4897 	EXP 	image: autoDraw = False
34.4897 	EXP 	trial_fixation: autoDraw = True
34.9738 	EXP 	New trial (rep=0, index=7): {'Run': 1, 'Block': 1, 'Weight': 1, 'Stimulus': 'BP_004_BP18_BA.png', 'TargetType': 'nonlure', 'CorrectResponse': 'nontarget', 'StimType': 'Body', 'BlockType': '2-Back'}
34.9902 	EXP 	trial_fixation: autoDraw = False
34.9902 	EXP 	image: image = 'nback_stimuli/BP_004_BP18_BA.png'
34.9902 	EXP 	image: autoDraw = True
36.9925 	EXP 	image: autoDraw = False
36.9925 	EXP 	trial_fixation: autoDraw = True
37.4767 	EXP 	New trial (rep=0, index=8): {'Run': 1, 'Block': 1, 'Weight': 1, 'Stimulus': 'BP_005_BP19_BA.png', 'TargetType': 'lure', 'CorrectResponse': 'nontarget', 'StimType': 'Body', 'BlockType': '2-Back'}
37.4931 	EXP 	trial_fixation: autoDraw = False
37.4931 	EXP 	image: image = 'nback_stimuli/BP_005_BP19_BA.png'
37.4931 	EXP 	image: autoDraw = True
39.4954 	EXP 	image: autoDraw = False
39.4954 	EXP 	trial_fixation: autoDraw = True
39.9797 	EXP 	New trial (rep=0, index=9): {'Run': 1, 'Block': 1, 'Weight': 1, 'Stimulus': 'BP_004_BP18_BA.png', 'TargetType': 'target', 'CorrectResponse': 'target', 'StimType': 'Body', 'BlockType': '2-Back'}
39.9960 	EXP 	trial_fixation: autoDraw = False
39.9960 	EXP 	image: image = 'nback_stimuli/BP_004_BP18_BA.png'
39.9960 	EXP 	image: autoDraw = True
41.9982 	EXP 	image: autoDraw = False
41.9982 	EXP 	trial_fixation: autoDraw = True
42.5022 	EXP 	trial_fixation: autoDraw = False
42.5022 	EXP 	prep_instr_2: height = 0.05
42.5022 	EXP 	prep_instr_2: height = 0.05
42.5022 	EXP 	prep_instr_2: height = 0.05
42.5022 	EXP 	prep_instr_2: text = '0-Back'
42.5022 	EXP 	target_2: image = 'nback_stimuli/BP_001_BP1_BA.png'
42.5022 	EXP 	prep_instr_2: autoDraw = True
42.5022 	EXP 	target_2: autoDraw = True
45.0050 	EXP 	Imported trialTypes.xlsx as conditions, 10 conditions, 8 params
45.0055 	EXP 	Created sequence: sequential, trialTypes=10, nReps=1, seed=None
45.0057 	EXP 	New trial (rep=0, index=0): {'Run': 1, 'Block': 2, 'Weight': 1, 'Stimulus': 'FC_005_M3.png', 'TargetType': 'nonlure', 'CorrectResponse': 'nontarget', 'StimType': 'Face', 'BlockType': '0-Back'}
45.0897 	EXP 	window1: mouseVisible = True
