19.2350 	WARNING 	User requested fullscreen with size [1680 1050], but screen is actually [1920, 1080]. Using actual size
21.4463 	EXP 	Created window1 = Window(allowGUI=False, allowStencil=False, autoLog=True, backendConf=UNKNOWN, bitsMode=UNKNOWN, blendMode='avg', bpc=(8, 8, 8), color=array([-1, -1, -1]), colorSpace='rgb', depthBits=8, fullscr=<method-wrapper '__getattribute__' of attributeSetter object at 0x000001E7F0A22DD8>, gamma=None, gammaErrorPolicy='raise', lms=UNKNOWN, monitor=<psychopy.monitors.calibTools.Monitor object at 0x000001E7F09F74A8>, multiSample=False, name='window1', numSamples=2, pos=[0.0, 0.0], screen=0, size=array([1920, 1080]), stencilBits=0, stereo=False, units='height', useFBO=True, useRetina=False, viewOri=0.0, viewPos=None, viewScale=None, waitBlanking=True, winType='pyglet')
21.4470 	EXP 	window1: mouseVisible = True
21.4471 	EXP 	window1: recordFrameIntervals = False
21.6083 	EXP 	window1: recordFrameIntervals = True
21.7919 	EXP 	window1: recordFrameIntervals = False
22.0743 	EXP 	Created trigger_txt = TextStim(__class__=<class 'psychopy.visual.text.TextStim'>, alignHoriz=method-wrapper(...), alignText='center', alignVert=method-wrapper(...), anchorHoriz='center', anchorVert='center', antialias=True, autoLog=True, bold=False, color=array([1, 1, 1]), colorSpace='rgb', contrast=1.0, depth=0.0, flipHoriz=False, flipVert=False, font='Songti SC', fontFiles=[], height=0.05, italic=False, languageStyle='LTR', name='trigger_txt', opacity=1, ori=0.0, pos=array([0., 0.]), rgb=UNKNOWN, text='實驗即將開始', units='height', win=Window(...), wrapWidth=1)
22.2855 	EXP 	Created instr_txt = TextStim(__class__=<class 'psychopy.visual.text.TextStim'>, alignHoriz=method-wrapper(...), alignText='center', alignVert=method-wrapper(...), anchorHoriz='center', anchorVert='center', antialias=True, autoLog=True, bold=False, color=array([1, 1, 1]), colorSpace='rgb', contrast=1.0, depth=-1.0, flipHoriz=False, flipVert=False, font='Songti SC', fontFiles=[], height=0.05, italic=False, languageStyle='LTR', name='instr_txt', opacity=1, ori=0.0, pos=array([0., 0.]), rgb=UNKNOWN, text="PREP INSTRUCTIONS \n\n準備好請按 '1' ", units='height', win=Window(...), wrapWidth=1)
22.2896 	EXP 	Created prep_instr = TextStim(__class__=<class 'psychopy.visual.text.TextStim'>, alignHoriz=method-wrapper(...), alignText='center', alignVert=method-wrapper(...), anchorHoriz='center', anchorVert='center', antialias=True, autoLog=True, bold=False, color=array([1, 1, 1]), colorSpace='rgb', contrast=1.0, depth=-1.0, flipHoriz=False, flipVert=False, font='Songti SC', fontFiles=[], height=0.1, italic=False, languageStyle='LTR', name='prep_instr', opacity=1, ori=0.0, pos=array([0., 0.]), rgb=UNKNOWN, text='', units='height', win=Window(...), wrapWidth=1)
22.3162 	EXP 	Created target = ImageStim(__class__=<class 'psychopy.visual.image.ImageStim'>, autoLog=True, color=array([1, 1, 1]), colorSpace='rgb', contrast=1.0, depth=-2.0, flipHoriz=False, flipVert=False, image='sin', interpolate=True, mask=None, maskParams=None, name='target', opacity=1, ori=0.0, pos=array([0., 0.]), size=array([0.5, 0.5]), texRes=128.0, units='height', win=Window(...))
22.3262 	EXP 	Created stim_trial_fixation = TextStim(__class__=<class 'psychopy.visual.text.TextStim'>, alignHoriz=method-wrapper(...), alignText='center', alignVert=method-wrapper(...), anchorHoriz='center', anchorVert='center', antialias=True, autoLog=True, bold=False, color=array([1, 1, 1]), colorSpace='rgb', contrast=1.0, depth=-1.0, flipHoriz=False, flipVert=False, font='Open Sans', fontFiles=[], height=0.15, italic=False, languageStyle='LTR', name='stim_trial_fixation', opacity=1, ori=0.0, pos=array([0., 0.]), rgb=UNKNOWN, text='+', units='height', win=Window(...), wrapWidth=1)
22.3316 	EXP 	Created image = ImageStim(__class__=<class 'psychopy.visual.image.ImageStim'>, autoLog=True, color=array([1, 1, 1]), colorSpace='rgb', contrast=1.0, depth=-2.0, flipHoriz=False, flipVert=False, image='sin', interpolate=True, mask=None, maskParams=None, name='image', opacity=1, ori=0.0, pos=array([0., 0.]), size=array([0.5, 0.5]), texRes=128.0, units='height', win=Window(...))
22.3328 	EXP 	Created prep_instr_2 = TextStim(__class__=<class 'psychopy.visual.text.TextStim'>, alignHoriz=method-wrapper(...), alignText='center', alignVert=method-wrapper(...), anchorHoriz='center', anchorVert='center', antialias=True, autoLog=True, bold=False, color=array([1, 1, 1]), colorSpace='rgb', contrast=1.0, depth=-1.0, flipHoriz=False, flipVert=False, font='Songti SC', fontFiles=[], height=0.1, italic=False, languageStyle='LTR', name='prep_instr_2', opacity=1, ori=0.0, pos=array([0., 0.]), rgb=UNKNOWN, text='', units='height', win=Window(...), wrapWidth=1)
22.3424 	EXP 	Created target_2 = ImageStim(__class__=<class 'psychopy.visual.image.ImageStim'>, autoLog=True, color=array([1, 1, 1]), colorSpace='rgb', contrast=1.0, depth=-2.0, flipHoriz=False, flipVert=False, image='sin', interpolate=True, mask=None, maskParams=None, name='target_2', opacity=1, ori=0.0, pos=array([0., 0.]), size=array([0.5, 0.5]), texRes=128.0, units='height', win=Window(...))
22.3486 	EXP 	Created stim_trial_fixation = TextStim(__class__=<class 'psychopy.visual.text.TextStim'>, alignHoriz=method-wrapper(...), alignText='center', alignVert=method-wrapper(...), anchorHoriz='center', anchorVert='center', antialias=True, autoLog=True, bold=False, color=array([1, 1, 1]), colorSpace='rgb', contrast=1.0, depth=-1.0, flipHoriz=False, flipVert=False, font='Open Sans', fontFiles=[], height=0.15, italic=False, languageStyle='LTR', name='stim_trial_fixation', opacity=1, ori=0.0, pos=array([0., 0.]), rgb=UNKNOWN, text='+', units='height', win=Window(...), wrapWidth=1)
22.3619 	EXP 	Created image = ImageStim(__class__=<class 'psychopy.visual.image.ImageStim'>, autoLog=True, color=array([1, 1, 1]), colorSpace='rgb', contrast=1.0, depth=-2.0, flipHoriz=False, flipVert=False, image='sin', interpolate=True, mask=None, maskParams=None, name='image', opacity=1, ori=0.0, pos=array([0., 0.]), size=array([0.5, 0.5]), texRes=128.0, units='height', win=Window(...))
22.3747 	EXP 	Created rest_txt = TextStim(__class__=<class 'psychopy.visual.text.TextStim'>, alignHoriz=method-wrapper(...), alignText='center', alignVert=method-wrapper(...), anchorHoriz='center', anchorVert='center', antialias=True, autoLog=True, bold=False, color=array([1, 1, 1]), colorSpace='rgb', contrast=1.0, depth=0.0, flipHoriz=False, flipVert=False, font='Songti SC', fontFiles=[], height=0.1, italic=False, languageStyle='LTR', name='rest_txt', opacity=1, ori=0.0, pos=array([0., 0.]), rgb=UNKNOWN, text='休息', units='height', win=Window(...), wrapWidth=1)
22.3873 	EXP 	Created end_txt = TextStim(__class__=<class 'psychopy.visual.text.TextStim'>, alignHoriz=method-wrapper(...), alignText='center', alignVert=method-wrapper(...), anchorHoriz='center', anchorVert='center', antialias=True, autoLog=True, bold=False, color=array([1, 1, 1]), colorSpace='rgb', contrast=1.0, depth=0.0, flipHoriz=False, flipVert=False, font='Songti SC', fontFiles=[], height=0.05, italic=False, languageStyle='LTR', name='end_txt', opacity=1, ori=0.0, pos=array([0., 0.]), rgb=UNKNOWN, text='實驗完成', units='height', win=Window(...), wrapWidth=1)
22.4369 	EXP 	trigger_txt: autoDraw = True
23.3850 	DATA 	Keypress: s
23.3909 	EXP 	trigger_txt: autoDraw = False
23.3909 	EXP 	instr_txt: autoDraw = True
24.0962 	EXP 	Created sequence: random, trialTypes=1, nReps=8, seed=None
24.0971 	EXP 	New trial (rep=0, index=0): None
24.3166 	DATA 	Keypress: 1
24.3209 	EXP 	instr_txt: autoDraw = False
24.3209 	EXP 	prep_instr: pos = array([0., 0.])
24.3209 	EXP 	prep_instr: text = '2-Back'
24.3209 	EXP 	target: pos = array([1., 1.])
24.3209 	EXP 	target: image = 'nback_stimuli/BP_002_BP10_BA.png'
24.3209 	EXP 	prep_instr: autoDraw = True
24.3209 	EXP 	target: autoDraw = True
27.1189 	EXP 	Imported trialTypes.xlsx as conditions, 10 conditions, 8 params
27.1193 	EXP 	Created sequence: sequential, trialTypes=10, nReps=1, seed=None
27.1197 	EXP 	New trial (rep=0, index=0): {'Run': 1, 'Block': 1, 'Weight': 1, 'Stimulus': 'BP_002_BP10_BA.png', 'TargetType': 'nonlure', 'CorrectResponse': 'nontarget', 'StimType': 'Body', 'BlockType': '2-Back'}
27.1336 	EXP 	prep_instr: autoDraw = False
27.1336 	EXP 	target: autoDraw = False
27.1336 	EXP 	prep_instr: autoDraw = False
27.1336 	EXP 	target: autoDraw = False
27.1336 	EXP 	image: image = 'nback_stimuli/BP_002_BP10_BA.png'
27.1336 	EXP 	stim_trial_fixation: autoDraw = True
27.6378 	EXP 	stim_trial_fixation: autoDraw = False
27.6378 	EXP 	image: autoDraw = True
28.4265 	DATA 	Keypress: 2
29.6271 	EXP 	New trial (rep=0, index=1): {'Run': 1, 'Block': 1, 'Weight': 1, 'Stimulus': 'BP_001_BP1_BA.png', 'TargetType': 'nonlure', 'CorrectResponse': 'nontarget', 'StimType': 'Body', 'BlockType': '2-Back'}
29.6654 	EXP 	image: autoDraw = False
29.6654 	EXP 	stim_trial_fixation: autoDraw = False
29.6654 	EXP 	image: autoDraw = False
29.6654 	EXP 	image: image = 'nback_stimuli/BP_001_BP1_BA.png'
29.6654 	EXP 	stim_trial_fixation: autoDraw = True
30.1697 	EXP 	stim_trial_fixation: autoDraw = False
30.1697 	EXP 	image: autoDraw = True
30.7583 	DATA 	Keypress: 2
32.1570 	EXP 	New trial (rep=0, index=2): {'Run': 1, 'Block': 1, 'Weight': 1, 'Stimulus': 'BP_006_BP2_BA.png', 'TargetType': 'nonlure', 'CorrectResponse': 'nontarget', 'StimType': 'Body', 'BlockType': '2-Back'}
32.2892 	EXP 	image: autoDraw = False
32.2892 	EXP 	stim_trial_fixation: autoDraw = False
32.2892 	EXP 	image: autoDraw = False
32.2892 	EXP 	image: image = 'nback_stimuli/BP_006_BP2_BA.png'
32.2892 	EXP 	stim_trial_fixation: autoDraw = True
32.7854 	EXP 	stim_trial_fixation: autoDraw = False
32.7854 	EXP 	image: autoDraw = True
33.5403 	DATA 	Keypress: 2
34.7729 	EXP 	New trial (rep=0, index=3): {'Run': 1, 'Block': 1, 'Weight': 1, 'Stimulus': 'BP_001_BP1_BA.png', 'TargetType': 'target', 'CorrectResponse': 'target', 'StimType': 'Body', 'BlockType': '2-Back'}
34.7937 	EXP 	image: autoDraw = False
34.7937 	EXP 	stim_trial_fixation: autoDraw = False
34.7937 	EXP 	image: autoDraw = False
34.7937 	EXP 	image: image = 'nback_stimuli/BP_001_BP1_BA.png'
34.7937 	EXP 	stim_trial_fixation: autoDraw = True
35.3010 	EXP 	stim_trial_fixation: autoDraw = False
35.3010 	EXP 	image: autoDraw = True
35.8233 	DATA 	Keypress: 1
37.2878 	EXP 	New trial (rep=0, index=4): {'Run': 1, 'Block': 1, 'Weight': 1, 'Stimulus': 'BP_005_BP19_BA.png', 'TargetType': 'nonlure', 'CorrectResponse': 'nontarget', 'StimType': 'Body', 'BlockType': '2-Back'}
37.3261 	EXP 	image: autoDraw = False
37.3261 	EXP 	stim_trial_fixation: autoDraw = False
37.3261 	EXP 	image: autoDraw = False
37.3261 	EXP 	image: image = 'nback_stimuli/BP_005_BP19_BA.png'
37.3261 	EXP 	stim_trial_fixation: autoDraw = True
37.8324 	EXP 	stim_trial_fixation: autoDraw = False
37.8324 	EXP 	image: autoDraw = True
38.3237 	DATA 	Keypress: 2
39.8192 	EXP 	New trial (rep=0, index=5): {'Run': 1, 'Block': 1, 'Weight': 1, 'Stimulus': 'BP_003_BP16_BA.png', 'TargetType': 'nonlure', 'CorrectResponse': 'nontarget', 'StimType': 'Body', 'BlockType': '2-Back'}
39.8872 	EXP 	image: autoDraw = False
39.8872 	EXP 	stim_trial_fixation: autoDraw = False
39.8872 	EXP 	image: autoDraw = False
39.8872 	EXP 	image: image = 'nback_stimuli/BP_003_BP16_BA.png'
39.8872 	EXP 	stim_trial_fixation: autoDraw = True
40.3810 	EXP 	stim_trial_fixation: autoDraw = False
40.3810 	EXP 	image: autoDraw = True
40.8702 	DATA 	Keypress: 2
42.3686 	EXP 	New trial (rep=0, index=6): {'Run': 1, 'Block': 1, 'Weight': 1, 'Stimulus': 'BP_006_BP2_BA.png', 'TargetType': 'lure', 'CorrectResponse': 'nontarget', 'StimType': 'Body', 'BlockType': '2-Back'}
42.3859 	EXP 	image: autoDraw = False
42.3859 	EXP 	stim_trial_fixation: autoDraw = False
42.3859 	EXP 	image: autoDraw = False
42.3859 	EXP 	image: image = 'nback_stimuli/BP_006_BP2_BA.png'
42.3859 	EXP 	stim_trial_fixation: autoDraw = True
42.8798 	EXP 	stim_trial_fixation: autoDraw = False
42.8798 	EXP 	image: autoDraw = True
43.2849 	DATA 	Keypress: 2
44.8664 	EXP 	New trial (rep=0, index=7): {'Run': 1, 'Block': 1, 'Weight': 1, 'Stimulus': 'BP_004_BP18_BA.png', 'TargetType': 'nonlure', 'CorrectResponse': 'nontarget', 'StimType': 'Body', 'BlockType': '2-Back'}
44.9009 	EXP 	image: autoDraw = False
44.9009 	EXP 	stim_trial_fixation: autoDraw = False
44.9009 	EXP 	image: autoDraw = False
44.9009 	EXP 	image: image = 'nback_stimuli/BP_004_BP18_BA.png'
44.9009 	EXP 	stim_trial_fixation: autoDraw = True
45.3948 	EXP 	stim_trial_fixation: autoDraw = False
45.3948 	EXP 	image: autoDraw = True
45.9836 	DATA 	Keypress: 2
47.3822 	EXP 	New trial (rep=0, index=8): {'Run': 1, 'Block': 1, 'Weight': 1, 'Stimulus': 'BP_005_BP19_BA.png', 'TargetType': 'lure', 'CorrectResponse': 'nontarget', 'StimType': 'Body', 'BlockType': '2-Back'}
47.4037 	EXP 	image: autoDraw = False
47.4037 	EXP 	stim_trial_fixation: autoDraw = False
47.4037 	EXP 	image: autoDraw = False
47.4037 	EXP 	image: image = 'nback_stimuli/BP_005_BP19_BA.png'
47.4037 	EXP 	stim_trial_fixation: autoDraw = True
47.9100 	EXP 	stim_trial_fixation: autoDraw = False
47.9100 	EXP 	image: autoDraw = True
48.5159 	DATA 	Keypress: 2
49.8975 	EXP 	New trial (rep=0, index=9): {'Run': 1, 'Block': 1, 'Weight': 1, 'Stimulus': 'BP_004_BP18_BA.png', 'TargetType': 'target', 'CorrectResponse': 'target', 'StimType': 'Body', 'BlockType': '2-Back'}
49.9129 	EXP 	image: autoDraw = False
49.9129 	EXP 	stim_trial_fixation: autoDraw = False
49.9129 	EXP 	image: autoDraw = False
49.9129 	EXP 	image: image = 'nback_stimuli/BP_004_BP18_BA.png'
49.9129 	EXP 	stim_trial_fixation: autoDraw = True
50.4086 	EXP 	stim_trial_fixation: autoDraw = False
50.4086 	EXP 	image: autoDraw = True
50.8477 	DATA 	Keypress: 1
52.5770 	EXP 	image: autoDraw = False
52.5770 	EXP 	stim_trial_fixation: autoDraw = False
52.5770 	EXP 	image: autoDraw = False
52.5770 	EXP 	prep_instr_2: pos = array([0. , 0.2])
52.5770 	EXP 	prep_instr_2: text = '0-Back'
52.5770 	EXP 	target_2: pos = array([ 0. , -0.1])
52.5770 	EXP 	target_2: image = 'nback_stimuli/FC_001_M1.png'
52.5770 	EXP 	prep_instr_2: autoDraw = True
52.5770 	EXP 	target_2: autoDraw = True
55.3623 	EXP 	Imported trialTypes.xlsx as conditions, 10 conditions, 8 params
55.3627 	EXP 	Created sequence: sequential, trialTypes=10, nReps=1, seed=None
55.3631 	EXP 	New trial (rep=0, index=0): {'Run': 1, 'Block': 2, 'Weight': 1, 'Stimulus': 'FC_005_M3.png', 'TargetType': 'nonlure', 'CorrectResponse': 'nontarget', 'StimType': 'Face', 'BlockType': '0-Back'}
55.6653 	EXP 	prep_instr_2: autoDraw = False
55.6653 	EXP 	target_2: autoDraw = False
55.6653 	EXP 	prep_instr_2: autoDraw = False
55.6653 	EXP 	target_2: autoDraw = False
55.6653 	EXP 	image: image = 'nback_stimuli/FC_005_M3.png'
55.6653 	EXP 	stim_trial_fixation: autoDraw = True
56.1721 	EXP 	stim_trial_fixation: autoDraw = False
56.1721 	EXP 	image: autoDraw = True
56.7610 	DATA 	Keypress: 2
58.1609 	EXP 	New trial (rep=0, index=1): {'Run': 1, 'Block': 2, 'Weight': 1, 'Stimulus': 'FC_001_M1.png', 'TargetType': 'target', 'CorrectResponse': 'target', 'StimType': 'Face', 'BlockType': '0-Back'}
58.1922 	EXP 	image: autoDraw = False
58.1922 	EXP 	stim_trial_fixation: autoDraw = False
58.1922 	EXP 	image: autoDraw = False
58.1922 	EXP 	image: image = 'nback_stimuli/FC_001_M1.png'
58.1922 	EXP 	stim_trial_fixation: autoDraw = True
58.6874 	EXP 	stim_trial_fixation: autoDraw = False
58.6874 	EXP 	image: autoDraw = True
59.0937 	DATA 	Keypress: 2
60.6748 	EXP 	New trial (rep=0, index=2): {'Run': 1, 'Block': 2, 'Weight': 1, 'Stimulus': 'FC_003_M2.png', 'TargetType': 'nonlure', 'CorrectResponse': 'nontarget', 'StimType': 'Face', 'BlockType': '0-Back'}
60.7650 	EXP 	image: autoDraw = False
60.7650 	EXP 	stim_trial_fixation: autoDraw = False
60.7650 	EXP 	image: autoDraw = False
60.7650 	EXP 	image: image = 'nback_stimuli/FC_003_M2.png'
60.7650 	EXP 	stim_trial_fixation: autoDraw = True
61.2694 	EXP 	stim_trial_fixation: autoDraw = False
61.2694 	EXP 	image: autoDraw = True
61.5750 	DATA 	Keypress: 2
63.2568 	EXP 	New trial (rep=0, index=3): {'Run': 1, 'Block': 2, 'Weight': 1, 'Stimulus': 'FC_004_F2.png', 'TargetType': 'nonlure', 'CorrectResponse': 'nontarget', 'StimType': 'Face', 'BlockType': '0-Back'}
63.3157 	EXP 	image: autoDraw = False
63.3157 	EXP 	stim_trial_fixation: autoDraw = False
63.3157 	EXP 	image: autoDraw = False
63.3157 	EXP 	image: image = 'nback_stimuli/FC_004_F2.png'
63.3157 	EXP 	stim_trial_fixation: autoDraw = True
63.8180 	EXP 	stim_trial_fixation: autoDraw = False
63.8180 	EXP 	image: autoDraw = True
64.2569 	DATA 	Keypress: 2
65.8052 	EXP 	New trial (rep=0, index=4): {'Run': 1, 'Block': 2, 'Weight': 1, 'Stimulus': 'FC_004_F2.png', 'TargetType': 'lure', 'CorrectResponse': 'nontarget', 'StimType': 'Face', 'BlockType': '0-Back'}
65.8436 	EXP 	image: autoDraw = False
65.8436 	EXP 	stim_trial_fixation: autoDraw = False
65.8436 	EXP 	image: autoDraw = False
65.8436 	EXP 	image: image = 'nback_stimuli/FC_004_F2.png'
65.8436 	EXP 	stim_trial_fixation: autoDraw = True
66.3498 	EXP 	stim_trial_fixation: autoDraw = False
66.3498 	EXP 	image: autoDraw = True
66.7213 	DATA 	Keypress: 2
68.3374 	EXP 	New trial (rep=0, index=5): {'Run': 1, 'Block': 2, 'Weight': 1, 'Stimulus': 'FC_001_M1.png', 'TargetType': 'target', 'CorrectResponse': 'target', 'StimType': 'Face', 'BlockType': '0-Back'}
68.3682 	EXP 	image: autoDraw = False
68.3682 	EXP 	stim_trial_fixation: autoDraw = False
68.3682 	EXP 	image: autoDraw = False
68.3682 	EXP 	image: image = 'nback_stimuli/FC_001_M1.png'
68.3682 	EXP 	stim_trial_fixation: autoDraw = True
68.8647 	EXP 	stim_trial_fixation: autoDraw = False
68.8647 	EXP 	image: autoDraw = True
69.4373 	DATA 	Keypress: 1
70.8524 	EXP 	New trial (rep=0, index=6): {'Run': 1, 'Block': 2, 'Weight': 1, 'Stimulus': 'FC_006_F3.png', 'TargetType': 'nonlure', 'CorrectResponse': 'nontarget', 'StimType': 'Face', 'BlockType': '0-Back'}
70.9095 	EXP 	image: autoDraw = False
70.9095 	EXP 	stim_trial_fixation: autoDraw = False
70.9095 	EXP 	image: autoDraw = False
70.9095 	EXP 	image: image = 'nback_stimuli/FC_006_F3.png'
70.9095 	EXP 	stim_trial_fixation: autoDraw = True
71.4137 	EXP 	stim_trial_fixation: autoDraw = False
71.4137 	EXP 	image: autoDraw = True
71.8692 	DATA 	Keypress: 2
73.4001 	EXP 	New trial (rep=0, index=7): {'Run': 1, 'Block': 2, 'Weight': 1, 'Stimulus': 'FC_006_F3.png', 'TargetType': 'lure', 'CorrectResponse': 'nontarget', 'StimType': 'Face', 'BlockType': '0-Back'}
73.4374 	EXP 	image: autoDraw = False
73.4374 	EXP 	stim_trial_fixation: autoDraw = False
73.4374 	EXP 	image: autoDraw = False
73.4374 	EXP 	image: image = 'nback_stimuli/FC_006_F3.png'
73.4374 	EXP 	stim_trial_fixation: autoDraw = True
73.9455 	EXP 	stim_trial_fixation: autoDraw = False
73.9455 	EXP 	image: autoDraw = True
74.4179 	DATA 	Keypress: 2
75.9326 	EXP 	New trial (rep=0, index=8): {'Run': 1, 'Block': 2, 'Weight': 1, 'Stimulus': 'FC_003_M2.png', 'TargetType': 'lure', 'CorrectResponse': 'nontarget', 'StimType': 'Face', 'BlockType': '0-Back'}
75.9687 	EXP 	image: autoDraw = False
75.9687 	EXP 	stim_trial_fixation: autoDraw = False
75.9687 	EXP 	image: autoDraw = False
75.9687 	EXP 	image: image = 'nback_stimuli/FC_003_M2.png'
75.9687 	EXP 	stim_trial_fixation: autoDraw = True
76.4609 	EXP 	stim_trial_fixation: autoDraw = False
76.4609 	EXP 	image: autoDraw = True
76.8993 	DATA 	Keypress: 2
78.4481 	EXP 	New trial (rep=0, index=9): {'Run': 1, 'Block': 2, 'Weight': 1, 'Stimulus': 'FC_002_F1.png', 'TargetType': 'nonlure', 'CorrectResponse': 'nontarget', 'StimType': 'Face', 'BlockType': '0-Back'}
78.5659 	EXP 	image: autoDraw = False
78.5659 	EXP 	stim_trial_fixation: autoDraw = False
78.5659 	EXP 	image: autoDraw = False
78.5659 	EXP 	image: image = 'nback_stimuli/FC_002_F1.png'
78.5659 	EXP 	stim_trial_fixation: autoDraw = True
79.0593 	EXP 	stim_trial_fixation: autoDraw = False
79.0593 	EXP 	image: autoDraw = True
79.5151 	DATA 	Keypress: 2
81.0585 	EXP 	image: autoDraw = False
81.0585 	EXP 	stim_trial_fixation: autoDraw = False
81.0585 	EXP 	image: autoDraw = False
81.0585 	EXP 	rest_txt: autoDraw = True
96.0537 	EXP 	New trial (rep=1, index=0): None
96.2117 	EXP 	rest_txt: autoDraw = False
96.2117 	EXP 	rest_txt: autoDraw = False
96.2117 	EXP 	prep_instr: pos = array([0., 0.])
96.2117 	EXP 	prep_instr: text = '2-Back'
96.2117 	EXP 	target: pos = array([1., 1.])
96.2117 	EXP 	target: image = 'nback_stimuli/TO_001_TOOL1_BA.png'
96.2117 	EXP 	prep_instr: autoDraw = True
96.2117 	EXP 	target: autoDraw = True
99.0090 	EXP 	Imported trialTypes.xlsx as conditions, 10 conditions, 8 params
99.0093 	EXP 	Created sequence: sequential, trialTypes=10, nReps=1, seed=None
99.0097 	EXP 	New trial (rep=0, index=0): {'Run': 1, 'Block': 3, 'Weight': 1, 'Stimulus': 'TO_001_TOOL1_BA.png', 'TargetType': 'nonlure', 'CorrectResponse': 'nontarget', 'StimType': 'Tools', 'BlockType': '2-Back'}
99.0201 	EXP 	prep_instr: autoDraw = False
99.0201 	EXP 	target: autoDraw = False
99.0201 	EXP 	prep_instr: autoDraw = False
99.0201 	EXP 	target: autoDraw = False
99.0201 	EXP 	image: image = 'nback_stimuli/TO_001_TOOL1_BA.png'
99.0201 	EXP 	stim_trial_fixation: autoDraw = True
99.5146 	EXP 	stim_trial_fixation: autoDraw = False
99.5146 	EXP 	image: autoDraw = True
101.5029 	EXP 	New trial (rep=0, index=1): {'Run': 1, 'Block': 3, 'Weight': 1, 'Stimulus': 'TO_002_TOOL2_BA.png', 'TargetType': 'nonlure', 'CorrectResponse': 'nontarget', 'StimType': 'Tools', 'BlockType': '2-Back'}
101.6032 	EXP 	image: autoDraw = False
101.6032 	EXP 	stim_trial_fixation: autoDraw = False
101.6032 	EXP 	image: autoDraw = False
101.6032 	EXP 	image: image = 'nback_stimuli/TO_002_TOOL2_BA.png'
101.6032 	EXP 	stim_trial_fixation: autoDraw = True
102.0963 	EXP 	stim_trial_fixation: autoDraw = False
102.0963 	EXP 	image: autoDraw = True
104.0831 	EXP 	New trial (rep=0, index=2): {'Run': 1, 'Block': 3, 'Weight': 1, 'Stimulus': 'TO_004_TOOL4_BA.png', 'TargetType': 'nonlure', 'CorrectResponse': 'nontarget', 'StimType': 'Tools', 'BlockType': '2-Back'}
104.7864 	EXP 	image: autoDraw = False
104.7864 	EXP 	stim_trial_fixation: autoDraw = False
104.7864 	EXP 	image: autoDraw = False
104.7864 	EXP 	image: image = 'nback_stimuli/TO_004_TOOL4_BA.png'
104.7864 	EXP 	stim_trial_fixation: autoDraw = True
105.2948 	EXP 	stim_trial_fixation: autoDraw = False
105.2948 	EXP 	image: autoDraw = True
107.2818 	EXP 	New trial (rep=0, index=3): {'Run': 1, 'Block': 3, 'Weight': 1, 'Stimulus': 'TO_002_TOOL2_BA.png', 'TargetType': 'target', 'CorrectResponse': 'target', 'StimType': 'Tools', 'BlockType': '2-Back'}
107.3003 	EXP 	image: autoDraw = False
107.3003 	EXP 	stim_trial_fixation: autoDraw = False
107.3003 	EXP 	image: autoDraw = False
107.3003 	EXP 	image: image = 'nback_stimuli/TO_002_TOOL2_BA.png'
107.3003 	EXP 	stim_trial_fixation: autoDraw = True
107.7931 	EXP 	stim_trial_fixation: autoDraw = False
107.7931 	EXP 	image: autoDraw = True
109.7803 	EXP 	New trial (rep=0, index=4): {'Run': 1, 'Block': 3, 'Weight': 1, 'Stimulus': 'TO_001_TOOL1_BA.png', 'TargetType': 'lure', 'CorrectResponse': 'nontarget', 'StimType': 'Tools', 'BlockType': '2-Back'}
109.7965 	EXP 	image: autoDraw = False
109.7965 	EXP 	stim_trial_fixation: autoDraw = False
109.7965 	EXP 	image: autoDraw = False
109.7965 	EXP 	image: image = 'nback_stimuli/TO_001_TOOL1_BA.png'
109.7965 	EXP 	stim_trial_fixation: autoDraw = True
110.2918 	EXP 	stim_trial_fixation: autoDraw = False
110.2918 	EXP 	image: autoDraw = True
112.2789 	EXP 	New trial (rep=0, index=5): {'Run': 1, 'Block': 3, 'Weight': 1, 'Stimulus': 'TO_004_TOOL4_BA.png', 'TargetType': 'lure', 'CorrectResponse': 'nontarget', 'StimType': 'Tools', 'BlockType': '2-Back'}
112.2994 	EXP 	image: autoDraw = False
112.2994 	EXP 	stim_trial_fixation: autoDraw = False
112.2994 	EXP 	image: autoDraw = False
112.2994 	EXP 	image: image = 'nback_stimuli/TO_004_TOOL4_BA.png'
112.2994 	EXP 	stim_trial_fixation: autoDraw = True
112.8069 	EXP 	stim_trial_fixation: autoDraw = False
112.8069 	EXP 	image: autoDraw = True
114.7940 	EXP 	New trial (rep=0, index=6): {'Run': 1, 'Block': 3, 'Weight': 1, 'Stimulus': 'TO_006_TOOL6_BA.png', 'TargetType': 'nonlure', 'CorrectResponse': 'nontarget', 'StimType': 'Tools', 'BlockType': '2-Back'}
114.8310 	EXP 	image: autoDraw = False
114.8310 	EXP 	stim_trial_fixation: autoDraw = False
114.8310 	EXP 	image: autoDraw = False
114.8310 	EXP 	image: image = 'nback_stimuli/TO_006_TOOL6_BA.png'
114.8310 	EXP 	stim_trial_fixation: autoDraw = True
115.3390 	EXP 	stim_trial_fixation: autoDraw = False
115.3390 	EXP 	image: autoDraw = True
117.3257 	EXP 	New trial (rep=0, index=7): {'Run': 1, 'Block': 3, 'Weight': 1, 'Stimulus': 'TO_005_TOOL5_BA.png', 'TargetType': 'nonlure', 'CorrectResponse': 'nontarget', 'StimType': 'Tools', 'BlockType': '2-Back'}
117.3967 	EXP 	image: autoDraw = False
117.3967 	EXP 	stim_trial_fixation: autoDraw = False
117.3967 	EXP 	image: autoDraw = False
117.3967 	EXP 	image: image = 'nback_stimuli/TO_005_TOOL5_BA.png'
117.3967 	EXP 	stim_trial_fixation: autoDraw = True
117.9044 	EXP 	stim_trial_fixation: autoDraw = False
117.9044 	EXP 	image: autoDraw = True
119.8911 	EXP 	New trial (rep=0, index=8): {'Run': 1, 'Block': 3, 'Weight': 1, 'Stimulus': 'TO_006_TOOL6_BA.png', 'TargetType': 'target', 'CorrectResponse': 'target', 'StimType': 'Tools', 'BlockType': '2-Back'}
119.9086 	EXP 	image: autoDraw = False
119.9086 	EXP 	stim_trial_fixation: autoDraw = False
119.9086 	EXP 	image: autoDraw = False
119.9086 	EXP 	image: image = 'nback_stimuli/TO_006_TOOL6_BA.png'
119.9086 	EXP 	stim_trial_fixation: autoDraw = True
120.4029 	EXP 	stim_trial_fixation: autoDraw = False
120.4029 	EXP 	image: autoDraw = True
122.3901 	EXP 	New trial (rep=0, index=9): {'Run': 1, 'Block': 3, 'Weight': 1, 'Stimulus': 'TO_003_TOOL3_BA.png', 'TargetType': 'nonlure', 'CorrectResponse': 'nontarget', 'StimType': 'Tools', 'BlockType': '2-Back'}
122.4427 	EXP 	image: autoDraw = False
122.4427 	EXP 	stim_trial_fixation: autoDraw = False
122.4427 	EXP 	image: autoDraw = False
122.4427 	EXP 	image: image = 'nback_stimuli/TO_003_TOOL3_BA.png'
122.4427 	EXP 	stim_trial_fixation: autoDraw = True
122.9345 	EXP 	stim_trial_fixation: autoDraw = False
122.9345 	EXP 	image: autoDraw = True
124.9775 	EXP 	image: autoDraw = False
124.9775 	EXP 	stim_trial_fixation: autoDraw = False
124.9775 	EXP 	image: autoDraw = False
124.9775 	EXP 	prep_instr_2: pos = array([0. , 0.2])
124.9775 	EXP 	prep_instr_2: text = '0-Back'
124.9775 	EXP 	target_2: pos = array([ 0. , -0.1])
124.9775 	EXP 	target_2: image = 'nback_stimuli/BP_007_BP20_BA.png'
124.9775 	EXP 	prep_instr_2: autoDraw = True
124.9775 	EXP 	target_2: autoDraw = True
127.7466 	EXP 	Imported trialTypes.xlsx as conditions, 10 conditions, 8 params
127.7470 	EXP 	Created sequence: sequential, trialTypes=10, nReps=1, seed=None
127.7474 	EXP 	New trial (rep=0, index=0): {'Run': 1, 'Block': 4, 'Weight': 1, 'Stimulus': 'BP_007_BP20_BA.png', 'TargetType': 'target', 'CorrectResponse': 'target', 'StimType': 'Body', 'BlockType': '0-Back'}
127.7595 	EXP 	prep_instr_2: autoDraw = False
127.7595 	EXP 	target_2: autoDraw = False
127.7595 	EXP 	prep_instr_2: autoDraw = False
127.7595 	EXP 	target_2: autoDraw = False
127.7595 	EXP 	image: image = 'nback_stimuli/BP_007_BP20_BA.png'
127.7595 	EXP 	stim_trial_fixation: autoDraw = True
128.2652 	EXP 	stim_trial_fixation: autoDraw = False
128.2652 	EXP 	image: autoDraw = True
130.2534 	EXP 	New trial (rep=0, index=1): {'Run': 1, 'Block': 4, 'Weight': 1, 'Stimulus': 'BP_011_BP4_BA.png', 'TargetType': 'nonlure', 'CorrectResponse': 'nontarget', 'StimType': 'Body', 'BlockType': '0-Back'}
130.3335 	EXP 	image: autoDraw = False
130.3335 	EXP 	stim_trial_fixation: autoDraw = False
130.3335 	EXP 	image: autoDraw = False
130.3335 	EXP 	image: image = 'nback_stimuli/BP_011_BP4_BA.png'
130.3335 	EXP 	stim_trial_fixation: autoDraw = True
130.8304 	EXP 	stim_trial_fixation: autoDraw = False
130.8304 	EXP 	image: autoDraw = True
132.8170 	EXP 	New trial (rep=0, index=2): {'Run': 1, 'Block': 4, 'Weight': 1, 'Stimulus': 'BP_010_BP3_BA.png', 'TargetType': 'nonlure', 'CorrectResponse': 'nontarget', 'StimType': 'Body', 'BlockType': '0-Back'}
132.8704 	EXP 	image: autoDraw = False
132.8704 	EXP 	stim_trial_fixation: autoDraw = False
132.8704 	EXP 	image: autoDraw = False
132.8704 	EXP 	image: image = 'nback_stimuli/BP_010_BP3_BA.png'
132.8704 	EXP 	stim_trial_fixation: autoDraw = True
133.3788 	EXP 	stim_trial_fixation: autoDraw = False
133.3788 	EXP 	image: autoDraw = True
135.3661 	EXP 	New trial (rep=0, index=3): {'Run': 1, 'Block': 4, 'Weight': 1, 'Stimulus': 'BP_008_BP21_BA.png', 'TargetType': 'nonlure', 'CorrectResponse': 'nontarget', 'StimType': 'Body', 'BlockType': '0-Back'}
135.3991 	EXP 	image: autoDraw = False
135.3991 	EXP 	stim_trial_fixation: autoDraw = False
135.3991 	EXP 	image: autoDraw = False
135.3991 	EXP 	image: image = 'nback_stimuli/BP_008_BP21_BA.png'
135.3991 	EXP 	stim_trial_fixation: autoDraw = True
135.8942 	EXP 	stim_trial_fixation: autoDraw = False
135.8942 	EXP 	image: autoDraw = True
137.8813 	EXP 	New trial (rep=0, index=4): {'Run': 1, 'Block': 4, 'Weight': 1, 'Stimulus': 'BP_011_BP4_BA.png', 'TargetType': 'lure', 'CorrectResponse': 'nontarget', 'StimType': 'Body', 'BlockType': '0-Back'}
137.9037 	EXP 	image: autoDraw = False
137.9037 	EXP 	stim_trial_fixation: autoDraw = False
137.9037 	EXP 	image: autoDraw = False
137.9037 	EXP 	image: image = 'nback_stimuli/BP_011_BP4_BA.png'
137.9037 	EXP 	stim_trial_fixation: autoDraw = True
138.4094 	EXP 	stim_trial_fixation: autoDraw = False
138.4094 	EXP 	image: autoDraw = True
140.3960 	EXP 	New trial (rep=0, index=5): {'Run': 1, 'Block': 4, 'Weight': 1, 'Stimulus': 'BP_009_BP22_BA.png', 'TargetType': 'nonlure', 'CorrectResponse': 'nontarget', 'StimType': 'Body', 'BlockType': '0-Back'}
140.4437 	EXP 	image: autoDraw = False
140.4437 	EXP 	stim_trial_fixation: autoDraw = False
140.4437 	EXP 	image: autoDraw = False
140.4437 	EXP 	image: image = 'nback_stimuli/BP_009_BP22_BA.png'
140.4437 	EXP 	stim_trial_fixation: autoDraw = True
140.9414 	EXP 	stim_trial_fixation: autoDraw = False
140.9414 	EXP 	image: autoDraw = True
142.9283 	EXP 	New trial (rep=0, index=6): {'Run': 1, 'Block': 4, 'Weight': 1, 'Stimulus': 'BP_009_BP22_BA.png', 'TargetType': 'lure', 'CorrectResponse': 'nontarget', 'StimType': 'Body', 'BlockType': '0-Back'}
142.9440 	EXP 	image: autoDraw = False
142.9440 	EXP 	stim_trial_fixation: autoDraw = False
142.9440 	EXP 	image: autoDraw = False
142.9440 	EXP 	image: image = 'nback_stimuli/BP_009_BP22_BA.png'
142.9440 	EXP 	stim_trial_fixation: autoDraw = True
143.4400 	EXP 	stim_trial_fixation: autoDraw = False
143.4400 	EXP 	image: autoDraw = True
145.4272 	EXP 	New trial (rep=0, index=7): {'Run': 1, 'Block': 4, 'Weight': 1, 'Stimulus': 'BP_008_BP21_BA.png', 'TargetType': 'lure', 'CorrectResponse': 'nontarget', 'StimType': 'Body', 'BlockType': '0-Back'}
145.4435 	EXP 	image: autoDraw = False
145.4435 	EXP 	stim_trial_fixation: autoDraw = False
145.4435 	EXP 	image: autoDraw = False
145.4435 	EXP 	image: image = 'nback_stimuli/BP_008_BP21_BA.png'
145.4435 	EXP 	stim_trial_fixation: autoDraw = True
145.9386 	EXP 	stim_trial_fixation: autoDraw = False
145.9386 	EXP 	image: autoDraw = True
147.9257 	EXP 	New trial (rep=0, index=8): {'Run': 1, 'Block': 4, 'Weight': 1, 'Stimulus': 'BP_007_BP20_BA.png', 'TargetType': 'target', 'CorrectResponse': 'target', 'StimType': 'Body', 'BlockType': '0-Back'}
147.9412 	EXP 	image: autoDraw = False
147.9412 	EXP 	stim_trial_fixation: autoDraw = False
147.9412 	EXP 	image: autoDraw = False
147.9412 	EXP 	image: image = 'nback_stimuli/BP_007_BP20_BA.png'
147.9412 	EXP 	stim_trial_fixation: autoDraw = True
148.4370 	EXP 	stim_trial_fixation: autoDraw = False
148.4370 	EXP 	image: autoDraw = True
150.4241 	EXP 	New trial (rep=0, index=9): {'Run': 1, 'Block': 4, 'Weight': 1, 'Stimulus': 'BP_012_BP5_BA.png', 'TargetType': 'nonlure', 'CorrectResponse': 'nontarget', 'StimType': 'Body', 'BlockType': '0-Back'}
150.5219 	EXP 	image: autoDraw = False
150.5219 	EXP 	stim_trial_fixation: autoDraw = False
150.5219 	EXP 	image: autoDraw = False
150.5219 	EXP 	image: image = 'nback_stimuli/BP_012_BP5_BA.png'
150.5219 	EXP 	stim_trial_fixation: autoDraw = True
151.0192 	EXP 	stim_trial_fixation: autoDraw = False
151.0192 	EXP 	image: autoDraw = True
153.0178 	EXP 	image: autoDraw = False
153.0178 	EXP 	stim_trial_fixation: autoDraw = False
153.0178 	EXP 	image: autoDraw = False
153.0178 	EXP 	rest_txt: autoDraw = True
168.0131 	EXP 	New trial (rep=2, index=0): None
168.1266 	EXP 	rest_txt: autoDraw = False
168.1266 	EXP 	rest_txt: autoDraw = False
168.1266 	EXP 	prep_instr: pos = array([0. , 0.2])
168.1266 	EXP 	prep_instr: text = '0-Back'
168.1266 	EXP 	target: pos = array([ 0. , -0.1])
168.1266 	EXP 	target: image = 'nback_stimuli/PL_001_92012.png'
168.1266 	EXP 	prep_instr: autoDraw = True
168.1266 	EXP 	target: autoDraw = True
170.8886 	EXP 	Imported trialTypes.xlsx as conditions, 10 conditions, 8 params
170.8890 	EXP 	Created sequence: sequential, trialTypes=10, nReps=1, seed=None
170.8894 	EXP 	New trial (rep=0, index=0): {'Run': 1, 'Block': 5, 'Weight': 1, 'Stimulus': 'PL_003_92016.png', 'TargetType': 'nonlure', 'CorrectResponse': 'nontarget', 'StimType': 'Place', 'BlockType': '0-Back'}
170.9315 	EXP 	prep_instr: autoDraw = False
170.9315 	EXP 	target: autoDraw = False
170.9315 	EXP 	prep_instr: autoDraw = False
170.9315 	EXP 	target: autoDraw = False
170.9315 	EXP 	image: image = 'nback_stimuli/PL_003_92016.png'
170.9315 	EXP 	stim_trial_fixation: autoDraw = True
171.4243 	EXP 	stim_trial_fixation: autoDraw = False
171.4243 	EXP 	image: autoDraw = True
173.4129 	EXP 	New trial (rep=0, index=1): {'Run': 1, 'Block': 5, 'Weight': 1, 'Stimulus': 'PL_003_92016.png', 'TargetType': 'lure', 'CorrectResponse': 'nontarget', 'StimType': 'Place', 'BlockType': '0-Back'}
173.4356 	EXP 	image: autoDraw = False
173.4356 	EXP 	stim_trial_fixation: autoDraw = False
173.4356 	EXP 	image: autoDraw = False
173.4356 	EXP 	image: image = 'nback_stimuli/PL_003_92016.png'
173.4356 	EXP 	stim_trial_fixation: autoDraw = True
173.9395 	EXP 	stim_trial_fixation: autoDraw = False
173.9395 	EXP 	image: autoDraw = True
175.9264 	EXP 	New trial (rep=0, index=2): {'Run': 1, 'Block': 5, 'Weight': 1, 'Stimulus': 'PL_006_92025.png', 'TargetType': 'nonlure', 'CorrectResponse': 'nontarget', 'StimType': 'Place', 'BlockType': '0-Back'}
176.0614 	EXP 	image: autoDraw = False
176.0614 	EXP 	stim_trial_fixation: autoDraw = False
176.0614 	EXP 	image: autoDraw = False
176.0614 	EXP 	image: image = 'nback_stimuli/PL_006_92025.png'
176.0614 	EXP 	stim_trial_fixation: autoDraw = True
176.5548 	EXP 	stim_trial_fixation: autoDraw = False
176.5548 	EXP 	image: autoDraw = True
178.5420 	EXP 	New trial (rep=0, index=3): {'Run': 1, 'Block': 5, 'Weight': 1, 'Stimulus': 'PL_001_92012.png', 'TargetType': 'target', 'CorrectResponse': 'target', 'StimType': 'Place', 'BlockType': '0-Back'}
178.5659 	EXP 	image: autoDraw = False
178.5659 	EXP 	stim_trial_fixation: autoDraw = False
178.5659 	EXP 	image: autoDraw = False
178.5659 	EXP 	image: image = 'nback_stimuli/PL_001_92012.png'
178.5659 	EXP 	stim_trial_fixation: autoDraw = True
179.0698 	EXP 	stim_trial_fixation: autoDraw = False
179.0698 	EXP 	image: autoDraw = True
181.0574 	EXP 	New trial (rep=0, index=4): {'Run': 1, 'Block': 5, 'Weight': 1, 'Stimulus': 'PL_004_92023.png', 'TargetType': 'nonlure', 'CorrectResponse': 'nontarget', 'StimType': 'Place', 'BlockType': '0-Back'}
181.2968 	EXP 	image: autoDraw = False
181.2968 	EXP 	stim_trial_fixation: autoDraw = False
181.2968 	EXP 	image: autoDraw = False
181.2968 	EXP 	image: image = 'nback_stimuli/PL_004_92023.png'
181.2968 	EXP 	stim_trial_fixation: autoDraw = True
181.8020 	EXP 	stim_trial_fixation: autoDraw = False
181.8020 	EXP 	image: autoDraw = True
183.7885 	EXP 	New trial (rep=0, index=5): {'Run': 1, 'Block': 5, 'Weight': 1, 'Stimulus': 'PL_005_92024.png', 'TargetType': 'nonlure', 'CorrectResponse': 'nontarget', 'StimType': 'Place', 'BlockType': '0-Back'}
183.8305 	EXP 	image: autoDraw = False
183.8305 	EXP 	stim_trial_fixation: autoDraw = False
183.8305 	EXP 	image: autoDraw = False
183.8305 	EXP 	image: image = 'nback_stimuli/PL_005_92024.png'
183.8305 	EXP 	stim_trial_fixation: autoDraw = True
184.3218 	DATA 	Keypress: escape
184.3338 	EXP 	stim_trial_fixation: autoDraw = False
184.3338 	EXP 	image: autoDraw = True
184.5057 	DATA 	Keypress: escape
184.6831 	EXP 	window1: mouseVisible = True
