12.4590 	WARNING 	User requested fullscreen with size [1680 1050], but screen is actually [1920, 1080]. Using actual size
14.4513 	EXP 	Created window1 = Window(allowGUI=False, allowStencil=False, autoLog=True, backendConf=UNKNOWN, bitsMode=UNKNOWN, blendMode='avg', bpc=(8, 8, 8), color=array([-1, -1, -1]), colorSpace='rgb', depthBits=8, fullscr=<method-wrapper '__getattribute__' of attributeSetter object at 0x00000164D9FE3780>, gamma=None, gammaErrorPolicy='raise', lms=UNKNOWN, monitor=<psychopy.monitors.calibTools.Monitor object at 0x00000164D9FB3E10>, multiSample=False, name='window1', numSamples=2, pos=[0.0, 0.0], screen=0, size=array([1920, 1080]), stencilBits=0, stereo=False, units='height', useFBO=True, useRetina=False, viewOri=0.0, viewPos=None, viewScale=None, waitBlanking=True, winType='pyglet')
14.4519 	EXP 	window1: mouseVisible = True
14.4521 	EXP 	window1: recordFrameIntervals = False
14.6166 	EXP 	window1: recordFrameIntervals = True
14.8003 	EXP 	window1: recordFrameIntervals = False
15.0787 	EXP 	Created instr_txt = TextStim(__class__=<class 'psychopy.visual.text.TextStim'>, alignHoriz=method-wrapper(...), alignText='center', alignVert=method-wrapper(...), anchorHoriz='center', anchorVert='center', antialias=True, autoLog=True, bold=False, color=array([1, 1, 1]), colorSpace='rgb', contrast=1.0, depth=0.0, flipHoriz=False, flipVert=False, font='Songti SC', fontFiles=[], height=0.1, italic=False, languageStyle='LTR', name='instr_txt', opacity=1, ori=0.0, pos=array([-0.05,  0.  ]), rgb=UNKNOWN, text='請根據畫面指示踩踏板', units='height', win=Window(...), wrapWidth=1)
15.1100 	EXP 	Created prep_instr = TextStim(__class__=<class 'psychopy.visual.text.TextStim'>, alignHoriz=method-wrapper(...), alignText='center', alignVert=method-wrapper(...), anchorHoriz='center', anchorVert='center', antialias=True, autoLog=True, bold=False, color=array([1, 1, 1]), colorSpace='rgb', contrast=1.0, depth=0.0, flipHoriz=False, flipVert=False, font='Open Sans', fontFiles=[], height=0.05, italic=False, languageStyle='LTR', name='prep_instr', opacity=1, ori=0.0, pos=array([0., 0.]), rgb=UNKNOWN, text='當你看到【開始】的時候，\n請一直向下踩踏板', units='height', win=Window(...), wrapWidth=1)
15.1147 	EXP 	Created start_indicator = TextStim(__class__=<class 'psychopy.visual.text.TextStim'>, alignHoriz=method-wrapper(...), alignText='center', alignVert=method-wrapper(...), anchorHoriz='center', anchorVert='center', antialias=True, autoLog=True, bold=False, color=array([1, 1, 1]), colorSpace='rgb', contrast=1.0, depth=-1.0, flipHoriz=False, flipVert=False, font='Songti SC', fontFiles=[], height=0.1, italic=False, languageStyle='LTR', name='start_indicator', opacity=1, ori=0.0, pos=array([0., 0.]), rgb=UNKNOWN, text='開始', units='height', win=Window(...), wrapWidth=1)
15.1495 	EXP 	Created motor_instr = TextStim(__class__=<class 'psychopy.visual.text.TextStim'>, alignHoriz=method-wrapper(...), alignText='center', alignVert=method-wrapper(...), anchorHoriz='center', anchorVert='center', antialias=True, autoLog=True, bold=False, color=array([1, 1, 1]), colorSpace='rgb', contrast=1.0, depth=0.0, flipHoriz=False, flipVert=False, font='Songti SC', fontFiles=[], height=0.08, italic=False, languageStyle='LTR', name='motor_instr', opacity=1, ori=0.0, pos=array([-0.15, -0.2 ]), rgb=UNKNOWN, text='請好像走路一樣左右腳輪流踩踏板', units='height', win=Window(...), wrapWidth=1)
15.2171 	EXP 	Created image = ImageStim(__class__=<class 'psychopy.visual.image.ImageStim'>, autoLog=True, color=array([1, 1, 1]), colorSpace='rgb', contrast=1.0, depth=-1.0, flipHoriz=False, flipVert=False, image='Instructions_pic.png', interpolate=True, mask=None, maskParams=None, name='image', opacity=1, ori=0.0, pos=array([0. , 0.2]), size=array([0.5, 0.5]), texRes=128.0, units='height', win=Window(...))
15.2233 	EXP 	Created rest_txt = TextStim(__class__=<class 'psychopy.visual.text.TextStim'>, alignHoriz=method-wrapper(...), alignText='center', alignVert=method-wrapper(...), anchorHoriz='center', anchorVert='center', antialias=True, autoLog=True, bold=False, color=array([1, 1, 1]), colorSpace='rgb', contrast=1.0, depth=0.0, flipHoriz=False, flipVert=False, font='Songti SC', fontFiles=[], height=0.1, italic=False, languageStyle='LTR', name='rest_txt', opacity=1, ori=0.0, pos=array([0., 0.]), rgb=UNKNOWN, text='休息', units='height', win=Window(...), wrapWidth=1)
15.2310 	EXP 	Created end_txt = TextStim(__class__=<class 'psychopy.visual.text.TextStim'>, alignHoriz=method-wrapper(...), alignText='center', alignVert=method-wrapper(...), anchorHoriz='center', anchorVert='center', antialias=True, autoLog=True, bold=False, color=array([1, 1, 1]), colorSpace='rgb', contrast=1.0, depth=0.0, flipHoriz=False, flipVert=False, font='Songti SC', fontFiles=[], height=0.1, italic=False, languageStyle='LTR', name='end_txt', opacity=1, ori=0.0, pos=array([0., 0.]), rgb=UNKNOWN, text='實驗完成', units='height', win=Window(...), wrapWidth=1)
15.2700 	EXP 	instr_txt: autoDraw = True
17.2542 	EXP 	Created sequence: random, trialTypes=1, nReps=8, seed=None
17.2549 	EXP 	New trial (rep=0, index=0): None
17.2620 	DATA 	Keypress: s
17.2667 	EXP 	instr_txt: autoDraw = False
17.2667 	EXP 	prep_instr: autoDraw = True
19.2639 	EXP 	prep_instr: autoDraw = False
19.2639 	EXP 	start_indicator: autoDraw = True
19.8484 	EXP 	start_indicator: autoDraw = False
19.8484 	EXP 	prep_instr: autoDraw = False
19.8484 	EXP 	start_indicator: autoDraw = False
19.8484 	EXP 	motor_instr: autoDraw = True
19.8484 	EXP 	image: autoDraw = True
49.8634 	EXP 	motor_instr: autoDraw = False
49.8634 	EXP 	image: autoDraw = False
49.8634 	EXP 	motor_instr: autoDraw = False
49.8634 	EXP 	image: autoDraw = False
49.8634 	EXP 	rest_txt: autoDraw = True
79.8669 	EXP 	New trial (rep=1, index=0): None
79.8798 	EXP 	rest_txt: autoDraw = False
79.8798 	EXP 	rest_txt: autoDraw = False
79.8798 	EXP 	prep_instr: autoDraw = True
81.8786 	EXP 	prep_instr: autoDraw = False
81.8786 	EXP 	start_indicator: autoDraw = True
82.3785 	EXP 	start_indicator: autoDraw = False
82.3785 	EXP 	prep_instr: autoDraw = False
82.3785 	EXP 	start_indicator: autoDraw = False
82.3785 	EXP 	motor_instr: autoDraw = True
82.3785 	EXP 	image: autoDraw = True
112.3951 	EXP 	motor_instr: autoDraw = False
112.3951 	EXP 	image: autoDraw = False
112.3951 	EXP 	motor_instr: autoDraw = False
112.3951 	EXP 	image: autoDraw = False
112.3951 	EXP 	rest_txt: autoDraw = True
142.3982 	EXP 	New trial (rep=2, index=0): None
142.4115 	EXP 	rest_txt: autoDraw = False
142.4115 	EXP 	rest_txt: autoDraw = False
142.4115 	EXP 	prep_instr: autoDraw = True
144.4105 	EXP 	prep_instr: autoDraw = False
144.4105 	EXP 	start_indicator: autoDraw = True
144.9101 	EXP 	start_indicator: autoDraw = False
144.9101 	EXP 	prep_instr: autoDraw = False
144.9101 	EXP 	start_indicator: autoDraw = False
144.9101 	EXP 	motor_instr: autoDraw = True
144.9101 	EXP 	image: autoDraw = True
162.1250 	DATA 	Keypress: escape
162.2651 	EXP 	window1: mouseVisible = True
